
================================================================================
          _____________ ________ _______________ ________     _________         
         / ___________// ______ \\_____   _____// ______ \   / ________)        
        / /_________  / /      \ \     | |     / /      \ \ | (_______          
       |  __________|| |        | |    | |    | |        | | \________ \        
        \ \_________ | |        | |    | |     \ \______/ /___________) |       
         \__________||_|        |_|    |_|      \________//____________/        
                                                                                
====================================[ Qcore ]===================================

 Git describe: 2.3.0-3-g778a55bfd
 Compiler:     GNU 9.3.0
 Build type:   Release
 Version:      2.3.0-3-g778a55bfd

 Start time:   Sun Nov  7 04:31:19 2021

 Data directory: /mnt/storage/scratch/zw18965/.local/qcore/share/entos/qcore/data
 Number of threads: 28
 Number of threads was determined by: command line argument

 --------------------------------------------------------------------------------
                                   command: dft                                  
 --------------------------------------------------------------------------------
 AO basis set:                           def2-tzvppd
 Number of AO basis functions:          74

 Formula:                                B2
 Nuclear charge:                        10.000000000
 Total charge:                           0.000000000
 Number of electrons:                   10.000000000

 Number of alpha electrons:              6
 Number of beta electrons:               4
 Number of unpaired electrons:           2
 Spin:                                   2
 Multiplicity:                           triplet

 Theory:                                 dft
 Exchange-correlation functional:        pbe
 Method for Coulomb:                     incore_df
 Integral threshold:                     1.00e-12
 DF basis set:                           def2-universal-jkfit
 Number of DF basis functions:         150
 Schwarz screening threshold:            1.00e-10
 Coulomb fitting method:                 Cholesky
 Total number of grid points:        13600
 Method for AO orthogonalization:        symmetric
 Threshold for linear dependence:        1.00e-08
 D3BJ dispersion energy:                -0.000907706

 -------------------------------------
  Running unrestricted open-shell SCF 
 -------------------------------------
 Max number of iterations:             128
 Conv. threshold (gradient):             1.00e-05
 Conv. threshold (energy):               1.00e-06
 Interpolation scheme:                   adiis+cdiis
 Initial guess:                          SAD

 ---------------------------------------------------------------
                  energy        change          grad        time
 ---------------------------------------------------------------
   0       -49.438061270                    1.05e+00        0.01
   1       -49.332140214      1.06e-01      1.23e-01        0.01
   2       -49.333615439     -1.48e-03      1.07e-01        0.01
   3       -49.343805966     -1.02e-02      1.07e-02        0.01
   4       -49.343836286     -3.03e-05      9.56e-03        0.01
   5       -49.343911787     -7.55e-05      2.76e-03        0.01
   6       -49.343911057      7.30e-07      2.94e-03        0.01
   7       -49.343916160     -5.10e-06      1.86e-05        0.01
   8       -49.343916161     -3.66e-10      3.58e-06        0.01

 SCF converged in 8 iterations.

 Dipole moment (in Debye):               0.000001       0.000001      -0.000010

 Quadrupole moment (in Debye-Angstrom):
                  1            2            3
 1       -13.355721    -0.000000    -0.000001
 2        -0.000000   -13.355721    -0.000001
 3        -0.000001    -0.000001   -12.291739

 Spin-squared expectation <S^2>:         2.006
 Total spin quantum number S:            1.002
 TOTAL ENERGY:                         -49.343916161

 --------------------------------------------------------------------------------

 End time:                               Sun Nov  7 04:31:20 2021
 Total wall-clock time:                  0.341 seconds
==================================================================================
