
================================================================================
          _____________ ________ _______________ ________     _________         
         / ___________// ______ \\_____   _____// ______ \   / ________)        
        / /_________  / /      \ \     | |     / /      \ \ | (_______          
       |  __________|| |        | |    | |    | |        | | \________ \        
        \ \_________ | |        | |    | |     \ \______/ /___________) |       
         \__________||_|        |_|    |_|      \________//____________/        
                                                                                
====================================[ Qcore ]===================================

 Git describe: 2.3.0-3-g778a55bfd
 Compiler:     GNU 9.3.0
 Build type:   Release
 Version:      2.3.0-3-g778a55bfd

 Start time:   Sun Nov  7 04:36:19 2021

 Data directory: /mnt/storage/scratch/zw18965/.local/qcore/share/entos/qcore/data
 Number of threads: 28
 Number of threads was determined by: command line argument

 --------------------------------------------------------------------------------
                                   command: dft                                  
 --------------------------------------------------------------------------------
 AO basis set:                           def2-tzvppd
 Number of AO basis functions:          37

 Formula:                                C
 Nuclear charge:                         6.000000000
 Total charge:                           0.000000000
 Number of electrons:                    6.000000000

 Number of alpha electrons:              4
 Number of beta electrons:               2
 Number of unpaired electrons:           2
 Spin:                                   2
 Multiplicity:                           triplet

 Theory:                                 dft
 Exchange-correlation functional:        pbe
 Method for Coulomb:                     incore_df
 Integral threshold:                     1.00e-12
 DF basis set:                           def2-universal-jkfit
 Number of DF basis functions:          75
 Schwarz screening threshold:            1.00e-10
 Coulomb fitting method:                 Cholesky
 Total number of grid points:         6800
 Method for AO orthogonalization:        symmetric
 Threshold for linear dependence:        1.00e-08
 D3BJ dispersion energy:                 0.000000000

 -------------------------------------
  Running unrestricted open-shell SCF 
 -------------------------------------
 Max number of iterations:             128
 Conv. threshold (gradient):             1.00e-05
 Conv. threshold (energy):               1.00e-06
 Interpolation scheme:                   adiis+cdiis
 Initial guess:                          SAD

 ---------------------------------------------------------------
                  energy        change          grad        time
 ---------------------------------------------------------------
   0       -37.744124738                    6.33e-03        0.00
   1       -37.792736119     -4.86e-02      7.18e-02        0.00
   2       -37.795471527     -2.74e-03      3.69e-02        0.00
   3       -37.795984192     -5.13e-04      8.64e-03        0.00
   4       -37.796055635     -7.14e-05      2.95e-04        0.00
   5       -37.796055691     -5.60e-08      1.82e-05        0.00
   6       -37.796055691     -2.57e-10      1.77e-06        0.00

 SCF converged in 6 iterations.

 Dipole moment (in Debye):               0.000000       0.000000       0.000000

 Quadrupole moment (in Debye-Angstrom):
                  1            2            3
 1        -4.985805     0.000000     0.000000
 2         0.000000    -6.954198     0.000000
 3         0.000000     0.000000    -6.954198

 Spin-squared expectation <S^2>:         2.003
 Total spin quantum number S:            1.001
 TOTAL ENERGY:                         -37.796055691

 --------------------------------------------------------------------------------

 End time:                               Sun Nov  7 04:36:19 2021
 Total wall-clock time:                  0.182 seconds
==================================================================================
