
================================================================================
          _____________ ________ _______________ ________     _________         
         / ___________// ______ \\_____   _____// ______ \   / ________)        
        / /_________  / /      \ \     | |     / /      \ \ | (_______          
       |  __________|| |        | |    | |    | |        | | \________ \        
        \ \_________ | |        | |    | |     \ \______/ /___________) |       
         \__________||_|        |_|    |_|      \________//____________/        
                                                                                
====================================[ Qcore ]===================================

 Git describe: 2.3.0-3-g778a55bfd
 Compiler:     GNU 9.3.0
 Build type:   Release
 Version:      2.3.0-3-g778a55bfd

 Start time:   Sun Nov  7 04:36:19 2021

 Data directory: /mnt/storage/scratch/zw18965/.local/qcore/share/entos/qcore/data
 Number of threads: 28
 Number of threads was determined by: command line argument

 --------------------------------------------------------------------------------
                                   command: dft                                  
 --------------------------------------------------------------------------------
 AO basis set:                           def2-tzvppd
 Number of AO basis functions:         102

 Formula:                                Cl2
 Nuclear charge:                        34.000000000
 Total charge:                           0.000000000
 Number of electrons:                   34.000000000

 Number of alpha electrons:             17
 Number of beta electrons:              17
 Number of unpaired electrons:           0
 Spin:                                   0
 Multiplicity:                           singlet

 Theory:                                 dft
 Exchange-correlation functional:        pbe
 Method for Coulomb:                     incore_df
 Integral threshold:                     1.00e-12
 DF basis set:                           def2-universal-jkfit
 Number of DF basis functions:         256
 Schwarz screening threshold:            1.00e-10
 Coulomb fitting method:                 Cholesky
 Total number of grid points:        14988
 Method for AO orthogonalization:        symmetric
 Threshold for linear dependence:        1.00e-08
 D3BJ dispersion energy:                -0.001032071

 -------------------------------------
  Running restricted closed-shell SCF 
 -------------------------------------
 Max number of iterations:             128
 Conv. threshold (gradient):             1.00e-05
 Conv. threshold (energy):               1.00e-06
 Interpolation scheme:                   adiis+cdiis
 Initial guess:                          SAD

 ---------------------------------------------------------------
                  energy        change          grad        time
 ---------------------------------------------------------------
   0      -920.162919410                    2.83e+00        0.01
   1      -920.020806991      1.42e-01      1.18e-01        0.01
   2      -920.023009027     -2.20e-03      7.53e-02        0.01
   3      -920.022172960      8.36e-04      9.95e-02        0.01
   4      -920.023972383     -1.80e-03      1.89e-03        0.01
   5      -920.023972831     -4.49e-07      4.42e-04        0.01
   6      -920.023972873     -4.12e-08      4.80e-05        0.01
   7      -920.023972873     -4.82e-10      2.84e-06        0.01

 SCF converged in 7 iterations.

 Dipole moment (in Debye):              -0.000001      -0.000001       0.000013

 Quadrupole moment (in Debye-Angstrom):
                  1            2            3
 1       -25.537497    -0.000000    -0.000000
 2        -0.000000   -25.537497    -0.000000
 3        -0.000000    -0.000000   -22.138366

 Spin-squared expectation <S^2>:         0.000
 Total spin quantum number S:            0.000
 TOTAL ENERGY:                        -920.023972873

 --------------------------------------------------------------------------------

 End time:                               Sun Nov  7 04:36:20 2021
 Total wall-clock time:                  0.375 seconds
==================================================================================
