
================================================================================
          _____________ ________ _______________ ________     _________         
         / ___________// ______ \\_____   _____// ______ \   / ________)        
        / /_________  / /      \ \     | |     / /      \ \ | (_______          
       |  __________|| |        | |    | |    | |        | | \________ \        
        \ \_________ | |        | |    | |     \ \______/ /___________) |       
         \__________||_|        |_|    |_|      \________//____________/        
                                                                                
====================================[ Qcore ]===================================

 Git describe: 2.3.0-3-g778a55bfd
 Compiler:     GNU 9.3.0
 Build type:   Release
 Version:      2.3.0-3-g778a55bfd

 Start time:   Sun Nov  7 04:34:24 2021

 Data directory: /mnt/storage/scratch/zw18965/.local/qcore/share/entos/qcore/data
 Number of threads: 28
 Number of threads was determined by: command line argument

 --------------------------------------------------------------------------------
                                   command: dft                                  
 --------------------------------------------------------------------------------
 AO basis set:                           def2-tzvppd
 Number of AO basis functions:         142

 Formula:                                OCl2
 Nuclear charge:                        42.000000000
 Total charge:                           0.000000000
 Number of electrons:                   42.000000000

 Number of alpha electrons:             21
 Number of beta electrons:              21
 Number of unpaired electrons:           0
 Spin:                                   0
 Multiplicity:                           singlet

 Theory:                                 dft
 Exchange-correlation functional:        pbe
 Method for Coulomb:                     incore_df
 Integral threshold:                     1.00e-12
 DF basis set:                           def2-universal-jkfit
 Number of DF basis functions:         333
 Schwarz screening threshold:            1.00e-10
 Coulomb fitting method:                 Cholesky
 Total number of grid points:        21932
 Method for AO orthogonalization:        symmetric
 Threshold for linear dependence:        1.00e-08
 D3BJ dispersion energy:                -0.001866115

 -------------------------------------
  Running restricted closed-shell SCF 
 -------------------------------------
 Max number of iterations:             128
 Conv. threshold (gradient):             1.00e-05
 Conv. threshold (energy):               1.00e-06
 Interpolation scheme:                   adiis+cdiis
 Initial guess:                          SAD

 ---------------------------------------------------------------
                  energy        change          grad        time
 ---------------------------------------------------------------
   0      -995.456631362                    6.88e+00        0.02
   1      -995.100842193      3.56e-01      9.23e-01        0.01
   2      -994.970631250      1.30e-01      2.35e+00        0.02
   3      -995.111709322     -1.41e-01      6.56e-01        0.01
   4      -995.116882725     -5.17e-03      3.94e-01        0.02
   5      -995.119809239     -2.93e-03      1.83e-01        0.02
   6      -995.120611394     -8.02e-04      8.08e-02        0.02
   7      -995.120944826     -3.33e-04      2.37e-02        0.02
   8      -995.121013228     -6.84e-05      1.14e-03        0.02
   9      -995.121013292     -6.35e-08      1.49e-04        0.02
  10      -995.121013293     -9.12e-10      2.09e-05        0.02
  11      -995.121013293     -2.36e-11      1.87e-06        0.02

 SCF converged in 11 iterations.

 Dipole moment (in Debye):               0.000001      -0.000000      -0.470978

 Quadrupole moment (in Debye-Angstrom):
                  1            2            3
 1       -27.477290    -0.000000     0.000000
 2        -0.000000   -31.073865     0.000000
 3         0.000000     0.000000   -30.163310

 Spin-squared expectation <S^2>:         0.000
 Total spin quantum number S:            0.000
 TOTAL ENERGY:                        -995.121013293

 --------------------------------------------------------------------------------

 End time:                               Sun Nov  7 04:34:25 2021
 Total wall-clock time:                  1.331 seconds
==================================================================================
