
================================================================================
          _____________ ________ _______________ ________     _________         
         / ___________// ______ \\_____   _____// ______ \   / ________)        
        / /_________  / /      \ \     | |     / /      \ \ | (_______          
       |  __________|| |        | |    | |    | |        | | \________ \        
        \ \_________ | |        | |    | |     \ \______/ /___________) |       
         \__________||_|        |_|    |_|      \________//____________/        
                                                                                
====================================[ Qcore ]===================================

 Git describe: 2.3.0-3-g778a55bfd
 Compiler:     GNU 9.3.0
 Build type:   Release
 Version:      2.3.0-3-g778a55bfd

 Start time:   Sun Nov  7 04:35:19 2021

 Data directory: /mnt/storage/scratch/zw18965/.local/qcore/share/entos/qcore/data
 Number of threads: 28
 Number of threads was determined by: command line argument

 --------------------------------------------------------------------------------
                                   command: dft                                  
 --------------------------------------------------------------------------------
 AO basis set:                           def2-tzvppd
 Number of AO basis functions:          77

 Formula:                                CO
 Nuclear charge:                        14.000000000
 Total charge:                           0.000000000
 Number of electrons:                   14.000000000

 Number of alpha electrons:              7
 Number of beta electrons:               7
 Number of unpaired electrons:           0
 Spin:                                   0
 Multiplicity:                           singlet

 Theory:                                 dft
 Exchange-correlation functional:        pbe
 Method for Coulomb:                     incore_df
 Integral threshold:                     1.00e-12
 DF basis set:                           def2-universal-jkfit
 Number of DF basis functions:         152
 Schwarz screening threshold:            1.00e-10
 Coulomb fitting method:                 Cholesky
 Total number of grid points:        13744
 Method for AO orthogonalization:        symmetric
 Threshold for linear dependence:        1.00e-08
 D3BJ dispersion energy:                -0.000410891

 -------------------------------------
  Running restricted closed-shell SCF 
 -------------------------------------
 Max number of iterations:             128
 Conv. threshold (gradient):             1.00e-05
 Conv. threshold (energy):               1.00e-06
 Interpolation scheme:                   adiis+cdiis
 Initial guess:                          SAD

 ---------------------------------------------------------------
                  energy        change          grad        time
 ---------------------------------------------------------------
   0      -113.400467417                    5.89e+00        0.01
   1      -113.205022694      1.95e-01      6.51e-01        0.01
   2      -113.001771596      2.03e-01      1.79e+00        0.01
   3      -113.218604022     -2.17e-01      4.86e-01        0.01
   4      -113.232674830     -1.41e-02      1.77e-01        0.01
   5      -113.230742741      1.93e-03      2.25e-01        0.01
   6      -113.235015764     -4.27e-03      3.66e-02        0.01
   7      -113.234738578      2.77e-04      7.16e-02        0.01
   8      -113.235110528     -3.72e-04      3.17e-04        0.01
   9      -113.235110538     -9.79e-09      1.64e-05        0.01
  10      -113.235110538     -1.33e-11      4.85e-07        0.01

 SCF converged in 10 iterations.

 Dipole moment (in Debye):              -0.000000      -0.000000      -0.221200

 Quadrupole moment (in Debye-Angstrom):
                  1            2            3
 1       -10.345748    -0.000000     0.000000
 2        -0.000000   -10.345748     0.000000
 3         0.000000     0.000000   -12.354104

 Spin-squared expectation <S^2>:         0.000
 Total spin quantum number S:            0.000
 TOTAL ENERGY:                        -113.235110538

 --------------------------------------------------------------------------------

 End time:                               Sun Nov  7 04:35:19 2021
 Total wall-clock time:                  0.357 seconds
==================================================================================
