
================================================================================
          _____________ ________ _______________ ________     _________         
         / ___________// ______ \\_____   _____// ______ \   / ________)        
        / /_________  / /      \ \     | |     / /      \ \ | (_______          
       |  __________|| |        | |    | |    | |        | | \________ \        
        \ \_________ | |        | |    | |     \ \______/ /___________) |       
         \__________||_|        |_|    |_|      \________//____________/        
                                                                                
====================================[ Qcore ]===================================

 Git describe: 2.3.0-3-g778a55bfd
 Compiler:     GNU 9.3.0
 Build type:   Release
 Version:      2.3.0-3-g778a55bfd

 Start time:   Sun Nov  7 04:35:19 2021

 Data directory: /mnt/storage/scratch/zw18965/.local/qcore/share/entos/qcore/data
 Number of threads: 28
 Number of threads was determined by: command line argument

 --------------------------------------------------------------------------------
                                   command: dft                                  
 --------------------------------------------------------------------------------
 AO basis set:                           def2-tzvppd
 Number of AO basis functions:         134

 Formula:                                Cr2
 Nuclear charge:                        48.000000000
 Total charge:                           0.000000000
 Number of electrons:                   48.000000000

 Number of alpha electrons:             24
 Number of beta electrons:              24
 Number of unpaired electrons:           0
 Spin:                                   0
 Multiplicity:                           singlet

 Theory:                                 dft
 Exchange-correlation functional:        pbe
 Method for Coulomb:                     incore_df
 Integral threshold:                     1.00e-12
 DF basis set:                           def2-universal-jkfit
 Number of DF basis functions:         528
 Schwarz screening threshold:            1.00e-10
 Coulomb fitting method:                 Cholesky
 Total number of grid points:        15656
 Method for AO orthogonalization:        symmetric
 Threshold for linear dependence:        1.00e-08
 D3BJ dispersion energy:                -0.001793004

 -------------------------------------
  Running restricted closed-shell SCF 
 -------------------------------------
 Max number of iterations:             128
 Conv. threshold (gradient):             1.00e-05
 Conv. threshold (energy):               1.00e-06
 Interpolation scheme:                   adiis+cdiis
 Initial guess:                          SAD

 ---------------------------------------------------------------
                  energy        change          grad        time
 ---------------------------------------------------------------
   0     -2088.686683534                    6.76e+00        0.02
   1     -2088.402304783      2.84e-01      4.70e-01        0.02
   2     -2088.393272742      9.03e-03      5.67e-01        0.02
   3     -2088.434503062     -4.12e-02      1.46e-01        0.02
   4     -2088.420536954      1.40e-02      3.07e-01        0.02
   5     -2088.433741743     -1.32e-02      2.37e-01        0.02
   6     -2087.765384076      6.68e-01      2.69e+00        0.02
   7     -2088.311959145     -5.47e-01      1.13e+00        0.02
   8     -2088.426435937     -1.14e-01      3.47e-01        0.02
   9     -2088.434123353     -7.69e-03      2.20e-01        0.02
  10     -2088.438182946     -4.06e-03      3.23e-02        0.02
  11     -2088.437717771      4.65e-04      8.47e-02        0.02
  12     -2088.438305001     -5.87e-04      1.24e-03        0.02
  13     -2088.438305145     -1.44e-07      8.49e-05        0.02
  14     -2088.438305146     -7.78e-10      4.27e-05        0.02
  15     -2088.438305146     -1.45e-10      4.14e-06        0.02

 SCF converged in 15 iterations.

 Dipole moment (in Debye):               0.000000       0.000000       0.000014

 Quadrupole moment (in Debye-Angstrom):
                  1            2            3
 1       -33.968982    -0.000000    -0.000001
 2        -0.000000   -33.968982    -0.000001
 3        -0.000001    -0.000001   -28.684930

 Spin-squared expectation <S^2>:         0.000
 Total spin quantum number S:            0.000
 TOTAL ENERGY:                       -2088.438305146

 --------------------------------------------------------------------------------

 End time:                               Sun Nov  7 04:35:21 2021
 Total wall-clock time:                  1.265 seconds
==================================================================================
