
================================================================================
          _____________ ________ _______________ ________     _________         
         / ___________// ______ \\_____   _____// ______ \   / ________)        
        / /_________  / /      \ \     | |     / /      \ \ | (_______          
       |  __________|| |        | |    | |    | |        | | \________ \        
        \ \_________ | |        | |    | |     \ \______/ /___________) |       
         \__________||_|        |_|    |_|      \________//____________/        
                                                                                
====================================[ Qcore ]===================================

 Git describe: 2.3.0-3-g778a55bfd
 Compiler:     GNU 9.3.0
 Build type:   Release
 Version:      2.3.0-3-g778a55bfd

 Start time:   Sun Nov  7 04:33:19 2021

 Data directory: /mnt/storage/scratch/zw18965/.local/qcore/share/entos/qcore/data
 Number of threads: 28
 Number of threads was determined by: command line argument

 --------------------------------------------------------------------------------
                                   command: dft                                  
 --------------------------------------------------------------------------------
 AO basis set:                           def2-tzvppd
 Number of AO basis functions:         452

 Formula:                                C5O5Fe
 Nuclear charge:                        96.000000000
 Total charge:                           0.000000000
 Number of electrons:                   96.000000000

 Number of alpha electrons:             48
 Number of beta electrons:              48
 Number of unpaired electrons:           0
 Spin:                                   0
 Multiplicity:                           singlet

 Theory:                                 dft
 Exchange-correlation functional:        pbe
 Method for Coulomb:                     incore_df
 Integral threshold:                     1.00e-12
 DF basis set:                           def2-universal-jkfit
 Number of DF basis functions:        1024
 Schwarz screening threshold:            1.00e-10
 Coulomb fitting method:                 Cholesky
 Total number of grid points:        76656
 Method for AO orthogonalization:        symmetric
 Threshold for linear dependence:        1.00e-08
 D3BJ dispersion energy:                -0.013470473

 -------------------------------------
  Running restricted closed-shell SCF 
 -------------------------------------
 Max number of iterations:             128
 Conv. threshold (gradient):             1.00e-05
 Conv. threshold (energy):               1.00e-06
 Interpolation scheme:                   adiis+cdiis
 Initial guess:                          SAD

 ---------------------------------------------------------------
                  energy        change          grad        time
 ---------------------------------------------------------------
   0     -1831.700614157                    2.17e+01        0.17
   1     -1829.577312307      2.12e+00      3.60e+00        0.18
   2     -1818.991627355      1.06e+01      1.50e+01        0.19
   3     -1828.460351996     -9.47e+00      1.00e+01        0.19
   4     -1829.888923780     -1.43e+00      6.09e-01        0.19
   5     -1829.461469574      4.27e-01      5.56e+00        0.20
   6     -1829.845507034     -3.84e-01      1.85e+00        0.20
   7     -1829.809610233      3.59e-02      3.12e+00        0.21
   8     -1829.907109592     -9.75e-02      8.35e-01        0.21
   9     -1829.892422814      1.47e-02      1.23e+00        0.22
  10     -1829.904181322     -1.18e-02      1.03e+00        0.23
  11     -1829.915482582     -1.13e-02      1.20e-01        0.25
  12     -1829.915775509     -2.93e-04      9.21e-02        0.25
  13     -1829.914151813      1.62e-03      4.48e-01        0.24
  14     -1829.916410418     -2.26e-03      9.93e-04        0.22
  15     -1829.916410442     -2.36e-08      2.70e-04        0.20
  16     -1829.916410443     -1.14e-09      2.22e-05        0.20
  17     -1829.916410443     -4.32e-12      6.70e-06        0.20

 SCF converged in 17 iterations.

 Dipole moment (in Debye):              -0.000264       0.000025       0.000001

 Quadrupole moment (in Debye-Angstrom):
                  1            2            3
 1       -70.879003    -0.000040     0.000001
 2        -0.000040   -70.878054    -0.000001
 3         0.000001    -0.000001   -68.467225

 Spin-squared expectation <S^2>:         0.000
 Total spin quantum number S:            0.000
 TOTAL ENERGY:                       -1829.916410443

 --------------------------------------------------------------------------------

 End time:                               Sun Nov  7 04:33:33 2021
 Total wall-clock time:                 13.186 seconds
==================================================================================
