
================================================================================
          _____________ ________ _______________ ________     _________         
         / ___________// ______ \\_____   _____// ______ \   / ________)        
        / /_________  / /      \ \     | |     / /      \ \ | (_______          
       |  __________|| |        | |    | |    | |        | | \________ \        
        \ \_________ | |        | |    | |     \ \______/ /___________) |       
         \__________||_|        |_|    |_|      \________//____________/        
                                                                                
====================================[ Qcore ]===================================

 Git describe: 2.3.0-3-g778a55bfd
 Compiler:     GNU 9.3.0
 Build type:   Release
 Version:      2.3.0-3-g778a55bfd

 Start time:   Sun Nov  7 04:34:19 2021

 Data directory: /mnt/storage/scratch/zw18965/.local/qcore/share/entos/qcore/data
 Number of threads: 28
 Number of threads was determined by: command line argument

 --------------------------------------------------------------------------------
                                   command: dft                                  
 --------------------------------------------------------------------------------
 AO basis set:                           def2-tzvppd
 Number of AO basis functions:          67

 Formula:                                Ni+
 Nuclear charge:                        28.000000000
 Total charge:                           1.000000000
 Number of electrons:                   27.000000000

 Number of alpha electrons:             14
 Number of beta electrons:              13
 Number of unpaired electrons:           1
 Spin:                                   1
 Multiplicity:                           doublet

 Theory:                                 dft
 Exchange-correlation functional:        pbe
 Method for Coulomb:                     incore_df
 Integral threshold:                     1.00e-12
 DF basis set:                           def2-universal-jkfit
 Number of DF basis functions:         264
 Schwarz screening threshold:            1.00e-10
 Coulomb fitting method:                 Cholesky
 Total number of grid points:         7936
 Method for AO orthogonalization:        symmetric
 Threshold for linear dependence:        1.00e-08
 D3BJ dispersion energy:                 0.000000000

 -------------------------------------
  Running unrestricted open-shell SCF 
 -------------------------------------
 Max number of iterations:             128
 Conv. threshold (gradient):             1.00e-05
 Conv. threshold (energy):               1.00e-06
 Interpolation scheme:                   adiis+cdiis
 Initial guess:                          SAD

 ---------------------------------------------------------------
                  energy        change          grad        time
 ---------------------------------------------------------------
   0     -1508.013819057                    4.08e-03        0.01
   1     -1507.730668921      2.83e-01      1.47e-01        0.01
   2     -1507.702268521      2.84e-02      3.61e-01        0.01
   3     -1507.739935905     -3.77e-02      1.97e-01        0.01
   4     -1507.733049272      6.89e-03      2.75e-01        0.01
   5     -1507.738602911     -5.55e-03      1.71e-01        0.01
   6     -1507.742656584     -4.05e-03      1.07e-01        0.01
   7     -1507.741816574      8.40e-04      1.32e-01        0.01
   8     -1507.742970930     -1.15e-03      1.10e-01        0.01
   9     -1507.738399054      4.57e-03      2.19e-01        0.01
  10     -1507.741374118     -2.98e-03      1.51e-01        0.01
  11     -1507.743156844     -1.78e-03      1.04e-01        0.01
  12     -1507.738950165      4.21e-03      2.09e-01        0.01
  13     -1507.740969934     -2.02e-03      1.62e-01        0.01
  14     -1507.742764358     -1.79e-03      1.15e-01        0.01
  15     -1507.739176809      3.59e-03      2.00e-01        0.01
  16     -1507.740319094     -1.14e-03      1.85e-01        0.01
  17     -1507.742549267     -2.23e-03      1.22e-01        0.01
  18     -1507.739170496      3.38e-03      2.01e-01        0.01
  19     -1507.740210916     -1.04e-03      1.89e-01        0.01
  20     -1507.742916601     -2.71e-03      1.08e-01        0.01
  21     -1507.739696563      3.22e-03      1.90e-01        0.01
  22     -1507.739758119     -6.16e-05      2.02e-01        0.01
  23     -1507.742746241     -2.99e-03      1.25e-01        0.01
  24     -1507.739428682      3.32e-03      1.97e-01        0.01
  25     -1507.741076326     -1.65e-03      1.58e-01        0.01
  26     -1507.742828914     -1.75e-03      1.10e-01        0.01
  27     -1507.740556307      2.27e-03      1.98e-01        0.01
  28     -1507.741928151     -1.37e-03      1.30e-01        0.01
  29     -1507.742046274     -1.18e-04      1.28e-01        0.01
  30     -1507.740726570      1.32e-03      1.81e-01        0.01
  31     -1507.743582900     -2.86e-03      9.00e-02        0.01
  32     -1507.741677326      1.91e-03      1.53e-01        0.01
  33     -1507.742458764     -7.81e-04      1.04e-01        0.01
  34     -1507.743142840     -6.84e-04      8.93e-02        0.01
  35     -1507.744493820     -1.35e-03      4.17e-02        0.01
  36     -1507.744521954     -2.81e-05      3.76e-02        0.01
  37     -1507.744556774     -3.48e-05      3.42e-02        0.01
  38     -1507.744502408      5.44e-05      3.49e-02        0.01
  39     -1507.744657718     -1.55e-04      2.14e-02        0.01
  40     -1507.744716406     -5.87e-05      7.73e-03        0.01
  41     -1507.744727092     -1.07e-05      2.48e-03        0.01
  42     -1507.744728087     -9.95e-07      1.23e-03        0.01
  43     -1507.744728359     -2.72e-07      5.17e-04        0.01
  44     -1507.744728415     -5.58e-08      4.90e-05        0.01
  45     -1507.744728419     -3.57e-09      4.66e-05        0.01
  46     -1507.744728407      1.10e-08      5.75e-05        0.01
  47     -1507.744728427     -1.98e-08      1.26e-04        0.01
  48     -1507.744728318      1.09e-07      3.20e-04        0.01
  49     -1507.744726315      2.00e-06      3.26e-03        0.01
  50     -1507.744721614      4.70e-06      6.35e-03        0.01
  51     -1507.744712243      9.37e-06      1.00e-02        0.01
  52     -1507.744717849     -5.61e-06      8.04e-03        0.01
  53     -1507.744721208     -3.36e-06      6.57e-03        0.01
  54     -1507.744726738     -5.53e-06      2.92e-03        0.01
  55     -1507.744727436     -6.98e-07      2.09e-03        0.01
  56     -1507.744727227      2.09e-07      2.37e-03        0.01
  57     -1507.744728281     -1.05e-06      2.51e-04        0.01
  58     -1507.744728225      5.55e-08      3.56e-04        0.01
  59     -1507.744728016      2.09e-07      6.94e-04        0.01
  60     -1507.744728053     -3.63e-08      7.61e-05        0.01
  61     -1507.744727891      1.62e-07      9.24e-04        0.01
  62     -1507.744727898     -7.09e-09      9.03e-04        0.01
  63     -1507.744727013      8.85e-07      2.52e-03        0.01
  64     -1507.744727905     -8.91e-07      8.83e-04        0.01
  65     -1507.744728025     -1.20e-07      1.95e-04        0.01
  66     -1507.744728020      5.06e-09      2.64e-04        0.01
  67     -1507.744728031     -1.09e-08      3.97e-05        0.01
  68     -1507.744728031     -2.09e-10      1.40e-05        0.01
  69     -1507.744728030      1.63e-09      9.94e-05        0.01
  70     -1507.744728031     -1.47e-09      2.48e-05        0.01
  71     -1507.744728031     -9.60e-11      4.79e-06        0.01

 SCF converged in 71 iterations.

 Dipole moment (in Debye):              -0.000002      -0.000002      -0.000002

 Quadrupole moment (in Debye-Angstrom):
                  1            2            3
 1        -9.340901     0.021515    -0.116163
 2         0.021515    -9.340804    -0.116428
 3        -0.116163    -0.116428    -8.724088

 Spin-squared expectation <S^2>:         0.751
 Total spin quantum number S:            0.500
 TOTAL ENERGY:                       -1507.744728031

 --------------------------------------------------------------------------------

 End time:                               Sun Nov  7 04:34:20 2021
 Total wall-clock time:                  1.070 seconds
==================================================================================
