
================================================================================
          _____________ ________ _______________ ________     _________         
         / ___________// ______ \\_____   _____// ______ \   / ________)        
        / /_________  / /      \ \     | |     / /      \ \ | (_______          
       |  __________|| |        | |    | |    | |        | | \________ \        
        \ \_________ | |        | |    | |     \ \______/ /___________) |       
         \__________||_|        |_|    |_|      \________//____________/        
                                                                                
====================================[ Qcore ]===================================

 Git describe: 2.3.0-3-g778a55bfd
 Compiler:     GNU 9.3.0
 Build type:   Release
 Version:      2.3.0-3-g778a55bfd

 Start time:   Sun Nov  7 04:33:19 2021

 Data directory: /mnt/storage/scratch/zw18965/.local/qcore/share/entos/qcore/data
 Number of threads: 28
 Number of threads was determined by: command line argument

 --------------------------------------------------------------------------------
                                   command: dft                                  
 --------------------------------------------------------------------------------
 AO basis set:                           def2-tzvppd
 Number of AO basis functions:         138

 Formula:                                CH2Ni+
 Nuclear charge:                        36.000000000
 Total charge:                           1.000000000
 Number of electrons:                   35.000000000

 Number of alpha electrons:             18
 Number of beta electrons:              17
 Number of unpaired electrons:           1
 Spin:                                   1
 Multiplicity:                           doublet

 Theory:                                 dft
 Exchange-correlation functional:        pbe
 Method for Coulomb:                     incore_df
 Integral threshold:                     1.00e-12
 DF basis set:                           def2-universal-jkfit
 Number of DF basis functions:         375
 Schwarz screening threshold:            1.00e-10
 Coulomb fitting method:                 Cholesky
 Total number of grid points:        26516
 Method for AO orthogonalization:        symmetric
 Threshold for linear dependence:        1.00e-08
 D3BJ dispersion energy:                -0.001890713

 -------------------------------------
  Running unrestricted open-shell SCF 
 -------------------------------------
 Max number of iterations:             128
 Conv. threshold (gradient):             1.00e-05
 Conv. threshold (energy):               1.00e-06
 Interpolation scheme:                   adiis+cdiis
 Initial guess:                          SAD

 ---------------------------------------------------------------
                  energy        change          grad        time
 ---------------------------------------------------------------
   0     -1547.333969946                    3.31e+00        0.02
   1     -1545.587650786      1.75e+00      2.92e+00        0.02
   2     -1534.477947452      1.11e+01      5.76e+00        0.02
   3     -1545.092153891     -1.06e+01      2.75e+00        0.02
   4     -1546.931191733     -1.84e+00      4.44e-01        0.02
   5     -1546.906007511      2.52e-02      5.32e-01        0.03
   6     -1546.889066105      1.69e-02      8.10e-01        0.03
   7     -1546.930384616     -4.13e-02      7.72e-01        0.03
   8     -1546.998145907     -6.78e-02      9.19e-02        0.03
   9     -1546.993788110      4.36e-03      2.06e-01        0.03
  10     -1546.999240924     -5.45e-03      5.27e-02        0.03
  11     -1546.999764526     -5.24e-04      5.01e-03        0.02
  12     -1546.999783449     -1.89e-05      4.77e-03        0.02
  13     -1546.999793251     -9.80e-06      1.17e-03        0.02
  14     -1546.999795512     -2.26e-06      8.62e-04        0.02
  15     -1546.999795634     -1.22e-07      5.82e-04        0.02
  16     -1546.999795690     -5.54e-08      6.20e-05        0.03
  17     -1546.999795690     -7.67e-10      1.44e-05        0.03
  18     -1546.999795690     -3.07e-11      2.12e-06        0.03

 SCF converged in 18 iterations.

 Dipole moment (in Debye):              -0.000001      -0.000000      -0.317253

 Quadrupole moment (in Debye-Angstrom):
                  1            2            3
 1       -15.339896     0.000003     0.000001
 2         0.000003   -17.347334    -0.000001
 3         0.000001    -0.000001    -7.888480

 Spin-squared expectation <S^2>:         0.792
 Total spin quantum number S:            0.521
 TOTAL ENERGY:                       -1546.999795690

 --------------------------------------------------------------------------------

 End time:                               Sun Nov  7 04:33:21 2021
 Total wall-clock time:                  1.721 seconds
==================================================================================
