
================================================================================
          _____________ ________ _______________ ________     _________         
         / ___________// ______ \\_____   _____// ______ \   / ________)        
        / /_________  / /      \ \     | |     / /      \ \ | (_______          
       |  __________|| |        | |    | |    | |        | | \________ \        
        \ \_________ | |        | |    | |     \ \______/ /___________) |       
         \__________||_|        |_|    |_|      \________//____________/        
                                                                                
====================================[ Qcore ]===================================

 Git describe: 2.3.0-3-g778a55bfd
 Compiler:     GNU 9.3.0
 Build type:   Release
 Version:      2.3.0-3-g778a55bfd

 Start time:   Sun Nov  7 04:34:18 2021

 Data directory: /mnt/storage/scratch/zw18965/.local/qcore/share/entos/qcore/data
 Number of threads: 28
 Number of threads was determined by: command line argument

 --------------------------------------------------------------------------------
                                   command: dft                                  
 --------------------------------------------------------------------------------
 AO basis set:                           def2-tzvppd
 Number of AO basis functions:         120

 Formula:                                O3
 Nuclear charge:                        24.000000000
 Total charge:                           0.000000000
 Number of electrons:                   24.000000000

 Number of alpha electrons:             12
 Number of beta electrons:              12
 Number of unpaired electrons:           0
 Spin:                                   0
 Multiplicity:                           singlet

 Theory:                                 dft
 Exchange-correlation functional:        pbe
 Method for Coulomb:                     incore_df
 Integral threshold:                     1.00e-12
 DF basis set:                           def2-universal-jkfit
 Number of DF basis functions:         231
 Schwarz screening threshold:            1.00e-10
 Coulomb fitting method:                 Cholesky
 Total number of grid points:        20832
 Method for AO orthogonalization:        symmetric
 Threshold for linear dependence:        1.00e-08
 D3BJ dispersion energy:                -0.000732450

 -------------------------------------
  Running restricted closed-shell SCF 
 -------------------------------------
 Max number of iterations:             128
 Conv. threshold (gradient):             1.00e-05
 Conv. threshold (energy):               1.00e-06
 Interpolation scheme:                   adiis+cdiis
 Initial guess:                          SAD

 ---------------------------------------------------------------
                  energy        change          grad        time
 ---------------------------------------------------------------
   0      -225.822404317                    8.74e+00        0.02
   1      -225.202891603      6.20e-01      1.58e+00        0.01
   2      -224.437901505      7.65e-01      4.56e+00        0.01
   3      -225.235492917     -7.98e-01      1.37e+00        0.01
   4      -225.325325089     -8.98e-02      2.37e-01        0.01
   5      -225.312591604      1.27e-02      6.08e-01        0.01
   6      -225.325467786     -1.29e-02      2.08e-01        0.01
   7      -225.326701433     -1.23e-03      7.41e-02        0.01
   8      -225.318089919      8.61e-03      3.88e-01        0.01
   9      -225.326941099     -8.85e-03      6.51e-04        0.01
  10      -225.326941118     -1.92e-08      1.15e-04        0.01
  11      -225.326941119     -5.57e-10      3.82e-05        0.01
  12      -225.326941119     -9.09e-11      2.68e-06        0.01

 SCF converged in 12 iterations.

 Dipole moment (in Debye):              -0.544624      -0.000000      -0.332951

 Quadrupole moment (in Debye-Angstrom):
                  1            2            3
 1       -16.483467    -0.000000     0.525323
 2        -0.000000   -14.752472    -0.000000
 3         0.525323    -0.000000   -17.021584

 Spin-squared expectation <S^2>:         0.000
 Total spin quantum number S:            0.000
 TOTAL ENERGY:                        -225.326941119

 --------------------------------------------------------------------------------

 End time:                               Sun Nov  7 04:34:19 2021
 Total wall-clock time:                  0.442 seconds
==================================================================================
