
================================================================================
          _____________ ________ _______________ ________     _________         
         / ___________// ______ \\_____   _____// ______ \   / ________)        
        / /_________  / /      \ \     | |     / /      \ \ | (_______          
       |  __________|| |        | |    | |    | |        | | \________ \        
        \ \_________ | |        | |    | |     \ \______/ /___________) |       
         \__________||_|        |_|    |_|      \________//____________/        
                                                                                
====================================[ Qcore ]===================================

 Git describe: 2.3.0-3-g778a55bfd
 Compiler:     GNU 9.3.0
 Build type:   Release
 Version:      2.3.0-3-g778a55bfd

 Start time:   Sun Nov  7 04:34:19 2021

 Data directory: /mnt/storage/scratch/zw18965/.local/qcore/share/entos/qcore/data
 Number of threads: 28
 Number of threads was determined by: command line argument

 --------------------------------------------------------------------------------
                                   command: dft                                  
 --------------------------------------------------------------------------------
 AO basis set:                           def2-tzvppd
 Number of AO basis functions:         102

 Formula:                                S2
 Nuclear charge:                        32.000000000
 Total charge:                           0.000000000
 Number of electrons:                   32.000000000

 Number of alpha electrons:             17
 Number of beta electrons:              15
 Number of unpaired electrons:           2
 Spin:                                   2
 Multiplicity:                           triplet

 Theory:                                 dft
 Exchange-correlation functional:        pbe
 Method for Coulomb:                     incore_df
 Integral threshold:                     1.00e-12
 DF basis set:                           def2-universal-jkfit
 Number of DF basis functions:         256
 Schwarz screening threshold:            1.00e-10
 Coulomb fitting method:                 Cholesky
 Total number of grid points:        14700
 Method for AO orthogonalization:        symmetric
 Threshold for linear dependence:        1.00e-08
 D3BJ dispersion energy:                -0.001294914

 -------------------------------------
  Running unrestricted open-shell SCF 
 -------------------------------------
 Max number of iterations:             128
 Conv. threshold (gradient):             1.00e-05
 Conv. threshold (energy):               1.00e-06
 Interpolation scheme:                   adiis+cdiis
 Initial guess:                          SAD

 ---------------------------------------------------------------
                  energy        change          grad        time
 ---------------------------------------------------------------
   0      -796.226197771                    1.97e+00        0.01
   1      -796.059393434      1.67e-01      6.23e-02        0.01
   2      -796.059341754      5.17e-05      6.94e-02        0.01
   3      -796.063276477     -3.93e-03      6.56e-03        0.01
   4      -796.063308877     -3.24e-05      2.04e-03        0.01
   5      -796.063311935     -3.06e-06      2.78e-04        0.01
   6      -796.063311997     -6.18e-08      9.96e-05        0.01
   7      -796.063311997     -7.95e-10      6.92e-05        0.01
   8      -796.063311999     -1.92e-09      4.46e-05        0.01
   9      -796.063312001     -1.38e-09      1.11e-06        0.01

 SCF converged in 9 iterations.

 Dipole moment (in Debye):               0.000002       0.000002       0.000000

 Quadrupole moment (in Debye-Angstrom):
                  1            2            3
 1       -25.963418    -0.000000    -0.000000
 2        -0.000000   -25.963418    -0.000000
 3        -0.000000    -0.000000   -24.091001

 Spin-squared expectation <S^2>:         2.005
 Total spin quantum number S:            1.002
 TOTAL ENERGY:                        -796.063312001

 --------------------------------------------------------------------------------

 End time:                               Sun Nov  7 04:34:19 2021
 Total wall-clock time:                  0.438 seconds
==================================================================================
