
================================================================================
          _____________ ________ _______________ ________     _________         
         / ___________// ______ \\_____   _____// ______ \   / ________)        
        / /_________  / /      \ \     | |     / /      \ \ | (_______          
       |  __________|| |        | |    | |    | |        | | \________ \        
        \ \_________ | |        | |    | |     \ \______/ /___________) |       
         \__________||_|        |_|    |_|      \________//____________/        
                                                                                
====================================[ Qcore ]===================================

 Git describe: 2.3.0-3-g778a55bfd
 Compiler:     GNU 9.3.0
 Build type:   Release
 Version:      2.3.0-3-g778a55bfd

 Start time:   Sun Nov  7 04:35:19 2021

 Data directory: /mnt/storage/scratch/zw18965/.local/qcore/share/entos/qcore/data
 Number of threads: 28
 Number of threads was determined by: command line argument

 --------------------------------------------------------------------------------
                                   command: dft                                  
 --------------------------------------------------------------------------------
 AO basis set:                           def2-tzvppd
 Number of AO basis functions:         204

 Formula:                                S4
 Nuclear charge:                        64.000000000
 Total charge:                           0.000000000
 Number of electrons:                   64.000000000

 Number of alpha electrons:             32
 Number of beta electrons:              32
 Number of unpaired electrons:           0
 Spin:                                   0
 Multiplicity:                           singlet

 Theory:                                 dft
 Exchange-correlation functional:        pbe
 Method for Coulomb:                     incore_df
 Integral threshold:                     1.00e-12
 DF basis set:                           def2-universal-jkfit
 Number of DF basis functions:         512
 Schwarz screening threshold:            1.00e-10
 Coulomb fitting method:                 Cholesky
 Total number of grid points:        29400
 Method for AO orthogonalization:        symmetric
 Threshold for linear dependence:        1.00e-08
 D3BJ dispersion energy:                -0.006905184

 -------------------------------------
  Running restricted closed-shell SCF 
 -------------------------------------
 Max number of iterations:             128
 Conv. threshold (gradient):             1.00e-05
 Conv. threshold (energy):               1.00e-06
 Interpolation scheme:                   adiis+cdiis
 Initial guess:                          SAD

 ---------------------------------------------------------------
                  energy        change          grad        time
 ---------------------------------------------------------------
   0     -1592.787511732                    9.12e+00        0.03
   1     -1592.139559787      6.48e-01      5.26e-01        0.03
   2     -1591.534529634      6.05e-01      2.35e+00        0.03
   3     -1592.095140830     -5.61e-01      8.15e-01        0.03
   4     -1592.175662470     -8.05e-02      9.54e-02        0.03
   5     -1592.170443041      5.22e-03      2.22e-01        0.03
   6     -1592.176841926     -6.40e-03      9.12e-03        0.03
   7     -1592.176828278      1.36e-05      1.34e-02        0.03
   8     -1592.176848280     -2.00e-05      6.45e-03        0.03
   9     -1592.176852924     -4.64e-06      4.90e-04        0.03
  10     -1592.176852946     -2.22e-08      1.23e-04        0.03
  11     -1592.176852948     -1.47e-09      2.42e-05        0.03
  12     -1592.176852948     -2.96e-12      2.35e-05        0.03
  13     -1592.176852948     -4.52e-11      5.41e-06        0.03

 SCF converged in 13 iterations.

 Dipole moment (in Debye):              -0.274071       0.000002       1.044498

 Quadrupole moment (in Debye-Angstrom):
                  1            2            3
 1       -52.846260     0.000001    -1.131717
 2         0.000001   -51.437913    -0.000001
 3        -1.131717    -0.000001   -48.830290

 Spin-squared expectation <S^2>:         0.000
 Total spin quantum number S:            0.000
 TOTAL ENERGY:                       -1592.176852948

 --------------------------------------------------------------------------------

 End time:                               Sun Nov  7 04:35:20 2021
 Total wall-clock time:                  0.970 seconds
==================================================================================
