
================================================================================
          _____________ ________ _______________ ________     _________         
         / ___________// ______ \\_____   _____// ______ \   / ________)        
        / /_________  / /      \ \     | |     / /      \ \ | (_______          
       |  __________|| |        | |    | |    | |        | | \________ \        
        \ \_________ | |        | |    | |     \ \______/ /___________) |       
         \__________||_|        |_|    |_|      \________//____________/        
                                                                                
====================================[ Qcore ]===================================

 Git describe: 2.3.0-3-g778a55bfd
 Compiler:     GNU 9.3.0
 Build type:   Release
 Version:      2.3.0-3-g778a55bfd

 Start time:   Sun Nov  7 04:35:19 2021

 Data directory: /mnt/storage/scratch/zw18965/.local/qcore/share/entos/qcore/data
 Number of threads: 28
 Number of threads was determined by: command line argument

 --------------------------------------------------------------------------------
                                   command: dft                                  
 --------------------------------------------------------------------------------
 AO basis set:                           def2-tzvppd
 Number of AO basis functions:          67

 Formula:                                V
 Nuclear charge:                        23.000000000
 Total charge:                           0.000000000
 Number of electrons:                   23.000000000

 Number of alpha electrons:             14
 Number of beta electrons:               9
 Number of unpaired electrons:           5
 Spin:                                   5
 Multiplicity:                           septet

 Theory:                                 dft
 Exchange-correlation functional:        pbe
 Method for Coulomb:                     incore_df
 Integral threshold:                     1.00e-12
 DF basis set:                           def2-universal-jkfit
 Number of DF basis functions:         264
 Schwarz screening threshold:            1.00e-10
 Coulomb fitting method:                 Cholesky
 Total number of grid points:         7852
 Method for AO orthogonalization:        symmetric
 Threshold for linear dependence:        1.00e-08
 D3BJ dispersion energy:                 0.000000000

 -------------------------------------
  Running unrestricted open-shell SCF 
 -------------------------------------
 Max number of iterations:             128
 Conv. threshold (gradient):             1.00e-05
 Conv. threshold (energy):               1.00e-06
 Interpolation scheme:                   adiis+cdiis
 Initial guess:                          SAD

 ---------------------------------------------------------------
                  energy        change          grad        time
 ---------------------------------------------------------------
   0      -943.537301354                    1.33e-02        0.01
   1      -943.657334118     -1.20e-01      1.22e-01        0.01
   2      -943.354612703      3.03e-01      5.25e-01        0.01
   3      -943.652559333     -2.98e-01      1.74e-01        0.01
   4      -943.671025957     -1.85e-02      7.49e-02        0.01
   5      -943.665229173      5.80e-03      1.35e-01        0.01
   6      -943.670911202     -5.68e-03      9.31e-02        0.01
   7      -943.672788547     -1.88e-03      4.97e-02        0.01
   8      -943.673532098     -7.44e-04      1.61e-03        0.01
   9      -943.673532376     -2.78e-07      1.30e-03        0.01
  10      -943.673533126     -7.50e-07      2.70e-05        0.01
  11      -943.673533127     -7.23e-10      9.30e-06        0.01

 SCF converged in 11 iterations.

 Dipole moment (in Debye):              -0.000006      -0.000006      -0.000008

 Quadrupole moment (in Debye-Angstrom):
                  1            2            3
 1       -18.273486     0.000112    -0.015414
 2         0.000112   -18.273498    -0.015409
 3        -0.015414    -0.015409   -16.837154

 Spin-squared expectation <S^2>:         8.750
 Total spin quantum number S:            2.500
 TOTAL ENERGY:                        -943.673533127

 --------------------------------------------------------------------------------

 End time:                               Sun Nov  7 04:35:20 2021
 Total wall-clock time:                  0.721 seconds
==================================================================================
