
================================================================================
          _____________ ________ _______________ ________     _________         
         / ___________// ______ \\_____   _____// ______ \   / ________)        
        / /_________  / /      \ \     | |     / /      \ \ | (_______          
       |  __________|| |        | |    | |    | |        | | \________ \        
        \ \_________ | |        | |    | |     \ \______/ /___________) |       
         \__________||_|        |_|    |_|      \________//____________/        
                                                                                
====================================[ Qcore ]===================================

 Git describe: 2.3.0-3-g778a55bfd
 Compiler:     GNU 9.3.0
 Build type:   Release
 Version:      2.3.0-3-g778a55bfd

 Start time:   Sun Nov  7 04:35:19 2021

 Data directory: /mnt/storage/scratch/zw18965/.local/qcore/share/entos/qcore/data
 Number of threads: 28
 Number of threads was determined by: command line argument

 --------------------------------------------------------------------------------
                                   command: dft                                  
 --------------------------------------------------------------------------------
 AO basis set:                           def2-tzvppd
 Number of AO basis functions:         134

 Formula:                                V2
 Nuclear charge:                        46.000000000
 Total charge:                           0.000000000
 Number of electrons:                   46.000000000

 Number of alpha electrons:             24
 Number of beta electrons:              22
 Number of unpaired electrons:           2
 Spin:                                   2
 Multiplicity:                           triplet

 Theory:                                 dft
 Exchange-correlation functional:        pbe
 Method for Coulomb:                     incore_df
 Integral threshold:                     1.00e-12
 DF basis set:                           def2-universal-jkfit
 Number of DF basis functions:         528
 Schwarz screening threshold:            1.00e-10
 Coulomb fitting method:                 Cholesky
 Total number of grid points:        15704
 Method for AO orthogonalization:        symmetric
 Threshold for linear dependence:        1.00e-08
 D3BJ dispersion energy:                -0.002029335

 -------------------------------------
  Running unrestricted open-shell SCF 
 -------------------------------------
 Max number of iterations:             128
 Conv. threshold (gradient):             1.00e-05
 Conv. threshold (energy):               1.00e-06
 Interpolation scheme:                   adiis+cdiis
 Initial guess:                          SAD

 ---------------------------------------------------------------
                  energy        change          grad        time
 ---------------------------------------------------------------
   0     -1887.636698109                    2.83e+00        0.02
   1     -1887.430334119      2.06e-01      2.88e-01        0.02
   2     -1887.425199122      5.13e-03      2.79e-01        0.02
   3     -1887.464674568     -3.95e-02      8.86e-02        0.02
   4     -1887.438592658      2.61e-02      2.21e-01        0.03
   5     -1887.466135042     -2.75e-02      1.06e-01        0.02
   6     -1887.470260215     -4.13e-03      1.48e-02        0.02
   7     -1887.470322961     -6.27e-05      2.36e-03        0.02
   8     -1887.470323618     -6.57e-07      2.10e-03        0.03
   9     -1887.470325563     -1.94e-06      4.75e-04        0.02
  10     -1887.470325669     -1.06e-07      3.98e-05        0.02
  11     -1887.470325670     -1.33e-09      2.53e-06        0.02

 SCF converged in 11 iterations.

 Dipole moment (in Debye):              -0.000006      -0.000006       0.000001

 Quadrupole moment (in Debye-Angstrom):
                  1            2            3
 1       -34.925822    -0.000001    -0.000002
 2        -0.000001   -34.925822    -0.000002
 3        -0.000002    -0.000002   -32.315552

 Spin-squared expectation <S^2>:         2.005
 Total spin quantum number S:            1.002
 TOTAL ENERGY:                       -1887.470325670

 --------------------------------------------------------------------------------

 End time:                               Sun Nov  7 04:35:21 2021
 Total wall-clock time:                  1.381 seconds
==================================================================================
