
================================================================================
          _____________ ________ _______________ ________     _________         
         / ___________// ______ \\_____   _____// ______ \   / ________)        
        / /_________  / /      \ \     | |     / /      \ \ | (_______          
       |  __________|| |        | |    | |    | |        | | \________ \        
        \ \_________ | |        | |    | |     \ \______/ /___________) |       
         \__________||_|        |_|    |_|      \________//____________/        
                                                                                
====================================[ Qcore ]===================================

 Git describe: 2.3.0-3-g778a55bfd
 Compiler:     GNU 9.3.0
 Build type:   Release
 Version:      2.3.0-3-g778a55bfd

 Start time:   Sun Nov  7 04:33:19 2021

 Data directory: /mnt/storage/scratch/zw18965/.local/qcore/share/entos/qcore/data
 Number of threads: 28
 Number of threads was determined by: command line argument

 --------------------------------------------------------------------------------
                                   command: dft                                  
 --------------------------------------------------------------------------------
 AO basis set:                           def2-tzvppd
 Number of AO basis functions:         118

 Formula:                                SV
 Nuclear charge:                        39.000000000
 Total charge:                           0.000000000
 Number of electrons:                   39.000000000

 Number of alpha electrons:             21
 Number of beta electrons:              18
 Number of unpaired electrons:           3
 Spin:                                   3
 Multiplicity:                           quartet

 Theory:                                 dft
 Exchange-correlation functional:        pbe
 Method for Coulomb:                     incore_df
 Integral threshold:                     1.00e-12
 DF basis set:                           def2-universal-jkfit
 Number of DF basis functions:         392
 Schwarz screening threshold:            1.00e-10
 Coulomb fitting method:                 Cholesky
 Total number of grid points:        15202
 Method for AO orthogonalization:        symmetric
 Threshold for linear dependence:        1.00e-08
 D3BJ dispersion energy:                -0.001562625

 -------------------------------------
  Running unrestricted open-shell SCF 
 -------------------------------------
 Max number of iterations:             128
 Conv. threshold (gradient):             1.00e-05
 Conv. threshold (energy):               1.00e-06
 Interpolation scheme:                   adiis+cdiis
 Initial guess:                          SAD

 ---------------------------------------------------------------
                  energy        change          grad        time
 ---------------------------------------------------------------
   0     -1341.770601273                    1.96e+00        0.01
   1     -1341.332635521      4.38e-01      1.11e+00        0.02
   2     -1326.483439910      1.48e+01      6.26e+00        0.02
   3     -1337.604036325     -1.11e+01      3.58e+00        0.02
   4     -1341.540481653     -3.94e+00      9.03e-01        0.02
   5     -1341.753761723     -2.13e-01      3.61e-01        0.02
   6     -1341.772566175     -1.88e-02      2.62e-01        0.02
   7     -1341.797756609     -2.52e-02      3.96e-02        0.02
   8     -1341.796027187      1.73e-03      8.54e-02        0.02
   9     -1341.798512080     -2.48e-03      5.77e-03        0.02
  10     -1341.798527031     -1.50e-05      7.97e-04        0.02
  11     -1341.798527676     -6.46e-07      2.41e-04        0.02
  12     -1341.798527756     -7.94e-08      6.65e-05        0.02
  13     -1341.798527757     -1.38e-09      4.13e-05        0.02
  14     -1341.798527757     -5.01e-10      1.48e-05        0.02
  15     -1341.798527757     -7.21e-11      3.10e-07        0.02

 SCF converged in 15 iterations.

 Dipole moment (in Debye):              -0.000002      -0.000002      -4.613582

 Quadrupole moment (in Debye-Angstrom):
                  1            2            3
 1       -30.249263    -0.000001     0.000003
 2        -0.000001   -30.249263     0.000003
 3         0.000003     0.000003   -25.302838

 Spin-squared expectation <S^2>:         3.886
 Total spin quantum number S:            1.534
 TOTAL ENERGY:                       -1341.798527757

 --------------------------------------------------------------------------------

 End time:                               Sun Nov  7 04:33:21 2021
 Total wall-clock time:                  1.372 seconds
==================================================================================
