
================================================================================
          _____________ ________ _______________ ________     _________         
         / ___________// ______ \\_____   _____// ______ \   / ________)        
        / /_________  / /      \ \     | |     / /      \ \ | (_______          
       |  __________|| |        | |    | |    | |        | | \________ \        
        \ \_________ | |        | |    | |     \ \______/ /___________) |       
         \__________||_|        |_|    |_|      \________//____________/        
                                                                                
====================================[ Qcore ]===================================

 Git describe: 2.3.0-3-g778a55bfd
 Compiler:     GNU 9.3.0
 Build type:   Release
 Version:      2.3.0-3-g778a55bfd

 Start time:   Sun Nov  7 03:38:18 2021

 Data directory: /mnt/storage/scratch/zw18965/.local/qcore/share/entos/qcore/data
 Number of threads: 28
 Number of threads was determined by: command line argument

 --------------------------------------------------------------------------------
                                   command: dft                                  
 --------------------------------------------------------------------------------
 AO basis set:                           def2-tzvppd
 Number of AO basis functions:          84

 Formula:                                HCo
 Nuclear charge:                        28.000000000
 Total charge:                           0.000000000
 Number of electrons:                   28.000000000

 Number of alpha electrons:             15
 Number of beta electrons:              13
 Number of unpaired electrons:           2
 Spin:                                   2
 Multiplicity:                           triplet

 Theory:                                 dft
 Exchange-correlation functional:        0.49 b88 + 0.4 lyp
 Method for Coulomb:                     incore_df
 Method for exact exchange:              pre_transformed_df
 Integral threshold:                     1.00e-12
 DF basis set:                           def2-universal-jkfit
 Number of DF basis functions:         282
 Schwarz screening threshold:            1.00e-10
 Coulomb fitting method:                 Cholesky

 ------------------
  UW12 Correlation 
 ------------------
 Factor for UW12 correlation:            1.000000000
 Opposite spin scale factor:             0.520000000
 Same spin scale factor:                 0.000000000
 Calculate indirect contribution:        false
 Method for three electron term:         df_ri
 Auxiliary RI basis set:                 Def2-TZVPPD-RI
 Number of RI basis functions:         264
 Gaussians in geminal expansion:        10
 UW12 screening threshold:               1.00e-12
 Method for density-fitting:             w(r)
 Number of core spatial orbitals:        9

 Total number of grid points:        13826
 Method for AO orthogonalization:        symmetric
 Threshold for linear dependence:        1.00e-08
 D3BJ dispersion energy:                -0.001039564

 -------------------------------------
  Running unrestricted open-shell SCF 
 -------------------------------------
 Max number of iterations:             128
 Conv. threshold (gradient):             1.00e-05
 Conv. threshold (energy):               1.00e-06
 Interpolation scheme:                   adiis+cdiis
 Initial guess:                          SAD

 ---------------------------------------------------------------
                  energy        change          grad        time
 ---------------------------------------------------------------
   0     -1382.476056946                    1.29e+00        2.73
   1     -1382.672376786     -1.96e-01      2.27e-01        0.15
   2     -1382.687570677     -1.52e-02      2.11e-01        0.14
   3     -1382.688528025     -9.57e-04      2.81e-01        0.13
   4     -1382.701221447     -1.27e-02      9.21e-02        0.12
   5     -1382.703473545     -2.25e-03      9.92e-02        0.12
   6     -1382.705377569     -1.90e-03      5.68e-03        0.12
   7     -1382.705446843     -6.93e-05      1.74e-03        0.12
   8     -1382.705463134     -1.63e-05      6.50e-04        0.12
   9     -1382.705465511     -2.38e-06      8.38e-05        0.12
  10     -1382.705466134     -6.22e-07      1.89e-05        0.12
  11     -1382.705466171     -3.77e-08      6.60e-06        0.12

 SCF converged in 11 iterations.

 Dipole moment (in Debye):              -0.000001      -0.000001      -3.083673

 Quadrupole moment (in Debye-Angstrom):
                  1            2            3
 1       -14.767488    -0.000000     0.000003
 2        -0.000000   -14.767488     0.000003
 3         0.000003     0.000003   -16.792036

 Spin-squared expectation <S^2>:         2.022
 Total spin quantum number S:            1.007
 TOTAL ENERGY:                       -1382.705466208

 --------------------------------------------------------------------------------

 End time:                               Sun Nov  7 03:38:26 2021
 Total wall-clock time:                  8.155 seconds
==================================================================================
