
================================================================================
          _____________ ________ _______________ ________     _________         
         / ___________// ______ \\_____   _____// ______ \   / ________)        
        / /_________  / /      \ \     | |     / /      \ \ | (_______          
       |  __________|| |        | |    | |    | |        | | \________ \        
        \ \_________ | |        | |    | |     \ \______/ /___________) |       
         \__________||_|        |_|    |_|      \________//____________/        
                                                                                
====================================[ Qcore ]===================================

 Git describe: 2.3.0-3-g778a55bfd
 Compiler:     GNU 9.3.0
 Build type:   Release
 Version:      2.3.0-3-g778a55bfd

 Start time:   Sun Nov  7 03:38:17 2021

 Data directory: /mnt/storage/scratch/zw18965/.local/qcore/share/entos/qcore/data
 Number of threads: 28
 Number of threads was determined by: command line argument

 --------------------------------------------------------------------------------
                                   command: dft                                  
 --------------------------------------------------------------------------------
 AO basis set:                           def2-tzvppd
 Number of AO basis functions:         134

 Formula:                                Cu2
 Nuclear charge:                        58.000000000
 Total charge:                           0.000000000
 Number of electrons:                   58.000000000

 Number of alpha electrons:             29
 Number of beta electrons:              29
 Number of unpaired electrons:           0
 Spin:                                   0
 Multiplicity:                           singlet

 Theory:                                 dft
 Exchange-correlation functional:        0.49 b88 + 0.4 lyp
 Method for Coulomb:                     incore_df
 Method for exact exchange:              pre_transformed_df
 Integral threshold:                     1.00e-12
 DF basis set:                           def2-universal-jkfit
 Number of DF basis functions:         528
 Schwarz screening threshold:            1.00e-10
 Coulomb fitting method:                 Cholesky

 ------------------
  UW12 Correlation 
 ------------------
 Factor for UW12 correlation:            1.000000000
 Opposite spin scale factor:             0.520000000
 Same spin scale factor:                 0.000000000
 Calculate indirect contribution:        false
 Method for three electron term:         df_ri
 Auxiliary RI basis set:                 Def2-TZVPPD-RI
 Number of RI basis functions:         450
 Gaussians in geminal expansion:        10
 UW12 screening threshold:               1.00e-12
 Method for density-fitting:             w(r)
 Number of core spatial orbitals:       18

 Total number of grid points:        15872
 Method for AO orthogonalization:        symmetric
 Threshold for linear dependence:        1.00e-08
 D3BJ dispersion energy:                -0.005620464

 -------------------------------------
  Running restricted closed-shell SCF 
 -------------------------------------
 Max number of iterations:             128
 Conv. threshold (gradient):             1.00e-05
 Conv. threshold (energy):               1.00e-06
 Interpolation scheme:                   adiis+cdiis
 Initial guess:                          SAD

 ---------------------------------------------------------------
                  energy        change          grad        time
 ---------------------------------------------------------------
   0     -3279.683974958                    3.16e+00        6.88
   1     -3279.904026873     -2.20e-01      2.01e-01        0.38
   2     -3279.897628905      6.40e-03      2.68e-01        0.39
   3     -3279.907384168     -9.76e-03      8.57e-02        0.36
   4     -3279.907248238      1.36e-04      1.14e-01        0.36
   5     -3279.908878495     -1.63e-03      2.73e-03        0.37
   6     -3279.908873160      5.34e-06      1.45e-03        0.36
   7     -3279.908865899      7.26e-06      3.65e-04        0.36
   8     -3279.908866200     -3.01e-07      1.01e-04        0.36
   9     -3279.908866565     -3.66e-07      2.25e-05        0.36
  10     -3279.908866525      4.03e-08      1.50e-05        0.36
  11     -3279.908866459      6.61e-08      1.36e-06        0.36

 SCF converged in 11 iterations.

 Dipole moment (in Debye):              -0.000002      -0.000002       0.000000

 Quadrupole moment (in Debye-Angstrom):
                  1            2            3
 1       -27.537415     0.000000     0.000001
 2         0.000000   -27.537415     0.000001
 3         0.000001     0.000001   -20.309036

 Spin-squared expectation <S^2>:         0.000
 Total spin quantum number S:            0.000
 TOTAL ENERGY:                       -3279.908866463

 --------------------------------------------------------------------------------

 End time:                               Sun Nov  7 03:38:32 2021
 Total wall-clock time:                 15.217 seconds
==================================================================================
