
================================================================================
          _____________ ________ _______________ ________     _________         
         / ___________// ______ \\_____   _____// ______ \   / ________)        
        / /_________  / /      \ \     | |     / /      \ \ | (_______          
       |  __________|| |        | |    | |    | |        | | \________ \        
        \ \_________ | |        | |    | |     \ \______/ /___________) |       
         \__________||_|        |_|    |_|      \________//____________/        
                                                                                
====================================[ Qcore ]===================================

 Git describe: 2.3.0-3-g778a55bfd
 Compiler:     GNU 9.3.0
 Build type:   Release
 Version:      2.3.0-3-g778a55bfd

 Start time:   Sun Nov  7 03:36:18 2021

 Data directory: /mnt/storage/scratch/zw18965/.local/qcore/share/entos/qcore/data
 Number of threads: 28
 Number of threads was determined by: command line argument

 --------------------------------------------------------------------------------
                                   command: dft                                  
 --------------------------------------------------------------------------------
 AO basis set:                           def2-tzvppd
 Number of AO basis functions:         123
 ECP on atom 2 (Ag):                     28 electrons

 Formula:                                CuAg
 Nuclear charge:                        76.000000000
 Total charge:                           0.000000000
 Number of core electrons:              28
 Number of treated electrons:           48

 Number of alpha electrons:             24
 Number of beta electrons:              24
 Number of unpaired electrons:           0
 Spin:                                   0
 Multiplicity:                           singlet

 Theory:                                 dft
 Exchange-correlation functional:        0.49 b88 + 0.4 lyp
 Method for Coulomb:                     incore_df
 Method for exact exchange:              pre_transformed_df
 Integral threshold:                     1.00e-12
 DF basis set:                           def2-universal-jkfit
 Number of DF basis functions:         519
 Schwarz screening threshold:            1.00e-10
 Coulomb fitting method:                 Cholesky

 ------------------
  UW12 Correlation 
 ------------------
 Factor for UW12 correlation:            1.000000000
 Opposite spin scale factor:             0.520000000
 Same spin scale factor:                 0.000000000
 Calculate indirect contribution:        false
 Method for three electron term:         df_ri
 Auxiliary RI basis set:                 Def2-TZVPPD-RI
 Number of RI basis functions:         401
 Gaussians in geminal expansion:        10
 UW12 screening threshold:               1.00e-12
 Method for density-fitting:             w(r)
 Number of core spatial orbitals:       13

 Total number of grid points:        16434
 Method for AO orthogonalization:        symmetric
 Threshold for linear dependence:        1.00e-08
 D3BJ dispersion energy:                -0.006773804

 -------------------------------------
  Running restricted closed-shell SCF 
 -------------------------------------
 Max number of iterations:             128
 Conv. threshold (gradient):             1.00e-05
 Conv. threshold (energy):               1.00e-06
 Interpolation scheme:                   adiis+cdiis
 Initial guess:                          SAD

 ---------------------------------------------------------------
                  energy        change          grad        time
 ---------------------------------------------------------------
   0     -1786.555320753                    3.42e+00        5.87
   1     -1786.688806364     -1.33e-01      2.24e-01        0.33
   2     -1786.680306667      8.50e-03      3.68e-01        0.32
   3     -1786.693329038     -1.30e-02      9.93e-02        0.31
   4     -1786.691465026      1.86e-03      1.93e-01        0.32
   5     -1786.694324277     -2.86e-03      5.15e-03        0.31
   6     -1786.694303761      2.05e-05      1.67e-03        0.31
   7     -1786.694305091     -1.33e-06      7.82e-04        0.31
   8     -1786.694301250      3.84e-06      3.47e-04        0.31
   9     -1786.694301413     -1.63e-07      1.40e-04        0.32
  10     -1786.694301553     -1.39e-07      1.95e-05        0.31
  11     -1786.694301531      2.19e-08      5.24e-06        0.31

 SCF converged in 11 iterations.

 Dipole moment (in Debye):              -0.000001      -0.000001      -0.144463

 Quadrupole moment (in Debye-Angstrom):
                  1            2            3
 1       -33.839795     0.000001     0.000004
 2         0.000001   -33.839795     0.000004
 3         0.000004     0.000004   -26.418941

 Spin-squared expectation <S^2>:         0.000
 Total spin quantum number S:            0.000
 TOTAL ENERGY:                       -1786.694301518

 --------------------------------------------------------------------------------

 End time:                               Sun Nov  7 03:36:34 2021
 Total wall-clock time:                 15.964 seconds
==================================================================================
