
================================================================================
          _____________ ________ _______________ ________     _________         
         / ___________// ______ \\_____   _____// ______ \   / ________)        
        / /_________  / /      \ \     | |     / /      \ \ | (_______          
       |  __________|| |        | |    | |    | |        | | \________ \        
        \ \_________ | |        | |    | |     \ \______/ /___________) |       
         \__________||_|        |_|    |_|      \________//____________/        
                                                                                
====================================[ Qcore ]===================================

 Git describe: 2.3.0-3-g778a55bfd
 Compiler:     GNU 9.3.0
 Build type:   Release
 Version:      2.3.0-3-g778a55bfd

 Start time:   Sun Nov  7 03:37:18 2021

 Data directory: /mnt/storage/scratch/zw18965/.local/qcore/share/entos/qcore/data
 Number of threads: 28
 Number of threads was determined by: command line argument

 --------------------------------------------------------------------------------
                                   command: dft                                  
 --------------------------------------------------------------------------------
 AO basis set:                           def2-tzvppd
 Number of AO basis functions:         141

 Formula:                                H2OCu+
 Nuclear charge:                        39.000000000
 Total charge:                           1.000000000
 Number of electrons:                   38.000000000

 Number of alpha electrons:             19
 Number of beta electrons:              19
 Number of unpaired electrons:           0
 Spin:                                   0
 Multiplicity:                           singlet

 Theory:                                 dft
 Exchange-correlation functional:        0.49 b88 + 0.4 lyp
 Method for Coulomb:                     incore_df
 Method for exact exchange:              pre_transformed_df
 Integral threshold:                     1.00e-12
 DF basis set:                           def2-universal-jkfit
 Number of DF basis functions:         377
 Schwarz screening threshold:            1.00e-10
 Coulomb fitting method:                 Cholesky

 ------------------
  UW12 Correlation 
 ------------------
 Factor for UW12 correlation:            1.000000000
 Opposite spin scale factor:             0.520000000
 Same spin scale factor:                 0.000000000
 Calculate indirect contribution:        false
 Method for three electron term:         df_ri
 Auxiliary RI basis set:                 Def2-TZVPPD-RI
 Number of RI basis functions:         395
 Gaussians in geminal expansion:        10
 UW12 screening threshold:               1.00e-12
 Method for density-fitting:             w(r)
 Number of core spatial orbitals:       10

 Total number of grid points:        26660
 Method for AO orthogonalization:        symmetric
 Threshold for linear dependence:        1.00e-08
 D3BJ dispersion energy:                -0.003130552

 -------------------------------------
  Running restricted closed-shell SCF 
 -------------------------------------
 Max number of iterations:             128
 Conv. threshold (gradient):             1.00e-05
 Conv. threshold (energy):               1.00e-06
 Interpolation scheme:                   adiis+cdiis
 Initial guess:                          SAD

 ---------------------------------------------------------------
                  energy        change          grad        time
 ---------------------------------------------------------------
   0     -1716.353032559                    7.62e+00        8.46
   1     -1716.010148711      3.43e-01      1.53e+00        0.25
   2     -1715.980375924      2.98e-02      1.78e+00        0.24
   3     -1716.071092397     -9.07e-02      1.08e-01        0.22
   4     -1716.071042133      5.03e-05      1.28e-01        0.22
   5     -1716.071369861     -3.28e-04      1.91e-02        0.21
   6     -1716.071455288     -8.54e-05      2.46e-02        0.21
   7     -1716.071420650      3.46e-05      2.51e-03        0.21
   8     -1716.071418522      2.13e-06      5.72e-04        0.21
   9     -1716.071417119      1.40e-06      1.21e-04        0.21
  10     -1716.071416690      4.29e-07      1.63e-05        0.21
  11     -1716.071416719     -2.96e-08      4.86e-06        0.21

 SCF converged in 11 iterations.

 Dipole moment (in Debye):              -0.000002      -0.000002       1.211957

 Quadrupole moment (in Debye-Angstrom):
                  1            2            3
 1       -12.621072     0.000001     0.000001
 2         0.000001   -16.802783     0.000001
 3         0.000001     0.000001    -5.294980

 Spin-squared expectation <S^2>:         0.000
 Total spin quantum number S:            0.000
 TOTAL ENERGY:                       -1716.071416714

 --------------------------------------------------------------------------------

 End time:                               Sun Nov  7 03:37:33 2021
 Total wall-clock time:                 15.628 seconds
==================================================================================
