
================================================================================
          _____________ ________ _______________ ________     _________         
         / ___________// ______ \\_____   _____// ______ \   / ________)        
        / /_________  / /      \ \     | |     / /      \ \ | (_______          
       |  __________|| |        | |    | |    | |        | | \________ \        
        \ \_________ | |        | |    | |     \ \______/ /___________) |       
         \__________||_|        |_|    |_|      \________//____________/        
                                                                                
====================================[ Qcore ]===================================

 Git describe: 2.3.0-3-g778a55bfd
 Compiler:     GNU 9.3.0
 Build type:   Release
 Version:      2.3.0-3-g778a55bfd

 Start time:   Sun Nov  7 03:37:17 2021

 Data directory: /mnt/storage/scratch/zw18965/.local/qcore/share/entos/qcore/data
 Number of threads: 28
 Number of threads was determined by: command line argument

 --------------------------------------------------------------------------------
                                   command: dft                                  
 --------------------------------------------------------------------------------
 AO basis set:                           def2-tzvppd
 Number of AO basis functions:          84

 Formula:                                HFe
 Nuclear charge:                        27.000000000
 Total charge:                           0.000000000
 Number of electrons:                   27.000000000

 Number of alpha electrons:             15
 Number of beta electrons:              12
 Number of unpaired electrons:           3
 Spin:                                   3
 Multiplicity:                           quartet

 Theory:                                 dft
 Exchange-correlation functional:        0.49 b88 + 0.4 lyp
 Method for Coulomb:                     incore_df
 Method for exact exchange:              pre_transformed_df
 Integral threshold:                     1.00e-12
 DF basis set:                           def2-universal-jkfit
 Number of DF basis functions:         282
 Schwarz screening threshold:            1.00e-10
 Coulomb fitting method:                 Cholesky

 ------------------
  UW12 Correlation 
 ------------------
 Factor for UW12 correlation:            1.000000000
 Opposite spin scale factor:             0.520000000
 Same spin scale factor:                 0.000000000
 Calculate indirect contribution:        false
 Method for three electron term:         df_ri
 Auxiliary RI basis set:                 Def2-TZVPPD-RI
 Number of RI basis functions:         264
 Gaussians in geminal expansion:        10
 UW12 screening threshold:               1.00e-12
 Method for density-fitting:             w(r)
 Number of core spatial orbitals:        9

 Total number of grid points:        13826
 Method for AO orthogonalization:        symmetric
 Threshold for linear dependence:        1.00e-08
 D3BJ dispersion energy:                -0.001040911

 -------------------------------------
  Running unrestricted open-shell SCF 
 -------------------------------------
 Max number of iterations:             128
 Conv. threshold (gradient):             1.00e-05
 Conv. threshold (energy):               1.00e-06
 Interpolation scheme:                   adiis+cdiis
 Initial guess:                          SAD

 ---------------------------------------------------------------
                  energy        change          grad        time
 ---------------------------------------------------------------
   0     -1263.328698283                    1.09e+00        2.64
   1     -1263.451537612     -1.23e-01      6.85e-01        0.13
   2     -1261.038247569      2.41e+00      2.58e+00        0.12
   3     -1263.460599883     -2.42e+00      7.52e-01        0.11
   4     -1263.603594834     -1.43e-01      7.93e-02        0.11
   5     -1263.601412765      2.18e-03      1.56e-01        0.11
   6     -1263.606626974     -5.21e-03      9.80e-03        0.11
   7     -1263.606822833     -1.96e-04      5.24e-03        0.11
   8     -1263.606889569     -6.67e-05      1.91e-03        0.11
   9     -1263.606898445     -8.88e-06      5.93e-04        0.11
  10     -1263.606901784     -3.34e-06      1.23e-04        0.11
  11     -1263.606902862     -1.08e-06      3.57e-05        0.11
  12     -1263.606902966     -1.04e-07      1.76e-05        0.11
  13     -1263.606903042     -7.64e-08      6.55e-06        0.11

 SCF converged in 13 iterations.

 Dipole moment (in Debye):              -0.000010      -0.000010      -3.150633

 Quadrupole moment (in Debye-Angstrom):
                  1            2            3
 1       -15.271468     0.000000     0.000029
 2         0.000000   -15.271468     0.000029
 3         0.000029     0.000029   -18.279239

 Spin-squared expectation <S^2>:         3.786
 Total spin quantum number S:            1.509
 TOTAL ENERGY:                       -1263.606903111

 --------------------------------------------------------------------------------

 End time:                               Sun Nov  7 03:37:25 2021
 Total wall-clock time:                  7.977 seconds
==================================================================================
