
================================================================================
          _____________ ________ _______________ ________     _________         
         / ___________// ______ \\_____   _____// ______ \   / ________)        
        / /_________  / /      \ \     | |     / /      \ \ | (_______          
       |  __________|| |        | |    | |    | |        | | \________ \        
        \ \_________ | |        | |    | |     \ \______/ /___________) |       
         \__________||_|        |_|    |_|      \________//____________/        
                                                                                
====================================[ Qcore ]===================================

 Git describe: 2.3.0-3-g778a55bfd
 Compiler:     GNU 9.3.0
 Build type:   Release
 Version:      2.3.0-3-g778a55bfd

 Start time:   Sun Nov  7 03:36:18 2021

 Data directory: /mnt/storage/scratch/zw18965/.local/qcore/share/entos/qcore/data
 Number of threads: 28
 Number of threads was determined by: command line argument

 --------------------------------------------------------------------------------
                                   command: dft                                  
 --------------------------------------------------------------------------------
 AO basis set:                           def2-tzvppd
 Number of AO basis functions:          67

 Formula:                                V+
 Nuclear charge:                        23.000000000
 Total charge:                           1.000000000
 Number of electrons:                   22.000000000

 Number of alpha electrons:             13
 Number of beta electrons:               9
 Number of unpaired electrons:           4
 Spin:                                   4
 Multiplicity:                           quintet

 Theory:                                 dft
 Exchange-correlation functional:        0.49 b88 + 0.4 lyp
 Method for Coulomb:                     incore_df
 Method for exact exchange:              pre_transformed_df
 Integral threshold:                     1.00e-12
 DF basis set:                           def2-universal-jkfit
 Number of DF basis functions:         264
 Schwarz screening threshold:            1.00e-10
 Coulomb fitting method:                 Cholesky

 ------------------
  UW12 Correlation 
 ------------------
 Factor for UW12 correlation:            1.000000000
 Opposite spin scale factor:             0.520000000
 Same spin scale factor:                 0.000000000
 Calculate indirect contribution:        false
 Method for three electron term:         df_ri
 Auxiliary RI basis set:                 Def2-TZVPPD-RI
 Number of RI basis functions:         225
 Gaussians in geminal expansion:        10
 UW12 screening threshold:               1.00e-12
 Method for density-fitting:             w(r)
 Number of core spatial orbitals:        9

 Total number of grid points:         7852
 Method for AO orthogonalization:        symmetric
 Threshold for linear dependence:        1.00e-08
 D3BJ dispersion energy:                 0.000000000

 -------------------------------------
  Running unrestricted open-shell SCF 
 -------------------------------------
 Max number of iterations:             128
 Conv. threshold (gradient):             1.00e-05
 Conv. threshold (energy):               1.00e-06
 Interpolation scheme:                   adiis+cdiis
 Initial guess:                          SAD

 ---------------------------------------------------------------
                  energy        change          grad        time
 ---------------------------------------------------------------
   0      -943.004243144                    2.06e-02        1.65
   1      -942.891244057      1.13e-01      4.04e-01        0.07
   2      -942.879294603      1.19e-02      5.26e-01        0.07
   3      -943.061961750     -1.83e-01      7.75e-02        0.06
   4      -943.056178068      5.78e-03      6.30e-02        0.06
   5      -943.062340780     -6.16e-03      6.17e-03        0.06
   6      -943.062393691     -5.29e-05      2.83e-03        0.06
   7      -943.062291338      1.02e-04      6.32e-04        0.06
   8      -943.062264081      2.73e-05      4.94e-04        0.07
   9      -943.062261477      2.60e-06      4.10e-04        0.06
  10      -943.062266188     -4.71e-06      1.38e-04        0.06
  11      -943.062268696     -2.51e-06      8.78e-05        0.06
  12      -943.062268367      3.29e-07      5.12e-05        0.06
  13      -943.062268487     -1.20e-07      2.02e-05        0.07
  14      -943.062268681     -1.94e-07      1.77e-05        0.06
  15      -943.062268631      5.01e-08      1.83e-05        0.06
  16      -943.062268615      1.55e-08      1.80e-05        0.07
  17      -943.062268629     -1.37e-08      1.80e-05        0.06
  18      -943.062268616      1.34e-08      1.78e-05        0.06
  19      -943.062268536      7.98e-08      1.41e-05        0.06
  20      -943.062268514      2.15e-08      5.51e-06        0.06

 SCF converged in 20 iterations.

 Dipole moment (in Debye):              -0.000000      -0.000000      -0.000000

 Quadrupole moment (in Debye-Angstrom):
                  1            2            3
 1        -9.546524    -0.004072     0.068323
 2        -0.004072    -9.546323     0.067675
 3         0.068323     0.067675   -10.678300

 Spin-squared expectation <S^2>:         6.006
 Total spin quantum number S:            2.001
 TOTAL ENERGY:                        -943.062268616

 --------------------------------------------------------------------------------

 End time:                               Sun Nov  7 03:36:25 2021
 Total wall-clock time:                  7.062 seconds
==================================================================================
