
================================================================================
          _____________ ________ _______________ ________     _________         
         / ___________// ______ \\_____   _____// ______ \   / ________)        
        / /_________  / /      \ \     | |     / /      \ \ | (_______          
       |  __________|| |        | |    | |    | |        | | \________ \        
        \ \_________ | |        | |    | |     \ \______/ /___________) |       
         \__________||_|        |_|    |_|      \________//____________/        
                                                                                
====================================[ Qcore ]===================================

 Git describe: 2.3.0-3-g778a55bfd
 Compiler:     GNU 9.3.0
 Build type:   Release
 Version:      2.3.0-3-g778a55bfd

 Start time:   Sun Nov  7 03:38:18 2021

 Data directory: /mnt/storage/scratch/zw18965/.local/qcore/share/entos/qcore/data
 Number of threads: 28
 Number of threads was determined by: command line argument

 --------------------------------------------------------------------------------
                                   command: dft                                  
 --------------------------------------------------------------------------------
 AO basis set:                           def2-tzvppd
 Number of AO basis functions:         144

 Formula:                                COV+
 Nuclear charge:                        37.000000000
 Total charge:                           1.000000000
 Number of electrons:                   36.000000000

 Number of alpha electrons:             20
 Number of beta electrons:              16
 Number of unpaired electrons:           4
 Spin:                                   4
 Multiplicity:                           quintet

 Theory:                                 dft
 Exchange-correlation functional:        0.49 b88 + 0.4 lyp
 Method for Coulomb:                     incore_df
 Method for exact exchange:              pre_transformed_df
 Integral threshold:                     1.00e-12
 DF basis set:                           def2-universal-jkfit
 Number of DF basis functions:         416
 Schwarz screening threshold:            1.00e-10
 Coulomb fitting method:                 Cholesky

 ------------------
  UW12 Correlation 
 ------------------
 Factor for UW12 correlation:            1.000000000
 Opposite spin scale factor:             0.520000000
 Same spin scale factor:                 0.000000000
 Calculate indirect contribution:        false
 Method for three electron term:         df_ri
 Auxiliary RI basis set:                 Def2-TZVPPD-RI
 Number of RI basis functions:         409
 Gaussians in geminal expansion:        10
 UW12 screening threshold:               1.00e-12
 Method for density-fitting:             w(r)
 Number of core spatial orbitals:       11

 Total number of grid points:        21596
 Method for AO orthogonalization:        symmetric
 Threshold for linear dependence:        1.00e-08
 D3BJ dispersion energy:                -0.005292887

 -------------------------------------
  Running unrestricted open-shell SCF 
 -------------------------------------
 Max number of iterations:             128
 Conv. threshold (gradient):             1.00e-05
 Conv. threshold (energy):               1.00e-06
 Interpolation scheme:                   adiis+cdiis
 Initial guess:                          SAD

 ---------------------------------------------------------------
                  energy        change          grad        time
 ---------------------------------------------------------------
   0     -1056.662366970                    3.62e+00        9.40
   1     -1055.050076914      1.61e+00      1.26e+00        0.55
   2     -1020.381556229      3.47e+01      6.31e+00        0.53
   3     -1043.963471832     -2.36e+01      8.77e+00        0.53
   4     -1056.079615480     -1.21e+01      1.29e+00        0.52
   5     -1056.177764859     -9.81e-02      6.95e-01        0.51
   6     -1056.296176816     -1.18e-01      2.63e-01        0.52
   7     -1056.280457204      1.57e-02      4.24e-01        0.51
   8     -1056.319240266     -3.88e-02      6.52e-02        0.51
   9     -1056.318646258      5.94e-04      8.09e-02        0.51
  10     -1056.320602870     -1.96e-03      9.82e-03        0.50
  11     -1056.320666930     -6.41e-05      1.13e-03        0.51
  12     -1056.320666238      6.92e-07      5.95e-04        0.50
  13     -1056.320665292      9.46e-07      3.59e-04        0.50
  14     -1056.320664417      8.75e-07      2.01e-04        0.49
  15     -1056.320662625      1.79e-06      7.29e-05        0.50
  16     -1056.320661677      9.48e-07      1.22e-05        0.50
  17     -1056.320661570      1.08e-07      4.84e-06        0.50

 SCF converged in 17 iterations.

 Dipole moment (in Debye):              -0.000001      -0.000001      -4.152917

 Quadrupole moment (in Debye-Angstrom):
                  1            2            3
 1       -21.564769    -0.000002     0.000001
 2        -0.000002   -21.564771     0.000001
 3         0.000001     0.000001   -12.404698

 Spin-squared expectation <S^2>:         6.003
 Total spin quantum number S:            2.001
 TOTAL ENERGY:                       -1056.320661554

 --------------------------------------------------------------------------------

 End time:                               Sun Nov  7 03:38:41 2021
 Total wall-clock time:                 23.781 seconds
==================================================================================
