
================================================================================
          _____________ ________ _______________ ________     _________         
         / ___________// ______ \\_____   _____// ______ \   / ________)        
        / /_________  / /      \ \     | |     / /      \ \ | (_______          
       |  __________|| |        | |    | |    | |        | | \________ \        
        \ \_________ | |        | |    | |     \ \______/ /___________) |       
         \__________||_|        |_|    |_|      \________//____________/        
                                                                                
====================================[ Qcore ]===================================

 Git describe: 2.3.0-3-g778a55bfd
 Compiler:     GNU 9.3.0
 Build type:   Release
 Version:      2.3.0-3-g778a55bfd

 Start time:   Sun Nov  7 03:38:18 2021

 Data directory: /mnt/storage/scratch/zw18965/.local/qcore/share/entos/qcore/data
 Number of threads: 28
 Number of threads was determined by: command line argument

 --------------------------------------------------------------------------------
                                   command: dft                                  
 --------------------------------------------------------------------------------
 AO basis set:                           def2-tzvppd
 Number of AO basis functions:          56
 ECP on atom 1 (Zr):                     28 electrons

 Formula:                                Zr
 Nuclear charge:                        40.000000000
 Total charge:                           0.000000000
 Number of core electrons:              28
 Number of treated electrons:           12

 Number of alpha electrons:              7
 Number of beta electrons:               5
 Number of unpaired electrons:           2
 Spin:                                   2
 Multiplicity:                           triplet

 Theory:                                 dft
 Exchange-correlation functional:        0.49 b88 + 0.4 lyp
 Method for Coulomb:                     incore_df
 Method for exact exchange:              pre_transformed_df
 Integral threshold:                     1.00e-12
 DF basis set:                           def2-universal-jkfit
 Number of DF basis functions:         255
 Schwarz screening threshold:            1.00e-10
 Coulomb fitting method:                 Cholesky

 ------------------
  UW12 Correlation 
 ------------------
 Factor for UW12 correlation:            1.000000000
 Opposite spin scale factor:             0.520000000
 Same spin scale factor:                 0.000000000
 Calculate indirect contribution:        false
 Method for three electron term:         df_ri
 Auxiliary RI basis set:                 Def2-TZVPPD-RI
 Number of RI basis functions:         176
 Gaussians in geminal expansion:        10
 UW12 screening threshold:               1.00e-12
 Method for density-fitting:             w(r)
 Number of core spatial orbitals:        4

 Total number of grid points:         8186
 Method for AO orthogonalization:        symmetric
 Threshold for linear dependence:        1.00e-08
 D3BJ dispersion energy:                 0.000000000

 -------------------------------------
  Running unrestricted open-shell SCF 
 -------------------------------------
 Max number of iterations:             128
 Conv. threshold (gradient):             1.00e-05
 Conv. threshold (energy):               1.00e-06
 Interpolation scheme:                   adiis+cdiis
 Initial guess:                          SAD

 ---------------------------------------------------------------
                  energy        change          grad        time
 ---------------------------------------------------------------
   0       -46.480469101                    1.70e-03        0.79
   1       -46.621266898     -1.41e-01      8.90e-02        0.04
   2       -46.628793285     -7.53e-03      2.18e-02        0.05
   3       -46.629638580     -8.45e-04      8.11e-03        0.05
   4       -46.629856646     -2.18e-04      6.09e-03        0.04
   5       -46.630007698     -1.51e-04      3.61e-03        0.05
   6       -46.630169380     -1.62e-04      1.44e-03        0.04
   7       -46.630204552     -3.52e-05      4.88e-04        0.04
   8       -46.630206660     -2.11e-06      2.23e-04        0.04
   9       -46.630207381     -7.21e-07      1.34e-04        0.04
  10       -46.630207452     -7.14e-08      1.37e-04        0.04
  11       -46.630206918      5.34e-07      4.97e-05        0.04
  12       -46.630206915      3.02e-09      1.79e-05        0.04
  13       -46.630206911      3.59e-09      1.05e-05        0.04
  14       -46.630206912     -2.88e-10      8.65e-06        0.04

 SCF converged in 14 iterations.

 Dipole moment (in Debye):              -0.000006      -0.000001      -0.000006

 Quadrupole moment (in Debye-Angstrom):
                  1            2            3
 1       -27.474652    -0.000045     0.000002
 2        -0.000045   -27.976114    -0.000045
 3         0.000002    -0.000045   -27.474652

 Spin-squared expectation <S^2>:         2.061
 Total spin quantum number S:            1.020
 TOTAL ENERGY:                         -46.630206913

 --------------------------------------------------------------------------------

 End time:                               Sun Nov  7 03:38:21 2021
 Total wall-clock time:                  3.377 seconds
==================================================================================
