
================================================================================
          _____________ ________ _______________ ________     _________         
         / ___________// ______ \\_____   _____// ______ \   / ________)        
        / /_________  / /      \ \     | |     / /      \ \ | (_______          
       |  __________|| |        | |    | |    | |        | | \________ \        
        \ \_________ | |        | |    | |     \ \______/ /___________) |       
         \__________||_|        |_|    |_|      \________//____________/        
                                                                                
====================================[ Qcore ]===================================

 Git describe: 2.3.0-3-g778a55bfd
 Compiler:     GNU 9.3.0
 Build type:   Release
 Version:      2.3.0-3-g778a55bfd

 Start time:   Sun Nov  7 03:39:18 2021

 Data directory: /mnt/storage/scratch/zw18965/.local/qcore/share/entos/qcore/data
 Number of threads: 28
 Number of threads was determined by: command line argument

 --------------------------------------------------------------------------------
                                   command: dft                                  
 --------------------------------------------------------------------------------
 AO basis set:                           def2-tzvppd
 Number of AO basis functions:         112
 ECP on atom 1 (Zr):                     28 electrons
 ECP on atom 2 (Zr):                     28 electrons

 Formula:                                Zr2
 Nuclear charge:                        80.000000000
 Total charge:                           0.000000000
 Number of core electrons:              56
 Number of treated electrons:           24

 Number of alpha electrons:             13
 Number of beta electrons:              11
 Number of unpaired electrons:           2
 Spin:                                   2
 Multiplicity:                           triplet

 Theory:                                 dft
 Exchange-correlation functional:        0.49 b88 + 0.4 lyp
 Method for Coulomb:                     incore_df
 Method for exact exchange:              pre_transformed_df
 Integral threshold:                     1.00e-12
 DF basis set:                           def2-universal-jkfit
 Number of DF basis functions:         510
 Schwarz screening threshold:            1.00e-10
 Coulomb fitting method:                 Cholesky

 ------------------
  UW12 Correlation 
 ------------------
 Factor for UW12 correlation:            1.000000000
 Opposite spin scale factor:             0.520000000
 Same spin scale factor:                 0.000000000
 Calculate indirect contribution:        false
 Method for three electron term:         df_ri
 Auxiliary RI basis set:                 Def2-TZVPPD-RI
 Number of RI basis functions:         352
 Gaussians in geminal expansion:        10
 UW12 screening threshold:               1.00e-12
 Method for density-fitting:             w(r)
 Number of core spatial orbitals:        8

 Total number of grid points:        16372
 Method for AO orthogonalization:        symmetric
 Threshold for linear dependence:        1.00e-08
 D3BJ dispersion energy:                -0.029561740

 -------------------------------------
  Running unrestricted open-shell SCF 
 -------------------------------------
 Max number of iterations:             128
 Conv. threshold (gradient):             1.00e-05
 Conv. threshold (energy):               1.00e-06
 Interpolation scheme:                   adiis+cdiis
 Initial guess:                          SAD

 ---------------------------------------------------------------
                  energy        change          grad        time
 ---------------------------------------------------------------
   0       -93.486784226                    3.08e+00        3.78
   1       -93.206276113      2.81e-01      4.87e-01        0.39
   2       -93.182189656      2.41e-02      5.62e-01        0.38
   3       -93.367554505     -1.85e-01      1.55e-02        0.37
   4       -93.367854776     -3.00e-04      7.31e-03        0.35
   5       -93.368006380     -1.52e-04      3.41e-03        0.36
   6       -93.368039873     -3.35e-05      1.68e-03        0.34
   7       -93.368056675     -1.68e-05      6.75e-04        0.35
   8       -93.368058620     -1.94e-06      2.70e-04        0.35
   9       -93.368058773     -1.53e-07      3.59e-04        0.35
  10       -93.368059161     -3.88e-07      5.28e-05        0.35
  11       -93.368059280     -1.20e-07      1.33e-05        0.35
  12       -93.368059254      2.65e-08      5.77e-06        0.35

 SCF converged in 12 iterations.

 Dipole moment (in Debye):              -0.000039      -0.000039      -0.000000

 Quadrupole moment (in Debye-Angstrom):
                  1            2            3
 1       -49.938457     0.000001    -0.000000
 2         0.000001   -49.938457    -0.000000
 3        -0.000000    -0.000000   -40.058850

 Spin-squared expectation <S^2>:         2.006
 Total spin quantum number S:            1.002
 TOTAL ENERGY:                         -93.368059243

 --------------------------------------------------------------------------------

 End time:                               Sun Nov  7 03:39:28 2021
 Total wall-clock time:                 10.605 seconds
==================================================================================
