
================================================================================
          _____________ ________ _______________ ________     _________         
         / ___________// ______ \\_____   _____// ______ \   / ________)        
        / /_________  / /      \ \     | |     / /      \ \ | (_______          
       |  __________|| |        | |    | |    | |        | | \________ \        
        \ \_________ | |        | |    | |     \ \______/ /___________) |       
         \__________||_|        |_|    |_|      \________//____________/        
                                                                                
====================================[ Qcore ]===================================

 Git describe: 2.3.0-3-g778a55bfd
 Compiler:     GNU 9.3.0
 Build type:   Release
 Version:      2.3.0-3-g778a55bfd

 Start time:   Sun Nov  7 03:40:18 2021

 Data directory: /mnt/storage/scratch/zw18965/.local/qcore/share/entos/qcore/data
 Number of threads: 28
 Number of threads was determined by: command line argument

 --------------------------------------------------------------------------------
                                   command: dft                                  
 --------------------------------------------------------------------------------
 AO basis set:                           def2-tzvppd
 Number of AO basis functions:          73
 ECP on atom 1 (Ag):                     28 electrons

 Formula:                                HAg
 Nuclear charge:                        48.000000000
 Total charge:                           0.000000000
 Number of core electrons:              28
 Number of treated electrons:           20

 Number of alpha electrons:             10
 Number of beta electrons:              10
 Number of unpaired electrons:           0
 Spin:                                   0
 Multiplicity:                           singlet

 Theory:                                 dft
 Exchange-correlation functional:        camb3lyp

 Using range separated hybrid functional
 Range separation parameter:             0.330000000
 Short range exact exchange:             0.190000000
 Total long range exact exchange:        0.650000000

 Method for Coulomb:                     incore_df
 Method for exact exchange:              pre_transformed_df
 Integral threshold:                     1.00e-12
 DF basis set:                           def2-universal-jkfit
 Number of DF basis functions:         273
 Schwarz screening threshold:            1.00e-10
 Coulomb fitting method:                 Cholesky
 Total number of grid points:        14388
 Method for AO orthogonalization:        symmetric
 Threshold for linear dependence:        1.00e-08
 D3BJ dispersion energy:                -0.000321274

 -------------------------------------
  Running restricted closed-shell SCF 
 -------------------------------------
 Max number of iterations:             128
 Conv. threshold (gradient):             1.00e-05
 Conv. threshold (energy):               1.00e-06
 Interpolation scheme:                   adiis+cdiis
 Initial guess:                          SAD

 ---------------------------------------------------------------
                  energy        change          grad        time
 ---------------------------------------------------------------
   0      -147.461957227                    2.17e+00        0.01
   1      -147.510363301     -4.84e-02      2.70e-01        0.01
   2      -147.511967844     -1.60e-03      3.37e-01        0.01
   3      -147.524744033     -1.28e-02      4.67e-02        0.01
   4      -147.524678451      6.56e-05      6.06e-02        0.01
   5      -147.525042225     -3.64e-04      4.56e-03        0.01
   6      -147.525049325     -7.10e-06      1.29e-03        0.01
   7      -147.525049836     -5.11e-07      3.65e-04        0.01
   8      -147.525049871     -3.52e-08      8.32e-05        0.01
   9      -147.525049874     -3.58e-09      1.00e-05        0.01
  10      -147.525049875     -6.21e-11      1.66e-06        0.01

 SCF converged in 10 iterations.

 Dipole moment (in Debye):               0.000001       0.000001      -3.022708

 Quadrupole moment (in Debye-Angstrom):
                  1            2            3
 1       -21.063891    -0.000000     0.000000
 2        -0.000000   -21.063891     0.000000
 3         0.000000     0.000000   -21.641817

 Spin-squared expectation <S^2>:         0.000
 Total spin quantum number S:            0.000
 TOTAL ENERGY:                        -147.525049875

 --------------------------------------------------------------------------------

 End time:                               Sun Nov  7 03:40:18 2021
 Total wall-clock time:                  0.957 seconds
==================================================================================
