
================================================================================
          _____________ ________ _______________ ________     _________         
         / ___________// ______ \\_____   _____// ______ \   / ________)        
        / /_________  / /      \ \     | |     / /      \ \ | (_______          
       |  __________|| |        | |    | |    | |        | | \________ \        
        \ \_________ | |        | |    | |     \ \______/ /___________) |       
         \__________||_|        |_|    |_|      \________//____________/        
                                                                                
====================================[ Qcore ]===================================

 Git describe: 2.3.0-3-g778a55bfd
 Compiler:     GNU 9.3.0
 Build type:   Release
 Version:      2.3.0-3-g778a55bfd

 Start time:   Sun Nov  7 03:42:18 2021

 Data directory: /mnt/storage/scratch/zw18965/.local/qcore/share/entos/qcore/data
 Number of threads: 28
 Number of threads was determined by: command line argument

 --------------------------------------------------------------------------------
                                   command: dft                                  
 --------------------------------------------------------------------------------
 AO basis set:                           def2-tzvppd
 Number of AO basis functions:          67

 Formula:                                Co
 Nuclear charge:                        27.000000000
 Total charge:                           0.000000000
 Number of electrons:                   27.000000000

 Number of alpha electrons:             15
 Number of beta electrons:              12
 Number of unpaired electrons:           3
 Spin:                                   3
 Multiplicity:                           quartet

 Theory:                                 dft
 Exchange-correlation functional:        camb3lyp

 Using range separated hybrid functional
 Range separation parameter:             0.330000000
 Short range exact exchange:             0.190000000
 Total long range exact exchange:        0.650000000

 Method for Coulomb:                     incore_df
 Method for exact exchange:              pre_transformed_df
 Integral threshold:                     1.00e-12
 DF basis set:                           def2-universal-jkfit
 Number of DF basis functions:         264
 Schwarz screening threshold:            1.00e-10
 Coulomb fitting method:                 Cholesky
 Total number of grid points:         7936
 Method for AO orthogonalization:        symmetric
 Threshold for linear dependence:        1.00e-08
 D3BJ dispersion energy:                 0.000000000

 -------------------------------------
  Running unrestricted open-shell SCF 
 -------------------------------------
 Max number of iterations:             128
 Conv. threshold (gradient):             1.00e-05
 Conv. threshold (energy):               1.00e-06
 Interpolation scheme:                   adiis+cdiis
 Initial guess:                          SAD

 ---------------------------------------------------------------
                  energy        change          grad        time
 ---------------------------------------------------------------
   0     -1382.356282452                    1.53e-02        0.01
   1     -1382.693219126     -3.37e-01      4.14e-01        0.01
   2     -1381.628085549      1.07e+00      1.35e+00        0.01
   3     -1382.731854852     -1.10e+00      3.56e-01        0.01
   4     -1382.790329014     -5.85e-02      8.80e-02        0.01
   5     -1382.785124248      5.20e-03      1.33e-01        0.01
   6     -1382.794550414     -9.43e-03      1.45e-02        0.01
   7     -1382.795108075     -5.58e-04      1.36e-02        0.01
   8     -1382.795775439     -6.67e-04      1.41e-02        0.01
   9     -1382.794914859      8.61e-04      1.25e-02        0.01
  10     -1382.794315730      5.99e-04      1.03e-02        0.01
  11     -1382.793799425      5.16e-04      3.96e-03        0.01
  12     -1382.793810298     -1.09e-05      2.06e-03        0.01
  13     -1382.793811104     -8.06e-07      8.96e-04        0.01
  14     -1382.793811015      8.93e-08      6.77e-04        0.01
  15     -1382.793811189     -1.74e-07      2.21e-04        0.01
  16     -1382.793811373     -1.84e-07      2.11e-04        0.01
  17     -1382.793811362      1.09e-08      2.12e-04        0.01
  18     -1382.793811273      8.95e-08      2.09e-04        0.01
  19     -1382.793811117      1.56e-07      1.89e-04        0.01
  20     -1382.793810869      2.48e-07      6.22e-05        0.01
  21     -1382.793810859      9.98e-09      1.05e-05        0.01
  22     -1382.793810859      2.41e-11      8.02e-06        0.01

 SCF converged in 22 iterations.

 Dipole moment (in Debye):              -0.000000      -0.000000      -0.000000

 Quadrupole moment (in Debye-Angstrom):
                  1            2            3
 1       -15.174374     0.000064     0.000947
 2         0.000064   -15.174355     0.003344
 3         0.000947     0.003344   -14.580762

 Spin-squared expectation <S^2>:         3.752
 Total spin quantum number S:            1.501
 TOTAL ENERGY:                       -1382.793810859

 --------------------------------------------------------------------------------

 End time:                               Sun Nov  7 03:42:19 2021
 Total wall-clock time:                  0.978 seconds
==================================================================================
