
================================================================================
          _____________ ________ _______________ ________     _________         
         / ___________// ______ \\_____   _____// ______ \   / ________)        
        / /_________  / /      \ \     | |     / /      \ \ | (_______          
       |  __________|| |        | |    | |    | |        | | \________ \        
        \ \_________ | |        | |    | |     \ \______/ /___________) |       
         \__________||_|        |_|    |_|      \________//____________/        
                                                                                
====================================[ Qcore ]===================================

 Git describe: 2.3.0-3-g778a55bfd
 Compiler:     GNU 9.3.0
 Build type:   Release
 Version:      2.3.0-3-g778a55bfd

 Start time:   Sun Nov  7 03:41:18 2021

 Data directory: /mnt/storage/scratch/zw18965/.local/qcore/share/entos/qcore/data
 Number of threads: 28
 Number of threads was determined by: command line argument

 --------------------------------------------------------------------------------
                                   command: dft                                  
 --------------------------------------------------------------------------------
 AO basis set:                           def2-tzvppd
 Number of AO basis functions:          84

 Formula:                                HCo
 Nuclear charge:                        28.000000000
 Total charge:                           0.000000000
 Number of electrons:                   28.000000000

 Number of alpha electrons:             15
 Number of beta electrons:              13
 Number of unpaired electrons:           2
 Spin:                                   2
 Multiplicity:                           triplet

 Theory:                                 dft
 Exchange-correlation functional:        camb3lyp

 Using range separated hybrid functional
 Range separation parameter:             0.330000000
 Short range exact exchange:             0.190000000
 Total long range exact exchange:        0.650000000

 Method for Coulomb:                     incore_df
 Method for exact exchange:              pre_transformed_df
 Integral threshold:                     1.00e-12
 DF basis set:                           def2-universal-jkfit
 Number of DF basis functions:         282
 Schwarz screening threshold:            1.00e-10
 Coulomb fitting method:                 Cholesky
 Total number of grid points:        13826
 Method for AO orthogonalization:        symmetric
 Threshold for linear dependence:        1.00e-08
 D3BJ dispersion energy:                -0.000315159

 -------------------------------------
  Running unrestricted open-shell SCF 
 -------------------------------------
 Max number of iterations:             128
 Conv. threshold (gradient):             1.00e-05
 Conv. threshold (energy):               1.00e-06
 Interpolation scheme:                   adiis+cdiis
 Initial guess:                          SAD

 ---------------------------------------------------------------
                  energy        change          grad        time
 ---------------------------------------------------------------
   0     -1382.965267920                    1.31e+00        0.01
   1     -1383.194510475     -2.29e-01      8.78e-01        0.01
   2     -1370.153886044      1.30e+01      5.46e+00        0.02
   3     -1382.683914727     -1.25e+01      1.64e+00        0.01
   4     -1383.367549129     -6.84e-01      3.45e-01        0.01
   5     -1383.360677210      6.87e-03      3.34e-01        0.01
   6     -1383.396846013     -3.62e-02      3.42e-02        0.01
   7     -1383.397632383     -7.86e-04      2.01e-02        0.01
   8     -1383.398113297     -4.81e-04      4.11e-03        0.01
   9     -1383.398134072     -2.08e-05      2.35e-03        0.02
  10     -1383.398137102     -3.03e-06      7.90e-04        0.01
  11     -1383.398138402     -1.30e-06      2.54e-04        0.01
  12     -1383.398138528     -1.26e-07      4.73e-05        0.01
  13     -1383.398138532     -3.65e-09      1.95e-05        0.01
  14     -1383.398138532     -2.71e-10      3.11e-06        0.02

 SCF converged in 14 iterations.

 Dipole moment (in Debye):              -0.000001      -0.000001      -3.113744

 Quadrupole moment (in Debye-Angstrom):
                  1            2            3
 1       -14.942803    -0.000000     0.000001
 2        -0.000000   -14.942803     0.000001
 3         0.000001     0.000001   -16.959878

 Spin-squared expectation <S^2>:         2.022
 Total spin quantum number S:            1.007
 TOTAL ENERGY:                       -1383.398138532

 --------------------------------------------------------------------------------

 End time:                               Sun Nov  7 03:41:19 2021
 Total wall-clock time:                  1.196 seconds
==================================================================================
