
================================================================================
          _____________ ________ _______________ ________     _________         
         / ___________// ______ \\_____   _____// ______ \   / ________)        
        / /_________  / /      \ \     | |     / /      \ \ | (_______          
       |  __________|| |        | |    | |    | |        | | \________ \        
        \ \_________ | |        | |    | |     \ \______/ /___________) |       
         \__________||_|        |_|    |_|      \________//____________/        
                                                                                
====================================[ Qcore ]===================================

 Git describe: 2.3.0-3-g778a55bfd
 Compiler:     GNU 9.3.0
 Build type:   Release
 Version:      2.3.0-3-g778a55bfd

 Start time:   Sun Nov  7 03:41:18 2021

 Data directory: /mnt/storage/scratch/zw18965/.local/qcore/share/entos/qcore/data
 Number of threads: 28
 Number of threads was determined by: command line argument

 --------------------------------------------------------------------------------
                                   command: dft                                  
 --------------------------------------------------------------------------------
 AO basis set:                           def2-tzvppd
 Number of AO basis functions:         155

 Formula:                                CH3Cr+
 Nuclear charge:                        33.000000000
 Total charge:                           1.000000000
 Number of electrons:                   32.000000000

 Number of alpha electrons:             18
 Number of beta electrons:              14
 Number of unpaired electrons:           4
 Spin:                                   4
 Multiplicity:                           quintet

 Theory:                                 dft
 Exchange-correlation functional:        camb3lyp

 Using range separated hybrid functional
 Range separation parameter:             0.330000000
 Short range exact exchange:             0.190000000
 Total long range exact exchange:        0.650000000

 Method for Coulomb:                     incore_df
 Method for exact exchange:              pre_transformed_df
 Integral threshold:                     1.00e-12
 DF basis set:                           def2-universal-jkfit
 Number of DF basis functions:         393
 Schwarz screening threshold:            1.00e-10
 Coulomb fitting method:                 Cholesky
 Total number of grid points:        32298
 Method for AO orthogonalization:        symmetric
 Threshold for linear dependence:        1.00e-08
 D3BJ dispersion energy:                -0.002048331

 -------------------------------------
  Running unrestricted open-shell SCF 
 -------------------------------------
 Max number of iterations:             128
 Conv. threshold (gradient):             1.00e-05
 Conv. threshold (energy):               1.00e-06
 Interpolation scheme:                   adiis+cdiis
 Initial guess:                          SAD

 ---------------------------------------------------------------
                  energy        change          grad        time
 ---------------------------------------------------------------
   0     -1084.012282126                    4.67e+00        0.05
   1     -1083.321303500      6.91e-01      2.82e+00        0.06
   2     -1070.624852296      1.27e+01      9.64e+00        0.05
   3     -1082.724845106     -1.21e+01      4.51e+00        0.05
   4     -1084.060131384     -1.34e+00      5.66e-01        0.05
   5     -1084.014585964      4.55e-02      1.04e+00        0.05
   6     -1084.101935792     -8.73e-02      1.35e-01        0.05
   7     -1084.101987320     -5.15e-05      1.74e-01        0.05
   8     -1084.104564454     -2.58e-03      7.38e-02        0.05
   9     -1084.104658189     -9.37e-05      7.85e-02        0.05
  10     -1084.105311564     -6.53e-04      5.63e-03        0.06
  11     -1084.105320647     -9.08e-06      1.19e-03        0.05
  12     -1084.105321435     -7.89e-07      9.32e-04        0.05
  13     -1084.105322048     -6.13e-07      6.44e-04        0.05
  14     -1084.105322508     -4.60e-07      5.02e-04        0.05
  15     -1084.105322855     -3.47e-07      3.07e-04        0.05
  16     -1084.105322971     -1.16e-07      1.89e-04        0.05
  17     -1084.105323013     -4.27e-08      1.10e-04        0.05
  18     -1084.105323032     -1.89e-08      5.70e-05        0.05
  19     -1084.105323035     -2.58e-09      2.81e-05        0.05
  20     -1084.105323035     -5.25e-10      1.75e-05        0.05
  21     -1084.105323036     -2.39e-10      1.36e-05        0.05
  22     -1084.105323036     -2.09e-10      7.94e-06        0.05

 SCF converged in 22 iterations.

 Dipole moment (in Debye):              -1.457123      -2.523836      -1.030361

 Quadrupole moment (in Debye-Angstrom):
                  1            2            3
 1       -16.278122     1.157466     0.472514
 2         1.157466   -14.941547     0.818495
 3         0.472514     0.818495   -16.612176

 Spin-squared expectation <S^2>:         6.114
 Total spin quantum number S:            2.023
 TOTAL ENERGY:                       -1084.105323036

 --------------------------------------------------------------------------------

 End time:                               Sun Nov  7 03:41:21 2021
 Total wall-clock time:                  3.302 seconds
==================================================================================
