
================================================================================
          _____________ ________ _______________ ________     _________         
         / ___________// ______ \\_____   _____// ______ \   / ________)        
        / /_________  / /      \ \     | |     / /      \ \ | (_______          
       |  __________|| |        | |    | |    | |        | | \________ \        
        \ \_________ | |        | |    | |     \ \______/ /___________) |       
         \__________||_|        |_|    |_|      \________//____________/        
                                                                                
====================================[ Qcore ]===================================

 Git describe: 2.3.0-3-g778a55bfd
 Compiler:     GNU 9.3.0
 Build type:   Release
 Version:      2.3.0-3-g778a55bfd

 Start time:   Sun Nov  7 03:41:17 2021

 Data directory: /mnt/storage/scratch/zw18965/.local/qcore/share/entos/qcore/data
 Number of threads: 28
 Number of threads was determined by: command line argument

 --------------------------------------------------------------------------------
                                   command: dft                                  
 --------------------------------------------------------------------------------
 AO basis set:                           def2-tzvppd
 Number of AO basis functions:         134

 Formula:                                Cu2
 Nuclear charge:                        58.000000000
 Total charge:                           0.000000000
 Number of electrons:                   58.000000000

 Number of alpha electrons:             29
 Number of beta electrons:              29
 Number of unpaired electrons:           0
 Spin:                                   0
 Multiplicity:                           singlet

 Theory:                                 dft
 Exchange-correlation functional:        camb3lyp

 Using range separated hybrid functional
 Range separation parameter:             0.330000000
 Short range exact exchange:             0.190000000
 Total long range exact exchange:        0.650000000

 Method for Coulomb:                     incore_df
 Method for exact exchange:              pre_transformed_df
 Integral threshold:                     1.00e-12
 DF basis set:                           def2-universal-jkfit
 Number of DF basis functions:         528
 Schwarz screening threshold:            1.00e-10
 Coulomb fitting method:                 Cholesky
 Total number of grid points:        15872
 Method for AO orthogonalization:        symmetric
 Threshold for linear dependence:        1.00e-08
 D3BJ dispersion energy:                -0.001183869

 -------------------------------------
  Running restricted closed-shell SCF 
 -------------------------------------
 Max number of iterations:             128
 Conv. threshold (gradient):             1.00e-05
 Conv. threshold (energy):               1.00e-06
 Interpolation scheme:                   adiis+cdiis
 Initial guess:                          SAD

 ---------------------------------------------------------------
                  energy        change          grad        time
 ---------------------------------------------------------------
   0     -3281.302554235                    3.21e+00        0.03
   1     -3281.245989395      5.66e-02      1.41e-01        0.02
   2     -3281.246796852     -8.07e-04      1.55e-01        0.02
   3     -3281.248178610     -1.38e-03      9.43e-02        0.02
   4     -3281.249646597     -1.47e-03      5.67e-02        0.02
   5     -3281.250167497     -5.21e-04      3.38e-03        0.02
   6     -3281.250175835     -8.34e-06      1.31e-03        0.02
   7     -3281.250177333     -1.50e-06      5.35e-04        0.02
   8     -3281.250177469     -1.36e-07      1.25e-04        0.02
   9     -3281.250177478     -8.59e-09      1.89e-05        0.02
  10     -3281.250177478     -1.80e-10      2.20e-05        0.02
  11     -3281.250177478     -8.55e-11      1.63e-06        0.02

 SCF converged in 11 iterations.

 Dipole moment (in Debye):              -0.000004      -0.000004      -0.000003

 Quadrupole moment (in Debye-Angstrom):
                  1            2            3
 1       -27.905913     0.000001     0.000001
 2         0.000001   -27.905913     0.000001
 3         0.000001     0.000001   -20.231154

 Spin-squared expectation <S^2>:         0.000
 Total spin quantum number S:            0.000
 TOTAL ENERGY:                       -3281.250177478

 --------------------------------------------------------------------------------

 End time:                               Sun Nov  7 03:41:19 2021
 Total wall-clock time:                  1.622 seconds
==================================================================================
