
================================================================================
          _____________ ________ _______________ ________     _________         
         / ___________// ______ \\_____   _____// ______ \   / ________)        
        / /_________  / /      \ \     | |     / /      \ \ | (_______          
       |  __________|| |        | |    | |    | |        | | \________ \        
        \ \_________ | |        | |    | |     \ \______/ /___________) |       
         \__________||_|        |_|    |_|      \________//____________/        
                                                                                
====================================[ Qcore ]===================================

 Git describe: 2.3.0-3-g778a55bfd
 Compiler:     GNU 9.3.0
 Build type:   Release
 Version:      2.3.0-3-g778a55bfd

 Start time:   Sun Nov  7 03:39:18 2021

 Data directory: /mnt/storage/scratch/zw18965/.local/qcore/share/entos/qcore/data
 Number of threads: 28
 Number of threads was determined by: command line argument

 --------------------------------------------------------------------------------
                                   command: dft                                  
 --------------------------------------------------------------------------------
 AO basis set:                           def2-tzvppd
 Number of AO basis functions:         123
 ECP on atom 2 (Ag):                     28 electrons

 Formula:                                CuAg
 Nuclear charge:                        76.000000000
 Total charge:                           0.000000000
 Number of core electrons:              28
 Number of treated electrons:           48

 Number of alpha electrons:             24
 Number of beta electrons:              24
 Number of unpaired electrons:           0
 Spin:                                   0
 Multiplicity:                           singlet

 Theory:                                 dft
 Exchange-correlation functional:        camb3lyp

 Using range separated hybrid functional
 Range separation parameter:             0.330000000
 Short range exact exchange:             0.190000000
 Total long range exact exchange:        0.650000000

 Method for Coulomb:                     incore_df
 Method for exact exchange:              pre_transformed_df
 Integral threshold:                     1.00e-12
 DF basis set:                           def2-universal-jkfit
 Number of DF basis functions:         519
 Schwarz screening threshold:            1.00e-10
 Coulomb fitting method:                 Cholesky
 Total number of grid points:        16434
 Method for AO orthogonalization:        symmetric
 Threshold for linear dependence:        1.00e-08
 D3BJ dispersion energy:                -0.001411552

 -------------------------------------
  Running restricted closed-shell SCF 
 -------------------------------------
 Max number of iterations:             128
 Conv. threshold (gradient):             1.00e-05
 Conv. threshold (energy):               1.00e-06
 Interpolation scheme:                   adiis+cdiis
 Initial guess:                          SAD

 ---------------------------------------------------------------
                  energy        change          grad        time
 ---------------------------------------------------------------
   0     -1787.665879978                    3.47e+00        0.03
   1     -1787.583022238      8.29e-02      1.25e-01        0.02
   2     -1787.584392581     -1.37e-03      1.25e-01        0.02
   3     -1787.587246196     -2.85e-03      5.16e-02        0.02
   4     -1787.586254186      9.92e-04      1.14e-01        0.02
   5     -1787.587623128     -1.37e-03      6.25e-03        0.02
   6     -1787.587631719     -8.59e-06      2.08e-03        0.02
   7     -1787.587634024     -2.31e-06      1.02e-03        0.02
   8     -1787.587634460     -4.37e-07      4.83e-04        0.02
   9     -1787.587634597     -1.37e-07      1.21e-04        0.02
  10     -1787.587634604     -6.86e-09      3.51e-05        0.02
  11     -1787.587634605     -4.28e-10      8.07e-06        0.02

 SCF converged in 11 iterations.

 Dipole moment (in Debye):              -0.000002      -0.000002      -0.002308

 Quadrupole moment (in Debye-Angstrom):
                  1            2            3
 1       -34.263376     0.000001     0.000006
 2         0.000001   -34.263376     0.000006
 3         0.000006     0.000006   -26.392756

 Spin-squared expectation <S^2>:         0.000
 Total spin quantum number S:            0.000
 TOTAL ENERGY:                       -1787.587634605

 --------------------------------------------------------------------------------

 End time:                               Sun Nov  7 03:39:19 2021
 Total wall-clock time:                  1.961 seconds
==================================================================================
