
================================================================================
          _____________ ________ _______________ ________     _________         
         / ___________// ______ \\_____   _____// ______ \   / ________)        
        / /_________  / /      \ \     | |     / /      \ \ | (_______          
       |  __________|| |        | |    | |    | |        | | \________ \        
        \ \_________ | |        | |    | |     \ \______/ /___________) |       
         \__________||_|        |_|    |_|      \________//____________/        
                                                                                
====================================[ Qcore ]===================================

 Git describe: 2.3.0-3-g778a55bfd
 Compiler:     GNU 9.3.0
 Build type:   Release
 Version:      2.3.0-3-g778a55bfd

 Start time:   Sun Nov  7 03:40:18 2021

 Data directory: /mnt/storage/scratch/zw18965/.local/qcore/share/entos/qcore/data
 Number of threads: 28
 Number of threads was determined by: command line argument

 --------------------------------------------------------------------------------
                                   command: dft                                  
 --------------------------------------------------------------------------------
 AO basis set:                           def2-tzvppd
 Number of AO basis functions:         141

 Formula:                                H2OCu+
 Nuclear charge:                        39.000000000
 Total charge:                           1.000000000
 Number of electrons:                   38.000000000

 Number of alpha electrons:             19
 Number of beta electrons:              19
 Number of unpaired electrons:           0
 Spin:                                   0
 Multiplicity:                           singlet

 Theory:                                 dft
 Exchange-correlation functional:        camb3lyp

 Using range separated hybrid functional
 Range separation parameter:             0.330000000
 Short range exact exchange:             0.190000000
 Total long range exact exchange:        0.650000000

 Method for Coulomb:                     incore_df
 Method for exact exchange:              pre_transformed_df
 Integral threshold:                     1.00e-12
 DF basis set:                           def2-universal-jkfit
 Number of DF basis functions:         377
 Schwarz screening threshold:            1.00e-10
 Coulomb fitting method:                 Cholesky
 Total number of grid points:        26660
 Method for AO orthogonalization:        symmetric
 Threshold for linear dependence:        1.00e-08
 D3BJ dispersion energy:                -0.001098115

 -------------------------------------
  Running restricted closed-shell SCF 
 -------------------------------------
 Max number of iterations:             128
 Conv. threshold (gradient):             1.00e-05
 Conv. threshold (energy):               1.00e-06
 Interpolation scheme:                   adiis+cdiis
 Initial guess:                          SAD

 ---------------------------------------------------------------
                  energy        change          grad        time
 ---------------------------------------------------------------
   0     -1717.169931107                    7.58e+00        0.03
   1     -1716.760166044      4.10e-01      1.31e+00        0.03
   2     -1716.733647628      2.65e-02      1.55e+00        0.02
   3     -1716.806011622     -7.24e-02      1.39e-01        0.02
   4     -1716.801935771      4.08e-03      2.91e-01        0.02
   5     -1716.807443649     -5.51e-03      6.61e-02        0.02
   6     -1716.807360932      8.27e-05      6.27e-02        0.02
   7     -1716.807726454     -3.66e-04      3.93e-03        0.03
   8     -1716.807731020     -4.57e-06      1.02e-03        0.02
   9     -1716.807731442     -4.22e-07      1.88e-04        0.02
  10     -1716.807731451     -8.43e-09      2.47e-05        0.02
  11     -1716.807731451     -2.48e-10      5.49e-06        0.03

 SCF converged in 11 iterations.

 Dipole moment (in Debye):              -0.000003      -0.000003       1.257165

 Quadrupole moment (in Debye-Angstrom):
                  1            2            3
 1       -12.875055     0.000001     0.000002
 2         0.000001   -17.050391     0.000001
 3         0.000002     0.000001    -5.323195

 Spin-squared expectation <S^2>:         0.000
 Total spin quantum number S:            0.000
 TOTAL ENERGY:                       -1716.807731451

 --------------------------------------------------------------------------------

 End time:                               Sun Nov  7 03:40:20 2021
 Total wall-clock time:                  2.123 seconds
==================================================================================
