
================================================================================
          _____________ ________ _______________ ________     _________         
         / ___________// ______ \\_____   _____// ______ \   / ________)        
        / /_________  / /      \ \     | |     / /      \ \ | (_______          
       |  __________|| |        | |    | |    | |        | | \________ \        
        \ \_________ | |        | |    | |     \ \______/ /___________) |       
         \__________||_|        |_|    |_|      \________//____________/        
                                                                                
====================================[ Qcore ]===================================

 Git describe: 2.3.0-3-g778a55bfd
 Compiler:     GNU 9.3.0
 Build type:   Release
 Version:      2.3.0-3-g778a55bfd

 Start time:   Sun Nov  7 03:40:17 2021

 Data directory: /mnt/storage/scratch/zw18965/.local/qcore/share/entos/qcore/data
 Number of threads: 28
 Number of threads was determined by: command line argument

 --------------------------------------------------------------------------------
                                   command: dft                                  
 --------------------------------------------------------------------------------
 AO basis set:                           def2-tzvppd
 Number of AO basis functions:          84

 Formula:                                HFe
 Nuclear charge:                        27.000000000
 Total charge:                           0.000000000
 Number of electrons:                   27.000000000

 Number of alpha electrons:             15
 Number of beta electrons:              12
 Number of unpaired electrons:           3
 Spin:                                   3
 Multiplicity:                           quartet

 Theory:                                 dft
 Exchange-correlation functional:        camb3lyp

 Using range separated hybrid functional
 Range separation parameter:             0.330000000
 Short range exact exchange:             0.190000000
 Total long range exact exchange:        0.650000000

 Method for Coulomb:                     incore_df
 Method for exact exchange:              pre_transformed_df
 Integral threshold:                     1.00e-12
 DF basis set:                           def2-universal-jkfit
 Number of DF basis functions:         282
 Schwarz screening threshold:            1.00e-10
 Coulomb fitting method:                 Cholesky
 Total number of grid points:        13826
 Method for AO orthogonalization:        symmetric
 Threshold for linear dependence:        1.00e-08
 D3BJ dispersion energy:                -0.000313415

 -------------------------------------
  Running unrestricted open-shell SCF 
 -------------------------------------
 Max number of iterations:             128
 Conv. threshold (gradient):             1.00e-05
 Conv. threshold (energy):               1.00e-06
 Interpolation scheme:                   adiis+cdiis
 Initial guess:                          SAD

 ---------------------------------------------------------------
                  energy        change          grad        time
 ---------------------------------------------------------------
   0     -1263.795902433                    1.11e+00        0.01
   1     -1264.197704215     -4.02e-01      5.41e-01        0.01
   2     -1263.033555228      1.16e+00      2.09e+00        0.01
   3     -1264.211485559     -1.18e+00      6.00e-01        0.01
   4     -1264.297911199     -8.64e-02      9.76e-02        0.01
   5     -1264.289577139      8.33e-03      2.28e-01        0.01
   6     -1264.302263424     -1.27e-02      1.07e-02        0.01
   7     -1264.302415563     -1.52e-04      4.77e-03        0.01
   8     -1264.302447455     -3.19e-05      1.95e-03        0.01
   9     -1264.302453844     -6.39e-06      7.33e-04        0.01
  10     -1264.302455077     -1.23e-06      1.92e-04        0.01
  11     -1264.302455121     -4.42e-08      2.99e-05        0.01
  12     -1264.302455123     -1.64e-09      7.37e-06        0.01

 SCF converged in 12 iterations.

 Dipole moment (in Debye):              -0.000024      -0.000024      -3.153603

 Quadrupole moment (in Debye-Angstrom):
                  1            2            3
 1       -15.424011     0.000000     0.000066
 2         0.000000   -15.424011     0.000066
 3         0.000066     0.000066   -18.417481

 Spin-squared expectation <S^2>:         3.787
 Total spin quantum number S:            1.509
 TOTAL ENERGY:                       -1264.302455123

 --------------------------------------------------------------------------------

 End time:                               Sun Nov  7 03:40:18 2021
 Total wall-clock time:                  1.082 seconds
==================================================================================
