
================================================================================
          _____________ ________ _______________ ________     _________         
         / ___________// ______ \\_____   _____// ______ \   / ________)        
        / /_________  / /      \ \     | |     / /      \ \ | (_______          
       |  __________|| |        | |    | |    | |        | | \________ \        
        \ \_________ | |        | |    | |     \ \______/ /___________) |       
         \__________||_|        |_|    |_|      \________//____________/        
                                                                                
====================================[ Qcore ]===================================

 Git describe: 2.3.0-3-g778a55bfd
 Compiler:     GNU 9.3.0
 Build type:   Release
 Version:      2.3.0-3-g778a55bfd

 Start time:   Sun Nov  7 03:41:18 2021

 Data directory: /mnt/storage/scratch/zw18965/.local/qcore/share/entos/qcore/data
 Number of threads: 28
 Number of threads was determined by: command line argument

 --------------------------------------------------------------------------------
                                   command: dft                                  
 --------------------------------------------------------------------------------
 AO basis set:                           def2-tzvppd
 Number of AO basis functions:          74

 Formula:                                H2O
 Nuclear charge:                        10.000000000
 Total charge:                           0.000000000
 Number of electrons:                   10.000000000

 Number of alpha electrons:              5
 Number of beta electrons:               5
 Number of unpaired electrons:           0
 Spin:                                   0
 Multiplicity:                           singlet

 Theory:                                 dft
 Exchange-correlation functional:        camb3lyp

 Using range separated hybrid functional
 Range separation parameter:             0.330000000
 Short range exact exchange:             0.190000000
 Total long range exact exchange:        0.650000000

 Method for Coulomb:                     incore_df
 Method for exact exchange:              pre_transformed_df
 Integral threshold:                     1.00e-12
 DF basis set:                           def2-universal-jkfit
 Number of DF basis functions:         113
 Schwarz screening threshold:            1.00e-10
 Coulomb fitting method:                 Cholesky
 Total number of grid points:        18724
 Method for AO orthogonalization:        symmetric
 Threshold for linear dependence:        1.00e-08
 D3BJ dispersion energy:                -0.000212333

 -------------------------------------
  Running restricted closed-shell SCF 
 -------------------------------------
 Max number of iterations:             128
 Conv. threshold (gradient):             1.00e-05
 Conv. threshold (energy):               1.00e-06
 Interpolation scheme:                   adiis+cdiis
 Initial guess:                          SAD

 ---------------------------------------------------------------
                  energy        change          grad        time
 ---------------------------------------------------------------
   0       -76.362027830                    5.99e+00        0.01
   1       -76.366425661     -4.40e-03      1.35e+00        0.01
   2       -76.314378759      5.20e-02      1.66e+00        0.01
   3       -76.440417924     -1.26e-01      1.80e-01        0.01
   4       -76.439804230      6.14e-04      2.07e-01        0.01
   5       -76.441543565     -1.74e-03      2.00e-02        0.01
   6       -76.441537353      6.21e-06      2.19e-02        0.01
   7       -76.441556870     -1.95e-05      4.49e-05        0.01
   8       -76.441556870     -3.08e-10      3.55e-06        0.01

 SCF converged in 8 iterations.

 Dipole moment (in Debye):               1.499315      -0.000000       1.160529

 Quadrupole moment (in Debye-Angstrom):
                  1            2            3
 1        -5.732687    -0.000000    -0.964245
 2        -0.000000    -7.820227    -0.000000
 3        -0.964245    -0.000000    -5.233334

 Spin-squared expectation <S^2>:         0.000
 Total spin quantum number S:            0.000
 TOTAL ENERGY:                         -76.441556870

 --------------------------------------------------------------------------------

 End time:                               Sun Nov  7 03:41:18 2021
 Total wall-clock time:                  0.399 seconds
==================================================================================
