
================================================================================
          _____________ ________ _______________ ________     _________         
         / ___________// ______ \\_____   _____// ______ \   / ________)        
        / /_________  / /      \ \     | |     / /      \ \ | (_______          
       |  __________|| |        | |    | |    | |        | | \________ \        
        \ \_________ | |        | |    | |     \ \______/ /___________) |       
         \__________||_|        |_|    |_|      \________//____________/        
                                                                                
====================================[ Qcore ]===================================

 Git describe: 2.3.0-3-g778a55bfd
 Compiler:     GNU 9.3.0
 Build type:   Release
 Version:      2.3.0-3-g778a55bfd

 Start time:   Sun Nov  7 03:39:18 2021

 Data directory: /mnt/storage/scratch/zw18965/.local/qcore/share/entos/qcore/data
 Number of threads: 28
 Number of threads was determined by: command line argument

 --------------------------------------------------------------------------------
                                   command: dft                                  
 --------------------------------------------------------------------------------
 AO basis set:                           def2-tzvppd
 Number of AO basis functions:          73

 Formula:                                LiCl
 Nuclear charge:                        20.000000000
 Total charge:                           0.000000000
 Number of electrons:                   20.000000000

 Number of alpha electrons:             10
 Number of beta electrons:              10
 Number of unpaired electrons:           0
 Spin:                                   0
 Multiplicity:                           singlet

 Theory:                                 dft
 Exchange-correlation functional:        camb3lyp

 Using range separated hybrid functional
 Range separation parameter:             0.330000000
 Short range exact exchange:             0.190000000
 Total long range exact exchange:        0.650000000

 Method for Coulomb:                     incore_df
 Method for exact exchange:              pre_transformed_df
 Integral threshold:                     1.00e-12
 DF basis set:                           def2-universal-jkfit
 Number of DF basis functions:         179
 Schwarz screening threshold:            1.00e-10
 Coulomb fitting method:                 Cholesky
 Total number of grid points:        14066
 Method for AO orthogonalization:        symmetric
 Threshold for linear dependence:        1.00e-08
 D3BJ dispersion energy:                -0.000677908

 -------------------------------------
  Running restricted closed-shell SCF 
 -------------------------------------
 Max number of iterations:             128
 Conv. threshold (gradient):             1.00e-05
 Conv. threshold (energy):               1.00e-06
 Interpolation scheme:                   adiis+cdiis
 Initial guess:                          SAD

 ---------------------------------------------------------------
                  energy        change          grad        time
 ---------------------------------------------------------------
   0      -467.670310879                    2.03e+00        0.01
   1      -467.778421520     -1.08e-01      3.63e-01        0.01
   2      -467.791052366     -1.26e-02      3.52e-01        0.01
   3      -467.813556628     -2.25e-02      8.56e-02        0.01
   4      -467.813809117     -2.52e-04      6.89e-02        0.01
   5      -467.814397544     -5.88e-04      1.36e-03        0.01
   6      -467.814398201     -6.58e-07      6.53e-04        0.01
   7      -467.814398312     -1.10e-07      8.70e-05        0.01
   8      -467.814398315     -3.23e-09      5.99e-06        0.01

 SCF converged in 8 iterations.

 Dipole moment (in Debye):              -0.000000      -0.000000      -7.025489

 Quadrupole moment (in Debye-Angstrom):
                  1            2            3
 1       -16.701849    -0.000000    -0.000000
 2        -0.000000   -16.701849    -0.000000
 3        -0.000000    -0.000000    -2.590293

 Spin-squared expectation <S^2>:         0.000
 Total spin quantum number S:            0.000
 TOTAL ENERGY:                        -467.814398315

 --------------------------------------------------------------------------------

 End time:                               Sun Nov  7 03:39:18 2021
 Total wall-clock time:                  0.447 seconds
==================================================================================
