
================================================================================
          _____________ ________ _______________ ________     _________         
         / ___________// ______ \\_____   _____// ______ \   / ________)        
        / /_________  / /      \ \     | |     / /      \ \ | (_______          
       |  __________|| |        | |    | |    | |        | | \________ \        
        \ \_________ | |        | |    | |     \ \______/ /___________) |       
         \__________||_|        |_|    |_|      \________//____________/        
                                                                                
====================================[ Qcore ]===================================

 Git describe: 2.3.0-3-g778a55bfd
 Compiler:     GNU 9.3.0
 Build type:   Release
 Version:      2.3.0-3-g778a55bfd

 Start time:   Sun Nov  7 03:39:18 2021

 Data directory: /mnt/storage/scratch/zw18965/.local/qcore/share/entos/qcore/data
 Number of threads: 28
 Number of threads was determined by: command line argument

 --------------------------------------------------------------------------------
                                   command: dft                                  
 --------------------------------------------------------------------------------
 AO basis set:                           def2-tzvppd
 Number of AO basis functions:          67

 Formula:                                V+
 Nuclear charge:                        23.000000000
 Total charge:                           1.000000000
 Number of electrons:                   22.000000000

 Number of alpha electrons:             13
 Number of beta electrons:               9
 Number of unpaired electrons:           4
 Spin:                                   4
 Multiplicity:                           quintet

 Theory:                                 dft
 Exchange-correlation functional:        camb3lyp

 Using range separated hybrid functional
 Range separation parameter:             0.330000000
 Short range exact exchange:             0.190000000
 Total long range exact exchange:        0.650000000

 Method for Coulomb:                     incore_df
 Method for exact exchange:              pre_transformed_df
 Integral threshold:                     1.00e-12
 DF basis set:                           def2-universal-jkfit
 Number of DF basis functions:         264
 Schwarz screening threshold:            1.00e-10
 Coulomb fitting method:                 Cholesky
 Total number of grid points:         7852
 Method for AO orthogonalization:        symmetric
 Threshold for linear dependence:        1.00e-08
 D3BJ dispersion energy:                 0.000000000

 -------------------------------------
  Running unrestricted open-shell SCF 
 -------------------------------------
 Max number of iterations:             128
 Conv. threshold (gradient):             1.00e-05
 Conv. threshold (energy):               1.00e-06
 Interpolation scheme:                   adiis+cdiis
 Initial guess:                          SAD

 ---------------------------------------------------------------
                  energy        change          grad        time
 ---------------------------------------------------------------
   0      -943.495073622                    2.33e-02        0.01
   1      -943.397913307      9.72e-02      6.08e-01        0.01
   2      -943.343613628      5.43e-02      6.59e-01        0.01
   3      -943.687122131     -3.44e-01      1.02e-01        0.01
   4      -943.687508631     -3.87e-04      1.06e-01        0.01
   5      -943.695880496     -8.37e-03      9.55e-03        0.01
   6      -943.695884341     -3.85e-06      8.88e-03        0.01
   7      -943.695949163     -6.48e-05      2.06e-03        0.01
   8      -943.695957801     -8.64e-06      2.00e-03        0.01
   9      -943.696021585     -6.38e-05      1.63e-03        0.01
  10      -943.696094792     -7.32e-05      2.47e-03        0.01
  11      -943.696083504      1.13e-05      1.20e-03        0.01
  12      -943.696112324     -2.88e-05      2.71e-03        0.01
  13      -943.696111174      1.15e-06      1.47e-03        0.01
  14      -943.696115334     -4.16e-06      1.34e-03        0.01
  15      -943.696116281     -9.47e-07      1.08e-03        0.01
  16      -943.696117287     -1.01e-06      4.94e-04        0.01
  17      -943.696117566     -2.79e-07      1.14e-04        0.01
  18      -943.696117622     -5.60e-08      1.61e-04        0.01
  19      -943.696117688     -6.61e-08      9.07e-05        0.01
  20      -943.696117678      1.04e-08      1.12e-04        0.01
  21      -943.696117699     -2.12e-08      8.61e-05        0.01
  22      -943.696117492      2.07e-07      7.52e-05        0.01
  23      -943.696116926      5.66e-07      1.17e-04        0.01
  24      -943.696117000     -7.43e-08      4.41e-05        0.01
  25      -943.696116943      5.74e-08      2.48e-05        0.01
  26      -943.696116936      6.96e-09      1.22e-05        0.01
  27      -943.696116933      3.21e-09      1.02e-05        0.01
  28      -943.696116932      5.94e-10      9.60e-06        0.01

 SCF converged in 28 iterations.

 Dipole moment (in Debye):              -0.000001      -0.000001      -0.000001

 Quadrupole moment (in Debye-Angstrom):
                  1            2            3
 1       -10.139178     0.000126    -0.000873
 2         0.000126   -10.139484    -0.000115
 3        -0.000873    -0.000115   -10.136172

 Spin-squared expectation <S^2>:         6.000
 Total spin quantum number S:            2.000
 TOTAL ENERGY:                        -943.696116933

 --------------------------------------------------------------------------------

 End time:                               Sun Nov  7 03:39:19 2021
 Total wall-clock time:                  1.062 seconds
==================================================================================
