
================================================================================
          _____________ ________ _______________ ________     _________         
         / ___________// ______ \\_____   _____// ______ \   / ________)        
        / /_________  / /      \ \     | |     / /      \ \ | (_______          
       |  __________|| |        | |    | |    | |        | | \________ \        
        \ \_________ | |        | |    | |     \ \______/ /___________) |       
         \__________||_|        |_|    |_|      \________//____________/        
                                                                                
====================================[ Qcore ]===================================

 Git describe: 2.3.0-3-g778a55bfd
 Compiler:     GNU 9.3.0
 Build type:   Release
 Version:      2.3.0-3-g778a55bfd

 Start time:   Sun Nov  7 03:41:18 2021

 Data directory: /mnt/storage/scratch/zw18965/.local/qcore/share/entos/qcore/data
 Number of threads: 28
 Number of threads was determined by: command line argument

 --------------------------------------------------------------------------------
                                   command: dft                                  
 --------------------------------------------------------------------------------
 AO basis set:                           def2-tzvppd
 Number of AO basis functions:         144

 Formula:                                COV+
 Nuclear charge:                        37.000000000
 Total charge:                           1.000000000
 Number of electrons:                   36.000000000

 Number of alpha electrons:             20
 Number of beta electrons:              16
 Number of unpaired electrons:           4
 Spin:                                   4
 Multiplicity:                           quintet

 Theory:                                 dft
 Exchange-correlation functional:        camb3lyp

 Using range separated hybrid functional
 Range separation parameter:             0.330000000
 Short range exact exchange:             0.190000000
 Total long range exact exchange:        0.650000000

 Method for Coulomb:                     incore_df
 Method for exact exchange:              pre_transformed_df
 Integral threshold:                     1.00e-12
 DF basis set:                           def2-universal-jkfit
 Number of DF basis functions:         416
 Schwarz screening threshold:            1.00e-10
 Coulomb fitting method:                 Cholesky
 Total number of grid points:        21596
 Method for AO orthogonalization:        symmetric
 Threshold for linear dependence:        1.00e-08
 D3BJ dispersion energy:                -0.001746609

 -------------------------------------
  Running unrestricted open-shell SCF 
 -------------------------------------
 Max number of iterations:             128
 Conv. threshold (gradient):             1.00e-05
 Conv. threshold (energy):               1.00e-06
 Interpolation scheme:                   adiis+cdiis
 Initial guess:                          SAD

 ---------------------------------------------------------------
                  energy        change          grad        time
 ---------------------------------------------------------------
   0     -1057.149229576                    3.56e+00        0.04
   1     -1055.793519295      1.36e+00      1.47e+00        0.04
   2     -1020.654965474      3.51e+01      6.85e+00        0.04
   3     -1044.543118749     -2.39e+01      8.81e+00        0.03
   4     -1056.840382230     -1.23e+01      1.21e+00        0.03
   5     -1056.915878760     -7.55e-02      7.52e-01        0.04
   6     -1057.047080342     -1.31e-01      2.19e-01        0.04
   7     -1057.027103016      2.00e-02      3.67e-01        0.04
   8     -1057.061502883     -3.44e-02      4.46e-02        0.04
   9     -1057.060857505      6.45e-04      6.97e-02        0.04
  10     -1057.062652678     -1.80e-03      4.56e-03        0.04
  11     -1057.062670619     -1.79e-05      1.33e-03        0.04
  12     -1057.062673798     -3.18e-06      9.52e-04        0.04
  13     -1057.062675842     -2.04e-06      5.78e-04        0.04
  14     -1057.062676933     -1.09e-06      1.90e-04        0.04
  15     -1057.062677010     -7.73e-08      6.57e-05        0.04
  16     -1057.062677017     -6.37e-09      1.57e-05        0.03
  17     -1057.062677017     -6.60e-10      7.48e-06        0.04

 SCF converged in 17 iterations.

 Dipole moment (in Debye):              -0.000001      -0.000001      -4.455013

 Quadrupole moment (in Debye-Angstrom):
                  1            2            3
 1       -21.388448     0.000001     0.000000
 2         0.000001   -21.388448     0.000000
 3         0.000000     0.000000   -12.441868

 Spin-squared expectation <S^2>:         6.003
 Total spin quantum number S:            2.001
 TOTAL ENERGY:                       -1057.062677018

 --------------------------------------------------------------------------------

 End time:                               Sun Nov  7 03:41:20 2021
 Total wall-clock time:                  2.634 seconds
==================================================================================
