
================================================================================
          _____________ ________ _______________ ________     _________         
         / ___________// ______ \\_____   _____// ______ \   / ________)        
        / /_________  / /      \ \     | |     / /      \ \ | (_______          
       |  __________|| |        | |    | |    | |        | | \________ \        
        \ \_________ | |        | |    | |     \ \______/ /___________) |       
         \__________||_|        |_|    |_|      \________//____________/        
                                                                                
====================================[ Qcore ]===================================

 Git describe: 2.3.0-3-g778a55bfd
 Compiler:     GNU 9.3.0
 Build type:   Release
 Version:      2.3.0-3-g778a55bfd

 Start time:   Sun Nov  7 03:41:18 2021

 Data directory: /mnt/storage/scratch/zw18965/.local/qcore/share/entos/qcore/data
 Number of threads: 28
 Number of threads was determined by: command line argument

 --------------------------------------------------------------------------------
                                   command: dft                                  
 --------------------------------------------------------------------------------
 AO basis set:                           def2-tzvppd
 Number of AO basis functions:          56
 ECP on atom 1 (Zr):                     28 electrons

 Formula:                                Zr
 Nuclear charge:                        40.000000000
 Total charge:                           0.000000000
 Number of core electrons:              28
 Number of treated electrons:           12

 Number of alpha electrons:              7
 Number of beta electrons:               5
 Number of unpaired electrons:           2
 Spin:                                   2
 Multiplicity:                           triplet

 Theory:                                 dft
 Exchange-correlation functional:        camb3lyp

 Using range separated hybrid functional
 Range separation parameter:             0.330000000
 Short range exact exchange:             0.190000000
 Total long range exact exchange:        0.650000000

 Method for Coulomb:                     incore_df
 Method for exact exchange:              pre_transformed_df
 Integral threshold:                     1.00e-12
 DF basis set:                           def2-universal-jkfit
 Number of DF basis functions:         255
 Schwarz screening threshold:            1.00e-10
 Coulomb fitting method:                 Cholesky
 Total number of grid points:         8186
 Method for AO orthogonalization:        symmetric
 Threshold for linear dependence:        1.00e-08
 D3BJ dispersion energy:                 0.000000000

 -------------------------------------
  Running unrestricted open-shell SCF 
 -------------------------------------
 Max number of iterations:             128
 Conv. threshold (gradient):             1.00e-05
 Conv. threshold (energy):               1.00e-06
 Interpolation scheme:                   adiis+cdiis
 Initial guess:                          SAD

 ---------------------------------------------------------------
                  energy        change          grad        time
 ---------------------------------------------------------------
   0       -46.671675575                    3.29e-03        0.01
   1       -46.843184119     -1.72e-01      5.88e-02        0.01
   2       -46.852066598     -8.88e-03      2.68e-02        0.01
   3       -46.853076453     -1.01e-03      1.01e-02        0.01
   4       -46.853331460     -2.55e-04      5.66e-03        0.01
   5       -46.853425469     -9.40e-05      2.92e-03        0.01
   6       -46.853494494     -6.90e-05      1.48e-03        0.01
   7       -46.853520629     -2.61e-05      7.18e-04        0.01
   8       -46.853525399     -4.77e-06      3.58e-04        0.01
   9       -46.853526848     -1.45e-06      2.59e-04        0.01
  10       -46.853526644      2.04e-07      2.48e-04        0.01
  11       -46.853524451      2.19e-06      5.75e-05        0.01
  12       -46.853524432      1.91e-08      4.05e-05        0.01
  13       -46.853524442     -9.95e-09      3.13e-05        0.01
  14       -46.853524457     -1.48e-08      1.70e-05        0.01
  15       -46.853524459     -2.06e-09      5.46e-06        0.01

 SCF converged in 15 iterations.

 Dipole moment (in Debye):              -0.000001       0.000001      -0.000001

 Quadrupole moment (in Debye-Angstrom):
                  1            2            3
 1       -27.202168     0.000003    -0.000013
 2         0.000003   -27.675218     0.000005
 3        -0.000013     0.000005   -27.202168

 Spin-squared expectation <S^2>:         2.030
 Total spin quantum number S:            1.010
 TOTAL ENERGY:                         -46.853524459

 --------------------------------------------------------------------------------

 End time:                               Sun Nov  7 03:41:18 2021
 Total wall-clock time:                  0.637 seconds
==================================================================================
