
================================================================================
          _____________ ________ _______________ ________     _________         
         / ___________// ______ \\_____   _____// ______ \   / ________)        
        / /_________  / /      \ \     | |     / /      \ \ | (_______          
       |  __________|| |        | |    | |    | |        | | \________ \        
        \ \_________ | |        | |    | |     \ \______/ /___________) |       
         \__________||_|        |_|    |_|      \________//____________/        
                                                                                
====================================[ Qcore ]===================================

 Git describe: 2.3.0-3-g778a55bfd
 Compiler:     GNU 9.3.0
 Build type:   Release
 Version:      2.3.0-3-g778a55bfd

 Start time:   Sun Nov  7 03:42:18 2021

 Data directory: /mnt/storage/scratch/zw18965/.local/qcore/share/entos/qcore/data
 Number of threads: 28
 Number of threads was determined by: command line argument

 --------------------------------------------------------------------------------
                                   command: dft                                  
 --------------------------------------------------------------------------------
 AO basis set:                           def2-tzvppd
 Number of AO basis functions:         112
 ECP on atom 1 (Zr):                     28 electrons
 ECP on atom 2 (Zr):                     28 electrons

 Formula:                                Zr2
 Nuclear charge:                        80.000000000
 Total charge:                           0.000000000
 Number of core electrons:              56
 Number of treated electrons:           24

 Number of alpha electrons:             13
 Number of beta electrons:              11
 Number of unpaired electrons:           2
 Spin:                                   2
 Multiplicity:                           triplet

 Theory:                                 dft
 Exchange-correlation functional:        camb3lyp

 Using range separated hybrid functional
 Range separation parameter:             0.330000000
 Short range exact exchange:             0.190000000
 Total long range exact exchange:        0.650000000

 Method for Coulomb:                     incore_df
 Method for exact exchange:              pre_transformed_df
 Integral threshold:                     1.00e-12
 DF basis set:                           def2-universal-jkfit
 Number of DF basis functions:         510
 Schwarz screening threshold:            1.00e-10
 Coulomb fitting method:                 Cholesky
 Total number of grid points:        16372
 Method for AO orthogonalization:        symmetric
 Threshold for linear dependence:        1.00e-08
 D3BJ dispersion energy:                -0.003468868

 -------------------------------------
  Running unrestricted open-shell SCF 
 -------------------------------------
 Max number of iterations:             128
 Conv. threshold (gradient):             1.00e-05
 Conv. threshold (energy):               1.00e-06
 Interpolation scheme:                   adiis+cdiis
 Initial guess:                          SAD

 ---------------------------------------------------------------
                  energy        change          grad        time
 ---------------------------------------------------------------
   0       -93.844565444                    3.04e+00        0.04
   1       -93.671203454      1.73e-01      4.25e-01        0.03
   2       -93.663666857      7.54e-03      4.71e-01        0.02
   3       -93.786961076     -1.23e-01      1.61e-02        0.02
   4       -93.787387334     -4.26e-04      1.15e-02        0.03
   5       -93.787564777     -1.77e-04      4.84e-03        0.02
   6       -93.787627873     -6.31e-05      2.71e-03        0.02
   7       -93.787663859     -3.60e-05      9.13e-04        0.02
   8       -93.787669365     -5.51e-06      1.98e-04        0.02
   9       -93.787669562     -1.97e-07      2.67e-04        0.03
  10       -93.787669629     -6.62e-08      9.26e-05        0.03
  11       -93.787669672     -4.37e-08      2.17e-05        0.03
  12       -93.787669678     -5.65e-09      6.84e-06        0.02

 SCF converged in 12 iterations.

 Dipole moment (in Debye):              -0.000040      -0.000040       0.000000

 Quadrupole moment (in Debye-Angstrom):
                  1            2            3
 1       -49.997098     0.000001     0.000000
 2         0.000001   -49.997098     0.000000
 3         0.000000     0.000000   -38.750398

 Spin-squared expectation <S^2>:         2.002
 Total spin quantum number S:            1.001
 TOTAL ENERGY:                         -93.787669678

 --------------------------------------------------------------------------------

 End time:                               Sun Nov  7 03:42:19 2021
 Total wall-clock time:                  1.251 seconds
==================================================================================
