
================================================================================
          _____________ ________ _______________ ________     _________         
         / ___________// ______ \\_____   _____// ______ \   / ________)        
        / /_________  / /      \ \     | |     / /      \ \ | (_______          
       |  __________|| |        | |    | |    | |        | | \________ \        
        \ \_________ | |        | |    | |     \ \______/ /___________) |       
         \__________||_|        |_|    |_|      \________//____________/        
                                                                                
====================================[ Qcore ]===================================

 Git describe: 2.3.0-3-g778a55bfd
 Compiler:     GNU 9.3.0
 Build type:   Release
 Version:      2.3.0-3-g778a55bfd

 Start time:   Sun Nov  7 04:44:19 2021

 Data directory: /mnt/storage/scratch/zw18965/.local/qcore/share/entos/qcore/data
 Number of threads: 28
 Number of threads was determined by: command line argument

 --------------------------------------------------------------------------------
                                   command: dft                                  
 --------------------------------------------------------------------------------
 AO basis set:                           def2-tzvppd
 Number of AO basis functions:         102

 Formula:                                Cl2
 Nuclear charge:                        34.000000000
 Total charge:                           0.000000000
 Number of electrons:                   34.000000000

 Number of alpha electrons:             17
 Number of beta electrons:              17
 Number of unpaired electrons:           0
 Spin:                                   0
 Multiplicity:                           singlet

 Theory:                                 dft
 Exchange-correlation functional:        wb97x

 Using range separated hybrid functional
 Range separation parameter:             0.300000000
 Short range exact exchange:             0.263800000
 Total long range exact exchange:        1.000000000

 Method for Coulomb:                     incore_df
 Method for exact exchange:              pre_transformed_df
 Integral threshold:                     1.00e-12
 DF basis set:                           def2-universal-jkfit
 Number of DF basis functions:         256
 Schwarz screening threshold:            1.00e-10
 Coulomb fitting method:                 Cholesky

 ------------------
  UW12 Correlation 
 ------------------
 Factor for UW12 correlation:            1.000000000
 Same spin scale factor:                 0.000000000
 Calculate indirect contribution:        false
 Method for three electron term:         df_ri
 Auxiliary RI basis set:                 Def2-TZVPPD-RI
 Number of RI basis functions:         278
 Gaussians in geminal expansion:         4
 UW12 screening threshold:               1.00e-16
 Method for density-fitting:             w(r)
 Number of core spatial orbitals:       10

 Total number of grid points:        14988
 Method for AO orthogonalization:        symmetric
 Threshold for linear dependence:        1.00e-08
 D3BJ dispersion energy:                -0.002462666

 -------------------------------------
  Running restricted closed-shell SCF 
 -------------------------------------
 Max number of iterations:             128
 Conv. threshold (gradient):             1.00e-05
 Conv. threshold (energy):               1.00e-06
 Interpolation scheme:                   adiis+cdiis
 Initial guess:                          SAD

 ---------------------------------------------------------------
                  energy        change          grad        time
 ---------------------------------------------------------------
   0      -920.463259199                    2.94e+00        0.50
   1      -920.365840663      9.74e-02      2.63e-01        0.09
   2      -920.372099253     -6.26e-03      1.16e-01        0.10
   3      -920.373642803     -1.54e-03      9.05e-02        0.11
   4      -920.374912261     -1.27e-03      2.02e-02        0.09
   5      -920.375001039     -8.88e-05      6.61e-04        0.09
   6      -920.375001125     -8.56e-08      7.34e-05        0.08
   7      -920.375001132     -7.91e-09      2.05e-05        0.08
   8      -920.375001133     -2.11e-10      1.79e-06        0.08

 SCF converged in 8 iterations.

 Dipole moment (in Debye):              -0.000001      -0.000001      -0.000000

 Quadrupole moment (in Debye-Angstrom):
                  1            2            3
 1       -25.605000    -0.000000     0.000000
 2        -0.000000   -25.605000     0.000000
 3         0.000000     0.000000   -22.177442

 Spin-squared expectation <S^2>:         0.000
 Total spin quantum number S:            0.000
 TOTAL ENERGY:                        -920.375001133

 --------------------------------------------------------------------------------

 End time:                               Sun Nov  7 04:44:21 2021
 Total wall-clock time:                  2.100 seconds
==================================================================================
