
================================================================================
          _____________ ________ _______________ ________     _________         
         / ___________// ______ \\_____   _____// ______ \   / ________)        
        / /_________  / /      \ \     | |     / /      \ \ | (_______          
       |  __________|| |        | |    | |    | |        | | \________ \        
        \ \_________ | |        | |    | |     \ \______/ /___________) |       
         \__________||_|        |_|    |_|      \________//____________/        
                                                                                
====================================[ Qcore ]===================================

 Git describe: 2.3.0-3-g778a55bfd
 Compiler:     GNU 9.3.0
 Build type:   Release
 Version:      2.3.0-3-g778a55bfd

 Start time:   Sun Nov  7 04:42:19 2021

 Data directory: /mnt/storage/scratch/zw18965/.local/qcore/share/entos/qcore/data
 Number of threads: 28
 Number of threads was determined by: command line argument

 --------------------------------------------------------------------------------
                                   command: dft                                  
 --------------------------------------------------------------------------------
 AO basis set:                           def2-tzvppd
 Number of AO basis functions:         142

 Formula:                                OCl2
 Nuclear charge:                        42.000000000
 Total charge:                           0.000000000
 Number of electrons:                   42.000000000

 Number of alpha electrons:             21
 Number of beta electrons:              21
 Number of unpaired electrons:           0
 Spin:                                   0
 Multiplicity:                           singlet

 Theory:                                 dft
 Exchange-correlation functional:        wb97x

 Using range separated hybrid functional
 Range separation parameter:             0.300000000
 Short range exact exchange:             0.263800000
 Total long range exact exchange:        1.000000000

 Method for Coulomb:                     incore_df
 Method for exact exchange:              pre_transformed_df
 Integral threshold:                     1.00e-12
 DF basis set:                           def2-universal-jkfit
 Number of DF basis functions:         333
 Schwarz screening threshold:            1.00e-10
 Coulomb fitting method:                 Cholesky

 ------------------
  UW12 Correlation 
 ------------------
 Factor for UW12 correlation:            1.000000000
 Same spin scale factor:                 0.000000000
 Calculate indirect contribution:        false
 Method for three electron term:         df_ri
 Auxiliary RI basis set:                 Def2-TZVPPD-RI
 Number of RI basis functions:         370
 Gaussians in geminal expansion:         4
 UW12 screening threshold:               1.00e-16
 Method for density-fitting:             w(r)
 Number of core spatial orbitals:       11

 Total number of grid points:        21932
 Method for AO orthogonalization:        symmetric
 Threshold for linear dependence:        1.00e-08
 D3BJ dispersion energy:                -0.003393245

 -------------------------------------
  Running restricted closed-shell SCF 
 -------------------------------------
 Max number of iterations:             128
 Conv. threshold (gradient):             1.00e-05
 Conv. threshold (energy):               1.00e-06
 Interpolation scheme:                   adiis+cdiis
 Initial guess:                          SAD

 ---------------------------------------------------------------
                  energy        change          grad        time
 ---------------------------------------------------------------
   0      -995.861117559                    7.10e+00        1.06
   1      -995.497225037      3.64e-01      6.36e-01        0.23
   2      -995.511320709     -1.41e-02      3.55e-01        0.22
   3      -995.512049640     -7.29e-04      3.44e-01        0.21
   4      -995.514317139     -2.27e-03      1.27e-01        0.19
   5      -995.514217776      9.94e-05      1.38e-01        0.19
   6      -995.514789799     -5.72e-04      5.11e-03        0.18
   7      -995.514794513     -4.71e-06      5.62e-03        0.18
   8      -995.514796685     -2.17e-06      2.28e-04        0.19
   9      -995.514796701     -1.60e-08      8.44e-05        0.20
  10      -995.514796703     -1.65e-09      1.98e-05        0.18
  11      -995.514796703     -3.35e-10      6.75e-06        0.18

 SCF converged in 11 iterations.

 Dipole moment (in Debye):               0.000000      -0.000000      -0.581223

 Quadrupole moment (in Debye-Angstrom):
                  1            2            3
 1       -27.210258    -0.000000    -0.000000
 2        -0.000000   -31.095945     0.000000
 3        -0.000000     0.000000   -30.354721

 Spin-squared expectation <S^2>:         0.000
 Total spin quantum number S:            0.000
 TOTAL ENERGY:                        -995.514796704

 --------------------------------------------------------------------------------

 End time:                               Sun Nov  7 04:42:24 2021
 Total wall-clock time:                  4.573 seconds
==================================================================================
