
================================================================================
          _____________ ________ _______________ ________     _________         
         / ___________// ______ \\_____   _____// ______ \   / ________)        
        / /_________  / /      \ \     | |     / /      \ \ | (_______          
       |  __________|| |        | |    | |    | |        | | \________ \        
        \ \_________ | |        | |    | |     \ \______/ /___________) |       
         \__________||_|        |_|    |_|      \________//____________/        
                                                                                
====================================[ Qcore ]===================================

 Git describe: 2.3.0-3-g778a55bfd
 Compiler:     GNU 9.3.0
 Build type:   Release
 Version:      2.3.0-3-g778a55bfd

 Start time:   Sun Nov  7 04:44:18 2021

 Data directory: /mnt/storage/scratch/zw18965/.local/qcore/share/entos/qcore/data
 Number of threads: 28
 Number of threads was determined by: command line argument

 --------------------------------------------------------------------------------
                                   command: dft                                  
 --------------------------------------------------------------------------------
 AO basis set:                           def2-tzvppd
 Number of AO basis functions:         134

 Formula:                                Cr2
 Nuclear charge:                        48.000000000
 Total charge:                           0.000000000
 Number of electrons:                   48.000000000

 Number of alpha electrons:             24
 Number of beta electrons:              24
 Number of unpaired electrons:           0
 Spin:                                   0
 Multiplicity:                           singlet

 Theory:                                 dft
 Exchange-correlation functional:        wb97x

 Using range separated hybrid functional
 Range separation parameter:             0.300000000
 Short range exact exchange:             0.263800000
 Total long range exact exchange:        1.000000000

 Method for Coulomb:                     incore_df
 Method for exact exchange:              pre_transformed_df
 Integral threshold:                     1.00e-12
 DF basis set:                           def2-universal-jkfit
 Number of DF basis functions:         528
 Schwarz screening threshold:            1.00e-10
 Coulomb fitting method:                 Cholesky

 ------------------
  UW12 Correlation 
 ------------------
 Factor for UW12 correlation:            1.000000000
 Same spin scale factor:                 0.000000000
 Calculate indirect contribution:        false
 Method for three electron term:         df_ri
 Auxiliary RI basis set:                 Def2-TZVPPD-RI
 Number of RI basis functions:         450
 Gaussians in geminal expansion:         4
 UW12 screening threshold:               1.00e-16
 Method for density-fitting:             w(r)
 Number of core spatial orbitals:       18

 Total number of grid points:        15656
 Method for AO orthogonalization:        symmetric
 Threshold for linear dependence:        1.00e-08
 D3BJ dispersion energy:                -0.008093822

 -------------------------------------
  Running restricted closed-shell SCF 
 -------------------------------------
 Max number of iterations:             128
 Conv. threshold (gradient):             1.00e-05
 Conv. threshold (energy):               1.00e-06
 Interpolation scheme:                   adiis+cdiis
 Initial guess:                          SAD

 ---------------------------------------------------------------
                  energy        change          grad        time
 ---------------------------------------------------------------
   0     -2088.747083340                    6.58e+00        7.17
   1     -2088.717240143      2.98e-02      4.01e-01        0.34
   2     -2088.739554661     -2.23e-02      2.93e-01        0.33
   3     -2088.745255738     -5.70e-03      1.97e-01        0.34
   4     -2088.747479072     -2.22e-03      6.50e-02        0.33
   5     -2088.747994166     -5.15e-04      6.10e-02        0.33
   6     -2088.748432457     -4.38e-04      1.29e-02        0.32
   7     -2088.748448248     -1.58e-05      2.09e-03        0.33
   8     -2088.748448481     -2.33e-07      1.73e-04        0.32
   9     -2088.748448973     -4.92e-07      3.98e-05        0.32
  10     -2088.748449039     -6.63e-08      1.67e-05        0.31
  11     -2088.748449036      3.22e-09      9.55e-06        0.32

 SCF converged in 11 iterations.

 Dipole moment (in Debye):               0.000000       0.000000      -0.000004

 Quadrupole moment (in Debye-Angstrom):
                  1            2            3
 1       -33.942998    -0.000000    -0.000001
 2        -0.000000   -33.942998    -0.000001
 3        -0.000001    -0.000001   -27.599271

 Spin-squared expectation <S^2>:         0.000
 Total spin quantum number S:            0.000
 TOTAL ENERGY:                       -2088.748449039

 --------------------------------------------------------------------------------

 End time:                               Sun Nov  7 04:44:34 2021
 Total wall-clock time:                 15.261 seconds
==================================================================================
