
================================================================================
          _____________ ________ _______________ ________     _________         
         / ___________// ______ \\_____   _____// ______ \   / ________)        
        / /_________  / /      \ \     | |     / /      \ \ | (_______          
       |  __________|| |        | |    | |    | |        | | \________ \        
        \ \_________ | |        | |    | |     \ \______/ /___________) |       
         \__________||_|        |_|    |_|      \________//____________/        
                                                                                
====================================[ Qcore ]===================================

 Git describe: 2.3.0-3-g778a55bfd
 Compiler:     GNU 9.3.0
 Build type:   Release
 Version:      2.3.0-3-g778a55bfd

 Start time:   Sun Nov  7 04:42:19 2021

 Data directory: /mnt/storage/scratch/zw18965/.local/qcore/share/entos/qcore/data
 Number of threads: 28
 Number of threads was determined by: command line argument

 --------------------------------------------------------------------------------
                                   command: dft                                  
 --------------------------------------------------------------------------------
 AO basis set:                           def2-tzvppd
 Number of AO basis functions:         452

 Formula:                                C5O5Fe
 Nuclear charge:                        96.000000000
 Total charge:                           0.000000000
 Number of electrons:                   96.000000000

 Number of alpha electrons:             48
 Number of beta electrons:              48
 Number of unpaired electrons:           0
 Spin:                                   0
 Multiplicity:                           singlet

 Theory:                                 dft
 Exchange-correlation functional:        wb97x

 Using range separated hybrid functional
 Range separation parameter:             0.300000000
 Short range exact exchange:             0.263800000
 Total long range exact exchange:        1.000000000

 Method for Coulomb:                     incore_df
 Method for exact exchange:              pre_transformed_df
 Integral threshold:                     1.00e-12
 DF basis set:                           def2-universal-jkfit
 Number of DF basis functions:        1024
 Schwarz screening threshold:            1.00e-10
 Coulomb fitting method:                 Cholesky

 ------------------
  UW12 Correlation 
 ------------------
 Factor for UW12 correlation:            1.000000000
 Same spin scale factor:                 0.000000000
 Calculate indirect contribution:        false
 Method for three electron term:         df_ri
 Auxiliary RI basis set:                 Def2-TZVPPD-RI
 Number of RI basis functions:        1145
 Gaussians in geminal expansion:         4
 UW12 screening threshold:               1.00e-16
 Method for density-fitting:             w(r)
 Number of core spatial orbitals:       19

 Total number of grid points:        76656
 Method for AO orthogonalization:        symmetric
 Threshold for linear dependence:        1.00e-08
 D3BJ dispersion energy:                -0.023244714

 -------------------------------------
  Running restricted closed-shell SCF 
 -------------------------------------
 Max number of iterations:             128
 Conv. threshold (gradient):             1.00e-05
 Conv. threshold (energy):               1.00e-06
 Interpolation scheme:                   adiis+cdiis
 Initial guess:                          SAD

 ---------------------------------------------------------------
                  energy        change          grad        time
 ---------------------------------------------------------------
   0     -1833.769076446                    2.28e+01      118.88
   1     -1830.351617175      3.42e+00      9.72e-01       14.61
   2     -1830.324983588      2.66e-02      2.83e+00       14.47
   3     -1830.226581792      9.84e-02      4.69e+00       14.68
   4     -1830.421580829     -1.95e-01      1.87e+00       14.54
   5     -1830.474745440     -5.32e-02      5.86e-01       14.55
   6     -1830.489209024     -1.45e-02      3.28e-01       14.62
   7     -1830.457894857      3.13e-02      1.80e+00       14.79
   8     -1830.492558416     -3.47e-02      2.40e-01       14.51
   9     -1830.492441026      1.17e-04      3.79e-01       14.60
  10     -1830.491192340      1.25e-03      4.58e-01       14.71
  11     -1830.494037355     -2.85e-03      1.07e-01       14.55
  12     -1830.493874905      1.62e-04      1.45e-01       14.88
  13     -1830.494132728     -2.58e-04      1.39e-02       14.73
  14     -1830.494132478      2.51e-07      4.13e-02       14.57
  15     -1830.494142286     -9.81e-06      1.19e-04       14.57
  16     -1830.494142315     -2.99e-08      6.91e-05       14.68
  17     -1830.494142289      2.69e-08      3.16e-05       14.41
  18     -1830.494142280      8.75e-09      4.56e-06       14.67

 SCF converged in 18 iterations.

 Dipole moment (in Debye):               0.000039       0.000030       0.000001

 Quadrupole moment (in Debye-Angstrom):
                  1            2            3
 1       -71.499654    -0.000045     0.000001
 2        -0.000045   -71.499542    -0.000000
 3         0.000001    -0.000000   -68.609104

 Spin-squared expectation <S^2>:         0.000
 Total spin quantum number S:            0.000
 TOTAL ENERGY:                       -1830.494142281

 --------------------------------------------------------------------------------

 End time:                               Sun Nov  7 04:49:15 2021
 Total wall-clock time:                416.521 seconds
==================================================================================
