
================================================================================
          _____________ ________ _______________ ________     _________         
         / ___________// ______ \\_____   _____// ______ \   / ________)        
        / /_________  / /      \ \     | |     / /      \ \ | (_______          
       |  __________|| |        | |    | |    | |        | | \________ \        
        \ \_________ | |        | |    | |     \ \______/ /___________) |       
         \__________||_|        |_|    |_|      \________//____________/        
                                                                                
====================================[ Qcore ]===================================

 Git describe: 2.3.0-3-g778a55bfd
 Compiler:     GNU 9.3.0
 Build type:   Release
 Version:      2.3.0-3-g778a55bfd

 Start time:   Sun Nov  7 04:43:18 2021

 Data directory: /mnt/storage/scratch/zw18965/.local/qcore/share/entos/qcore/data
 Number of threads: 28
 Number of threads was determined by: command line argument

 --------------------------------------------------------------------------------
                                   command: dft                                  
 --------------------------------------------------------------------------------
 AO basis set:                           def2-tzvppd
 Number of AO basis functions:          67

 Formula:                                Ni+
 Nuclear charge:                        28.000000000
 Total charge:                           1.000000000
 Number of electrons:                   27.000000000

 Number of alpha electrons:             14
 Number of beta electrons:              13
 Number of unpaired electrons:           1
 Spin:                                   1
 Multiplicity:                           doublet

 Theory:                                 dft
 Exchange-correlation functional:        wb97x

 Using range separated hybrid functional
 Range separation parameter:             0.300000000
 Short range exact exchange:             0.263800000
 Total long range exact exchange:        1.000000000

 Method for Coulomb:                     incore_df
 Method for exact exchange:              pre_transformed_df
 Integral threshold:                     1.00e-12
 DF basis set:                           def2-universal-jkfit
 Number of DF basis functions:         264
 Schwarz screening threshold:            1.00e-10
 Coulomb fitting method:                 Cholesky

 ------------------
  UW12 Correlation 
 ------------------
 Factor for UW12 correlation:            1.000000000
 Same spin scale factor:                 0.000000000
 Calculate indirect contribution:        false
 Method for three electron term:         df_ri
 Auxiliary RI basis set:                 Def2-TZVPPD-RI
 Number of RI basis functions:         225
 Gaussians in geminal expansion:         4
 UW12 screening threshold:               1.00e-16
 Method for density-fitting:             w(r)
 Number of core spatial orbitals:        9

 Total number of grid points:         7936
 Method for AO orthogonalization:        symmetric
 Threshold for linear dependence:        1.00e-08
 D3BJ dispersion energy:                 0.000000000

 -------------------------------------
  Running unrestricted open-shell SCF 
 -------------------------------------
 Max number of iterations:             128
 Conv. threshold (gradient):             1.00e-05
 Conv. threshold (energy):               1.00e-06
 Interpolation scheme:                   adiis+cdiis
 Initial guess:                          SAD

 ---------------------------------------------------------------
                  energy        change          grad        time
 ---------------------------------------------------------------
   0     -1508.063610654                    8.64e-03        1.69
   1     -1507.976172975      8.74e-02      1.23e-01        0.09
   2     -1507.982738124     -6.57e-03      1.12e-01        0.08
   3     -1507.979453460      3.28e-03      1.31e-01        0.07
   4     -1507.990402525     -1.09e-02      1.29e-02        0.07
   5     -1507.990194811      2.08e-04      1.96e-02        0.07
   6     -1507.990481418     -2.87e-04      1.16e-03        0.07
   7     -1507.990484547     -3.13e-06      8.88e-04        0.07
   8     -1507.990487256     -2.71e-06      4.60e-04        0.08
   9     -1507.990488201     -9.45e-07      1.80e-04        0.07
  10     -1507.990488274     -7.36e-08      1.37e-04        0.07
  11     -1507.990488470     -1.96e-07      3.94e-05        0.07
  12     -1507.990488471     -1.21e-09      3.21e-05        0.07
  13     -1507.990488477     -6.22e-09      3.24e-05        0.07
  14     -1507.990488472      5.56e-09      3.13e-05        0.07
  15     -1507.990488409      6.26e-08      1.05e-05        0.07
  16     -1507.990488390      1.92e-08      3.89e-06        0.07

 SCF converged in 16 iterations.

 Dipole moment (in Debye):              -0.000001      -0.000001      -0.000001

 Quadrupole moment (in Debye-Angstrom):
                  1            2            3
 1        -8.815569    -0.004374     0.051131
 2        -0.004374    -8.815238     0.050070
 3         0.051131     0.050070    -9.396140

 Spin-squared expectation <S^2>:         0.751
 Total spin quantum number S:            0.501
 TOTAL ENERGY:                       -1507.990488392

 --------------------------------------------------------------------------------

 End time:                               Sun Nov  7 04:43:25 2021
 Total wall-clock time:                  6.810 seconds
==================================================================================
