
================================================================================
          _____________ ________ _______________ ________     _________         
         / ___________// ______ \\_____   _____// ______ \   / ________)        
        / /_________  / /      \ \     | |     / /      \ \ | (_______          
       |  __________|| |        | |    | |    | |        | | \________ \        
        \ \_________ | |        | |    | |     \ \______/ /___________) |       
         \__________||_|        |_|    |_|      \________//____________/        
                                                                                
====================================[ Qcore ]===================================

 Git describe: 2.3.0-3-g778a55bfd
 Compiler:     GNU 9.3.0
 Build type:   Release
 Version:      2.3.0-3-g778a55bfd

 Start time:   Sun Nov  7 04:42:19 2021

 Data directory: /mnt/storage/scratch/zw18965/.local/qcore/share/entos/qcore/data
 Number of threads: 28
 Number of threads was determined by: command line argument

 --------------------------------------------------------------------------------
                                   command: dft                                  
 --------------------------------------------------------------------------------
 AO basis set:                           def2-tzvppd
 Number of AO basis functions:         138

 Formula:                                CH2Ni+
 Nuclear charge:                        36.000000000
 Total charge:                           1.000000000
 Number of electrons:                   35.000000000

 Number of alpha electrons:             18
 Number of beta electrons:              17
 Number of unpaired electrons:           1
 Spin:                                   1
 Multiplicity:                           doublet

 Theory:                                 dft
 Exchange-correlation functional:        wb97x

 Using range separated hybrid functional
 Range separation parameter:             0.300000000
 Short range exact exchange:             0.263800000
 Total long range exact exchange:        1.000000000

 Method for Coulomb:                     incore_df
 Method for exact exchange:              pre_transformed_df
 Integral threshold:                     1.00e-12
 DF basis set:                           def2-universal-jkfit
 Number of DF basis functions:         375
 Schwarz screening threshold:            1.00e-10
 Coulomb fitting method:                 Cholesky

 ------------------
  UW12 Correlation 
 ------------------
 Factor for UW12 correlation:            1.000000000
 Same spin scale factor:                 0.000000000
 Calculate indirect contribution:        false
 Method for three electron term:         df_ri
 Auxiliary RI basis set:                 Def2-TZVPPD-RI
 Number of RI basis functions:         395
 Gaussians in geminal expansion:         4
 UW12 screening threshold:               1.00e-16
 Method for density-fitting:             w(r)
 Number of core spatial orbitals:       10

 Total number of grid points:        26516
 Method for AO orthogonalization:        symmetric
 Threshold for linear dependence:        1.00e-08
 D3BJ dispersion energy:                -0.003895278

 -------------------------------------
  Running unrestricted open-shell SCF 
 -------------------------------------
 Max number of iterations:             128
 Conv. threshold (gradient):             1.00e-05
 Conv. threshold (energy):               1.00e-06
 Interpolation scheme:                   adiis+cdiis
 Initial guess:                          SAD

 ---------------------------------------------------------------
                  energy        change          grad        time
 ---------------------------------------------------------------
   0     -1547.554064737                    3.39e+00        8.40
   1     -1546.698219676      8.56e-01      1.72e+00        0.48
   2     -1544.268550671      2.43e+00      3.95e+00        0.48
   3     -1546.918314589     -2.65e+00      1.77e+00        0.47
   4     -1547.232269229     -3.14e-01      3.15e-01        0.42
   5     -1547.172237589      6.00e-02      8.67e-01        0.42
   6     -1547.245838009     -7.36e-02      2.38e-01        0.42
   7     -1547.240042539      5.80e-03      2.89e-01        0.42
   8     -1547.252953536     -1.29e-02      5.19e-02        0.42
   9     -1547.254135185     -1.18e-03      5.68e-02        0.43
  10     -1547.256031381     -1.90e-03      1.21e-02        0.41
  11     -1547.256121047     -8.97e-05      1.02e-02        0.41
  12     -1547.256256461     -1.35e-04      9.34e-03        0.41
  13     -1547.256748187     -4.92e-04      7.15e-03        0.42
  14     -1547.257084141     -3.36e-04      7.42e-03        0.41
  15     -1547.257151736     -6.76e-05      7.00e-03        0.41
  16     -1547.257316956     -1.65e-04      6.16e-03        0.42
  17     -1547.257346664     -2.97e-05      5.61e-03        0.43
  18     -1547.257377329     -3.07e-05      4.65e-03        0.41
  19     -1547.257415663     -3.83e-05      2.26e-03        0.41
  20     -1547.257421325     -5.66e-06      6.24e-04        0.41
  21     -1547.257421438     -1.13e-07      3.27e-04        0.42
  22     -1547.257421362      7.61e-08      2.87e-04        0.45
  23     -1547.257421197      1.65e-07      4.69e-05        0.42
  24     -1547.257421138      5.87e-08      4.54e-05        0.42
  25     -1547.257421103      3.52e-08      1.13e-05        0.41
  26     -1547.257421112     -8.42e-09      3.46e-06        0.41

 SCF converged in 26 iterations.

 Dipole moment (in Debye):              -0.000001      -0.000000      -0.133399

 Quadrupole moment (in Debye-Angstrom):
                  1            2            3
 1       -15.141687     0.000002     0.000000
 2         0.000002   -17.212258    -0.000001
 3         0.000000    -0.000001    -7.937356

 Spin-squared expectation <S^2>:         0.803
 Total spin quantum number S:            0.526
 TOTAL ENERGY:                       -1547.257421115

 --------------------------------------------------------------------------------

 End time:                               Sun Nov  7 04:42:44 2021
 Total wall-clock time:                 25.037 seconds
==================================================================================
