
================================================================================
          _____________ ________ _______________ ________     _________         
         / ___________// ______ \\_____   _____// ______ \   / ________)        
        / /_________  / /      \ \     | |     / /      \ \ | (_______          
       |  __________|| |        | |    | |    | |        | | \________ \        
        \ \_________ | |        | |    | |     \ \______/ /___________) |       
         \__________||_|        |_|    |_|      \________//____________/        
                                                                                
====================================[ Qcore ]===================================

 Git describe: 2.3.0-3-g778a55bfd
 Compiler:     GNU 9.3.0
 Build type:   Release
 Version:      2.3.0-3-g778a55bfd

 Start time:   Sun Nov  7 04:42:19 2021

 Data directory: /mnt/storage/scratch/zw18965/.local/qcore/share/entos/qcore/data
 Number of threads: 28
 Number of threads was determined by: command line argument

 --------------------------------------------------------------------------------
                                   command: dft                                  
 --------------------------------------------------------------------------------
 AO basis set:                           def2-tzvppd
 Number of AO basis functions:         120

 Formula:                                O3
 Nuclear charge:                        24.000000000
 Total charge:                           0.000000000
 Number of electrons:                   24.000000000

 Number of alpha electrons:             12
 Number of beta electrons:              12
 Number of unpaired electrons:           0
 Spin:                                   0
 Multiplicity:                           singlet

 Theory:                                 dft
 Exchange-correlation functional:        wb97x

 Using range separated hybrid functional
 Range separation parameter:             0.300000000
 Short range exact exchange:             0.263800000
 Total long range exact exchange:        1.000000000

 Method for Coulomb:                     incore_df
 Method for exact exchange:              pre_transformed_df
 Integral threshold:                     1.00e-12
 DF basis set:                           def2-universal-jkfit
 Number of DF basis functions:         231
 Schwarz screening threshold:            1.00e-10
 Coulomb fitting method:                 Cholesky

 ------------------
  UW12 Correlation 
 ------------------
 Factor for UW12 correlation:            1.000000000
 Same spin scale factor:                 0.000000000
 Calculate indirect contribution:        false
 Method for three electron term:         df_ri
 Auxiliary RI basis set:                 Def2-TZVPPD-RI
 Number of RI basis functions:         276
 Gaussians in geminal expansion:         4
 UW12 screening threshold:               1.00e-16
 Method for density-fitting:             w(r)
 Number of core spatial orbitals:        3

 Total number of grid points:        20832
 Method for AO orthogonalization:        symmetric
 Threshold for linear dependence:        1.00e-08
 D3BJ dispersion energy:                -0.001139076

 -------------------------------------
  Running restricted closed-shell SCF 
 -------------------------------------
 Max number of iterations:             128
 Conv. threshold (gradient):             1.00e-05
 Conv. threshold (energy):               1.00e-06
 Interpolation scheme:                   adiis+cdiis
 Initial guess:                          SAD

 ---------------------------------------------------------------
                  energy        change          grad        time
 ---------------------------------------------------------------
   0      -226.063278286                    8.93e+00        0.46
   1      -225.326376487      7.37e-01      1.56e+00        0.10
   2      -225.158903238      1.67e-01      2.62e+00        0.09
   3      -225.433790199     -2.75e-01      4.28e-01        0.09
   4      -225.422337592      1.15e-02      7.03e-01        0.09
   5      -225.441867050     -1.95e-02      1.06e-01        0.09
   6      -225.440960923      9.06e-04      1.93e-01        0.09
   7      -225.442367997     -1.41e-03      3.48e-02        0.09
   8      -225.442335100      3.29e-05      4.59e-02        0.10
   9      -225.442419678     -8.46e-05      3.00e-04        0.09
  10      -225.442419686     -8.51e-09      3.57e-05        0.09
  11      -225.442419686      6.62e-10      1.84e-05        0.10
  12      -225.442419685      2.54e-10      2.19e-05        0.09
  13      -225.442419689     -3.55e-09      1.75e-06        0.10

 SCF converged in 13 iterations.

 Dipole moment (in Debye):              -0.575364       0.000000      -0.351752

 Quadrupole moment (in Debye-Angstrom):
                  1            2            3
 1       -16.453764    -0.000000     0.533140
 2        -0.000000   -14.819721    -0.000000
 3         0.533140    -0.000000   -16.999852

 Spin-squared expectation <S^2>:         0.000
 Total spin quantum number S:            0.000
 TOTAL ENERGY:                        -225.442419686

 --------------------------------------------------------------------------------

 End time:                               Sun Nov  7 04:42:21 2021
 Total wall-clock time:                  2.310 seconds
==================================================================================
