
================================================================================
          _____________ ________ _______________ ________     _________         
         / ___________// ______ \\_____   _____// ______ \   / ________)        
        / /_________  / /      \ \     | |     / /      \ \ | (_______          
       |  __________|| |        | |    | |    | |        | | \________ \        
        \ \_________ | |        | |    | |     \ \______/ /___________) |       
         \__________||_|        |_|    |_|      \________//____________/        
                                                                                
====================================[ Qcore ]===================================

 Git describe: 2.3.0-3-g778a55bfd
 Compiler:     GNU 9.3.0
 Build type:   Release
 Version:      2.3.0-3-g778a55bfd

 Start time:   Sun Nov  7 04:44:19 2021

 Data directory: /mnt/storage/scratch/zw18965/.local/qcore/share/entos/qcore/data
 Number of threads: 28
 Number of threads was determined by: command line argument

 --------------------------------------------------------------------------------
                                   command: dft                                  
 --------------------------------------------------------------------------------
 AO basis set:                           def2-tzvppd
 Number of AO basis functions:         204

 Formula:                                S4
 Nuclear charge:                        64.000000000
 Total charge:                           0.000000000
 Number of electrons:                   64.000000000

 Number of alpha electrons:             32
 Number of beta electrons:              32
 Number of unpaired electrons:           0
 Spin:                                   0
 Multiplicity:                           singlet

 Theory:                                 dft
 Exchange-correlation functional:        wb97x

 Using range separated hybrid functional
 Range separation parameter:             0.300000000
 Short range exact exchange:             0.263800000
 Total long range exact exchange:        1.000000000

 Method for Coulomb:                     incore_df
 Method for exact exchange:              pre_transformed_df
 Integral threshold:                     1.00e-12
 DF basis set:                           def2-universal-jkfit
 Number of DF basis functions:         512
 Schwarz screening threshold:            1.00e-10
 Coulomb fitting method:                 Cholesky

 ------------------
  UW12 Correlation 
 ------------------
 Factor for UW12 correlation:            1.000000000
 Same spin scale factor:                 0.000000000
 Calculate indirect contribution:        false
 Method for three electron term:         df_ri
 Auxiliary RI basis set:                 Def2-TZVPPD-RI
 Number of RI basis functions:         556
 Gaussians in geminal expansion:         4
 UW12 screening threshold:               1.00e-16
 Method for density-fitting:             w(r)
 Number of core spatial orbitals:       20

 Total number of grid points:        29400
 Method for AO orthogonalization:        symmetric
 Threshold for linear dependence:        1.00e-08
 D3BJ dispersion energy:                -0.014613727

 -------------------------------------
  Running restricted closed-shell SCF 
 -------------------------------------
 Max number of iterations:             128
 Conv. threshold (gradient):             1.00e-05
 Conv. threshold (energy):               1.00e-06
 Interpolation scheme:                   adiis+cdiis
 Initial guess:                          SAD

 ---------------------------------------------------------------
                  energy        change          grad        time
 ---------------------------------------------------------------
   0     -1593.499976313                    9.49e+00        3.05
   1     -1592.710376561      7.90e-01      5.65e-01        0.81
   2     -1592.663300290      4.71e-02      8.65e-01        0.84
   3     -1592.746565077     -8.33e-02      1.32e-01        0.77
   4     -1592.744807434      1.76e-03      1.67e-01        0.77
   5     -1592.748462433     -3.65e-03      2.30e-02        0.78
   6     -1592.748450864      1.16e-05      3.11e-02        0.77
   7     -1592.748557679     -1.07e-04      3.30e-03        0.76
   8     -1592.748560862     -3.18e-06      1.07e-03        0.78
   9     -1592.748561302     -4.40e-07      1.92e-04        0.76
  10     -1592.748561312     -9.60e-09      8.71e-05        0.80
  11     -1592.748561317     -5.65e-09      2.50e-05        0.77
  12     -1592.748561317      3.87e-10      1.04e-05        0.76
  13     -1592.748561317      4.25e-10      2.90e-06        0.76

 SCF converged in 13 iterations.

 Dipole moment (in Debye):              -0.360734       0.000000       1.374556

 Quadrupole moment (in Debye-Angstrom):
                  1            2            3
 1       -53.174022     0.000001    -1.166093
 2         0.000001   -51.938826    -0.000000
 3        -1.166093    -0.000000   -49.036076

 Spin-squared expectation <S^2>:         0.000
 Total spin quantum number S:            0.000
 TOTAL ENERGY:                       -1592.748561315

 --------------------------------------------------------------------------------

 End time:                               Sun Nov  7 04:44:34 2021
 Total wall-clock time:                 15.341 seconds
==================================================================================
