
================================================================================
          _____________ ________ _______________ ________     _________         
         / ___________// ______ \\_____   _____// ______ \   / ________)        
        / /_________  / /      \ \     | |     / /      \ \ | (_______          
       |  __________|| |        | |    | |    | |        | | \________ \        
        \ \_________ | |        | |    | |     \ \______/ /___________) |       
         \__________||_|        |_|    |_|      \________//____________/        
                                                                                
====================================[ Qcore ]===================================

 Git describe: 2.3.0-3-g778a55bfd
 Compiler:     GNU 9.3.0
 Build type:   Release
 Version:      2.3.0-3-g778a55bfd

 Start time:   Sun Nov  7 04:44:19 2021

 Data directory: /mnt/storage/scratch/zw18965/.local/qcore/share/entos/qcore/data
 Number of threads: 28
 Number of threads was determined by: command line argument

 --------------------------------------------------------------------------------
                                   command: dft                                  
 --------------------------------------------------------------------------------
 AO basis set:                           def2-tzvppd
 Number of AO basis functions:          67

 Formula:                                V
 Nuclear charge:                        23.000000000
 Total charge:                           0.000000000
 Number of electrons:                   23.000000000

 Number of alpha electrons:             14
 Number of beta electrons:               9
 Number of unpaired electrons:           5
 Spin:                                   5
 Multiplicity:                           septet

 Theory:                                 dft
 Exchange-correlation functional:        wb97x

 Using range separated hybrid functional
 Range separation parameter:             0.300000000
 Short range exact exchange:             0.263800000
 Total long range exact exchange:        1.000000000

 Method for Coulomb:                     incore_df
 Method for exact exchange:              pre_transformed_df
 Integral threshold:                     1.00e-12
 DF basis set:                           def2-universal-jkfit
 Number of DF basis functions:         264
 Schwarz screening threshold:            1.00e-10
 Coulomb fitting method:                 Cholesky

 ------------------
  UW12 Correlation 
 ------------------
 Factor for UW12 correlation:            1.000000000
 Same spin scale factor:                 0.000000000
 Calculate indirect contribution:        false
 Method for three electron term:         df_ri
 Auxiliary RI basis set:                 Def2-TZVPPD-RI
 Number of RI basis functions:         225
 Gaussians in geminal expansion:         4
 UW12 screening threshold:               1.00e-16
 Method for density-fitting:             w(r)
 Number of core spatial orbitals:        9

 Total number of grid points:         7852
 Method for AO orthogonalization:        symmetric
 Threshold for linear dependence:        1.00e-08
 D3BJ dispersion energy:                 0.000000000

 -------------------------------------
  Running unrestricted open-shell SCF 
 -------------------------------------
 Max number of iterations:             128
 Conv. threshold (gradient):             1.00e-05
 Conv. threshold (energy):               1.00e-06
 Interpolation scheme:                   adiis+cdiis
 Initial guess:                          SAD

 ---------------------------------------------------------------
                  energy        change          grad        time
 ---------------------------------------------------------------
   0      -943.451223188                    1.80e-02        1.71
   1      -943.820522281     -3.69e-01      1.55e-01        0.08
   2      -943.831933580     -1.14e-02      6.31e-02        0.07
   3      -943.824080559      7.85e-03      7.60e-02        0.07
   4      -943.829767705     -5.69e-03      3.16e-03        0.07
   5      -943.829566208      2.01e-04      1.11e-03        0.07
   6      -943.829555996      1.02e-05      3.53e-04        0.07
   7      -943.829537479      1.85e-05      7.88e-05        0.07
   8      -943.829538696     -1.22e-06      5.36e-05        0.07
   9      -943.829538734     -3.79e-08      5.35e-05        0.07
  10      -943.829538740     -5.33e-09      5.40e-05        0.07
  11      -943.829538672      6.75e-08      4.86e-05        0.07
  12      -943.829538588      8.39e-08      3.29e-05        0.07
  13      -943.829538597     -9.04e-09      2.50e-05        0.07
  14      -943.829538544      5.32e-08      1.24e-05        0.07
  15      -943.829538543      1.25e-09      3.75e-06        0.07

 SCF converged in 15 iterations.

 Dipole moment (in Debye):              -0.000001      -0.000001      -0.000001

 Quadrupole moment (in Debye-Angstrom):
                  1            2            3
 1       -17.673624    -0.310506    -0.448244
 2        -0.310506   -17.588057    -0.389421
 3        -0.448244    -0.389421   -17.879108

 Spin-squared expectation <S^2>:         8.753
 Total spin quantum number S:            2.501
 TOTAL ENERGY:                        -943.829538531

 --------------------------------------------------------------------------------

 End time:                               Sun Nov  7 04:44:26 2021
 Total wall-clock time:                  6.784 seconds
==================================================================================
