
================================================================================
          _____________ ________ _______________ ________     _________         
         / ___________// ______ \\_____   _____// ______ \   / ________)        
        / /_________  / /      \ \     | |     / /      \ \ | (_______          
       |  __________|| |        | |    | |    | |        | | \________ \        
        \ \_________ | |        | |    | |     \ \______/ /___________) |       
         \__________||_|        |_|    |_|      \________//____________/        
                                                                                
====================================[ Qcore ]===================================

 Git describe: 2.3.0-3-g778a55bfd
 Compiler:     GNU 9.3.0
 Build type:   Release
 Version:      2.3.0-3-g778a55bfd

 Start time:   Sun Nov  7 04:43:18 2021

 Data directory: /mnt/storage/scratch/zw18965/.local/qcore/share/entos/qcore/data
 Number of threads: 28
 Number of threads was determined by: command line argument

 --------------------------------------------------------------------------------
                                   command: dft                                  
 --------------------------------------------------------------------------------
 AO basis set:                           def2-tzvppd
 Number of AO basis functions:         134

 Formula:                                V2
 Nuclear charge:                        46.000000000
 Total charge:                           0.000000000
 Number of electrons:                   46.000000000

 Number of alpha electrons:             24
 Number of beta electrons:              22
 Number of unpaired electrons:           2
 Spin:                                   2
 Multiplicity:                           triplet

 Theory:                                 dft
 Exchange-correlation functional:        wb97x

 Using range separated hybrid functional
 Range separation parameter:             0.300000000
 Short range exact exchange:             0.263800000
 Total long range exact exchange:        1.000000000

 Method for Coulomb:                     incore_df
 Method for exact exchange:              pre_transformed_df
 Integral threshold:                     1.00e-12
 DF basis set:                           def2-universal-jkfit
 Number of DF basis functions:         528
 Schwarz screening threshold:            1.00e-10
 Coulomb fitting method:                 Cholesky

 ------------------
  UW12 Correlation 
 ------------------
 Factor for UW12 correlation:            1.000000000
 Same spin scale factor:                 0.000000000
 Calculate indirect contribution:        false
 Method for three electron term:         df_ri
 Auxiliary RI basis set:                 Def2-TZVPPD-RI
 Number of RI basis functions:         450
 Gaussians in geminal expansion:         4
 UW12 screening threshold:               1.00e-16
 Method for density-fitting:             w(r)
 Number of core spatial orbitals:       18

 Total number of grid points:        15704
 Method for AO orthogonalization:        symmetric
 Threshold for linear dependence:        1.00e-08
 D3BJ dispersion energy:                -0.010016042

 -------------------------------------
  Running unrestricted open-shell SCF 
 -------------------------------------
 Max number of iterations:             128
 Conv. threshold (gradient):             1.00e-05
 Conv. threshold (energy):               1.00e-06
 Interpolation scheme:                   adiis+cdiis
 Initial guess:                          SAD

 ---------------------------------------------------------------
                  energy        change          grad        time
 ---------------------------------------------------------------
   0     -1887.720973450                    2.86e+00        7.53
   1     -1887.713720478      7.25e-03      2.83e-01        0.75
   2     -1887.739288504     -2.56e-02      1.99e-01        0.70
   3     -1887.749916578     -1.06e-02      1.12e-01        0.70
   4     -1887.755411937     -5.50e-03      4.81e-02        0.70
   5     -1887.755943029     -5.31e-04      2.60e-02        0.69
   6     -1887.756689277     -7.46e-04      4.37e-03        0.69
   7     -1887.756694078     -4.80e-06      3.19e-03        0.72
   8     -1887.756699448     -5.37e-06      4.12e-04        0.68
   9     -1887.756700481     -1.03e-06      1.24e-04        0.72
  10     -1887.756700797     -3.16e-07      3.53e-05        0.69
  11     -1887.756700802     -5.29e-09      1.53e-05        0.68
  12     -1887.756700870     -6.74e-08      7.73e-06        0.70

 SCF converged in 12 iterations.

 Dipole moment (in Debye):              -0.000000      -0.000000       0.000021

 Quadrupole moment (in Debye-Angstrom):
                  1            2            3
 1       -35.304275     0.000001    -0.000001
 2         0.000001   -35.304275    -0.000001
 3        -0.000001    -0.000001   -30.339885

 Spin-squared expectation <S^2>:         2.006
 Total spin quantum number S:            1.002
 TOTAL ENERGY:                       -1887.756700883

 --------------------------------------------------------------------------------

 End time:                               Sun Nov  7 04:43:40 2021
 Total wall-clock time:                 21.516 seconds
==================================================================================
