
================================================================================
          _____________ ________ _______________ ________     _________         
         / ___________// ______ \\_____   _____// ______ \   / ________)        
        / /_________  / /      \ \     | |     / /      \ \ | (_______          
       |  __________|| |        | |    | |    | |        | | \________ \        
        \ \_________ | |        | |    | |     \ \______/ /___________) |       
         \__________||_|        |_|    |_|      \________//____________/        
                                                                                
====================================[ Qcore ]===================================

 Git describe: 2.3.0-3-g778a55bfd
 Compiler:     GNU 9.3.0
 Build type:   Release
 Version:      2.3.0-3-g778a55bfd

 Start time:   Sun Nov  7 04:42:19 2021

 Data directory: /mnt/storage/scratch/zw18965/.local/qcore/share/entos/qcore/data
 Number of threads: 28
 Number of threads was determined by: command line argument

 --------------------------------------------------------------------------------
                                   command: dft                                  
 --------------------------------------------------------------------------------
 AO basis set:                           def2-tzvppd
 Number of AO basis functions:         118

 Formula:                                SV
 Nuclear charge:                        39.000000000
 Total charge:                           0.000000000
 Number of electrons:                   39.000000000

 Number of alpha electrons:             21
 Number of beta electrons:              18
 Number of unpaired electrons:           3
 Spin:                                   3
 Multiplicity:                           quartet

 Theory:                                 dft
 Exchange-correlation functional:        wb97x

 Using range separated hybrid functional
 Range separation parameter:             0.300000000
 Short range exact exchange:             0.263800000
 Total long range exact exchange:        1.000000000

 Method for Coulomb:                     incore_df
 Method for exact exchange:              pre_transformed_df
 Integral threshold:                     1.00e-12
 DF basis set:                           def2-universal-jkfit
 Number of DF basis functions:         392
 Schwarz screening threshold:            1.00e-10
 Coulomb fitting method:                 Cholesky

 ------------------
  UW12 Correlation 
 ------------------
 Factor for UW12 correlation:            1.000000000
 Same spin scale factor:                 0.000000000
 Calculate indirect contribution:        false
 Method for three electron term:         df_ri
 Auxiliary RI basis set:                 Def2-TZVPPD-RI
 Number of RI basis functions:         364
 Gaussians in geminal expansion:         4
 UW12 screening threshold:               1.00e-16
 Method for density-fitting:             w(r)
 Number of core spatial orbitals:       14

 Total number of grid points:        15202
 Method for AO orthogonalization:        symmetric
 Threshold for linear dependence:        1.00e-08
 D3BJ dispersion energy:                -0.005550330

 -------------------------------------
  Running unrestricted open-shell SCF 
 -------------------------------------
 Max number of iterations:             128
 Conv. threshold (gradient):             1.00e-05
 Conv. threshold (energy):               1.00e-06
 Interpolation scheme:                   adiis+cdiis
 Initial guess:                          SAD

 ---------------------------------------------------------------
                  energy        change          grad        time
 ---------------------------------------------------------------
   0     -1341.856894230                    2.03e+00        5.56
   1     -1341.707379806      1.50e-01      1.02e+00        0.39
   2     -1334.842559858      6.86e+00      4.82e+00        0.39
   3     -1341.309972971     -6.47e+00      1.59e+00        0.36
   4     -1342.096893751     -7.87e-01      8.06e-02        0.35
   5     -1342.095365353      1.53e-03      1.86e-01        0.34
   6     -1342.102171323     -6.81e-03      5.28e-02        0.33
   7     -1342.103253618     -1.08e-03      2.15e-02        0.33
   8     -1342.104100311     -8.47e-04      7.87e-03        0.33
   9     -1342.104298555     -1.98e-04      4.51e-03        0.35
  10     -1342.104367353     -6.88e-05      2.51e-03        0.35
  11     -1342.104383407     -1.61e-05      9.49e-04        0.33
  12     -1342.104390590     -7.18e-06      4.78e-04        0.34
  13     -1342.104392142     -1.55e-06      2.09e-04        0.34
  14     -1342.104392565     -4.24e-07      6.61e-05        0.34
  15     -1342.104392569     -3.33e-09      3.17e-05        0.34
  16     -1342.104392630     -6.11e-08      1.98e-05        0.33
  17     -1342.104392597      3.23e-08      8.34e-06        0.33

 SCF converged in 17 iterations.

 Dipole moment (in Debye):               0.000001       0.000000      -6.534609

 Quadrupole moment (in Debye-Angstrom):
                  1            2            3
 1       -30.103587    -0.000000    -0.000000
 2        -0.000000   -30.103587    -0.000000
 3        -0.000000    -0.000000   -24.296723

 Spin-squared expectation <S^2>:         3.792
 Total spin quantum number S:            1.511
 TOTAL ENERGY:                       -1342.104392623

 --------------------------------------------------------------------------------

 End time:                               Sun Nov  7 04:42:36 2021
 Total wall-clock time:                 16.805 seconds
==================================================================================
