
================================================================================
          _____________ ________ _______________ ________     _________         
         / ___________// ______ \\_____   _____// ______ \   / ________)        
        / /_________  / /      \ \     | |     / /      \ \ | (_______          
       |  __________|| |        | |    | |    | |        | | \________ \        
        \ \_________ | |        | |    | |     \ \______/ /___________) |       
         \__________||_|        |_|    |_|      \________//____________/        
                                                                                
====================================[ Qcore ]===================================

 Git describe: 2.3.0-3-g778a55bfd
 Compiler:     GNU 9.3.0
 Build type:   Release
 Version:      2.3.0-3-g778a55bfd

 Start time:   Sun Nov  7 04:14:18 2021

 Data directory: /mnt/storage/scratch/zw18965/.local/qcore/share/entos/qcore/data
 Number of threads: 28
 Number of threads was determined by: command line argument

 --------------------------------------------------------------------------------
                                   command: dft                                  
 --------------------------------------------------------------------------------
 AO basis set:                           def2-tzvppd
 Number of AO basis functions:          74

 Formula:                                B2
 Nuclear charge:                        10.000000000
 Total charge:                           0.000000000
 Number of electrons:                   10.000000000

 Number of alpha electrons:              6
 Number of beta electrons:               4
 Number of unpaired electrons:           2
 Spin:                                   2
 Multiplicity:                           triplet

 Theory:                                 dft
 Exchange-correlation functional:        camb3lyp

 Using range separated hybrid functional
 Range separation parameter:             0.330000000
 Short range exact exchange:             0.190000000
 Total long range exact exchange:        0.650000000

 Method for Coulomb:                     incore_df
 Method for exact exchange:              pre_transformed_df
 Integral threshold:                     1.00e-12
 DF basis set:                           def2-universal-jkfit
 Number of DF basis functions:         150
 Schwarz screening threshold:            1.00e-10
 Coulomb fitting method:                 Cholesky
 Total number of grid points:        13600
 Method for AO orthogonalization:        symmetric
 Threshold for linear dependence:        1.00e-08
 D3BJ dispersion energy:                -0.000775285

 -------------------------------------
  Running unrestricted open-shell SCF 
 -------------------------------------
 Max number of iterations:             128
 Conv. threshold (gradient):             1.00e-05
 Conv. threshold (energy):               1.00e-06
 Interpolation scheme:                   adiis+cdiis
 Initial guess:                          SAD

 ---------------------------------------------------------------
                  energy        change          grad        time
 ---------------------------------------------------------------
   0       -49.469724307                    1.07e+00        0.01
   1       -49.361554910      1.08e-01      7.84e-02        0.01
   2       -49.366446913     -4.89e-03      2.64e-02        0.01
   3       -49.366903482     -4.57e-04      6.85e-03        0.01
   4       -49.366936964     -3.35e-05      1.26e-03        0.01
   5       -49.366939891     -2.93e-06      5.34e-04        0.01
   6       -49.366940360     -4.69e-07      1.50e-04        0.01
   7       -49.366940400     -4.07e-08      1.76e-05        0.01
   8       -49.366940401     -4.59e-10      7.25e-06        0.01

 SCF converged in 8 iterations.

 Dipole moment (in Debye):              -0.000000      -0.000000      -0.000075

 Quadrupole moment (in Debye-Angstrom):
                  1            2            3
 1       -13.557184    -0.000000    -0.000000
 2        -0.000000   -13.557184    -0.000000
 3        -0.000000    -0.000000   -12.239524

 Spin-squared expectation <S^2>:         2.005
 Total spin quantum number S:            1.002
 TOTAL ENERGY:                         -49.366940401

 --------------------------------------------------------------------------------

 End time:                               Sun Nov  7 04:14:18 2021
 Total wall-clock time:                  0.391 seconds
==================================================================================
