
================================================================================
          _____________ ________ _______________ ________     _________         
         / ___________// ______ \\_____   _____// ______ \   / ________)        
        / /_________  / /      \ \     | |     / /      \ \ | (_______          
       |  __________|| |        | |    | |    | |        | | \________ \        
        \ \_________ | |        | |    | |     \ \______/ /___________) |       
         \__________||_|        |_|    |_|      \________//____________/        
                                                                                
====================================[ Qcore ]===================================

 Git describe: 2.3.0-3-g778a55bfd
 Compiler:     GNU 9.3.0
 Build type:   Release
 Version:      2.3.0-3-g778a55bfd

 Start time:   Sun Nov  7 04:15:18 2021

 Data directory: /mnt/storage/scratch/zw18965/.local/qcore/share/entos/qcore/data
 Number of threads: 28
 Number of threads was determined by: command line argument

 --------------------------------------------------------------------------------
                                   command: dft                                  
 --------------------------------------------------------------------------------
 AO basis set:                           def2-tzvppd
 Number of AO basis functions:          71

 Formula:                                CH2
 Nuclear charge:                         8.000000000
 Total charge:                           0.000000000
 Number of electrons:                    8.000000000

 Number of alpha electrons:              5
 Number of beta electrons:               3
 Number of unpaired electrons:           2
 Spin:                                   2
 Multiplicity:                           triplet

 Theory:                                 dft
 Exchange-correlation functional:        camb3lyp

 Using range separated hybrid functional
 Range separation parameter:             0.330000000
 Short range exact exchange:             0.190000000
 Total long range exact exchange:        0.650000000

 Method for Coulomb:                     incore_df
 Method for exact exchange:              pre_transformed_df
 Integral threshold:                     1.00e-12
 DF basis set:                           def2-universal-jkfit
 Number of DF basis functions:         111
 Schwarz screening threshold:            1.00e-10
 Coulomb fitting method:                 Cholesky
 Total number of grid points:        18580
 Method for AO orthogonalization:        symmetric
 Threshold for linear dependence:        1.00e-08
 D3BJ dispersion energy:                -0.000317959

 -------------------------------------
  Running unrestricted open-shell SCF 
 -------------------------------------
 Max number of iterations:             128
 Conv. threshold (gradient):             1.00e-05
 Conv. threshold (energy):               1.00e-06
 Interpolation scheme:                   adiis+cdiis
 Initial guess:                          SAD

 ---------------------------------------------------------------
                  energy        change          grad        time
 ---------------------------------------------------------------
   0       -39.021666937                    2.02e+00        0.01
   1       -39.133222259     -1.12e-01      2.56e-01        0.01
   2       -39.139998996     -6.78e-03      9.27e-02        0.01
   3       -39.141257933     -1.26e-03      5.98e-02        0.01
   4       -39.141888260     -6.30e-04      4.62e-03        0.01
   5       -39.141902655     -1.44e-05      9.92e-04        0.01
   6       -39.141902995     -3.40e-07      1.99e-04        0.01
   7       -39.141903009     -1.39e-08      3.63e-05        0.01
   8       -39.141903010     -8.53e-10      1.04e-05        0.01
   9       -39.141903010     -5.97e-11      1.98e-06        0.01

 SCF converged in 9 iterations.

 Dipole moment (in Debye):               0.572171       0.000000       0.243833

 Quadrupole moment (in Debye-Angstrom):
                  1            2            3
 1        -7.536492     0.000000    -0.662967
 2         0.000000    -8.344668     0.000000
 3        -0.662967     0.000000    -6.263310

 Spin-squared expectation <S^2>:         2.005
 Total spin quantum number S:            1.002
 TOTAL ENERGY:                         -39.141903010

 --------------------------------------------------------------------------------

 End time:                               Sun Nov  7 04:15:18 2021
 Total wall-clock time:                  0.458 seconds
==================================================================================
