
================================================================================
          _____________ ________ _______________ ________     _________         
         / ___________// ______ \\_____   _____// ______ \   / ________)        
        / /_________  / /      \ \     | |     / /      \ \ | (_______          
       |  __________|| |        | |    | |    | |        | | \________ \        
        \ \_________ | |        | |    | |     \ \______/ /___________) |       
         \__________||_|        |_|    |_|      \________//____________/        
                                                                                
====================================[ Qcore ]===================================

 Git describe: 2.3.0-3-g778a55bfd
 Compiler:     GNU 9.3.0
 Build type:   Release
 Version:      2.3.0-3-g778a55bfd

 Start time:   Sun Nov  7 04:19:18 2021

 Data directory: /mnt/storage/scratch/zw18965/.local/qcore/share/entos/qcore/data
 Number of threads: 28
 Number of threads was determined by: command line argument

 --------------------------------------------------------------------------------
                                   command: dft                                  
 --------------------------------------------------------------------------------
 AO basis set:                           def2-tzvppd
 Number of AO basis functions:         142

 Formula:                                OCl2
 Nuclear charge:                        42.000000000
 Total charge:                           0.000000000
 Number of electrons:                   42.000000000

 Number of alpha electrons:             21
 Number of beta electrons:              21
 Number of unpaired electrons:           0
 Spin:                                   0
 Multiplicity:                           singlet

 Theory:                                 dft
 Exchange-correlation functional:        camb3lyp

 Using range separated hybrid functional
 Range separation parameter:             0.330000000
 Short range exact exchange:             0.190000000
 Total long range exact exchange:        0.650000000

 Method for Coulomb:                     incore_df
 Method for exact exchange:              pre_transformed_df
 Integral threshold:                     1.00e-12
 DF basis set:                           def2-universal-jkfit
 Number of DF basis functions:         333
 Schwarz screening threshold:            1.00e-10
 Coulomb fitting method:                 Cholesky
 Total number of grid points:        21932
 Method for AO orthogonalization:        symmetric
 Threshold for linear dependence:        1.00e-08
 D3BJ dispersion energy:                -0.001564209

 -------------------------------------
  Running restricted closed-shell SCF 
 -------------------------------------
 Max number of iterations:             128
 Conv. threshold (gradient):             1.00e-05
 Conv. threshold (energy):               1.00e-06
 Interpolation scheme:                   adiis+cdiis
 Initial guess:                          SAD

 ---------------------------------------------------------------
                  energy        change          grad        time
 ---------------------------------------------------------------
   0      -995.829512852                    7.04e+00        0.02
   1      -995.542681197      2.87e-01      5.71e-01        0.03
   2      -995.556867649     -1.42e-02      2.35e-01        0.02
   3      -995.558887875     -2.02e-03      1.74e-01        0.02
   4      -995.561456033     -2.57e-03      1.03e-01        0.02
   5      -995.560613470      8.43e-04      2.01e-01        0.02
   6      -995.561831273     -1.22e-03      3.51e-02        0.02
   7      -995.561823791      7.48e-06      4.15e-02        0.02
   8      -995.561879955     -5.62e-05      3.28e-04        0.02
   9      -995.561879964     -9.18e-09      6.11e-05        0.02
  10      -995.561879964     -3.81e-10      1.05e-05        0.02
  11      -995.561879964     -4.25e-11      3.50e-06        0.02

 SCF converged in 11 iterations.

 Dipole moment (in Debye):               0.000001      -0.000000      -0.613561

 Quadrupole moment (in Debye-Angstrom):
                  1            2            3
 1       -27.187905    -0.000000     0.000000
 2        -0.000000   -31.073607    -0.000000
 3         0.000000    -0.000000   -30.391128

 Spin-squared expectation <S^2>:         0.000
 Total spin quantum number S:            0.000
 TOTAL ENERGY:                        -995.561879964

 --------------------------------------------------------------------------------

 End time:                               Sun Nov  7 04:19:18 2021
 Total wall-clock time:                  0.820 seconds
==================================================================================
