
================================================================================
          _____________ ________ _______________ ________     _________         
         / ___________// ______ \\_____   _____// ______ \   / ________)        
        / /_________  / /      \ \     | |     / /      \ \ | (_______          
       |  __________|| |        | |    | |    | |        | | \________ \        
        \ \_________ | |        | |    | |     \ \______/ /___________) |       
         \__________||_|        |_|    |_|      \________//____________/        
                                                                                
====================================[ Qcore ]===================================

 Git describe: 2.3.0-3-g778a55bfd
 Compiler:     GNU 9.3.0
 Build type:   Release
 Version:      2.3.0-3-g778a55bfd

 Start time:   Sun Nov  7 04:22:19 2021

 Data directory: /mnt/storage/scratch/zw18965/.local/qcore/share/entos/qcore/data
 Number of threads: 28
 Number of threads was determined by: command line argument

 --------------------------------------------------------------------------------
                                   command: dft                                  
 --------------------------------------------------------------------------------
 AO basis set:                           def2-tzvppd
 Number of AO basis functions:         134

 Formula:                                Cr2
 Nuclear charge:                        48.000000000
 Total charge:                           0.000000000
 Number of electrons:                   48.000000000

 Number of alpha electrons:             24
 Number of beta electrons:              24
 Number of unpaired electrons:           0
 Spin:                                   0
 Multiplicity:                           singlet

 Theory:                                 dft
 Exchange-correlation functional:        camb3lyp

 Using range separated hybrid functional
 Range separation parameter:             0.330000000
 Short range exact exchange:             0.190000000
 Total long range exact exchange:        0.650000000

 Method for Coulomb:                     incore_df
 Method for exact exchange:              pre_transformed_df
 Integral threshold:                     1.00e-12
 DF basis set:                           def2-universal-jkfit
 Number of DF basis functions:         528
 Schwarz screening threshold:            1.00e-10
 Coulomb fitting method:                 Cholesky
 Total number of grid points:        15656
 Method for AO orthogonalization:        symmetric
 Threshold for linear dependence:        1.00e-08
 D3BJ dispersion energy:                -0.002173500

 -------------------------------------
  Running restricted closed-shell SCF 
 -------------------------------------
 Max number of iterations:             128
 Conv. threshold (gradient):             1.00e-05
 Conv. threshold (energy):               1.00e-06
 Interpolation scheme:                   adiis+cdiis
 Initial guess:                          SAD

 ---------------------------------------------------------------
                  energy        change          grad        time
 ---------------------------------------------------------------
   0     -2088.646270995                    6.65e+00        0.03
   1     -2088.772191887     -1.26e-01      5.08e-01        0.02
   2     -2088.748859875      2.33e-02      5.46e-01        0.02
   3     -2088.820117119     -7.13e-02      7.13e-02        0.02
   4     -2088.820447516     -3.30e-04      5.46e-02        0.02
   5     -2088.820742763     -2.95e-04      2.95e-03        0.03
   6     -2088.820718620      2.41e-05      1.68e-02        0.02
   7     -2088.820747188     -2.86e-05      1.14e-03        0.02
   8     -2088.820747526     -3.38e-07      1.43e-04        0.02
   9     -2088.820747536     -1.08e-08      2.62e-05        0.02
  10     -2088.820747537     -4.55e-10      3.00e-06        0.02

 SCF converged in 10 iterations.

 Dipole moment (in Debye):               0.000001       0.000001       0.000000

 Quadrupole moment (in Debye-Angstrom):
                  1            2            3
 1       -34.402076    -0.000000    -0.000001
 2        -0.000000   -34.402076    -0.000001
 3        -0.000001    -0.000001   -28.030088

 Spin-squared expectation <S^2>:         0.000
 Total spin quantum number S:            0.000
 TOTAL ENERGY:                       -2088.820747537

 --------------------------------------------------------------------------------

 End time:                               Sun Nov  7 04:22:21 2021
 Total wall-clock time:                  1.721 seconds
==================================================================================
