
================================================================================
          _____________ ________ _______________ ________     _________         
         / ___________// ______ \\_____   _____// ______ \   / ________)        
        / /_________  / /      \ \     | |     / /      \ \ | (_______          
       |  __________|| |        | |    | |    | |        | | \________ \        
        \ \_________ | |        | |    | |     \ \______/ /___________) |       
         \__________||_|        |_|    |_|      \________//____________/        
                                                                                
====================================[ Qcore ]===================================

 Git describe: 2.3.0-3-g778a55bfd
 Compiler:     GNU 9.3.0
 Build type:   Release
 Version:      2.3.0-3-g778a55bfd

 Start time:   Sun Nov  7 04:18:18 2021

 Data directory: /mnt/storage/scratch/zw18965/.local/qcore/share/entos/qcore/data
 Number of threads: 28
 Number of threads was determined by: command line argument

 --------------------------------------------------------------------------------
                                   command: dft                                  
 --------------------------------------------------------------------------------
 AO basis set:                           def2-tzvppd
 Number of AO basis functions:         452

 Formula:                                C5O5Fe
 Nuclear charge:                        96.000000000
 Total charge:                           0.000000000
 Number of electrons:                   96.000000000

 Number of alpha electrons:             48
 Number of beta electrons:              48
 Number of unpaired electrons:           0
 Spin:                                   0
 Multiplicity:                           singlet

 Theory:                                 dft
 Exchange-correlation functional:        camb3lyp

 Using range separated hybrid functional
 Range separation parameter:             0.330000000
 Short range exact exchange:             0.190000000
 Total long range exact exchange:        0.650000000

 Method for Coulomb:                     incore_df
 Method for exact exchange:              pre_transformed_df
 Integral threshold:                     1.00e-12
 DF basis set:                           def2-universal-jkfit
 Number of DF basis functions:        1024
 Schwarz screening threshold:            1.00e-10
 Coulomb fitting method:                 Cholesky
 Total number of grid points:        76656
 Method for AO orthogonalization:        symmetric
 Threshold for linear dependence:        1.00e-08
 D3BJ dispersion energy:                -0.012348295

 -------------------------------------
  Running restricted closed-shell SCF 
 -------------------------------------
 Max number of iterations:             128
 Conv. threshold (gradient):             1.00e-05
 Conv. threshold (energy):               1.00e-06
 Interpolation scheme:                   adiis+cdiis
 Initial guess:                          SAD

 ---------------------------------------------------------------
                  energy        change          grad        time
 ---------------------------------------------------------------
   0     -1832.313605095                    2.26e+01        0.40
   1     -1830.038784858      2.27e+00      4.66e+00        0.33
   2     -1822.292723382      7.75e+00      1.52e+01        0.33
   3     -1829.698553895     -7.41e+00      7.30e+00        0.33
   4     -1830.529428713     -8.31e-01      2.15e-01        0.33
   5     -1830.527993837      1.43e-03      2.63e-01        0.33
   6     -1830.530543386     -2.55e-03      4.64e-01        0.35
   7     -1830.516423347      1.41e-02      1.20e+00        0.35
   8     -1830.531454404     -1.50e-02      3.80e-01        0.37
   9     -1830.533350631     -1.90e-03      8.17e-02        0.38
  10     -1830.533136560      2.14e-04      1.53e-01        0.39
  11     -1830.533463715     -3.27e-04      2.57e-03        0.39
  12     -1830.533463945     -2.30e-07      1.30e-03        0.36
  13     -1830.533463980     -3.49e-08      6.81e-04        0.35
  14     -1830.533463987     -7.28e-09      6.42e-05        0.35
  15     -1830.533463987     -7.44e-11      4.40e-06        0.35

 SCF converged in 15 iterations.

 Dipole moment (in Debye):              -0.000216       0.000029       0.000001

 Quadrupole moment (in Debye-Angstrom):
                  1            2            3
 1       -71.739332    -0.000043     0.000001
 2        -0.000043   -71.738651    -0.000001
 3         0.000001    -0.000001   -69.060275

 Spin-squared expectation <S^2>:         0.000
 Total spin quantum number S:            0.000
 TOTAL ENERGY:                       -1830.533463987

 --------------------------------------------------------------------------------

 End time:                               Sun Nov  7 04:18:39 2021
 Total wall-clock time:                 21.678 seconds
==================================================================================
