
================================================================================
          _____________ ________ _______________ ________     _________         
         / ___________// ______ \\_____   _____// ______ \   / ________)        
        / /_________  / /      \ \     | |     / /      \ \ | (_______          
       |  __________|| |        | |    | |    | |        | | \________ \        
        \ \_________ | |        | |    | |     \ \______/ /___________) |       
         \__________||_|        |_|    |_|      \________//____________/        
                                                                                
====================================[ Qcore ]===================================

 Git describe: 2.3.0-3-g778a55bfd
 Compiler:     GNU 9.3.0
 Build type:   Release
 Version:      2.3.0-3-g778a55bfd

 Start time:   Sun Nov  7 04:20:18 2021

 Data directory: /mnt/storage/scratch/zw18965/.local/qcore/share/entos/qcore/data
 Number of threads: 28
 Number of threads was determined by: command line argument

 --------------------------------------------------------------------------------
                                   command: dft                                  
 --------------------------------------------------------------------------------
 AO basis set:                           def2-tzvppd
 Number of AO basis functions:          67

 Formula:                                Ni+
 Nuclear charge:                        28.000000000
 Total charge:                           1.000000000
 Number of electrons:                   27.000000000

 Number of alpha electrons:             14
 Number of beta electrons:              13
 Number of unpaired electrons:           1
 Spin:                                   1
 Multiplicity:                           doublet

 Theory:                                 dft
 Exchange-correlation functional:        camb3lyp

 Using range separated hybrid functional
 Range separation parameter:             0.330000000
 Short range exact exchange:             0.190000000
 Total long range exact exchange:        0.650000000

 Method for Coulomb:                     incore_df
 Method for exact exchange:              pre_transformed_df
 Integral threshold:                     1.00e-12
 DF basis set:                           def2-universal-jkfit
 Number of DF basis functions:         264
 Schwarz screening threshold:            1.00e-10
 Coulomb fitting method:                 Cholesky
 Total number of grid points:         7936
 Method for AO orthogonalization:        symmetric
 Threshold for linear dependence:        1.00e-08
 D3BJ dispersion energy:                 0.000000000

 -------------------------------------
  Running unrestricted open-shell SCF 
 -------------------------------------
 Max number of iterations:             128
 Conv. threshold (gradient):             1.00e-05
 Conv. threshold (energy):               1.00e-06
 Interpolation scheme:                   adiis+cdiis
 Initial guess:                          SAD

 ---------------------------------------------------------------
                  energy        change          grad        time
 ---------------------------------------------------------------
   0     -1508.173626767                    1.26e-02        0.01
   1     -1508.075323922      9.83e-02      1.40e-01        0.01
   2     -1508.074423213      9.01e-04      1.55e-01        0.01
   3     -1508.085395208     -1.10e-02      6.13e-02        0.01
   4     -1508.086312640     -9.17e-04      4.79e-02        0.01
   5     -1508.087579309     -1.27e-03      1.37e-03        0.01
   6     -1508.087585511     -6.20e-06      9.00e-04        0.01
   7     -1508.087587932     -2.42e-06      5.40e-04        0.01
   8     -1508.087588868     -9.37e-07      1.98e-04        0.01
   9     -1508.087588990     -1.22e-07      1.23e-04        0.01
  10     -1508.087589146     -1.56e-07      8.03e-05        0.01
  11     -1508.087589197     -5.08e-08      8.29e-05        0.01
  12     -1508.087589204     -7.31e-09      8.35e-05        0.01
  13     -1508.087588967      2.37e-07      5.80e-05        0.01
  14     -1508.087588759      2.08e-07      2.05e-05        0.01
  15     -1508.087588759     -8.00e-11      1.91e-05        0.01
  16     -1508.087588759      2.57e-10      4.34e-06        0.01

 SCF converged in 16 iterations.

 Dipole moment (in Debye):              -0.000001      -0.000001      -0.000001

 Quadrupole moment (in Debye-Angstrom):
                  1            2            3
 1        -8.838932    -0.010838     0.078993
 2        -0.010838    -8.837810     0.074909
 3         0.078993     0.074909    -9.373421

 Spin-squared expectation <S^2>:         0.751
 Total spin quantum number S:            0.500
 TOTAL ENERGY:                       -1508.087588759

 --------------------------------------------------------------------------------

 End time:                               Sun Nov  7 04:20:19 2021
 Total wall-clock time:                  0.872 seconds
==================================================================================
