
================================================================================
          _____________ ________ _______________ ________     _________         
         / ___________// ______ \\_____   _____// ______ \   / ________)        
        / /_________  / /      \ \     | |     / /      \ \ | (_______          
       |  __________|| |        | |    | |    | |        | | \________ \        
        \ \_________ | |        | |    | |     \ \______/ /___________) |       
         \__________||_|        |_|    |_|      \________//____________/        
                                                                                
====================================[ Qcore ]===================================

 Git describe: 2.3.0-3-g778a55bfd
 Compiler:     GNU 9.3.0
 Build type:   Release
 Version:      2.3.0-3-g778a55bfd

 Start time:   Sun Nov  7 04:17:18 2021

 Data directory: /mnt/storage/scratch/zw18965/.local/qcore/share/entos/qcore/data
 Number of threads: 28
 Number of threads was determined by: command line argument

 --------------------------------------------------------------------------------
                                   command: dft                                  
 --------------------------------------------------------------------------------
 AO basis set:                           def2-tzvppd
 Number of AO basis functions:         138

 Formula:                                CH2Ni+
 Nuclear charge:                        36.000000000
 Total charge:                           1.000000000
 Number of electrons:                   35.000000000

 Number of alpha electrons:             18
 Number of beta electrons:              17
 Number of unpaired electrons:           1
 Spin:                                   1
 Multiplicity:                           doublet

 Theory:                                 dft
 Exchange-correlation functional:        camb3lyp

 Using range separated hybrid functional
 Range separation parameter:             0.330000000
 Short range exact exchange:             0.190000000
 Total long range exact exchange:        0.650000000

 Method for Coulomb:                     incore_df
 Method for exact exchange:              pre_transformed_df
 Integral threshold:                     1.00e-12
 DF basis set:                           def2-universal-jkfit
 Number of DF basis functions:         375
 Schwarz screening threshold:            1.00e-10
 Coulomb fitting method:                 Cholesky
 Total number of grid points:        26516
 Method for AO orthogonalization:        symmetric
 Threshold for linear dependence:        1.00e-08
 D3BJ dispersion energy:                -0.001538282

 -------------------------------------
  Running unrestricted open-shell SCF 
 -------------------------------------
 Max number of iterations:             128
 Conv. threshold (gradient):             1.00e-05
 Conv. threshold (energy):               1.00e-06
 Interpolation scheme:                   adiis+cdiis
 Initial guess:                          SAD

 ---------------------------------------------------------------
                  energy        change          grad        time
 ---------------------------------------------------------------
   0     -1547.562378644                    3.38e+00        0.04
   1     -1547.216249982      3.46e-01      8.56e-01        0.04
   2     -1546.354420075      8.62e-01      3.10e+00        0.03
   3     -1547.222818973     -8.68e-01      1.06e+00        0.03
   4     -1547.333903641     -1.11e-01      1.44e-01        0.03
   5     -1547.313956403      1.99e-02      4.66e-01        0.04
   6     -1547.339643375     -2.57e-02      1.23e-01        0.04
   7     -1547.333757928      5.89e-03      2.25e-01        0.04
   8     -1547.341960510     -8.20e-03      3.86e-02        0.04
   9     -1547.341822308      1.38e-04      8.45e-02        0.04
  10     -1547.343436919     -1.61e-03      1.09e-02        0.04
  11     -1547.343613074     -1.76e-04      9.43e-03        0.04
  12     -1547.343889172     -2.76e-04      8.98e-03        0.04
  13     -1547.344885745     -9.97e-04      2.46e-02        0.04
  14     -1547.344911126     -2.54e-05      2.06e-02        0.04
  15     -1547.345148718     -2.38e-04      1.80e-02        0.03
  16     -1547.345189067     -4.03e-05      4.31e-03        0.04
  17     -1547.345227190     -3.81e-05      5.39e-03        0.03
  18     -1547.345301346     -7.42e-05      2.32e-03        0.03
  19     -1547.345323229     -2.19e-05      1.24e-03        0.04
  20     -1547.345331150     -7.92e-06      6.62e-04        0.03
  21     -1547.345331163     -1.33e-08      1.57e-03        0.03
  22     -1547.345331153      1.02e-08      1.56e-03        0.04
  23     -1547.345331706     -5.53e-07      1.84e-04        0.04
  24     -1547.345331800     -9.33e-08      4.00e-05        0.04
  25     -1547.345331800     -3.47e-10      8.70e-06        0.04

 SCF converged in 25 iterations.

 Dipole moment (in Debye):              -0.000001      -0.000001      -0.098602

 Quadrupole moment (in Debye-Angstrom):
                  1            2            3
 1       -15.126226     0.000002    -0.000000
 2         0.000002   -17.198581    -0.000001
 3        -0.000000    -0.000001    -8.060602

 Spin-squared expectation <S^2>:         0.867
 Total spin quantum number S:            0.557
 TOTAL ENERGY:                       -1547.345331800

 --------------------------------------------------------------------------------

 End time:                               Sun Nov  7 04:17:20 2021
 Total wall-clock time:                  2.783 seconds
==================================================================================
