
================================================================================
          _____________ ________ _______________ ________     _________         
         / ___________// ______ \\_____   _____// ______ \   / ________)        
        / /_________  / /      \ \     | |     / /      \ \ | (_______          
       |  __________|| |        | |    | |    | |        | | \________ \        
        \ \_________ | |        | |    | |     \ \______/ /___________) |       
         \__________||_|        |_|    |_|      \________//____________/        
                                                                                
====================================[ Qcore ]===================================

 Git describe: 2.3.0-3-g778a55bfd
 Compiler:     GNU 9.3.0
 Build type:   Release
 Version:      2.3.0-3-g778a55bfd

 Start time:   Sun Nov  7 04:19:18 2021

 Data directory: /mnt/storage/scratch/zw18965/.local/qcore/share/entos/qcore/data
 Number of threads: 28
 Number of threads was determined by: command line argument

 --------------------------------------------------------------------------------
                                   command: dft                                  
 --------------------------------------------------------------------------------
 AO basis set:                           def2-tzvppd
 Number of AO basis functions:         120

 Formula:                                O3
 Nuclear charge:                        24.000000000
 Total charge:                           0.000000000
 Number of electrons:                   24.000000000

 Number of alpha electrons:             12
 Number of beta electrons:              12
 Number of unpaired electrons:           0
 Spin:                                   0
 Multiplicity:                           singlet

 Theory:                                 dft
 Exchange-correlation functional:        camb3lyp

 Using range separated hybrid functional
 Range separation parameter:             0.330000000
 Short range exact exchange:             0.190000000
 Total long range exact exchange:        0.650000000

 Method for Coulomb:                     incore_df
 Method for exact exchange:              pre_transformed_df
 Integral threshold:                     1.00e-12
 DF basis set:                           def2-universal-jkfit
 Number of DF basis functions:         231
 Schwarz screening threshold:            1.00e-10
 Coulomb fitting method:                 Cholesky
 Total number of grid points:        20832
 Method for AO orthogonalization:        symmetric
 Threshold for linear dependence:        1.00e-08
 D3BJ dispersion energy:                -0.000487193

 -------------------------------------
  Running restricted closed-shell SCF 
 -------------------------------------
 Max number of iterations:             128
 Conv. threshold (gradient):             1.00e-05
 Conv. threshold (energy):               1.00e-06
 Interpolation scheme:                   adiis+cdiis
 Initial guess:                          SAD

 ---------------------------------------------------------------
                  energy        change          grad        time
 ---------------------------------------------------------------
   0      -225.833799248                    8.90e+00        0.02
   1      -225.292023806      5.42e-01      1.81e+00        0.01
   2      -224.989086458      3.03e-01      3.30e+00        0.01
   3      -225.420733830     -4.32e-01      6.81e-01        0.01
   4      -225.417220014      3.51e-03      7.56e-01        0.01
   5      -225.439436263     -2.22e-02      2.92e-02        0.01
   6      -225.439448452     -1.22e-05      3.17e-02        0.01
   7      -225.439484025     -3.56e-05      1.60e-03        0.01
   8      -225.439484191     -1.65e-07      8.73e-04        0.02
   9      -225.439484203     -1.23e-08      5.49e-04        0.02
  10      -225.439484221     -1.82e-08      3.34e-05        0.01
  11      -225.439484221     -5.28e-11      5.58e-06        0.01

 SCF converged in 11 iterations.

 Dipole moment (in Debye):              -0.584887       0.000000      -0.357568

 Quadrupole moment (in Debye-Angstrom):
                  1            2            3
 1       -16.462074    -0.000000     0.575891
 2        -0.000000   -14.830447    -0.000000
 3         0.575891    -0.000000   -17.051944

 Spin-squared expectation <S^2>:         0.000
 Total spin quantum number S:            0.000
 TOTAL ENERGY:                        -225.439484221

 --------------------------------------------------------------------------------

 End time:                               Sun Nov  7 04:19:18 2021
 Total wall-clock time:                  0.571 seconds
==================================================================================
