
================================================================================
          _____________ ________ _______________ ________     _________         
         / ___________// ______ \\_____   _____// ______ \   / ________)        
        / /_________  / /      \ \     | |     / /      \ \ | (_______          
       |  __________|| |        | |    | |    | |        | | \________ \        
        \ \_________ | |        | |    | |     \ \______/ /___________) |       
         \__________||_|        |_|    |_|      \________//____________/        
                                                                                
====================================[ Qcore ]===================================

 Git describe: 2.3.0-3-g778a55bfd
 Compiler:     GNU 9.3.0
 Build type:   Release
 Version:      2.3.0-3-g778a55bfd

 Start time:   Sun Nov  7 04:20:18 2021

 Data directory: /mnt/storage/scratch/zw18965/.local/qcore/share/entos/qcore/data
 Number of threads: 28
 Number of threads was determined by: command line argument

 --------------------------------------------------------------------------------
                                   command: dft                                  
 --------------------------------------------------------------------------------
 AO basis set:                           def2-tzvppd
 Number of AO basis functions:         102

 Formula:                                S2
 Nuclear charge:                        32.000000000
 Total charge:                           0.000000000
 Number of electrons:                   32.000000000

 Number of alpha electrons:             17
 Number of beta electrons:              15
 Number of unpaired electrons:           2
 Spin:                                   2
 Multiplicity:                           triplet

 Theory:                                 dft
 Exchange-correlation functional:        camb3lyp

 Using range separated hybrid functional
 Range separation parameter:             0.330000000
 Short range exact exchange:             0.190000000
 Total long range exact exchange:        0.650000000

 Method for Coulomb:                     incore_df
 Method for exact exchange:              pre_transformed_df
 Integral threshold:                     1.00e-12
 DF basis set:                           def2-universal-jkfit
 Number of DF basis functions:         256
 Schwarz screening threshold:            1.00e-10
 Coulomb fitting method:                 Cholesky
 Total number of grid points:        14700
 Method for AO orthogonalization:        symmetric
 Threshold for linear dependence:        1.00e-08
 D3BJ dispersion energy:                -0.001206615

 -------------------------------------
  Running unrestricted open-shell SCF 
 -------------------------------------
 Max number of iterations:             128
 Conv. threshold (gradient):             1.00e-05
 Conv. threshold (energy):               1.00e-06
 Interpolation scheme:                   adiis+cdiis
 Initial guess:                          SAD

 ---------------------------------------------------------------
                  energy        change          grad        time
 ---------------------------------------------------------------
   0      -796.494647621                    2.02e+00        0.02
   1      -796.408836620      8.58e-02      6.74e-02        0.02
   2      -796.414252609     -5.42e-03      3.19e-02        0.02
   3      -796.415260637     -1.01e-03      1.19e-02        0.02
   4      -796.415457729     -1.97e-04      1.79e-03        0.02
   5      -796.415462602     -4.87e-06      4.24e-04        0.02
   6      -796.415462803     -2.00e-07      1.17e-04        0.02
   7      -796.415462812     -9.33e-09      1.74e-05        0.02
   8      -796.415462812     -3.17e-10      4.44e-06        0.02

 SCF converged in 8 iterations.

 Dipole moment (in Debye):               0.000001       0.000001      -0.000009

 Quadrupole moment (in Debye-Angstrom):
                  1            2            3
 1       -26.095404    -0.000000     0.000000
 2        -0.000000   -26.095404     0.000000
 3         0.000000     0.000000   -24.033025

 Spin-squared expectation <S^2>:         2.015
 Total spin quantum number S:            1.005
 TOTAL ENERGY:                        -796.415462812

 --------------------------------------------------------------------------------

 End time:                               Sun Nov  7 04:20:18 2021
 Total wall-clock time:                  0.548 seconds
==================================================================================
