
================================================================================
          _____________ ________ _______________ ________     _________         
         / ___________// ______ \\_____   _____// ______ \   / ________)        
        / /_________  / /      \ \     | |     / /      \ \ | (_______          
       |  __________|| |        | |    | |    | |        | | \________ \        
        \ \_________ | |        | |    | |     \ \______/ /___________) |       
         \__________||_|        |_|    |_|      \________//____________/        
                                                                                
====================================[ Qcore ]===================================

 Git describe: 2.3.0-3-g778a55bfd
 Compiler:     GNU 9.3.0
 Build type:   Release
 Version:      2.3.0-3-g778a55bfd

 Start time:   Sun Nov  7 04:22:19 2021

 Data directory: /mnt/storage/scratch/zw18965/.local/qcore/share/entos/qcore/data
 Number of threads: 28
 Number of threads was determined by: command line argument

 --------------------------------------------------------------------------------
                                   command: dft                                  
 --------------------------------------------------------------------------------
 AO basis set:                           def2-tzvppd
 Number of AO basis functions:         204

 Formula:                                S4
 Nuclear charge:                        64.000000000
 Total charge:                           0.000000000
 Number of electrons:                   64.000000000

 Number of alpha electrons:             32
 Number of beta electrons:              32
 Number of unpaired electrons:           0
 Spin:                                   0
 Multiplicity:                           singlet

 Theory:                                 dft
 Exchange-correlation functional:        camb3lyp

 Using range separated hybrid functional
 Range separation parameter:             0.330000000
 Short range exact exchange:             0.190000000
 Total long range exact exchange:        0.650000000

 Method for Coulomb:                     incore_df
 Method for exact exchange:              pre_transformed_df
 Integral threshold:                     1.00e-12
 DF basis set:                           def2-universal-jkfit
 Number of DF basis functions:         512
 Schwarz screening threshold:            1.00e-10
 Coulomb fitting method:                 Cholesky
 Total number of grid points:        29400
 Method for AO orthogonalization:        symmetric
 Threshold for linear dependence:        1.00e-08
 D3BJ dispersion energy:                -0.006711129

 -------------------------------------
  Running restricted closed-shell SCF 
 -------------------------------------
 Max number of iterations:             128
 Conv. threshold (gradient):             1.00e-05
 Conv. threshold (energy):               1.00e-06
 Interpolation scheme:                   adiis+cdiis
 Initial guess:                          SAD

 ---------------------------------------------------------------
                  energy        change          grad        time
 ---------------------------------------------------------------
   0     -1593.470905227                    9.41e+00        0.05
   1     -1592.792499570      6.78e-01      6.08e-01        0.05
   2     -1592.645993915      1.47e-01      1.35e+00        0.04
   3     -1592.834617233     -1.89e-01      3.07e-01        0.05
   4     -1592.836783771     -2.17e-03      2.41e-01        0.05
   5     -1592.844564179     -7.78e-03      2.71e-02        0.04
   6     -1592.844427710      1.36e-04      4.15e-02        0.05
   7     -1592.844660273     -2.33e-04      2.24e-03        0.05
   8     -1592.844661749     -1.48e-06      7.91e-04        0.05
   9     -1592.844661955     -2.07e-07      2.60e-04        0.05
  10     -1592.844661972     -1.61e-08      6.69e-05        0.04
  11     -1592.844661972     -8.39e-10      2.81e-05        0.05
  12     -1592.844661973     -1.23e-10      6.09e-06        0.05

 SCF converged in 12 iterations.

 Dipole moment (in Debye):              -0.352501       0.000001       1.343754

 Quadrupole moment (in Debye-Angstrom):
                  1            2            3
 1       -53.280086     0.000001    -1.177441
 2         0.000001   -51.900325    -0.000000
 3        -1.177441    -0.000000   -49.101930

 Spin-squared expectation <S^2>:         0.000
 Total spin quantum number S:            0.000
 TOTAL ENERGY:                       -1592.844661973

 --------------------------------------------------------------------------------

 End time:                               Sun Nov  7 04:22:21 2021
 Total wall-clock time:                  1.367 seconds
==================================================================================
