
================================================================================
          _____________ ________ _______________ ________     _________         
         / ___________// ______ \\_____   _____// ______ \   / ________)        
        / /_________  / /      \ \     | |     / /      \ \ | (_______          
       |  __________|| |        | |    | |    | |        | | \________ \        
        \ \_________ | |        | |    | |     \ \______/ /___________) |       
         \__________||_|        |_|    |_|      \________//____________/        
                                                                                
====================================[ Qcore ]===================================

 Git describe: 2.3.0-3-g778a55bfd
 Compiler:     GNU 9.3.0
 Build type:   Release
 Version:      2.3.0-3-g778a55bfd

 Start time:   Sun Nov  7 04:23:18 2021

 Data directory: /mnt/storage/scratch/zw18965/.local/qcore/share/entos/qcore/data
 Number of threads: 28
 Number of threads was determined by: command line argument

 --------------------------------------------------------------------------------
                                   command: dft                                  
 --------------------------------------------------------------------------------
 AO basis set:                           def2-tzvppd
 Number of AO basis functions:          67

 Formula:                                V
 Nuclear charge:                        23.000000000
 Total charge:                           0.000000000
 Number of electrons:                   23.000000000

 Number of alpha electrons:             14
 Number of beta electrons:               9
 Number of unpaired electrons:           5
 Spin:                                   5
 Multiplicity:                           septet

 Theory:                                 dft
 Exchange-correlation functional:        camb3lyp

 Using range separated hybrid functional
 Range separation parameter:             0.330000000
 Short range exact exchange:             0.190000000
 Total long range exact exchange:        0.650000000

 Method for Coulomb:                     incore_df
 Method for exact exchange:              pre_transformed_df
 Integral threshold:                     1.00e-12
 DF basis set:                           def2-universal-jkfit
 Number of DF basis functions:         264
 Schwarz screening threshold:            1.00e-10
 Coulomb fitting method:                 Cholesky
 Total number of grid points:         7852
 Method for AO orthogonalization:        symmetric
 Threshold for linear dependence:        1.00e-08
 D3BJ dispersion energy:                 0.000000000

 -------------------------------------
  Running unrestricted open-shell SCF 
 -------------------------------------
 Max number of iterations:             128
 Conv. threshold (gradient):             1.00e-05
 Conv. threshold (energy):               1.00e-06
 Interpolation scheme:                   adiis+cdiis
 Initial guess:                          SAD

 ---------------------------------------------------------------
                  energy        change          grad        time
 ---------------------------------------------------------------
   0      -943.495073622                    2.33e-02        0.01
   1      -943.878139430     -3.83e-01      2.49e-01        0.01
   2      -943.875317917      2.82e-03      2.84e-01        0.01
   3      -943.935546389     -6.02e-02      2.26e-02        0.01
   4      -943.935530767      1.56e-05      2.23e-02        0.01
   5      -943.935889593     -3.59e-04      6.58e-04        0.01
   6      -943.935890198     -6.05e-07      2.21e-04        0.01
   7      -943.935890280     -8.14e-08      1.15e-04        0.01
   8      -943.935890304     -2.43e-08      1.15e-04        0.01
   9      -943.935890310     -6.27e-09      1.16e-04        0.01
  10      -943.935889971      3.39e-07      9.24e-05        0.01
  11      -943.935889608      3.63e-07      4.55e-05        0.01
  12      -943.935889561      4.67e-08      1.34e-05        0.01
  13      -943.935889561      3.68e-10      5.95e-06        0.01

 SCF converged in 13 iterations.

 Dipole moment (in Debye):              -0.000002      -0.000002      -0.000002

 Quadrupole moment (in Debye-Angstrom):
                  1            2            3
 1       -17.189254    -0.034448     0.212417
 2        -0.034448   -17.184163     0.197307
 3         0.212417     0.197307   -18.368784

 Spin-squared expectation <S^2>:         8.750
 Total spin quantum number S:            2.500
 TOTAL ENERGY:                        -943.935889561

 --------------------------------------------------------------------------------

 End time:                               Sun Nov  7 04:23:19 2021
 Total wall-clock time:                  0.861 seconds
==================================================================================
