
================================================================================
          _____________ ________ _______________ ________     _________         
         / ___________// ______ \\_____   _____// ______ \   / ________)        
        / /_________  / /      \ \     | |     / /      \ \ | (_______          
       |  __________|| |        | |    | |    | |        | | \________ \        
        \ \_________ | |        | |    | |     \ \______/ /___________) |       
         \__________||_|        |_|    |_|      \________//____________/        
                                                                                
====================================[ Qcore ]===================================

 Git describe: 2.3.0-3-g778a55bfd
 Compiler:     GNU 9.3.0
 Build type:   Release
 Version:      2.3.0-3-g778a55bfd

 Start time:   Sun Nov  7 04:22:36 2021

 Data directory: /mnt/storage/scratch/zw18965/.local/qcore/share/entos/qcore/data
 Number of threads: 28
 Number of threads was determined by: command line argument

 --------------------------------------------------------------------------------
                                   command: dft                                  
 --------------------------------------------------------------------------------
 AO basis set:                           def2-tzvppd
 Number of AO basis functions:         134

 Formula:                                V2
 Nuclear charge:                        46.000000000
 Total charge:                           0.000000000
 Number of electrons:                   46.000000000

 Number of alpha electrons:             24
 Number of beta electrons:              22
 Number of unpaired electrons:           2
 Spin:                                   2
 Multiplicity:                           triplet

 Theory:                                 dft
 Exchange-correlation functional:        camb3lyp

 Using range separated hybrid functional
 Range separation parameter:             0.330000000
 Short range exact exchange:             0.190000000
 Total long range exact exchange:        0.650000000

 Method for Coulomb:                     incore_df
 Method for exact exchange:              pre_transformed_df
 Integral threshold:                     1.00e-12
 DF basis set:                           def2-universal-jkfit
 Number of DF basis functions:         528
 Schwarz screening threshold:            1.00e-10
 Coulomb fitting method:                 Cholesky
 Total number of grid points:        15704
 Method for AO orthogonalization:        symmetric
 Threshold for linear dependence:        1.00e-08
 D3BJ dispersion energy:                -0.002659817

 -------------------------------------
  Running unrestricted open-shell SCF 
 -------------------------------------
 Max number of iterations:             128
 Conv. threshold (gradient):             1.00e-05
 Conv. threshold (energy):               1.00e-06
 Interpolation scheme:                   adiis+cdiis
 Initial guess:                          SAD

 ---------------------------------------------------------------
                  energy        change          grad        time
 ---------------------------------------------------------------
   0     -1887.667147593                    2.85e+00        0.04
   1     -1887.860222876     -1.93e-01      2.49e-01        0.03
   2     -1887.874071666     -1.38e-02      1.75e-01        0.03
   3     -1887.882366273     -8.29e-03      7.74e-02        0.03
   4     -1887.885055653     -2.69e-03      4.84e-02        0.03
   5     -1887.886712733     -1.66e-03      4.01e-03        0.03
   6     -1887.886733629     -2.09e-05      5.26e-03        0.03
   7     -1887.886740108     -6.48e-06      3.40e-03        0.03
   8     -1887.886745911     -5.80e-06      2.83e-04        0.03
   9     -1887.886746210     -2.99e-07      8.43e-05        0.03
  10     -1887.886746262     -5.20e-08      2.20e-05        0.03
  11     -1887.886746265     -3.11e-09      1.10e-05        0.03
  12     -1887.886746266     -3.05e-10      4.51e-06        0.04

 SCF converged in 12 iterations.

 Dipole moment (in Debye):               0.000001       0.000001       0.000024

 Quadrupole moment (in Debye-Angstrom):
                  1            2            3
 1       -35.465333    -0.000002    -0.000002
 2        -0.000002   -35.465333    -0.000002
 3        -0.000002    -0.000002   -31.154368

 Spin-squared expectation <S^2>:         2.005
 Total spin quantum number S:            1.002
 TOTAL ENERGY:                       -1887.886746266

 --------------------------------------------------------------------------------

 End time:                               Sun Nov  7 04:22:38 2021
 Total wall-clock time:                  2.628 seconds
==================================================================================
