
================================================================================
          _____________ ________ _______________ ________     _________         
         / ___________// ______ \\_____   _____// ______ \   / ________)        
        / /_________  / /      \ \     | |     / /      \ \ | (_______          
       |  __________|| |        | |    | |    | |        | | \________ \        
        \ \_________ | |        | |    | |     \ \______/ /___________) |       
         \__________||_|        |_|    |_|      \________//____________/        
                                                                                
====================================[ Qcore ]===================================

 Git describe: 2.3.0-3-g778a55bfd
 Compiler:     GNU 9.3.0
 Build type:   Release
 Version:      2.3.0-3-g778a55bfd

 Start time:   Sun Nov  7 04:18:18 2021

 Data directory: /mnt/storage/scratch/zw18965/.local/qcore/share/entos/qcore/data
 Number of threads: 28
 Number of threads was determined by: command line argument

 --------------------------------------------------------------------------------
                                   command: dft                                  
 --------------------------------------------------------------------------------
 AO basis set:                           def2-tzvppd
 Number of AO basis functions:         118

 Formula:                                SV
 Nuclear charge:                        39.000000000
 Total charge:                           0.000000000
 Number of electrons:                   39.000000000

 Number of alpha electrons:             21
 Number of beta electrons:              18
 Number of unpaired electrons:           3
 Spin:                                   3
 Multiplicity:                           quartet

 Theory:                                 dft
 Exchange-correlation functional:        camb3lyp

 Using range separated hybrid functional
 Range separation parameter:             0.330000000
 Short range exact exchange:             0.190000000
 Total long range exact exchange:        0.650000000

 Method for Coulomb:                     incore_df
 Method for exact exchange:              pre_transformed_df
 Integral threshold:                     1.00e-12
 DF basis set:                           def2-universal-jkfit
 Number of DF basis functions:         392
 Schwarz screening threshold:            1.00e-10
 Coulomb fitting method:                 Cholesky
 Total number of grid points:        15202
 Method for AO orthogonalization:        symmetric
 Threshold for linear dependence:        1.00e-08
 D3BJ dispersion energy:                -0.001725962

 -------------------------------------
  Running unrestricted open-shell SCF 
 -------------------------------------
 Max number of iterations:             128
 Conv. threshold (gradient):             1.00e-05
 Conv. threshold (energy):               1.00e-06
 Interpolation scheme:                   adiis+cdiis
 Initial guess:                          SAD

 ---------------------------------------------------------------
                  energy        change          grad        time
 ---------------------------------------------------------------
   0     -1341.869925780                    2.01e+00        0.03
   1     -1341.695982367      1.74e-01      1.11e+00        0.03
   2     -1329.905398932      1.18e+01      8.55e+00        0.02
   3     -1340.070873527     -1.02e+01      2.54e+00        0.02
   4     -1342.157708373     -2.09e+00      3.61e-01        0.02
   5     -1342.126866015      3.08e-02      5.75e-01        0.03
   6     -1342.213961952     -8.71e-02      8.97e-02        0.03
   7     -1342.210148243      3.81e-03      1.23e-01        0.03
   8     -1342.217271770     -7.12e-03      1.50e-02        0.03
   9     -1342.217824630     -5.53e-04      1.25e-02        0.03
  10     -1342.217964816     -1.40e-04      3.21e-03        0.03
  11     -1342.217994084     -2.93e-05      1.79e-03        0.03
  12     -1342.217998975     -4.89e-06      7.96e-04        0.03
  13     -1342.218000191     -1.22e-06      2.84e-04        0.02
  14     -1342.218000403     -2.12e-07      1.01e-04        0.02
  15     -1342.218000463     -6.02e-08      9.03e-05        0.02
  16     -1342.218000468     -5.49e-09      2.45e-05        0.03
  17     -1342.218000471     -2.61e-09      2.73e-05        0.03
  18     -1342.218000473     -1.59e-09      6.78e-06        0.03

 SCF converged in 18 iterations.

 Dipole moment (in Debye):               0.000001       0.000001      -6.229333

 Quadrupole moment (in Debye-Angstrom):
                  1            2            3
 1       -29.989973    -0.000000    -0.000000
 2        -0.000000   -29.989973    -0.000000
 3        -0.000000    -0.000000   -24.607326

 Spin-squared expectation <S^2>:         3.881
 Total spin quantum number S:            1.532
 TOTAL ENERGY:                       -1342.218000473

 --------------------------------------------------------------------------------

 End time:                               Sun Nov  7 04:18:20 2021
 Total wall-clock time:                  1.964 seconds
==================================================================================
