
================================================================================
          _____________ ________ _______________ ________     _________         
         / ___________// ______ \\_____   _____// ______ \   / ________)        
        / /_________  / /      \ \     | |     / /      \ \ | (_______          
       |  __________|| |        | |    | |    | |        | | \________ \        
        \ \_________ | |        | |    | |     \ \______/ /___________) |       
         \__________||_|        |_|    |_|      \________//____________/        
                                                                                
====================================[ Qcore ]===================================

 Git describe: 2.3.0-3-g778a55bfd
 Compiler:     GNU 9.3.0
 Build type:   Release
 Version:      2.3.0-3-g778a55bfd

 Start time:   Sun Nov  7 03:31:22 2021

 Data directory: /mnt/storage/scratch/zw18965/.local/qcore/share/entos/qcore/data
 Number of threads: 28
 Number of threads was determined by: command line argument

 --------------------------------------------------------------------------------
                                   command: dft                                  
 --------------------------------------------------------------------------------
 AO basis set:                           def2-tzvppd
 Number of AO basis functions:         112
 ECP on atom 1 (Ag):                     28 electrons
 ECP on atom 2 (Ag):                     28 electrons

 Formula:                                Ag2
 Nuclear charge:                        94.000000000
 Total charge:                           0.000000000
 Number of core electrons:              56
 Number of treated electrons:           38

 Number of alpha electrons:             19
 Number of beta electrons:              19
 Number of unpaired electrons:           0
 Spin:                                   0
 Multiplicity:                           singlet

 Theory:                                 dft
 Exchange-correlation functional:        b3lyp
 Method for Coulomb:                     incore_df
 Method for exact exchange:              pre_transformed_df
 Integral threshold:                     1.00e-12
 DF basis set:                           def2-universal-jkfit
 Number of DF basis functions:         510
 Schwarz screening threshold:            1.00e-10
 Coulomb fitting method:                 Cholesky
 Total number of grid points:        16996
 Method for AO orthogonalization:        symmetric
 Threshold for linear dependence:        1.00e-08
 D3BJ dispersion energy:                -0.003245776

 -------------------------------------
  Running restricted closed-shell SCF 
 -------------------------------------
 Max number of iterations:             128
 Conv. threshold (gradient):             1.00e-05
 Conv. threshold (energy):               1.00e-06
 Interpolation scheme:                   adiis+cdiis
 Initial guess:                          SAD

 ---------------------------------------------------------------
                  energy        change          grad        time
 ---------------------------------------------------------------
   0      -293.995730106                    1.83e+00        0.02
   1      -293.970242211      2.55e-02      1.32e-01        0.01
   2      -293.966767692      3.47e-03      1.73e-01        0.01
   3      -293.976242290     -9.47e-03      1.70e-02        0.01
   4      -293.976202456      3.98e-05      2.19e-02        0.01
   5      -293.976324042     -1.22e-04      9.64e-04        0.01
   6      -293.976324368     -3.26e-07      9.36e-05        0.01
   7      -293.976324371     -2.58e-09      6.33e-06        0.02

 SCF converged in 7 iterations.

 Dipole moment (in Debye):               0.000001       0.000001       0.000004

 Quadrupole moment (in Debye-Angstrom):
                  1            2            3
 1       -40.514190     0.000000     0.000000
 2         0.000000   -40.514190     0.000000
 3         0.000000     0.000000   -33.113153

 Spin-squared expectation <S^2>:         0.000
 Total spin quantum number S:            0.000
 TOTAL ENERGY:                        -293.976324371

 --------------------------------------------------------------------------------

 End time:                               Sun Nov  7 03:31:23 2021
 Total wall-clock time:                  1.549 seconds
==================================================================================
