
================================================================================
          _____________ ________ _______________ ________     _________         
         / ___________// ______ \\_____   _____// ______ \   / ________)        
        / /_________  / /      \ \     | |     / /      \ \ | (_______          
       |  __________|| |        | |    | |    | |        | | \________ \        
        \ \_________ | |        | |    | |     \ \______/ /___________) |       
         \__________||_|        |_|    |_|      \________//____________/        
                                                                                
====================================[ Qcore ]===================================

 Git describe: 2.3.0-3-g778a55bfd
 Compiler:     GNU 9.3.0
 Build type:   Release
 Version:      2.3.0-3-g778a55bfd

 Start time:   Sun Nov  7 03:31:18 2021

 Data directory: /mnt/storage/scratch/zw18965/.local/qcore/share/entos/qcore/data
 Number of threads: 28
 Number of threads was determined by: command line argument

 --------------------------------------------------------------------------------
                                   command: dft                                  
 --------------------------------------------------------------------------------
 AO basis set:                           def2-tzvppd
 Number of AO basis functions:          73
 ECP on atom 1 (Ag):                     28 electrons

 Formula:                                HAg
 Nuclear charge:                        48.000000000
 Total charge:                           0.000000000
 Number of core electrons:              28
 Number of treated electrons:           20

 Number of alpha electrons:             10
 Number of beta electrons:              10
 Number of unpaired electrons:           0
 Spin:                                   0
 Multiplicity:                           singlet

 Theory:                                 dft
 Exchange-correlation functional:        b3lyp
 Method for Coulomb:                     incore_df
 Method for exact exchange:              pre_transformed_df
 Integral threshold:                     1.00e-12
 DF basis set:                           def2-universal-jkfit
 Number of DF basis functions:         273
 Schwarz screening threshold:            1.00e-10
 Coulomb fitting method:                 Cholesky
 Total number of grid points:        14388
 Method for AO orthogonalization:        symmetric
 Threshold for linear dependence:        1.00e-08
 D3BJ dispersion energy:                -0.000768138

 -------------------------------------
  Running restricted closed-shell SCF 
 -------------------------------------
 Max number of iterations:             128
 Conv. threshold (gradient):             1.00e-05
 Conv. threshold (energy):               1.00e-06
 Interpolation scheme:                   adiis+cdiis
 Initial guess:                          SAD

 ---------------------------------------------------------------
                  energy        change          grad        time
 ---------------------------------------------------------------
   0      -147.512668467                    2.15e+00        0.01
   1      -147.520749966     -8.08e-03      3.56e-01        0.01
   2      -147.475324887      4.54e-02      6.67e-01        0.01
   3      -147.543346157     -6.80e-02      1.19e-01        0.01
   4      -147.541883571      1.46e-03      1.66e-01        0.01
   5      -147.545447173     -3.56e-03      1.71e-02        0.01
   6      -147.545397669      4.95e-05      2.31e-02        0.01
   7      -147.545506189     -1.09e-04      2.58e-04        0.01
   8      -147.545506201     -1.28e-08      4.67e-05        0.01
   9      -147.545506202     -4.49e-10      3.68e-06        0.01

 SCF converged in 9 iterations.

 Dipole moment (in Debye):               0.000001       0.000001      -2.713462

 Quadrupole moment (in Debye-Angstrom):
                  1            2            3
 1       -21.163125    -0.000000     0.000000
 2        -0.000000   -21.163125     0.000000
 3         0.000000     0.000000   -21.396768

 Spin-squared expectation <S^2>:         0.000
 Total spin quantum number S:            0.000
 TOTAL ENERGY:                        -147.545506202

 --------------------------------------------------------------------------------

 End time:                               Sun Nov  7 03:31:18 2021
 Total wall-clock time:                  0.728 seconds
==================================================================================
