
================================================================================
          _____________ ________ _______________ ________     _________         
         / ___________// ______ \\_____   _____// ______ \   / ________)        
        / /_________  / /      \ \     | |     / /      \ \ | (_______          
       |  __________|| |        | |    | |    | |        | | \________ \        
        \ \_________ | |        | |    | |     \ \______/ /___________) |       
         \__________||_|        |_|    |_|      \________//____________/        
                                                                                
====================================[ Qcore ]===================================

 Git describe: 2.3.0-3-g778a55bfd
 Compiler:     GNU 9.3.0
 Build type:   Release
 Version:      2.3.0-3-g778a55bfd

 Start time:   Sun Nov  7 03:32:18 2021

 Data directory: /mnt/storage/scratch/zw18965/.local/qcore/share/entos/qcore/data
 Number of threads: 28
 Number of threads was determined by: command line argument

 --------------------------------------------------------------------------------
                                   command: dft                                  
 --------------------------------------------------------------------------------
 AO basis set:                           def2-tzvppd
 Number of AO basis functions:          84

 Formula:                                HCo
 Nuclear charge:                        28.000000000
 Total charge:                           0.000000000
 Number of electrons:                   28.000000000

 Number of alpha electrons:             15
 Number of beta electrons:              13
 Number of unpaired electrons:           2
 Spin:                                   2
 Multiplicity:                           triplet

 Theory:                                 dft
 Exchange-correlation functional:        b3lyp
 Method for Coulomb:                     incore_df
 Method for exact exchange:              pre_transformed_df
 Integral threshold:                     1.00e-12
 DF basis set:                           def2-universal-jkfit
 Number of DF basis functions:         282
 Schwarz screening threshold:            1.00e-10
 Coulomb fitting method:                 Cholesky
 Total number of grid points:        13826
 Method for AO orthogonalization:        symmetric
 Threshold for linear dependence:        1.00e-08
 D3BJ dispersion energy:                -0.000754792

 -------------------------------------
  Running unrestricted open-shell SCF 
 -------------------------------------
 Max number of iterations:             128
 Conv. threshold (gradient):             1.00e-05
 Conv. threshold (energy):               1.00e-06
 Interpolation scheme:                   adiis+cdiis
 Initial guess:                          SAD

 ---------------------------------------------------------------
                  energy        change          grad        time
 ---------------------------------------------------------------
   0     -1383.014244985                    1.30e+00        0.01
   1     -1383.188794416     -1.75e-01      3.88e-01        0.01
   2     -1381.724768204      1.46e+00      2.37e+00        0.01
   3     -1383.155485528     -1.43e+00      6.23e-01        0.01
   4     -1383.250908347     -9.54e-02      9.51e-02        0.01
   5     -1383.240149798      1.08e-02      2.44e-01        0.01
   6     -1383.254120113     -1.40e-02      1.42e-02        0.01
   7     -1383.254251969     -1.32e-04      3.95e-03        0.01
   8     -1383.254264898     -1.29e-05      1.79e-03        0.01
   9     -1383.254266481     -1.58e-06      3.39e-04        0.01
  10     -1383.254266558     -7.73e-08      1.05e-04        0.01
  11     -1383.254266568     -9.45e-09      1.63e-05        0.01
  12     -1383.254266568     -6.38e-10      5.80e-06        0.01

 SCF converged in 12 iterations.

 Dipole moment (in Debye):              -0.000001      -0.000001      -2.827930

 Quadrupole moment (in Debye-Angstrom):
                  1            2            3
 1       -15.024380    -0.000000     0.000002
 2        -0.000000   -15.024380     0.000002
 3         0.000002     0.000002   -16.818665

 Spin-squared expectation <S^2>:         2.024
 Total spin quantum number S:            1.008
 TOTAL ENERGY:                       -1383.254266568

 --------------------------------------------------------------------------------

 End time:                               Sun Nov  7 03:32:19 2021
 Total wall-clock time:                  0.911 seconds
==================================================================================
