
================================================================================
          _____________ ________ _______________ ________     _________         
         / ___________// ______ \\_____   _____// ______ \   / ________)        
        / /_________  / /      \ \     | |     / /      \ \ | (_______          
       |  __________|| |        | |    | |    | |        | | \________ \        
        \ \_________ | |        | |    | |     \ \______/ /___________) |       
         \__________||_|        |_|    |_|      \________//____________/        
                                                                                
====================================[ Qcore ]===================================

 Git describe: 2.3.0-3-g778a55bfd
 Compiler:     GNU 9.3.0
 Build type:   Release
 Version:      2.3.0-3-g778a55bfd

 Start time:   Sun Nov  7 03:30:17 2021

 Data directory: /mnt/storage/scratch/zw18965/.local/qcore/share/entos/qcore/data
 Number of threads: 28
 Number of threads was determined by: command line argument

 --------------------------------------------------------------------------------
                                   command: dft                                  
 --------------------------------------------------------------------------------
 AO basis set:                           def2-tzvppd
 Number of AO basis functions:          67

 Formula:                                Cr+
 Nuclear charge:                        24.000000000
 Total charge:                           1.000000000
 Number of electrons:                   23.000000000

 Number of alpha electrons:             14
 Number of beta electrons:               9
 Number of unpaired electrons:           5
 Spin:                                   5
 Multiplicity:                           septet

 Theory:                                 dft
 Exchange-correlation functional:        b3lyp
 Method for Coulomb:                     incore_df
 Method for exact exchange:              pre_transformed_df
 Integral threshold:                     1.00e-12
 DF basis set:                           def2-universal-jkfit
 Number of DF basis functions:         264
 Schwarz screening threshold:            1.00e-10
 Coulomb fitting method:                 Cholesky
 Total number of grid points:         7828
 Method for AO orthogonalization:        symmetric
 Threshold for linear dependence:        1.00e-08
 D3BJ dispersion energy:                 0.000000000

 -------------------------------------
  Running unrestricted open-shell SCF 
 -------------------------------------
 Max number of iterations:             128
 Conv. threshold (gradient):             1.00e-05
 Conv. threshold (energy):               1.00e-06
 Interpolation scheme:                   adiis+cdiis
 Initial guess:                          SAD

 ---------------------------------------------------------------
                  energy        change          grad        time
 ---------------------------------------------------------------
   0     -1044.004454158                    3.22e-02        0.01
   1     -1043.692088227      3.12e-01      6.01e-01        0.01
   2     -1043.488099451      2.04e-01      6.87e-01        0.01
   3     -1044.085801971     -5.98e-01      1.27e-01        0.01
   4     -1044.067524905      1.83e-02      1.82e-01        0.01
   5     -1044.101663587     -3.41e-02      2.35e-02        0.01
   6     -1044.101085471      5.78e-04      3.08e-02        0.01
   7     -1044.102147937     -1.06e-03      5.98e-04        0.01
   8     -1044.102148272     -3.36e-07      7.05e-05        0.01
   9     -1044.102148292     -2.02e-08      3.66e-05        0.01
  10     -1044.102148301     -8.28e-09      1.53e-05        0.01
  11     -1044.102148301     -3.26e-10      3.61e-07        0.01

 SCF converged in 11 iterations.

 Dipole moment (in Debye):               0.000000       0.000000       0.000000

 Quadrupole moment (in Debye-Angstrom):
                  1            2            3
 1        -9.790750     0.000000     0.000000
 2         0.000000    -9.790752     0.000000
 3         0.000000     0.000000    -9.790750

 Spin-squared expectation <S^2>:         8.750
 Total spin quantum number S:            2.500
 TOTAL ENERGY:                       -1044.102148301

 --------------------------------------------------------------------------------

 End time:                               Sun Nov  7 03:30:18 2021
 Total wall-clock time:                  0.594 seconds
==================================================================================
