
================================================================================
          _____________ ________ _______________ ________     _________         
         / ___________// ______ \\_____   _____// ______ \   / ________)        
        / /_________  / /      \ \     | |     / /      \ \ | (_______          
       |  __________|| |        | |    | |    | |        | | \________ \        
        \ \_________ | |        | |    | |     \ \______/ /___________) |       
         \__________||_|        |_|    |_|      \________//____________/        
                                                                                
====================================[ Qcore ]===================================

 Git describe: 2.3.0-3-g778a55bfd
 Compiler:     GNU 9.3.0
 Build type:   Release
 Version:      2.3.0-3-g778a55bfd

 Start time:   Sun Nov  7 03:32:18 2021

 Data directory: /mnt/storage/scratch/zw18965/.local/qcore/share/entos/qcore/data
 Number of threads: 28
 Number of threads was determined by: command line argument

 --------------------------------------------------------------------------------
                                   command: dft                                  
 --------------------------------------------------------------------------------
 AO basis set:                           def2-tzvppd
 Number of AO basis functions:         155

 Formula:                                CH3Cr+
 Nuclear charge:                        33.000000000
 Total charge:                           1.000000000
 Number of electrons:                   32.000000000

 Number of alpha electrons:             18
 Number of beta electrons:              14
 Number of unpaired electrons:           4
 Spin:                                   4
 Multiplicity:                           quintet

 Theory:                                 dft
 Exchange-correlation functional:        b3lyp
 Method for Coulomb:                     incore_df
 Method for exact exchange:              pre_transformed_df
 Integral threshold:                     1.00e-12
 DF basis set:                           def2-universal-jkfit
 Number of DF basis functions:         393
 Schwarz screening threshold:            1.00e-10
 Coulomb fitting method:                 Cholesky
 Total number of grid points:        32298
 Method for AO orthogonalization:        symmetric
 Threshold for linear dependence:        1.00e-08
 D3BJ dispersion energy:                -0.004793384

 -------------------------------------
  Running unrestricted open-shell SCF 
 -------------------------------------
 Max number of iterations:             128
 Conv. threshold (gradient):             1.00e-05
 Conv. threshold (energy):               1.00e-06
 Interpolation scheme:                   adiis+cdiis
 Initial guess:                          SAD

 ---------------------------------------------------------------
                  energy        change          grad        time
 ---------------------------------------------------------------
   0     -1084.024742706                    4.66e+00        0.05
   1     -1083.096859699      9.28e-01      3.03e+00        0.05
   2     -1067.916158526      1.52e+01      6.87e+00        0.05
   3     -1081.759779833     -1.38e+01      5.92e+00        0.04
   4     -1083.939966293     -2.18e+00      6.90e-01        0.04
   5     -1083.834216022      1.06e-01      1.32e+00        0.04
   6     -1083.983384535     -1.49e-01      3.05e-01        0.04
   7     -1083.978274022      5.11e-03      3.75e-01        0.05
   8     -1083.990606687     -1.23e-02      3.01e-02        0.05
   9     -1083.990288340      3.18e-04      8.03e-02        0.05
  10     -1083.990784599     -4.96e-04      5.21e-03        0.05
  11     -1083.990793993     -9.39e-06      2.38e-03        0.04
  12     -1083.990796602     -2.61e-06      1.07e-03        0.04
  13     -1083.990796913     -3.12e-07      3.20e-04        0.04
  14     -1083.990796950     -3.61e-08      1.86e-04        0.04
  15     -1083.990796975     -2.59e-08      1.21e-04        0.05
  16     -1083.990796999     -2.39e-08      3.52e-05        0.04
  17     -1083.990797001     -1.25e-09      1.32e-05        0.04
  18     -1083.990797001     -1.83e-10      8.64e-06        0.04

 SCF converged in 18 iterations.

 Dipole moment (in Debye):              -1.372902      -2.377983      -0.970825

 Quadrupole moment (in Debye-Angstrom):
                  1            2            3
 1       -16.269002     1.136425     0.463958
 2         1.136425   -14.956644     0.803645
 3         0.463958     0.803645   -16.596948

 Spin-squared expectation <S^2>:         6.098
 Total spin quantum number S:            2.020
 TOTAL ENERGY:                       -1083.990797001

 --------------------------------------------------------------------------------

 End time:                               Sun Nov  7 03:32:20 2021
 Total wall-clock time:                  2.395 seconds
==================================================================================
