
================================================================================
          _____________ ________ _______________ ________     _________         
         / ___________// ______ \\_____   _____// ______ \   / ________)        
        / /_________  / /      \ \     | |     / /      \ \ | (_______          
       |  __________|| |        | |    | |    | |        | | \________ \        
        \ \_________ | |        | |    | |     \ \______/ /___________) |       
         \__________||_|        |_|    |_|      \________//____________/        
                                                                                
====================================[ Qcore ]===================================

 Git describe: 2.3.0-3-g778a55bfd
 Compiler:     GNU 9.3.0
 Build type:   Release
 Version:      2.3.0-3-g778a55bfd

 Start time:   Sun Nov  7 03:32:18 2021

 Data directory: /mnt/storage/scratch/zw18965/.local/qcore/share/entos/qcore/data
 Number of threads: 28
 Number of threads was determined by: command line argument

 --------------------------------------------------------------------------------
                                   command: dft                                  
 --------------------------------------------------------------------------------
 AO basis set:                           def2-tzvppd
 Number of AO basis functions:          67

 Formula:                                Cu+
 Nuclear charge:                        29.000000000
 Total charge:                           1.000000000
 Number of electrons:                   28.000000000

 Number of alpha electrons:             14
 Number of beta electrons:              14
 Number of unpaired electrons:           0
 Spin:                                   0
 Multiplicity:                           singlet

 Theory:                                 dft
 Exchange-correlation functional:        b3lyp
 Method for Coulomb:                     incore_df
 Method for exact exchange:              pre_transformed_df
 Integral threshold:                     1.00e-12
 DF basis set:                           def2-universal-jkfit
 Number of DF basis functions:         264
 Schwarz screening threshold:            1.00e-10
 Coulomb fitting method:                 Cholesky
 Total number of grid points:         7936
 Method for AO orthogonalization:        symmetric
 Threshold for linear dependence:        1.00e-08
 D3BJ dispersion energy:                 0.000000000

 -------------------------------------
  Running restricted closed-shell SCF 
 -------------------------------------
 Max number of iterations:             128
 Conv. threshold (gradient):             1.00e-05
 Conv. threshold (energy):               1.00e-06
 Interpolation scheme:                   adiis+cdiis
 Initial guess:                          SAD

 ---------------------------------------------------------------
                  energy        change          grad        time
 ---------------------------------------------------------------
   0     -1640.408367011                    1.08e-02        0.01
   1     -1640.127907598      2.80e-01      8.94e-02        0.01
   2     -1640.119713203      8.19e-03      2.57e-01        0.01
   3     -1640.133885976     -1.42e-02      6.78e-02        0.01
   4     -1640.135065024     -1.18e-03      1.33e-03        0.01
   5     -1640.135065604     -5.80e-07      1.24e-05        0.01
   6     -1640.135065604     -1.71e-10      2.01e-06        0.01

 SCF converged in 6 iterations.

 Dipole moment (in Debye):              -0.000003      -0.000003      -0.000003

 Quadrupole moment (in Debye-Angstrom):
                  1            2            3
 1        -8.778439     0.000002     0.000002
 2         0.000002    -8.778439     0.000002
 3         0.000002     0.000002    -8.778439

 Spin-squared expectation <S^2>:         0.000
 Total spin quantum number S:            0.000
 TOTAL ENERGY:                       -1640.135065604

 --------------------------------------------------------------------------------

 End time:                               Sun Nov  7 03:32:18 2021
 Total wall-clock time:                  0.582 seconds
==================================================================================
