
================================================================================
          _____________ ________ _______________ ________     _________         
         / ___________// ______ \\_____   _____// ______ \   / ________)        
        / /_________  / /      \ \     | |     / /      \ \ | (_______          
       |  __________|| |        | |    | |    | |        | | \________ \        
        \ \_________ | |        | |    | |     \ \______/ /___________) |       
         \__________||_|        |_|    |_|      \________//____________/        
                                                                                
====================================[ Qcore ]===================================

 Git describe: 2.3.0-3-g778a55bfd
 Compiler:     GNU 9.3.0
 Build type:   Release
 Version:      2.3.0-3-g778a55bfd

 Start time:   Sun Nov  7 03:32:18 2021

 Data directory: /mnt/storage/scratch/zw18965/.local/qcore/share/entos/qcore/data
 Number of threads: 28
 Number of threads was determined by: command line argument

 --------------------------------------------------------------------------------
                                   command: dft                                  
 --------------------------------------------------------------------------------
 AO basis set:                           def2-tzvppd
 Number of AO basis functions:         134

 Formula:                                Cu2
 Nuclear charge:                        58.000000000
 Total charge:                           0.000000000
 Number of electrons:                   58.000000000

 Number of alpha electrons:             29
 Number of beta electrons:              29
 Number of unpaired electrons:           0
 Spin:                                   0
 Multiplicity:                           singlet

 Theory:                                 dft
 Exchange-correlation functional:        b3lyp
 Method for Coulomb:                     incore_df
 Method for exact exchange:              pre_transformed_df
 Integral threshold:                     1.00e-12
 DF basis set:                           def2-universal-jkfit
 Number of DF basis functions:         528
 Schwarz screening threshold:            1.00e-10
 Coulomb fitting method:                 Cholesky
 Total number of grid points:        15872
 Method for AO orthogonalization:        symmetric
 Threshold for linear dependence:        1.00e-08
 D3BJ dispersion energy:                -0.002329969

 -------------------------------------
  Running restricted closed-shell SCF 
 -------------------------------------
 Max number of iterations:             128
 Conv. threshold (gradient):             1.00e-05
 Conv. threshold (energy):               1.00e-06
 Interpolation scheme:                   adiis+cdiis
 Initial guess:                          SAD

 ---------------------------------------------------------------
                  energy        change          grad        time
 ---------------------------------------------------------------
   0     -3281.001747396                    3.22e+00        0.02
   1     -3280.915312812      8.64e-02      1.91e-01        0.02
   2     -3280.910902992      4.41e-03      2.84e-01        0.02
   3     -3280.920859055     -9.96e-03      1.11e-01        0.02
   4     -3280.916356572      4.50e-03      1.87e-01        0.02
   5     -3280.922946144     -6.59e-03      3.68e-02        0.02
   6     -3280.922836873      1.09e-04      4.20e-02        0.02
   7     -3280.923208735     -3.72e-04      3.26e-04        0.02
   8     -3280.923208774     -3.82e-08      7.92e-05        0.02
   9     -3280.923208775     -1.30e-09      4.75e-06        0.02

 SCF converged in 9 iterations.

 Dipole moment (in Debye):              -0.000003      -0.000003      -0.000020

 Quadrupole moment (in Debye-Angstrom):
                  1            2            3
 1       -27.885721     0.000001     0.000001
 2         0.000001   -27.885721     0.000001
 3         0.000001     0.000001   -21.056883

 Spin-squared expectation <S^2>:         0.000
 Total spin quantum number S:            0.000
 TOTAL ENERGY:                       -3280.923208775

 --------------------------------------------------------------------------------

 End time:                               Sun Nov  7 03:32:19 2021
 Total wall-clock time:                  1.207 seconds
==================================================================================
