
================================================================================
          _____________ ________ _______________ ________     _________         
         / ___________// ______ \\_____   _____// ______ \   / ________)        
        / /_________  / /      \ \     | |     / /      \ \ | (_______          
       |  __________|| |        | |    | |    | |        | | \________ \        
        \ \_________ | |        | |    | |     \ \______/ /___________) |       
         \__________||_|        |_|    |_|      \________//____________/        
                                                                                
====================================[ Qcore ]===================================

 Git describe: 2.3.0-3-g778a55bfd
 Compiler:     GNU 9.3.0
 Build type:   Release
 Version:      2.3.0-3-g778a55bfd

 Start time:   Sun Nov  7 03:30:17 2021

 Data directory: /mnt/storage/scratch/zw18965/.local/qcore/share/entos/qcore/data
 Number of threads: 28
 Number of threads was determined by: command line argument

 --------------------------------------------------------------------------------
                                   command: dft                                  
 --------------------------------------------------------------------------------
 AO basis set:                           def2-tzvppd
 Number of AO basis functions:         123
 ECP on atom 2 (Ag):                     28 electrons

 Formula:                                CuAg
 Nuclear charge:                        76.000000000
 Total charge:                           0.000000000
 Number of core electrons:              28
 Number of treated electrons:           48

 Number of alpha electrons:             24
 Number of beta electrons:              24
 Number of unpaired electrons:           0
 Spin:                                   0
 Multiplicity:                           singlet

 Theory:                                 dft
 Exchange-correlation functional:        b3lyp
 Method for Coulomb:                     incore_df
 Method for exact exchange:              pre_transformed_df
 Integral threshold:                     1.00e-12
 DF basis set:                           def2-universal-jkfit
 Number of DF basis functions:         519
 Schwarz screening threshold:            1.00e-10
 Coulomb fitting method:                 Cholesky
 Total number of grid points:        16434
 Method for AO orthogonalization:        symmetric
 Threshold for linear dependence:        1.00e-08
 D3BJ dispersion energy:                -0.002750882

 -------------------------------------
  Running restricted closed-shell SCF 
 -------------------------------------
 Max number of iterations:             128
 Conv. threshold (gradient):             1.00e-05
 Conv. threshold (energy):               1.00e-06
 Interpolation scheme:                   adiis+cdiis
 Initial guess:                          SAD

 ---------------------------------------------------------------
                  energy        change          grad        time
 ---------------------------------------------------------------
   0     -1787.545818421                    3.48e+00        0.03
   1     -1787.438220597      1.08e-01      1.66e-01        0.02
   2     -1787.435031186      3.19e-03      2.24e-01        0.02
   3     -1787.445256222     -1.02e-02      6.36e-02        0.02
   4     -1787.443259552      2.00e-03      1.57e-01        0.02
   5     -1787.445644243     -2.38e-03      6.30e-03        0.02
   6     -1787.445652762     -8.52e-06      1.78e-03        0.02
   7     -1787.445653403     -6.40e-07      4.89e-04        0.02
   8     -1787.445653499     -9.69e-08      1.90e-04        0.02
   9     -1787.445653507     -7.71e-09      6.83e-05        0.02
  10     -1787.445653508     -6.24e-10      4.50e-06        0.02

 SCF converged in 10 iterations.

 Dipole moment (in Debye):              -0.000002      -0.000002      -0.045930

 Quadrupole moment (in Debye-Angstrom):
                  1            2            3
 1       -34.226659     0.000001     0.000006
 2         0.000001   -34.226659     0.000006
 3         0.000006     0.000006   -27.256006

 Spin-squared expectation <S^2>:         0.000
 Total spin quantum number S:            0.000
 TOTAL ENERGY:                       -1787.445653508

 --------------------------------------------------------------------------------

 End time:                               Sun Nov  7 03:30:19 2021
 Total wall-clock time:                  1.428 seconds
==================================================================================
