
================================================================================
          _____________ ________ _______________ ________     _________         
         / ___________// ______ \\_____   _____// ______ \   / ________)        
        / /_________  / /      \ \     | |     / /      \ \ | (_______          
       |  __________|| |        | |    | |    | |        | | \________ \        
        \ \_________ | |        | |    | |     \ \______/ /___________) |       
         \__________||_|        |_|    |_|      \________//____________/        
                                                                                
====================================[ Qcore ]===================================

 Git describe: 2.3.0-3-g778a55bfd
 Compiler:     GNU 9.3.0
 Build type:   Release
 Version:      2.3.0-3-g778a55bfd

 Start time:   Sun Nov  7 03:31:21 2021

 Data directory: /mnt/storage/scratch/zw18965/.local/qcore/share/entos/qcore/data
 Number of threads: 28
 Number of threads was determined by: command line argument

 --------------------------------------------------------------------------------
                                   command: dft                                  
 --------------------------------------------------------------------------------
 AO basis set:                           def2-tzvppd
 Number of AO basis functions:         141

 Formula:                                H2OCu+
 Nuclear charge:                        39.000000000
 Total charge:                           1.000000000
 Number of electrons:                   38.000000000

 Number of alpha electrons:             19
 Number of beta electrons:              19
 Number of unpaired electrons:           0
 Spin:                                   0
 Multiplicity:                           singlet

 Theory:                                 dft
 Exchange-correlation functional:        b3lyp
 Method for Coulomb:                     incore_df
 Method for exact exchange:              pre_transformed_df
 Integral threshold:                     1.00e-12
 DF basis set:                           def2-universal-jkfit
 Number of DF basis functions:         377
 Schwarz screening threshold:            1.00e-10
 Coulomb fitting method:                 Cholesky
 Total number of grid points:        26660
 Method for AO orthogonalization:        symmetric
 Threshold for linear dependence:        1.00e-08
 D3BJ dispersion energy:                -0.002615360

 -------------------------------------
  Running restricted closed-shell SCF 
 -------------------------------------
 Max number of iterations:             128
 Conv. threshold (gradient):             1.00e-05
 Conv. threshold (energy):               1.00e-06
 Interpolation scheme:                   adiis+cdiis
 Initial guess:                          SAD

 ---------------------------------------------------------------
                  energy        change          grad        time
 ---------------------------------------------------------------
   0     -1717.017458181                    7.58e+00        0.03
   1     -1716.568782385      4.49e-01      1.46e+00        0.03
   2     -1716.440171523      1.29e-01      2.33e+00        0.03
   3     -1716.622117127     -1.82e-01      5.26e-01        0.02
   4     -1716.619917329      2.20e-03      5.78e-01        0.02
   5     -1716.628901776     -8.98e-03      1.03e-01        0.02
   6     -1716.624812140      4.09e-03      2.73e-01        0.02
   7     -1716.629115453     -4.30e-03      8.41e-02        0.02
   8     -1716.629560676     -4.45e-04      9.53e-03        0.03
   9     -1716.629566094     -5.42e-06      1.62e-04        0.02
  10     -1716.629566101     -7.24e-09      6.15e-05        0.02
  11     -1716.629566101     -3.03e-10      2.88e-06        0.02

 SCF converged in 11 iterations.

 Dipole moment (in Debye):              -0.000003      -0.000003       1.278627

 Quadrupole moment (in Debye-Angstrom):
                  1            2            3
 1       -12.920795     0.000001     0.000002
 2         0.000001   -17.067901     0.000001
 3         0.000002     0.000001    -5.313676

 Spin-squared expectation <S^2>:         0.000
 Total spin quantum number S:            0.000
 TOTAL ENERGY:                       -1716.629566101

 --------------------------------------------------------------------------------

 End time:                               Sun Nov  7 03:31:22 2021
 Total wall-clock time:                  1.683 seconds
==================================================================================
