
================================================================================
          _____________ ________ _______________ ________     _________         
         / ___________// ______ \\_____   _____// ______ \   / ________)        
        / /_________  / /      \ \     | |     / /      \ \ | (_______          
       |  __________|| |        | |    | |    | |        | | \________ \        
        \ \_________ | |        | |    | |     \ \______/ /___________) |       
         \__________||_|        |_|    |_|      \________//____________/        
                                                                                
====================================[ Qcore ]===================================

 Git describe: 2.3.0-3-g778a55bfd
 Compiler:     GNU 9.3.0
 Build type:   Release
 Version:      2.3.0-3-g778a55bfd

 Start time:   Sun Nov  7 03:31:22 2021

 Data directory: /mnt/storage/scratch/zw18965/.local/qcore/share/entos/qcore/data
 Number of threads: 28
 Number of threads was determined by: command line argument

 --------------------------------------------------------------------------------
                                   command: dft                                  
 --------------------------------------------------------------------------------
 AO basis set:                           def2-tzvppd
 Number of AO basis functions:          84

 Formula:                                HFe
 Nuclear charge:                        27.000000000
 Total charge:                           0.000000000
 Number of electrons:                   27.000000000

 Number of alpha electrons:             15
 Number of beta electrons:              12
 Number of unpaired electrons:           3
 Spin:                                   3
 Multiplicity:                           quartet

 Theory:                                 dft
 Exchange-correlation functional:        b3lyp
 Method for Coulomb:                     incore_df
 Method for exact exchange:              pre_transformed_df
 Integral threshold:                     1.00e-12
 DF basis set:                           def2-universal-jkfit
 Number of DF basis functions:         282
 Schwarz screening threshold:            1.00e-10
 Coulomb fitting method:                 Cholesky
 Total number of grid points:        13826
 Method for AO orthogonalization:        symmetric
 Threshold for linear dependence:        1.00e-08
 D3BJ dispersion energy:                -0.000745992

 -------------------------------------
  Running unrestricted open-shell SCF 
 -------------------------------------
 Max number of iterations:             128
 Conv. threshold (gradient):             1.00e-05
 Conv. threshold (energy):               1.00e-06
 Interpolation scheme:                   adiis+cdiis
 Initial guess:                          SAD

 ---------------------------------------------------------------
                  energy        change          grad        time
 ---------------------------------------------------------------
   0     -1263.834603686                    1.10e+00        0.01
   1     -1264.033145612     -1.99e-01      6.19e-01        0.01
   2     -1257.386743470      6.65e+00      2.62e+00        0.01
   3     -1263.368749981     -5.98e+00      1.78e+00        0.01
   4     -1264.158074502     -7.89e-01      2.08e-01        0.01
   5     -1264.119152406      3.89e-02      4.06e-01        0.01
   6     -1264.165738012     -4.66e-02      1.02e-01        0.01
   7     -1264.166876081     -1.14e-03      9.09e-02        0.01
   8     -1264.168904093     -2.03e-03      2.22e-02        0.01
   9     -1264.169080492     -1.76e-04      3.55e-03        0.01
  10     -1264.169096075     -1.56e-05      9.56e-04        0.01
  11     -1264.169097262     -1.19e-06      2.55e-04        0.01
  12     -1264.169097304     -4.19e-08      5.97e-05        0.01
  13     -1264.169097307     -2.50e-09      1.35e-05        0.01
  14     -1264.169097307     -2.99e-10      6.14e-06        0.01

 SCF converged in 14 iterations.

 Dipole moment (in Debye):              -0.000028      -0.000028      -2.846755

 Quadrupole moment (in Debye-Angstrom):
                  1            2            3
 1       -15.516949    -0.000000     0.000082
 2        -0.000000   -15.516949     0.000082
 3         0.000082     0.000082   -18.283997

 Spin-squared expectation <S^2>:         3.790
 Total spin quantum number S:            1.510
 TOTAL ENERGY:                       -1264.169097307

 --------------------------------------------------------------------------------

 End time:                               Sun Nov  7 03:31:23 2021
 Total wall-clock time:                  1.472 seconds
==================================================================================
