
================================================================================
          _____________ ________ _______________ ________     _________         
         / ___________// ______ \\_____   _____// ______ \   / ________)        
        / /_________  / /      \ \     | |     / /      \ \ | (_______          
       |  __________|| |        | |    | |    | |        | | \________ \        
        \ \_________ | |        | |    | |     \ \______/ /___________) |       
         \__________||_|        |_|    |_|      \________//____________/        
                                                                                
====================================[ Qcore ]===================================

 Git describe: 2.3.0-3-g778a55bfd
 Compiler:     GNU 9.3.0
 Build type:   Release
 Version:      2.3.0-3-g778a55bfd

 Start time:   Sun Nov  7 03:32:18 2021

 Data directory: /mnt/storage/scratch/zw18965/.local/qcore/share/entos/qcore/data
 Number of threads: 28
 Number of threads was determined by: command line argument

 --------------------------------------------------------------------------------
                                   command: dft                                  
 --------------------------------------------------------------------------------
 AO basis set:                           def2-tzvppd
 Number of AO basis functions:          74

 Formula:                                H2O
 Nuclear charge:                        10.000000000
 Total charge:                           0.000000000
 Number of electrons:                   10.000000000

 Number of alpha electrons:              5
 Number of beta electrons:               5
 Number of unpaired electrons:           0
 Spin:                                   0
 Multiplicity:                           singlet

 Theory:                                 dft
 Exchange-correlation functional:        b3lyp
 Method for Coulomb:                     incore_df
 Method for exact exchange:              pre_transformed_df
 Integral threshold:                     1.00e-12
 DF basis set:                           def2-universal-jkfit
 Number of DF basis functions:         113
 Schwarz screening threshold:            1.00e-10
 Coulomb fitting method:                 Cholesky
 Total number of grid points:        18724
 Method for AO orthogonalization:        symmetric
 Threshold for linear dependence:        1.00e-08
 D3BJ dispersion energy:                -0.000573875

 -------------------------------------
  Running restricted closed-shell SCF 
 -------------------------------------
 Max number of iterations:             128
 Conv. threshold (gradient):             1.00e-05
 Conv. threshold (energy):               1.00e-06
 Interpolation scheme:                   adiis+cdiis
 Initial guess:                          SAD

 ---------------------------------------------------------------
                  energy        change          grad        time
 ---------------------------------------------------------------
   0       -76.387921378                    5.99e+00        0.01
   1       -76.347284838      4.06e-02      1.38e+00        0.01
   2       -76.158815881      1.88e-01      2.33e+00        0.01
   3       -76.421662135     -2.63e-01      5.10e-01        0.01
   4       -76.423332594     -1.67e-03      4.64e-01        0.01
   5       -76.432942070     -9.61e-03      1.77e-02        0.01
   6       -76.432927389      1.47e-05      2.46e-02        0.01
   7       -76.432957327     -2.99e-05      2.03e-04        0.01
   8       -76.432957328     -1.78e-09      4.12e-06        0.01

 SCF converged in 8 iterations.

 Dipole moment (in Debye):               1.467770      -0.000000       1.136109

 Quadrupole moment (in Debye-Angstrom):
                  1            2            3
 1        -5.736505    -0.000000    -0.957689
 2        -0.000000    -7.807216    -0.000000
 3        -0.957689    -0.000000    -5.240550

 Spin-squared expectation <S^2>:         0.000
 Total spin quantum number S:            0.000
 TOTAL ENERGY:                         -76.432957328

 --------------------------------------------------------------------------------

 End time:                               Sun Nov  7 03:32:18 2021
 Total wall-clock time:                  0.373 seconds
==================================================================================
