
================================================================================
          _____________ ________ _______________ ________     _________         
         / ___________// ______ \\_____   _____// ______ \   / ________)        
        / /_________  / /      \ \     | |     / /      \ \ | (_______          
       |  __________|| |        | |    | |    | |        | | \________ \        
        \ \_________ | |        | |    | |     \ \______/ /___________) |       
         \__________||_|        |_|    |_|      \________//____________/        
                                                                                
====================================[ Qcore ]===================================

 Git describe: 2.3.0-3-g778a55bfd
 Compiler:     GNU 9.3.0
 Build type:   Release
 Version:      2.3.0-3-g778a55bfd

 Start time:   Sun Nov  7 03:31:18 2021

 Data directory: /mnt/storage/scratch/zw18965/.local/qcore/share/entos/qcore/data
 Number of threads: 28
 Number of threads was determined by: command line argument

 --------------------------------------------------------------------------------
                                   command: dft                                  
 --------------------------------------------------------------------------------
 AO basis set:                           def2-tzvppd
 Number of AO basis functions:          73

 Formula:                                LiCl
 Nuclear charge:                        20.000000000
 Total charge:                           0.000000000
 Number of electrons:                   20.000000000

 Number of alpha electrons:             10
 Number of beta electrons:              10
 Number of unpaired electrons:           0
 Spin:                                   0
 Multiplicity:                           singlet

 Theory:                                 dft
 Exchange-correlation functional:        b3lyp
 Method for Coulomb:                     incore_df
 Method for exact exchange:              pre_transformed_df
 Integral threshold:                     1.00e-12
 DF basis set:                           def2-universal-jkfit
 Number of DF basis functions:         179
 Schwarz screening threshold:            1.00e-10
 Coulomb fitting method:                 Cholesky
 Total number of grid points:        14066
 Method for AO orthogonalization:        symmetric
 Threshold for linear dependence:        1.00e-08
 D3BJ dispersion energy:                -0.001453168

 -------------------------------------
  Running restricted closed-shell SCF 
 -------------------------------------
 Max number of iterations:             128
 Conv. threshold (gradient):             1.00e-05
 Conv. threshold (energy):               1.00e-06
 Interpolation scheme:                   adiis+cdiis
 Initial guess:                          SAD

 ---------------------------------------------------------------
                  energy        change          grad        time
 ---------------------------------------------------------------
   0      -467.665724551                    2.03e+00        0.01
   1      -467.721227558     -5.55e-02      3.84e-01        0.01
   2      -467.697628517      2.36e-02      5.22e-01        0.01
   3      -467.759176878     -6.15e-02      5.11e-02        0.01
   4      -467.759138355      3.85e-05      4.86e-02        0.01
   5      -467.759546792     -4.08e-04      1.67e-03        0.01
   6      -467.759547389     -5.97e-07      7.12e-05        0.01
   7      -467.759547391     -1.82e-09      1.23e-05        0.01
   8      -467.759547391     -3.76e-11      2.03e-06        0.01

 SCF converged in 8 iterations.

 Dipole moment (in Debye):              -0.000000      -0.000000      -6.965674

 Quadrupole moment (in Debye-Angstrom):
                  1            2            3
 1       -16.749202    -0.000000    -0.000000
 2        -0.000000   -16.749202    -0.000000
 3        -0.000000    -0.000000    -2.663666

 Spin-squared expectation <S^2>:         0.000
 Total spin quantum number S:            0.000
 TOTAL ENERGY:                        -467.759547391

 --------------------------------------------------------------------------------

 End time:                               Sun Nov  7 03:31:18 2021
 Total wall-clock time:                  0.402 seconds
==================================================================================
