
================================================================================
          _____________ ________ _______________ ________     _________         
         / ___________// ______ \\_____   _____// ______ \   / ________)        
        / /_________  / /      \ \     | |     / /      \ \ | (_______          
       |  __________|| |        | |    | |    | |        | | \________ \        
        \ \_________ | |        | |    | |     \ \______/ /___________) |       
         \__________||_|        |_|    |_|      \________//____________/        
                                                                                
====================================[ Qcore ]===================================

 Git describe: 2.3.0-3-g778a55bfd
 Compiler:     GNU 9.3.0
 Build type:   Release
 Version:      2.3.0-3-g778a55bfd

 Start time:   Sun Nov  7 03:31:19 2021

 Data directory: /mnt/storage/scratch/zw18965/.local/qcore/share/entos/qcore/data
 Number of threads: 28
 Number of threads was determined by: command line argument

 --------------------------------------------------------------------------------
                                   command: dft                                  
 --------------------------------------------------------------------------------
 AO basis set:                           def2-tzvppd
 Number of AO basis functions:          62

 Formula:                                LiO
 Nuclear charge:                        11.000000000
 Total charge:                           0.000000000
 Number of electrons:                   11.000000000

 Number of alpha electrons:              6
 Number of beta electrons:               5
 Number of unpaired electrons:           1
 Spin:                                   1
 Multiplicity:                           doublet

 Theory:                                 dft
 Exchange-correlation functional:        b3lyp
 Method for Coulomb:                     incore_df
 Method for exact exchange:              pre_transformed_df
 Integral threshold:                     1.00e-12
 DF basis set:                           def2-universal-jkfit
 Number of DF basis functions:         128
 Schwarz screening threshold:            1.00e-10
 Coulomb fitting method:                 Cholesky
 Total number of grid points:        13516
 Method for AO orthogonalization:        symmetric
 Threshold for linear dependence:        1.00e-08
 D3BJ dispersion energy:                -0.000649386

 -------------------------------------
  Running unrestricted open-shell SCF 
 -------------------------------------
 Max number of iterations:             128
 Conv. threshold (gradient):             1.00e-05
 Conv. threshold (energy):               1.00e-06
 Interpolation scheme:                   adiis+cdiis
 Initial guess:                          SAD

 ---------------------------------------------------------------
                  energy        change          grad        time
 ---------------------------------------------------------------
   0       -82.481837182                    5.45e-01        0.01
   1       -82.606067257     -1.24e-01      4.08e-01        0.01
   2       -81.909065381      6.97e-01      1.47e+00        0.01
   3       -82.634557727     -7.25e-01      3.74e-01        0.01
   4       -82.683730943     -4.92e-02      7.94e-02        0.01
   5       -82.678558764      5.17e-03      1.39e-01        0.01
   6       -82.685972345     -7.41e-03      2.42e-03        0.01
   7       -82.685973986     -1.64e-06      4.50e-04        0.01
   8       -82.685974079     -9.28e-08      1.94e-04        0.01
   9       -82.685974094     -1.57e-08      2.01e-05        0.01
  10       -82.685974094     -1.94e-10      1.17e-06        0.01

 SCF converged in 10 iterations.

 Dipole moment (in Debye):              -0.000000      -0.000000      -6.524044

 Quadrupole moment (in Debye-Angstrom):
                  1            2            3
 1        -8.301993     1.005074    -0.000001
 2         1.005074    -8.302036    -0.000001
 3        -0.000001    -0.000001    -1.945248

 Spin-squared expectation <S^2>:         0.754
 Total spin quantum number S:            0.502
 TOTAL ENERGY:                         -82.685974094

 --------------------------------------------------------------------------------

 End time:                               Sun Nov  7 03:31:19 2021
 Total wall-clock time:                  0.501 seconds
==================================================================================
