
================================================================================
          _____________ ________ _______________ ________     _________         
         / ___________// ______ \\_____   _____// ______ \   / ________)        
        / /_________  / /      \ \     | |     / /      \ \ | (_______          
       |  __________|| |        | |    | |    | |        | | \________ \        
        \ \_________ | |        | |    | |     \ \______/ /___________) |       
         \__________||_|        |_|    |_|      \________//____________/        
                                                                                
====================================[ Qcore ]===================================

 Git describe: 2.3.0-3-g778a55bfd
 Compiler:     GNU 9.3.0
 Build type:   Release
 Version:      2.3.0-3-g778a55bfd

 Start time:   Sun Nov  7 03:30:17 2021

 Data directory: /mnt/storage/scratch/zw18965/.local/qcore/share/entos/qcore/data
 Number of threads: 28
 Number of threads was determined by: command line argument

 --------------------------------------------------------------------------------
                                   command: dft                                  
 --------------------------------------------------------------------------------
 AO basis set:                           def2-tzvppd
 Number of AO basis functions:          67

 Formula:                                V+
 Nuclear charge:                        23.000000000
 Total charge:                           1.000000000
 Number of electrons:                   22.000000000

 Number of alpha electrons:             13
 Number of beta electrons:               9
 Number of unpaired electrons:           4
 Spin:                                   4
 Multiplicity:                           quintet

 Theory:                                 dft
 Exchange-correlation functional:        b3lyp
 Method for Coulomb:                     incore_df
 Method for exact exchange:              pre_transformed_df
 Integral threshold:                     1.00e-12
 DF basis set:                           def2-universal-jkfit
 Number of DF basis functions:         264
 Schwarz screening threshold:            1.00e-10
 Coulomb fitting method:                 Cholesky
 Total number of grid points:         7852
 Method for AO orthogonalization:        symmetric
 Threshold for linear dependence:        1.00e-08
 D3BJ dispersion energy:                 0.000000000

 -------------------------------------
  Running unrestricted open-shell SCF 
 -------------------------------------
 Max number of iterations:             128
 Conv. threshold (gradient):             1.00e-05
 Conv. threshold (energy):               1.00e-06
 Interpolation scheme:                   adiis+cdiis
 Initial guess:                          SAD

 ---------------------------------------------------------------
                  energy        change          grad        time
 ---------------------------------------------------------------
   0      -943.568046664                    2.06e-02        0.01
   1      -943.284128093      2.84e-01      7.30e-01        0.01
   2      -943.177025865      1.07e-01      8.66e-01        0.01
   3      -943.578596438     -4.02e-01      1.25e-01        0.01
   4      -943.574262538      4.33e-03      1.64e-01        0.01
   5      -943.587126287     -1.29e-02      6.51e-03        0.01
   6      -943.587125481      8.06e-07      6.48e-03        0.01
   7      -943.587147002     -2.15e-05      9.96e-04        0.01
   8      -943.587150583     -3.58e-06      9.87e-04        0.01
   9      -943.587129588      2.10e-05      5.25e-04        0.01
  10      -943.587120333      9.26e-06      6.68e-04        0.01
  11      -943.587118991      1.34e-06      1.49e-03        0.01
  12      -943.587120235     -1.24e-06      2.42e-04        0.01
  13      -943.587120452     -2.16e-07      2.65e-04        0.01
  14      -943.587118386      2.07e-06      6.83e-04        0.01
  15      -943.587117932      4.54e-07      7.62e-04        0.01
  16      -943.587118027     -9.47e-08      3.63e-04        0.01
  17      -943.587118371     -3.44e-07      7.45e-05        0.01
  18      -943.587118423     -5.23e-08      2.12e-04        0.01
  19      -943.587118448     -2.51e-08      1.26e-05        0.01
  20      -943.587118448     -1.99e-10      6.27e-06        0.01

 SCF converged in 20 iterations.

 Dipole moment (in Debye):              -0.000001      -0.000001      -0.000002

 Quadrupole moment (in Debye-Angstrom):
                  1            2            3
 1       -10.191523    -0.561321    -0.342462
 2        -0.561321   -10.227041    -0.353317
 3        -0.342462    -0.353317    -9.860069

 Spin-squared expectation <S^2>:         6.000
 Total spin quantum number S:            2.000
 TOTAL ENERGY:                        -943.587118448

 --------------------------------------------------------------------------------

 End time:                               Sun Nov  7 03:30:18 2021
 Total wall-clock time:                  0.778 seconds
==================================================================================
