
================================================================================
          _____________ ________ _______________ ________     _________         
         / ___________// ______ \\_____   _____// ______ \   / ________)        
        / /_________  / /      \ \     | |     / /      \ \ | (_______          
       |  __________|| |        | |    | |    | |        | | \________ \        
        \ \_________ | |        | |    | |     \ \______/ /___________) |       
         \__________||_|        |_|    |_|      \________//____________/        
                                                                                
====================================[ Qcore ]===================================

 Git describe: 2.3.0-3-g778a55bfd
 Compiler:     GNU 9.3.0
 Build type:   Release
 Version:      2.3.0-3-g778a55bfd

 Start time:   Sun Nov  7 03:33:17 2021

 Data directory: /mnt/storage/scratch/zw18965/.local/qcore/share/entos/qcore/data
 Number of threads: 28
 Number of threads was determined by: command line argument

 --------------------------------------------------------------------------------
                                   command: dft                                  
 --------------------------------------------------------------------------------
 AO basis set:                           def2-tzvppd
 Number of AO basis functions:         144

 Formula:                                COV+
 Nuclear charge:                        37.000000000
 Total charge:                           1.000000000
 Number of electrons:                   36.000000000

 Number of alpha electrons:             20
 Number of beta electrons:              16
 Number of unpaired electrons:           4
 Spin:                                   4
 Multiplicity:                           quintet

 Theory:                                 dft
 Exchange-correlation functional:        b3lyp
 Method for Coulomb:                     incore_df
 Method for exact exchange:              pre_transformed_df
 Integral threshold:                     1.00e-12
 DF basis set:                           def2-universal-jkfit
 Number of DF basis functions:         416
 Schwarz screening threshold:            1.00e-10
 Coulomb fitting method:                 Cholesky
 Total number of grid points:        21596
 Method for AO orthogonalization:        symmetric
 Threshold for linear dependence:        1.00e-08
 D3BJ dispersion energy:                -0.003717465

 -------------------------------------
  Running unrestricted open-shell SCF 
 -------------------------------------
 Max number of iterations:             128
 Conv. threshold (gradient):             1.00e-05
 Conv. threshold (energy):               1.00e-06
 Interpolation scheme:                   adiis+cdiis
 Initial guess:                          SAD

 ---------------------------------------------------------------
                  energy        change          grad        time
 ---------------------------------------------------------------
   0     -1057.221732977                    3.57e+00        0.04
   1     -1055.583316212      1.64e+00      1.41e+00        0.03
   2     -1018.033034039      3.76e+01      6.78e+00        0.03
   3     -1045.258102707     -2.72e+01      9.15e+00        0.04
   4     -1056.725386770     -1.15e+01      1.22e+00        0.03
   5     -1056.808814974     -8.34e-02      6.52e-01        0.03
   6     -1056.893309190     -8.45e-02      5.02e-01        0.03
   7     -1056.851255619      4.21e-02      6.01e-01        0.03
   8     -1056.943386134     -9.21e-02      1.19e-01        0.03
   9     -1056.934539099      8.85e-03      2.18e-01        0.04
  10     -1056.948038507     -1.35e-02      7.47e-02        0.04
  11     -1056.946778012      1.26e-03      1.01e-01        0.04
  12     -1056.949294312     -2.52e-03      9.41e-04        0.04
  13     -1056.949294752     -4.39e-07      2.04e-04        0.03
  14     -1056.949294787     -3.53e-08      6.28e-05        0.03
  15     -1056.949294795     -7.61e-09      3.94e-05        0.03
  16     -1056.949294796     -1.29e-09      1.15e-05        0.04
  17     -1056.949294796     -6.84e-11      1.56e-06        0.04

 SCF converged in 17 iterations.

 Dipole moment (in Debye):              -0.000001      -0.000001      -4.489105

 Quadrupole moment (in Debye-Angstrom):
                  1            2            3
 1       -21.478213     0.000000     0.000001
 2         0.000000   -21.478214     0.000001
 3         0.000001     0.000001   -12.407876

 Spin-squared expectation <S^2>:         6.003
 Total spin quantum number S:            2.001
 TOTAL ENERGY:                       -1056.949294796

 --------------------------------------------------------------------------------

 End time:                               Sun Nov  7 03:33:19 2021
 Total wall-clock time:                  1.967 seconds
==================================================================================
