
================================================================================
          _____________ ________ _______________ ________     _________         
         / ___________// ______ \\_____   _____// ______ \   / ________)        
        / /_________  / /      \ \     | |     / /      \ \ | (_______          
       |  __________|| |        | |    | |    | |        | | \________ \        
        \ \_________ | |        | |    | |     \ \______/ /___________) |       
         \__________||_|        |_|    |_|      \________//____________/        
                                                                                
====================================[ Qcore ]===================================

 Git describe: 2.3.0-3-g778a55bfd
 Compiler:     GNU 9.3.0
 Build type:   Release
 Version:      2.3.0-3-g778a55bfd

 Start time:   Sun Nov  7 03:32:18 2021

 Data directory: /mnt/storage/scratch/zw18965/.local/qcore/share/entos/qcore/data
 Number of threads: 28
 Number of threads was determined by: command line argument

 --------------------------------------------------------------------------------
                                   command: dft                                  
 --------------------------------------------------------------------------------
 AO basis set:                           def2-tzvppd
 Number of AO basis functions:          56
 ECP on atom 1 (Zr):                     28 electrons

 Formula:                                Zr
 Nuclear charge:                        40.000000000
 Total charge:                           0.000000000
 Number of core electrons:              28
 Number of treated electrons:           12

 Number of alpha electrons:              7
 Number of beta electrons:               5
 Number of unpaired electrons:           2
 Spin:                                   2
 Multiplicity:                           triplet

 Theory:                                 dft
 Exchange-correlation functional:        b3lyp
 Method for Coulomb:                     incore_df
 Method for exact exchange:              pre_transformed_df
 Integral threshold:                     1.00e-12
 DF basis set:                           def2-universal-jkfit
 Number of DF basis functions:         255
 Schwarz screening threshold:            1.00e-10
 Coulomb fitting method:                 Cholesky
 Total number of grid points:         8186
 Method for AO orthogonalization:        symmetric
 Threshold for linear dependence:        1.00e-08
 D3BJ dispersion energy:                 0.000000000

 -------------------------------------
  Running unrestricted open-shell SCF 
 -------------------------------------
 Max number of iterations:             128
 Conv. threshold (gradient):             1.00e-05
 Conv. threshold (energy):               1.00e-06
 Interpolation scheme:                   adiis+cdiis
 Initial guess:                          SAD

 ---------------------------------------------------------------
                  energy        change          grad        time
 ---------------------------------------------------------------
   0       -46.783532650                    2.47e-03        0.01
   1       -46.866728061     -8.32e-02      5.06e-02        0.01
   2       -46.872256958     -5.53e-03      2.54e-02        0.01
   3       -46.873035319     -7.78e-04      6.04e-03        0.01
   4       -46.873209965     -1.75e-04      3.56e-03        0.01
   5       -46.873285631     -7.57e-05      1.87e-03        0.01
   6       -46.873348382     -6.28e-05      3.88e-04        0.01
   7       -46.873349620     -1.24e-06      1.80e-04        0.01
   8       -46.873349805     -1.85e-07      1.45e-04        0.01
   9       -46.873349769      3.57e-08      1.42e-04        0.01
  10       -46.873349160      6.09e-07      2.48e-05        0.01
  11       -46.873349155      4.93e-09      8.58e-06        0.01

 SCF converged in 11 iterations.

 Dipole moment (in Debye):              -0.000011      -0.000003      -0.000011

 Quadrupole moment (in Debye-Angstrom):
                  1            2            3
 1       -27.228829    -0.000060     0.000002
 2        -0.000060   -27.645649    -0.000059
 3         0.000002    -0.000059   -27.228829

 Spin-squared expectation <S^2>:         2.054
 Total spin quantum number S:            1.018
 TOTAL ENERGY:                         -46.873349155

 --------------------------------------------------------------------------------

 End time:                               Sun Nov  7 03:32:18 2021
 Total wall-clock time:                  0.494 seconds
==================================================================================
