
================================================================================
          _____________ ________ _______________ ________     _________         
         / ___________// ______ \\_____   _____// ______ \   / ________)        
        / /_________  / /      \ \     | |     / /      \ \ | (_______          
       |  __________|| |        | |    | |    | |        | | \________ \        
        \ \_________ | |        | |    | |     \ \______/ /___________) |       
         \__________||_|        |_|    |_|      \________//____________/        
                                                                                
====================================[ Qcore ]===================================

 Git describe: 2.3.0-3-g778a55bfd
 Compiler:     GNU 9.3.0
 Build type:   Release
 Version:      2.3.0-3-g778a55bfd

 Start time:   Sun Nov  7 03:33:18 2021

 Data directory: /mnt/storage/scratch/zw18965/.local/qcore/share/entos/qcore/data
 Number of threads: 28
 Number of threads was determined by: command line argument

 --------------------------------------------------------------------------------
                                   command: dft                                  
 --------------------------------------------------------------------------------
 AO basis set:                           def2-tzvppd
 Number of AO basis functions:         112
 ECP on atom 1 (Zr):                     28 electrons
 ECP on atom 2 (Zr):                     28 electrons

 Formula:                                Zr2
 Nuclear charge:                        80.000000000
 Total charge:                           0.000000000
 Number of core electrons:              56
 Number of treated electrons:           24

 Number of alpha electrons:             13
 Number of beta electrons:              11
 Number of unpaired electrons:           2
 Spin:                                   2
 Multiplicity:                           triplet

 Theory:                                 dft
 Exchange-correlation functional:        b3lyp
 Method for Coulomb:                     incore_df
 Method for exact exchange:              pre_transformed_df
 Integral threshold:                     1.00e-12
 DF basis set:                           def2-universal-jkfit
 Number of DF basis functions:         510
 Schwarz screening threshold:            1.00e-10
 Coulomb fitting method:                 Cholesky
 Total number of grid points:        16372
 Method for AO orthogonalization:        symmetric
 Threshold for linear dependence:        1.00e-08
 D3BJ dispersion energy:                -0.005744336

 -------------------------------------
  Running unrestricted open-shell SCF 
 -------------------------------------
 Max number of iterations:             128
 Conv. threshold (gradient):             1.00e-05
 Conv. threshold (energy):               1.00e-06
 Interpolation scheme:                   adiis+cdiis
 Initial guess:                          SAD

 ---------------------------------------------------------------
                  energy        change          grad        time
 ---------------------------------------------------------------
   0       -93.962862437                    3.04e+00        0.03
   1       -93.708734624      2.54e-01      4.63e-01        0.03
   2       -93.044707622      6.64e-01      1.02e+00        0.02
   3       -93.827535936     -7.83e-01      2.17e-01        0.02
   4       -93.835596913     -8.06e-03      1.66e-01        0.02
   5       -93.851710108     -1.61e-02      1.88e-02        0.02
   6       -93.851516545      1.94e-04      2.73e-02        0.02
   7       -93.851966751     -4.50e-04      4.19e-04        0.02
   8       -93.851967038     -2.87e-07      2.12e-04        0.02
   9       -93.851966943      9.50e-08      4.83e-04        0.03
  10       -93.851967104     -1.61e-07      3.34e-05        0.03
  11       -93.851967110     -6.56e-09      6.61e-06        0.02

 SCF converged in 11 iterations.

 Dipole moment (in Debye):               0.000060       0.000060       0.000001

 Quadrupole moment (in Debye-Angstrom):
                  1            2            3
 1       -49.397296     0.000004    -0.000000
 2         0.000004   -49.397296    -0.000000
 3        -0.000000    -0.000000   -41.116610

 Spin-squared expectation <S^2>:         2.002
 Total spin quantum number S:            1.001
 TOTAL ENERGY:                         -93.851967110

 --------------------------------------------------------------------------------

 End time:                               Sun Nov  7 03:33:18 2021
 Total wall-clock time:                  0.962 seconds
==================================================================================
