
================================================================================
          _____________ ________ _______________ ________     _________         
         / ___________// ______ \\_____   _____// ______ \   / ________)        
        / /_________  / /      \ \     | |     / /      \ \ | (_______          
       |  __________|| |        | |    | |    | |        | | \________ \        
        \ \_________ | |        | |    | |     \ \______/ /___________) |       
         \__________||_|        |_|    |_|      \________//____________/        
                                                                                
====================================[ Qcore ]===================================

 Git describe: 2.3.0-3-g778a55bfd
 Compiler:     GNU 9.3.0
 Build type:   Release
 Version:      2.3.0-3-g778a55bfd

 Start time:   Sun Nov  7 03:44:18 2021

 Data directory: /mnt/storage/scratch/zw18965/.local/qcore/share/entos/qcore/data
 Number of threads: 28
 Number of threads was determined by: command line argument

 --------------------------------------------------------------------------------
                                   command: dft                                  
 --------------------------------------------------------------------------------
 AO basis set:                           def2-tzvppd
 Number of AO basis functions:          84

 Formula:                                HCo
 Nuclear charge:                        28.000000000
 Total charge:                           0.000000000
 Number of electrons:                   28.000000000

 Number of alpha electrons:             15
 Number of beta electrons:              13
 Number of unpaired electrons:           2
 Spin:                                   2
 Multiplicity:                           triplet

 Theory:                                 dft
 Exchange-correlation functional:        pbe0
 Method for Coulomb:                     incore_df
 Method for exact exchange:              pre_transformed_df
 Integral threshold:                     1.00e-12
 DF basis set:                           def2-universal-jkfit
 Number of DF basis functions:         282
 Schwarz screening threshold:            1.00e-10
 Coulomb fitting method:                 Cholesky
 Total number of grid points:        13826
 Method for AO orthogonalization:        symmetric
 Threshold for linear dependence:        1.00e-08
 D3BJ dispersion energy:                -0.000343479

 -------------------------------------
  Running unrestricted open-shell SCF 
 -------------------------------------
 Max number of iterations:             128
 Conv. threshold (gradient):             1.00e-05
 Conv. threshold (energy):               1.00e-06
 Interpolation scheme:                   adiis+cdiis
 Initial guess:                          SAD

 ---------------------------------------------------------------
                  energy        change          grad        time
 ---------------------------------------------------------------
   0     -1382.826920684                    1.29e+00        0.01
   1     -1383.048107487     -2.21e-01      2.22e-01        0.01
   2     -1383.048335476     -2.28e-04      2.86e-01        0.01
   3     -1383.066325470     -1.80e-02      2.44e-01        0.01
   4     -1383.066608481     -2.83e-04      2.11e-01        0.01
   5     -1383.080675731     -1.41e-02      3.01e-02        0.01
   6     -1383.080834123     -1.58e-04      2.46e-02        0.01
   7     -1383.081155249     -3.21e-04      2.67e-03        0.01
   8     -1383.081161385     -6.14e-06      8.08e-04        0.01
   9     -1383.081162059     -6.75e-07      2.50e-04        0.01
  10     -1383.081162121     -6.16e-08      6.95e-05        0.01
  11     -1383.081162125     -4.25e-09      1.80e-05        0.01
  12     -1383.081162126     -6.59e-10      6.28e-06        0.01

 SCF converged in 12 iterations.

 Dipole moment (in Debye):              -0.000001      -0.000001      -3.018567

 Quadrupole moment (in Debye-Angstrom):
                  1            2            3
 1       -14.891167     0.000000     0.000001
 2         0.000000   -14.891167     0.000001
 3         0.000001     0.000001   -16.777661

 Spin-squared expectation <S^2>:         2.028
 Total spin quantum number S:            1.009
 TOTAL ENERGY:                       -1383.081162126

 --------------------------------------------------------------------------------

 End time:                               Sun Nov  7 03:44:18 2021
 Total wall-clock time:                  0.870 seconds
==================================================================================
