
================================================================================
          _____________ ________ _______________ ________     _________         
         / ___________// ______ \\_____   _____// ______ \   / ________)        
        / /_________  / /      \ \     | |     / /      \ \ | (_______          
       |  __________|| |        | |    | |    | |        | | \________ \        
        \ \_________ | |        | |    | |     \ \______/ /___________) |       
         \__________||_|        |_|    |_|      \________//____________/        
                                                                                
====================================[ Qcore ]===================================

 Git describe: 2.3.0-3-g778a55bfd
 Compiler:     GNU 9.3.0
 Build type:   Release
 Version:      2.3.0-3-g778a55bfd

 Start time:   Sun Nov  7 03:44:18 2021

 Data directory: /mnt/storage/scratch/zw18965/.local/qcore/share/entos/qcore/data
 Number of threads: 28
 Number of threads was determined by: command line argument

 --------------------------------------------------------------------------------
                                   command: dft                                  
 --------------------------------------------------------------------------------
 AO basis set:                           def2-tzvppd
 Number of AO basis functions:         155

 Formula:                                CH3Cr+
 Nuclear charge:                        33.000000000
 Total charge:                           1.000000000
 Number of electrons:                   32.000000000

 Number of alpha electrons:             18
 Number of beta electrons:              14
 Number of unpaired electrons:           4
 Spin:                                   4
 Multiplicity:                           quintet

 Theory:                                 dft
 Exchange-correlation functional:        pbe0
 Method for Coulomb:                     incore_df
 Method for exact exchange:              pre_transformed_df
 Integral threshold:                     1.00e-12
 DF basis set:                           def2-universal-jkfit
 Number of DF basis functions:         393
 Schwarz screening threshold:            1.00e-10
 Coulomb fitting method:                 Cholesky
 Total number of grid points:        32298
 Method for AO orthogonalization:        symmetric
 Threshold for linear dependence:        1.00e-08
 D3BJ dispersion energy:                -0.002219018

 -------------------------------------
  Running unrestricted open-shell SCF 
 -------------------------------------
 Max number of iterations:             128
 Conv. threshold (gradient):             1.00e-05
 Conv. threshold (energy):               1.00e-06
 Interpolation scheme:                   adiis+cdiis
 Initial guess:                          SAD

 ---------------------------------------------------------------
                  energy        change          grad        time
 ---------------------------------------------------------------
   0     -1083.817268257                    4.68e+00        0.06
   1     -1082.927941007      8.89e-01      3.07e+00        0.05
   2     -1068.292225918      1.46e+01      7.16e+00        0.04
   3     -1082.094223125     -1.38e+01      5.23e+00        0.04
   4     -1083.796686016     -1.70e+00      4.83e-01        0.04
   5     -1083.731241069      6.54e-02      1.05e+00        0.04
   6     -1083.822340465     -9.11e-02      2.24e-01        0.05
   7     -1083.812596696      9.74e-03      3.98e-01        0.05
   8     -1083.825986682     -1.34e-02      7.35e-02        0.05
   9     -1083.825518301      4.68e-04      1.19e-01        0.05
  10     -1083.826650531     -1.13e-03      5.21e-03        0.05
  11     -1083.826665789     -1.53e-05      3.03e-03        0.04
  12     -1083.826669675     -3.89e-06      1.68e-03        0.04
  13     -1083.826670843     -1.17e-06      4.37e-04        0.05
  14     -1083.826670947     -1.04e-07      2.80e-04        0.06
  15     -1083.826671016     -6.93e-08      2.22e-04        0.04
  16     -1083.826671081     -6.55e-08      8.92e-05        0.05
  17     -1083.826671087     -5.65e-09      1.81e-05        0.04
  18     -1083.826671087     -2.27e-10      9.91e-06        0.04

 SCF converged in 18 iterations.

 Dipole moment (in Debye):              -1.436731      -2.488500      -1.015936

 Quadrupole moment (in Debye-Angstrom):
                  1            2            3
 1       -16.105597     1.154552     0.471290
 2         1.154552   -14.772398     0.816490
 3         0.471290     0.816490   -16.438956

 Spin-squared expectation <S^2>:         6.113
 Total spin quantum number S:            2.022
 TOTAL ENERGY:                       -1083.826671087

 --------------------------------------------------------------------------------

 End time:                               Sun Nov  7 03:44:20 2021
 Total wall-clock time:                  2.449 seconds
==================================================================================
