
================================================================================
          _____________ ________ _______________ ________     _________         
         / ___________// ______ \\_____   _____// ______ \   / ________)        
        / /_________  / /      \ \     | |     / /      \ \ | (_______          
       |  __________|| |        | |    | |    | |        | | \________ \        
        \ \_________ | |        | |    | |     \ \______/ /___________) |       
         \__________||_|        |_|    |_|      \________//____________/        
                                                                                
====================================[ Qcore ]===================================

 Git describe: 2.3.0-3-g778a55bfd
 Compiler:     GNU 9.3.0
 Build type:   Release
 Version:      2.3.0-3-g778a55bfd

 Start time:   Sun Nov  7 03:44:18 2021

 Data directory: /mnt/storage/scratch/zw18965/.local/qcore/share/entos/qcore/data
 Number of threads: 28
 Number of threads was determined by: command line argument

 --------------------------------------------------------------------------------
                                   command: dft                                  
 --------------------------------------------------------------------------------
 AO basis set:                           def2-tzvppd
 Number of AO basis functions:         134

 Formula:                                Cu2
 Nuclear charge:                        58.000000000
 Total charge:                           0.000000000
 Number of electrons:                   58.000000000

 Number of alpha electrons:             29
 Number of beta electrons:              29
 Number of unpaired electrons:           0
 Spin:                                   0
 Multiplicity:                           singlet

 Theory:                                 dft
 Exchange-correlation functional:        pbe0
 Method for Coulomb:                     incore_df
 Method for exact exchange:              pre_transformed_df
 Integral threshold:                     1.00e-12
 DF basis set:                           def2-universal-jkfit
 Number of DF basis functions:         528
 Schwarz screening threshold:            1.00e-10
 Coulomb fitting method:                 Cholesky
 Total number of grid points:        15872
 Method for AO orthogonalization:        symmetric
 Threshold for linear dependence:        1.00e-08
 D3BJ dispersion energy:                -0.001015864

 -------------------------------------
  Running restricted closed-shell SCF 
 -------------------------------------
 Max number of iterations:             128
 Conv. threshold (gradient):             1.00e-05
 Conv. threshold (energy):               1.00e-06
 Interpolation scheme:                   adiis+cdiis
 Initial guess:                          SAD

 ---------------------------------------------------------------
                  energy        change          grad        time
 ---------------------------------------------------------------
   0     -3280.628319059                    3.21e+00        0.02
   1     -3280.547980037      8.03e-02      1.86e-01        0.02
   2     -3280.545502800      2.48e-03      2.51e-01        0.02
   3     -3280.552831826     -7.33e-03      1.05e-01        0.02
   4     -3280.551010052      1.82e-03      1.44e-01        0.02
   5     -3280.554876374     -3.87e-03      1.85e-02        0.02
   6     -3280.554558612      3.18e-04      4.21e-02        0.02
   7     -3280.554945466     -3.87e-04      2.76e-04        0.02
   8     -3280.554945501     -3.58e-08      8.16e-05        0.02
   9     -3280.554945503     -1.28e-09      1.52e-05        0.02
  10     -3280.554945503     -1.82e-11      1.09e-05        0.02
  11     -3280.554945503     -1.36e-11      5.92e-07        0.02

 SCF converged in 11 iterations.

 Dipole moment (in Debye):               0.000002       0.000002       0.000002

 Quadrupole moment (in Debye-Angstrom):
                  1            2            3
 1       -27.828989    -0.000001     0.000000
 2        -0.000001   -27.828989     0.000000
 3         0.000000     0.000000   -20.286496

 Spin-squared expectation <S^2>:         0.000
 Total spin quantum number S:            0.000
 TOTAL ENERGY:                       -3280.554945503

 --------------------------------------------------------------------------------

 End time:                               Sun Nov  7 03:44:19 2021
 Total wall-clock time:                  1.236 seconds
==================================================================================
