
================================================================================
          _____________ ________ _______________ ________     _________         
         / ___________// ______ \\_____   _____// ______ \   / ________)        
        / /_________  / /      \ \     | |     / /      \ \ | (_______          
       |  __________|| |        | |    | |    | |        | | \________ \        
        \ \_________ | |        | |    | |     \ \______/ /___________) |       
         \__________||_|        |_|    |_|      \________//____________/        
                                                                                
====================================[ Qcore ]===================================

 Git describe: 2.3.0-3-g778a55bfd
 Compiler:     GNU 9.3.0
 Build type:   Release
 Version:      2.3.0-3-g778a55bfd

 Start time:   Sun Nov  7 03:42:18 2021

 Data directory: /mnt/storage/scratch/zw18965/.local/qcore/share/entos/qcore/data
 Number of threads: 28
 Number of threads was determined by: command line argument

 --------------------------------------------------------------------------------
                                   command: dft                                  
 --------------------------------------------------------------------------------
 AO basis set:                           def2-tzvppd
 Number of AO basis functions:         123
 ECP on atom 2 (Ag):                     28 electrons

 Formula:                                CuAg
 Nuclear charge:                        76.000000000
 Total charge:                           0.000000000
 Number of core electrons:              28
 Number of treated electrons:           48

 Number of alpha electrons:             24
 Number of beta electrons:              24
 Number of unpaired electrons:           0
 Spin:                                   0
 Multiplicity:                           singlet

 Theory:                                 dft
 Exchange-correlation functional:        pbe0
 Method for Coulomb:                     incore_df
 Method for exact exchange:              pre_transformed_df
 Integral threshold:                     1.00e-12
 DF basis set:                           def2-universal-jkfit
 Number of DF basis functions:         519
 Schwarz screening threshold:            1.00e-10
 Coulomb fitting method:                 Cholesky
 Total number of grid points:        16434
 Method for AO orthogonalization:        symmetric
 Threshold for linear dependence:        1.00e-08
 D3BJ dispersion energy:                -0.001198054

 -------------------------------------
  Running restricted closed-shell SCF 
 -------------------------------------
 Max number of iterations:             128
 Conv. threshold (gradient):             1.00e-05
 Conv. threshold (energy):               1.00e-06
 Interpolation scheme:                   adiis+cdiis
 Initial guess:                          SAD

 ---------------------------------------------------------------
                  energy        change          grad        time
 ---------------------------------------------------------------
   0     -1787.364202191                    3.44e+00        0.02
   1     -1787.262776846      1.01e-01      1.65e-01        0.02
   2     -1787.261180152      1.60e-03      2.06e-01        0.02
   3     -1787.269335695     -8.16e-03      6.40e-02        0.02
   4     -1787.267250803      2.08e-03      1.56e-01        0.02
   5     -1787.269719164     -2.47e-03      6.18e-03        0.02
   6     -1787.269725324     -6.16e-06      1.78e-03        0.02
   7     -1787.269726085     -7.61e-07      3.87e-04        0.02
   8     -1787.269726165     -8.01e-08      1.79e-04        0.02
   9     -1787.269726172     -7.79e-09      9.00e-05        0.02
  10     -1787.269726173     -9.29e-10      7.14e-06        0.02

 SCF converged in 10 iterations.

 Dipole moment (in Debye):               0.000000       0.000000      -0.055933

 Quadrupole moment (in Debye-Angstrom):
                  1            2            3
 1       -34.123405    -0.000000     0.000002
 2        -0.000000   -34.123405     0.000002
 3         0.000002     0.000002   -26.426952

 Spin-squared expectation <S^2>:         0.000
 Total spin quantum number S:            0.000
 TOTAL ENERGY:                       -1787.269726173

 --------------------------------------------------------------------------------

 End time:                               Sun Nov  7 03:42:19 2021
 Total wall-clock time:                  1.408 seconds
==================================================================================
