
================================================================================
          _____________ ________ _______________ ________     _________         
         / ___________// ______ \\_____   _____// ______ \   / ________)        
        / /_________  / /      \ \     | |     / /      \ \ | (_______          
       |  __________|| |        | |    | |    | |        | | \________ \        
        \ \_________ | |        | |    | |     \ \______/ /___________) |       
         \__________||_|        |_|    |_|      \________//____________/        
                                                                                
====================================[ Qcore ]===================================

 Git describe: 2.3.0-3-g778a55bfd
 Compiler:     GNU 9.3.0
 Build type:   Release
 Version:      2.3.0-3-g778a55bfd

 Start time:   Sun Nov  7 03:43:18 2021

 Data directory: /mnt/storage/scratch/zw18965/.local/qcore/share/entos/qcore/data
 Number of threads: 28
 Number of threads was determined by: command line argument

 --------------------------------------------------------------------------------
                                   command: dft                                  
 --------------------------------------------------------------------------------
 AO basis set:                           def2-tzvppd
 Number of AO basis functions:         141

 Formula:                                H2OCu+
 Nuclear charge:                        39.000000000
 Total charge:                           1.000000000
 Number of electrons:                   38.000000000

 Number of alpha electrons:             19
 Number of beta electrons:              19
 Number of unpaired electrons:           0
 Spin:                                   0
 Multiplicity:                           singlet

 Theory:                                 dft
 Exchange-correlation functional:        pbe0
 Method for Coulomb:                     incore_df
 Method for exact exchange:              pre_transformed_df
 Integral threshold:                     1.00e-12
 DF basis set:                           def2-universal-jkfit
 Number of DF basis functions:         377
 Schwarz screening threshold:            1.00e-10
 Coulomb fitting method:                 Cholesky
 Total number of grid points:        26660
 Method for AO orthogonalization:        symmetric
 Threshold for linear dependence:        1.00e-08
 D3BJ dispersion energy:                -0.001214635

 -------------------------------------
  Running restricted closed-shell SCF 
 -------------------------------------
 Max number of iterations:             128
 Conv. threshold (gradient):             1.00e-05
 Conv. threshold (energy):               1.00e-06
 Interpolation scheme:                   adiis+cdiis
 Initial guess:                          SAD

 ---------------------------------------------------------------
                  energy        change          grad        time
 ---------------------------------------------------------------
   0     -1716.779612980                    7.60e+00        0.03
   1     -1716.350683331      4.29e-01      1.34e+00        0.03
   2     -1716.274418820      7.63e-02      1.92e+00        0.02
   3     -1716.398909694     -1.24e-01      3.63e-01        0.02
   4     -1716.394106786      4.80e-03      5.11e-01        0.03
   5     -1716.402465018     -8.36e-03      1.04e-01        0.02
   6     -1716.401896496      5.69e-04      1.55e-01        0.02
   7     -1716.402748352     -8.52e-04      3.80e-02        0.02
   8     -1716.402726062      2.23e-05      3.88e-02        0.03
   9     -1716.402790950     -6.49e-05      1.53e-04        0.02
  10     -1716.402790956     -6.44e-09      1.02e-05        0.02
  11     -1716.402790956     -2.41e-11      4.61e-06        0.02

 SCF converged in 11 iterations.

 Dipole moment (in Debye):              -0.000002      -0.000002       1.220672

 Quadrupole moment (in Debye-Angstrom):
                  1            2            3
 1       -12.725675     0.000001     0.000002
 2         0.000001   -16.891254     0.000001
 3         0.000002     0.000001    -5.243367

 Spin-squared expectation <S^2>:         0.000
 Total spin quantum number S:            0.000
 TOTAL ENERGY:                       -1716.402790956

 --------------------------------------------------------------------------------

 End time:                               Sun Nov  7 03:43:19 2021
 Total wall-clock time:                  1.596 seconds
==================================================================================
