
================================================================================
          _____________ ________ _______________ ________     _________         
         / ___________// ______ \\_____   _____// ______ \   / ________)        
        / /_________  / /      \ \     | |     / /      \ \ | (_______          
       |  __________|| |        | |    | |    | |        | | \________ \        
        \ \_________ | |        | |    | |     \ \______/ /___________) |       
         \__________||_|        |_|    |_|      \________//____________/        
                                                                                
====================================[ Qcore ]===================================

 Git describe: 2.3.0-3-g778a55bfd
 Compiler:     GNU 9.3.0
 Build type:   Release
 Version:      2.3.0-3-g778a55bfd

 Start time:   Sun Nov  7 03:43:18 2021

 Data directory: /mnt/storage/scratch/zw18965/.local/qcore/share/entos/qcore/data
 Number of threads: 28
 Number of threads was determined by: command line argument

 --------------------------------------------------------------------------------
                                   command: dft                                  
 --------------------------------------------------------------------------------
 AO basis set:                           def2-tzvppd
 Number of AO basis functions:          84

 Formula:                                HFe
 Nuclear charge:                        27.000000000
 Total charge:                           0.000000000
 Number of electrons:                   27.000000000

 Number of alpha electrons:             15
 Number of beta electrons:              12
 Number of unpaired electrons:           3
 Spin:                                   3
 Multiplicity:                           quartet

 Theory:                                 dft
 Exchange-correlation functional:        pbe0
 Method for Coulomb:                     incore_df
 Method for exact exchange:              pre_transformed_df
 Integral threshold:                     1.00e-12
 DF basis set:                           def2-universal-jkfit
 Number of DF basis functions:         282
 Schwarz screening threshold:            1.00e-10
 Coulomb fitting method:                 Cholesky
 Total number of grid points:        13826
 Method for AO orthogonalization:        symmetric
 Threshold for linear dependence:        1.00e-08
 D3BJ dispersion energy:                -0.000338898

 -------------------------------------
  Running unrestricted open-shell SCF 
 -------------------------------------
 Max number of iterations:             128
 Conv. threshold (gradient):             1.00e-05
 Conv. threshold (energy):               1.00e-06
 Interpolation scheme:                   adiis+cdiis
 Initial guess:                          SAD

 ---------------------------------------------------------------
                  energy        change          grad        time
 ---------------------------------------------------------------
   0     -1263.615758610                    1.09e+00        0.01
   1     -1263.877081983     -2.61e-01      6.23e-01        0.01
   2     -1257.828024571      6.05e+00      3.06e+00        0.01
   3     -1263.197678627     -5.37e+00      1.78e+00        0.01
   4     -1263.988511036     -7.91e-01      2.64e-01        0.01
   5     -1263.963312578      2.52e-02      3.63e-01        0.01
   6     -1264.004160302     -4.08e-02      5.98e-02        0.01
   7     -1263.999941751      4.22e-03      1.47e-01        0.01
   8     -1264.005621529     -5.68e-03      7.85e-03        0.01
   9     -1264.005658315     -3.68e-05      2.59e-03        0.01
  10     -1264.005669597     -1.13e-05      8.73e-04        0.01
  11     -1264.005670516     -9.19e-07      1.69e-04        0.01
  12     -1264.005670557     -4.12e-08      5.80e-05        0.01
  13     -1264.005670562     -4.04e-09      3.30e-05        0.01
  14     -1264.005670563     -1.27e-09      1.03e-05        0.01
  15     -1264.005670563     -1.19e-10      1.31e-06        0.01

 SCF converged in 15 iterations.

 Dipole moment (in Debye):              -0.000009      -0.000009      -3.028190

 Quadrupole moment (in Debye-Angstrom):
                  1            2            3
 1       -15.381928    -0.000000     0.000029
 2        -0.000000   -15.381928     0.000029
 3         0.000029     0.000029   -18.193011

 Spin-squared expectation <S^2>:         3.799
 Total spin quantum number S:            1.512
 TOTAL ENERGY:                       -1264.005670563

 --------------------------------------------------------------------------------

 End time:                               Sun Nov  7 03:43:18 2021
 Total wall-clock time:                  0.880 seconds
==================================================================================
