
================================================================================
          _____________ ________ _______________ ________     _________         
         / ___________// ______ \\_____   _____// ______ \   / ________)        
        / /_________  / /      \ \     | |     / /      \ \ | (_______          
       |  __________|| |        | |    | |    | |        | | \________ \        
        \ \_________ | |        | |    | |     \ \______/ /___________) |       
         \__________||_|        |_|    |_|      \________//____________/        
                                                                                
====================================[ Qcore ]===================================

 Git describe: 2.3.0-3-g778a55bfd
 Compiler:     GNU 9.3.0
 Build type:   Release
 Version:      2.3.0-3-g778a55bfd

 Start time:   Sun Nov  7 03:44:17 2021

 Data directory: /mnt/storage/scratch/zw18965/.local/qcore/share/entos/qcore/data
 Number of threads: 28
 Number of threads was determined by: command line argument

 --------------------------------------------------------------------------------
                                   command: dft                                  
 --------------------------------------------------------------------------------
 AO basis set:                           def2-tzvppd
 Number of AO basis functions:          74

 Formula:                                H2O
 Nuclear charge:                        10.000000000
 Total charge:                           0.000000000
 Number of electrons:                   10.000000000

 Number of alpha electrons:              5
 Number of beta electrons:               5
 Number of unpaired electrons:           0
 Spin:                                   0
 Multiplicity:                           singlet

 Theory:                                 dft
 Exchange-correlation functional:        pbe0
 Method for Coulomb:                     incore_df
 Method for exact exchange:              pre_transformed_df
 Integral threshold:                     1.00e-12
 DF basis set:                           def2-universal-jkfit
 Number of DF basis functions:         113
 Schwarz screening threshold:            1.00e-10
 Coulomb fitting method:                 Cholesky
 Total number of grid points:        18724
 Method for AO orthogonalization:        symmetric
 Threshold for linear dependence:        1.00e-08
 D3BJ dispersion energy:                -0.000276864

 -------------------------------------
  Running restricted closed-shell SCF 
 -------------------------------------
 Max number of iterations:             128
 Conv. threshold (gradient):             1.00e-05
 Conv. threshold (energy):               1.00e-06
 Interpolation scheme:                   adiis+cdiis
 Initial guess:                          SAD

 ---------------------------------------------------------------
                  energy        change          grad        time
 ---------------------------------------------------------------
   0       -76.333464960                    6.03e+00        0.01
   1       -76.308029653      2.54e-02      1.30e+00        0.01
   2       -76.192488501      1.16e-01      1.97e+00        0.01
   3       -76.378142816     -1.86e-01      3.63e-01        0.01
   4       -76.373641137      4.50e-03      4.77e-01        0.01
   5       -76.383468929     -9.83e-03      6.37e-02        0.01
   6       -76.383259422      2.10e-04      9.17e-02        0.01
   7       -76.383637490     -3.78e-04      3.86e-04        0.01
   8       -76.383637497     -7.51e-09      2.17e-05        0.01
   9       -76.383637497     -2.00e-11      8.38e-07        0.01

 SCF converged in 9 iterations.

 Dipole moment (in Debye):               1.470996      -0.000000       1.138608

 Quadrupole moment (in Debye-Angstrom):
                  1            2            3
 1        -5.659185    -0.000000    -0.957929
 2        -0.000000    -7.735888    -0.000000
 3        -0.957929    -0.000000    -5.163104

 Spin-squared expectation <S^2>:         0.000
 Total spin quantum number S:            0.000
 TOTAL ENERGY:                         -76.383637497

 --------------------------------------------------------------------------------

 End time:                               Sun Nov  7 03:44:18 2021
 Total wall-clock time:                  0.341 seconds
==================================================================================
