
================================================================================
          _____________ ________ _______________ ________     _________         
         / ___________// ______ \\_____   _____// ______ \   / ________)        
        / /_________  / /      \ \     | |     / /      \ \ | (_______          
       |  __________|| |        | |    | |    | |        | | \________ \        
        \ \_________ | |        | |    | |     \ \______/ /___________) |       
         \__________||_|        |_|    |_|      \________//____________/        
                                                                                
====================================[ Qcore ]===================================

 Git describe: 2.3.0-3-g778a55bfd
 Compiler:     GNU 9.3.0
 Build type:   Release
 Version:      2.3.0-3-g778a55bfd

 Start time:   Sun Nov  7 03:42:18 2021

 Data directory: /mnt/storage/scratch/zw18965/.local/qcore/share/entos/qcore/data
 Number of threads: 28
 Number of threads was determined by: command line argument

 --------------------------------------------------------------------------------
                                   command: dft                                  
 --------------------------------------------------------------------------------
 AO basis set:                           def2-tzvppd
 Number of AO basis functions:          73

 Formula:                                LiCl
 Nuclear charge:                        20.000000000
 Total charge:                           0.000000000
 Number of electrons:                   20.000000000

 Number of alpha electrons:             10
 Number of beta electrons:              10
 Number of unpaired electrons:           0
 Spin:                                   0
 Multiplicity:                           singlet

 Theory:                                 dft
 Exchange-correlation functional:        pbe0
 Method for Coulomb:                     incore_df
 Method for exact exchange:              pre_transformed_df
 Integral threshold:                     1.00e-12
 DF basis set:                           def2-universal-jkfit
 Number of DF basis functions:         179
 Schwarz screening threshold:            1.00e-10
 Coulomb fitting method:                 Cholesky
 Total number of grid points:        14066
 Method for AO orthogonalization:        symmetric
 Threshold for linear dependence:        1.00e-08
 D3BJ dispersion energy:                -0.000642773

 -------------------------------------
  Running restricted closed-shell SCF 
 -------------------------------------
 Max number of iterations:             128
 Conv. threshold (gradient):             1.00e-05
 Conv. threshold (energy):               1.00e-06
 Interpolation scheme:                   adiis+cdiis
 Initial guess:                          SAD

 ---------------------------------------------------------------
                  energy        change          grad        time
 ---------------------------------------------------------------
   0      -467.532514663                    2.03e+00        0.01
   1      -467.602296229     -6.98e-02      3.79e-01        0.01
   2      -467.597384209      4.91e-03      4.35e-01        0.01
   3      -467.638294572     -4.09e-02      2.63e-02        0.01
   4      -467.638311238     -1.67e-05      1.72e-02        0.01
   5      -467.638373720     -6.25e-05      1.54e-03        0.01
   6      -467.638374220     -5.01e-07      9.88e-05        0.01
   7      -467.638374223     -2.38e-09      1.07e-05        0.01
   8      -467.638374223     -4.14e-11      9.62e-07        0.01

 SCF converged in 8 iterations.

 Dipole moment (in Debye):              -0.000000      -0.000000      -7.016717

 Quadrupole moment (in Debye-Angstrom):
                  1            2            3
 1       -16.585994    -0.000000    -0.000000
 2        -0.000000   -16.585994    -0.000000
 3        -0.000000    -0.000000    -2.443501

 Spin-squared expectation <S^2>:         0.000
 Total spin quantum number S:            0.000
 TOTAL ENERGY:                        -467.638374223

 --------------------------------------------------------------------------------

 End time:                               Sun Nov  7 03:42:18 2021
 Total wall-clock time:                  0.385 seconds
==================================================================================
