
================================================================================
          _____________ ________ _______________ ________     _________         
         / ___________// ______ \\_____   _____// ______ \   / ________)        
        / /_________  / /      \ \     | |     / /      \ \ | (_______          
       |  __________|| |        | |    | |    | |        | | \________ \        
        \ \_________ | |        | |    | |     \ \______/ /___________) |       
         \__________||_|        |_|    |_|      \________//____________/        
                                                                                
====================================[ Qcore ]===================================

 Git describe: 2.3.0-3-g778a55bfd
 Compiler:     GNU 9.3.0
 Build type:   Release
 Version:      2.3.0-3-g778a55bfd

 Start time:   Sun Nov  7 03:42:18 2021

 Data directory: /mnt/storage/scratch/zw18965/.local/qcore/share/entos/qcore/data
 Number of threads: 28
 Number of threads was determined by: command line argument

 --------------------------------------------------------------------------------
                                   command: dft                                  
 --------------------------------------------------------------------------------
 AO basis set:                           def2-tzvppd
 Number of AO basis functions:          67

 Formula:                                V+
 Nuclear charge:                        23.000000000
 Total charge:                           1.000000000
 Number of electrons:                   22.000000000

 Number of alpha electrons:             13
 Number of beta electrons:               9
 Number of unpaired electrons:           4
 Spin:                                   4
 Multiplicity:                           quintet

 Theory:                                 dft
 Exchange-correlation functional:        pbe0
 Method for Coulomb:                     incore_df
 Method for exact exchange:              pre_transformed_df
 Integral threshold:                     1.00e-12
 DF basis set:                           def2-universal-jkfit
 Number of DF basis functions:         264
 Schwarz screening threshold:            1.00e-10
 Coulomb fitting method:                 Cholesky
 Total number of grid points:         7852
 Method for AO orthogonalization:        symmetric
 Threshold for linear dependence:        1.00e-08
 D3BJ dispersion energy:                 0.000000000

 -------------------------------------
  Running unrestricted open-shell SCF 
 -------------------------------------
 Max number of iterations:             128
 Conv. threshold (gradient):             1.00e-05
 Conv. threshold (energy):               1.00e-06
 Interpolation scheme:                   adiis+cdiis
 Initial guess:                          SAD

 ---------------------------------------------------------------
                  energy        change          grad        time
 ---------------------------------------------------------------
   0      -943.381956092                    2.19e-02        0.01
   1      -943.136651955      2.45e-01      7.48e-01        0.01
   2      -943.061839687      7.48e-02      8.28e-01        0.01
   3      -943.449207207     -3.87e-01      1.14e-01        0.01
   4      -943.447295272      1.91e-03      1.29e-01        0.01
   5      -943.456204289     -8.91e-03      4.82e-03        0.01
   6      -943.456213043     -8.75e-06      2.10e-03        0.01
   7      -943.456218858     -5.81e-06      1.35e-03        0.01
   8      -943.456223752     -4.89e-06      1.26e-03        0.01
   9      -943.456238250     -1.45e-05      1.22e-03        0.01
  10      -943.456272945     -3.47e-05      1.36e-03        0.01
  11      -943.456277858     -4.91e-06      1.81e-03        0.01
  12      -943.456295297     -1.74e-05      1.93e-03        0.01
  13      -943.456237858      5.74e-05      5.55e-03        0.01
  14      -943.456239764     -1.91e-06      5.67e-03        0.01
  15      -943.456227233      1.25e-05      7.27e-03        0.01
  16      -943.456281606     -5.44e-05      3.13e-03        0.01
  17      -943.456286717     -5.11e-06      2.00e-03        0.01
  18      -943.456286148      5.69e-07      1.19e-03        0.01
  19      -943.456286348     -2.00e-07      1.14e-03        0.01
  20      -943.456287043     -6.94e-07      1.35e-04        0.01
  21      -943.456287028      1.47e-08      1.38e-04        0.01
  22      -943.456287048     -1.98e-08      6.18e-05        0.01
  23      -943.456287062     -1.43e-08      1.05e-04        0.01
  24      -943.456287074     -1.15e-08      5.89e-05        0.01
  25      -943.456287076     -2.05e-09      1.04e-05        0.01
  26      -943.456287076     -3.91e-10      6.81e-06        0.01

 SCF converged in 26 iterations.

 Dipole moment (in Debye):              -0.000001      -0.000001      -0.000001

 Quadrupole moment (in Debye-Angstrom):
                  1            2            3
 1        -9.825540    -0.334219    -0.730118
 2        -0.334219    -9.694394    -0.599403
 3        -0.730118    -0.599403   -10.728173

 Spin-squared expectation <S^2>:         6.000
 Total spin quantum number S:            2.000
 TOTAL ENERGY:                        -943.456287076

 --------------------------------------------------------------------------------

 End time:                               Sun Nov  7 03:42:18 2021
 Total wall-clock time:                  0.778 seconds
==================================================================================
