
================================================================================
          _____________ ________ _______________ ________     _________         
         / ___________// ______ \\_____   _____// ______ \   / ________)        
        / /_________  / /      \ \     | |     / /      \ \ | (_______          
       |  __________|| |        | |    | |    | |        | | \________ \        
        \ \_________ | |        | |    | |     \ \______/ /___________) |       
         \__________||_|        |_|    |_|      \________//____________/        
                                                                                
====================================[ Qcore ]===================================

 Git describe: 2.3.0-3-g778a55bfd
 Compiler:     GNU 9.3.0
 Build type:   Release
 Version:      2.3.0-3-g778a55bfd

 Start time:   Sun Nov  7 03:44:18 2021

 Data directory: /mnt/storage/scratch/zw18965/.local/qcore/share/entos/qcore/data
 Number of threads: 28
 Number of threads was determined by: command line argument

 --------------------------------------------------------------------------------
                                   command: dft                                  
 --------------------------------------------------------------------------------
 AO basis set:                           def2-tzvppd
 Number of AO basis functions:         144

 Formula:                                COV+
 Nuclear charge:                        37.000000000
 Total charge:                           1.000000000
 Number of electrons:                   36.000000000

 Number of alpha electrons:             20
 Number of beta electrons:              16
 Number of unpaired electrons:           4
 Spin:                                   4
 Multiplicity:                           quintet

 Theory:                                 dft
 Exchange-correlation functional:        pbe0
 Method for Coulomb:                     incore_df
 Method for exact exchange:              pre_transformed_df
 Integral threshold:                     1.00e-12
 DF basis set:                           def2-universal-jkfit
 Number of DF basis functions:         416
 Schwarz screening threshold:            1.00e-10
 Coulomb fitting method:                 Cholesky
 Total number of grid points:        21596
 Method for AO orthogonalization:        symmetric
 Threshold for linear dependence:        1.00e-08
 D3BJ dispersion energy:                -0.001707143

 -------------------------------------
  Running unrestricted open-shell SCF 
 -------------------------------------
 Max number of iterations:             128
 Conv. threshold (gradient):             1.00e-05
 Conv. threshold (energy):               1.00e-06
 Interpolation scheme:                   adiis+cdiis
 Initial guess:                          SAD

 ---------------------------------------------------------------
                  energy        change          grad        time
 ---------------------------------------------------------------
   0     -1056.968286975                    3.60e+00        0.04
   1     -1055.387445011      1.58e+00      1.41e+00        0.04
   2     -1018.398507117      3.70e+01      6.73e+00        0.03
   3     -1045.005529898     -2.66e+01      9.15e+00        0.03
   4     -1056.522714960     -1.15e+01      1.21e+00        0.04
   5     -1056.591605920     -6.89e-02      6.60e-01        0.04
   6     -1056.697311931     -1.06e-01      4.17e-01        0.03
   7     -1056.638456453      5.89e-02      6.35e-01        0.04
   8     -1056.726267222     -8.78e-02      1.57e-01        0.04
   9     -1056.725733789      5.33e-04      2.05e-01        0.04
  10     -1056.731908976     -6.18e-03      1.42e-01        0.04
  11     -1056.735490716     -3.58e-03      7.10e-02        0.05
  12     -1056.736524718     -1.03e-03      3.02e-02        0.04
  13     -1056.736819411     -2.95e-04      2.72e-04        0.04
  14     -1056.736819518     -1.07e-07      1.87e-04        0.03
  15     -1056.736819572     -5.36e-08      5.89e-05        0.03
  16     -1056.736819578     -6.07e-09      1.40e-05        0.03
  17     -1056.736819578     -1.24e-10      5.75e-06        0.03

 SCF converged in 17 iterations.

 Dipole moment (in Debye):              -0.000001      -0.000001      -4.523133

 Quadrupole moment (in Debye-Angstrom):
                  1            2            3
 1       -21.317121     0.000000     0.000001
 2         0.000000   -21.317121     0.000001
 3         0.000001     0.000001   -12.094084

 Spin-squared expectation <S^2>:         6.005
 Total spin quantum number S:            2.001
 TOTAL ENERGY:                       -1056.736819578

 --------------------------------------------------------------------------------

 End time:                               Sun Nov  7 03:44:20 2021
 Total wall-clock time:                  2.051 seconds
==================================================================================
