
================================================================================
          _____________ ________ _______________ ________     _________         
         / ___________// ______ \\_____   _____// ______ \   / ________)        
        / /_________  / /      \ \     | |     / /      \ \ | (_______          
       |  __________|| |        | |    | |    | |        | | \________ \        
        \ \_________ | |        | |    | |     \ \______/ /___________) |       
         \__________||_|        |_|    |_|      \________//____________/        
                                                                                
====================================[ Qcore ]===================================

 Git describe: 2.3.0-3-g778a55bfd
 Compiler:     GNU 9.3.0
 Build type:   Release
 Version:      2.3.0-3-g778a55bfd

 Start time:   Sun Nov  7 03:44:18 2021

 Data directory: /mnt/storage/scratch/zw18965/.local/qcore/share/entos/qcore/data
 Number of threads: 28
 Number of threads was determined by: command line argument

 --------------------------------------------------------------------------------
                                   command: dft                                  
 --------------------------------------------------------------------------------
 AO basis set:                           def2-tzvppd
 Number of AO basis functions:          56
 ECP on atom 1 (Zr):                     28 electrons

 Formula:                                Zr
 Nuclear charge:                        40.000000000
 Total charge:                           0.000000000
 Number of core electrons:              28
 Number of treated electrons:           12

 Number of alpha electrons:              7
 Number of beta electrons:               5
 Number of unpaired electrons:           2
 Spin:                                   2
 Multiplicity:                           triplet

 Theory:                                 dft
 Exchange-correlation functional:        pbe0
 Method for Coulomb:                     incore_df
 Method for exact exchange:              pre_transformed_df
 Integral threshold:                     1.00e-12
 DF basis set:                           def2-universal-jkfit
 Number of DF basis functions:         255
 Schwarz screening threshold:            1.00e-10
 Coulomb fitting method:                 Cholesky
 Total number of grid points:         8186
 Method for AO orthogonalization:        symmetric
 Threshold for linear dependence:        1.00e-08
 D3BJ dispersion energy:                 0.000000000

 -------------------------------------
  Running unrestricted open-shell SCF 
 -------------------------------------
 Max number of iterations:             128
 Conv. threshold (gradient):             1.00e-05
 Conv. threshold (energy):               1.00e-06
 Interpolation scheme:                   adiis+cdiis
 Initial guess:                          SAD

 ---------------------------------------------------------------
                  energy        change          grad        time
 ---------------------------------------------------------------
   0       -46.771380276                    2.51e-03        0.01
   1       -46.871150518     -9.98e-02      5.59e-02        0.01
   2       -46.878051325     -6.90e-03      2.65e-02        0.01
   3       -46.879128353     -1.08e-03      9.22e-03        0.01
   4       -46.879535762     -4.07e-04      6.27e-03        0.01
   5       -46.879807729     -2.72e-04      3.99e-03        0.01
   6       -46.880104279     -2.97e-04      1.31e-03        0.01
   7       -46.880107848     -3.57e-06      4.55e-04        0.01
   8       -46.880108980     -1.13e-06      1.10e-04        0.01
   9       -46.880109072     -9.13e-08      1.55e-05        0.01
  10       -46.880109073     -1.04e-09      1.95e-06        0.01

 SCF converged in 10 iterations.

 Dipole moment (in Debye):               0.000004       0.000002       0.000004

 Quadrupole moment (in Debye-Angstrom):
                  1            2            3
 1       -27.194511    -0.000000    -0.000000
 2        -0.000000   -27.396267    -0.000000
 3        -0.000000    -0.000000   -27.194511

 Spin-squared expectation <S^2>:         2.134
 Total spin quantum number S:            1.044
 TOTAL ENERGY:                         -46.880109073

 --------------------------------------------------------------------------------

 End time:                               Sun Nov  7 03:44:18 2021
 Total wall-clock time:                  0.485 seconds
==================================================================================
