
================================================================================
          _____________ ________ _______________ ________     _________         
         / ___________// ______ \\_____   _____// ______ \   / ________)        
        / /_________  / /      \ \     | |     / /      \ \ | (_______          
       |  __________|| |        | |    | |    | |        | | \________ \        
        \ \_________ | |        | |    | |     \ \______/ /___________) |       
         \__________||_|        |_|    |_|      \________//____________/        
                                                                                
====================================[ Qcore ]===================================

 Git describe: 2.3.0-3-g778a55bfd
 Compiler:     GNU 9.3.0
 Build type:   Release
 Version:      2.3.0-3-g778a55bfd

 Start time:   Sun Nov  7 03:45:18 2021

 Data directory: /mnt/storage/scratch/zw18965/.local/qcore/share/entos/qcore/data
 Number of threads: 28
 Number of threads was determined by: command line argument

 --------------------------------------------------------------------------------
                                   command: dft                                  
 --------------------------------------------------------------------------------
 AO basis set:                           def2-tzvppd
 Number of AO basis functions:         112
 ECP on atom 1 (Zr):                     28 electrons
 ECP on atom 2 (Zr):                     28 electrons

 Formula:                                Zr2
 Nuclear charge:                        80.000000000
 Total charge:                           0.000000000
 Number of core electrons:              56
 Number of treated electrons:           24

 Number of alpha electrons:             13
 Number of beta electrons:              11
 Number of unpaired electrons:           2
 Spin:                                   2
 Multiplicity:                           triplet

 Theory:                                 dft
 Exchange-correlation functional:        pbe0
 Method for Coulomb:                     incore_df
 Method for exact exchange:              pre_transformed_df
 Integral threshold:                     1.00e-12
 DF basis set:                           def2-universal-jkfit
 Number of DF basis functions:         510
 Schwarz screening threshold:            1.00e-10
 Coulomb fitting method:                 Cholesky
 Total number of grid points:        16372
 Method for AO orthogonalization:        symmetric
 Threshold for linear dependence:        1.00e-08
 D3BJ dispersion energy:                -0.002466990

 -------------------------------------
  Running unrestricted open-shell SCF 
 -------------------------------------
 Max number of iterations:             128
 Conv. threshold (gradient):             1.00e-05
 Conv. threshold (energy):               1.00e-06
 Interpolation scheme:                   adiis+cdiis
 Initial guess:                          SAD

 ---------------------------------------------------------------
                  energy        change          grad        time
 ---------------------------------------------------------------
   0       -93.968082987                    3.07e+00        0.04
   1       -93.737059981      2.31e-01      4.59e-01        0.02
   2       -93.162337551      5.75e-01      9.76e-01        0.02
   3       -93.849792898     -6.87e-01      2.19e-01        0.02
   4       -93.859452141     -9.66e-03      1.60e-01        0.02
   5       -93.874356999     -1.49e-02      2.27e-02        0.02
   6       -93.874167777      1.89e-04      3.07e-02        0.03
   7       -93.874728573     -5.61e-04      8.18e-04        0.02
   8       -93.874730923     -2.35e-06      3.74e-04        0.02
   9       -93.874731687     -7.64e-07      1.59e-04        0.02
  10       -93.874731658      2.90e-08      4.34e-04        0.02
  11       -93.874731804     -1.46e-07      3.71e-05        0.02
  12       -93.874731820     -1.61e-08      1.86e-05        0.02
  13       -93.874731825     -5.13e-09      9.04e-06        0.03

 SCF converged in 13 iterations.

 Dipole moment (in Debye):               0.000084       0.000084      -0.000001

 Quadrupole moment (in Debye-Angstrom):
                  1            2            3
 1       -49.619964    -0.000107     0.000000
 2        -0.000107   -49.619964     0.000000
 3         0.000000     0.000000   -39.212408

 Spin-squared expectation <S^2>:         2.002
 Total spin quantum number S:            1.001
 TOTAL ENERGY:                         -93.874731826

 --------------------------------------------------------------------------------

 End time:                               Sun Nov  7 03:45:19 2021
 Total wall-clock time:                  1.004 seconds
==================================================================================
