
================================================================================
          _____________ ________ _______________ ________     _________         
         / ___________// ______ \\_____   _____// ______ \   / ________)        
        / /_________  / /      \ \     | |     / /      \ \ | (_______          
       |  __________|| |        | |    | |    | |        | | \________ \        
        \ \_________ | |        | |    | |     \ \______/ /___________) |       
         \__________||_|        |_|    |_|      \________//____________/        
                                                                                
====================================[ Qcore ]===================================

 Git describe: 2.3.0-3-g778a55bfd
 Compiler:     GNU 9.3.0
 Build type:   Release
 Version:      2.3.0-3-g778a55bfd

 Start time:   Sun Nov  7 03:49:18 2021

 Data directory: /mnt/storage/scratch/zw18965/.local/qcore/share/entos/qcore/data
 Number of threads: 28
 Number of threads was determined by: command line argument

 --------------------------------------------------------------------------------
                                   command: dft                                  
 --------------------------------------------------------------------------------
 AO basis set:                           def2-tzvppd
 Number of AO basis functions:          56
 ECP on atom 1 (Ag):                     28 electrons

 Formula:                                Ag
 Nuclear charge:                        47.000000000
 Total charge:                           0.000000000
 Number of core electrons:              28
 Number of treated electrons:           19

 Number of alpha electrons:             10
 Number of beta electrons:               9
 Number of unpaired electrons:           1
 Spin:                                   1
 Multiplicity:                           doublet

 Theory:                                 dft
 Exchange-correlation functional:        wb97xd3

 Using range separated hybrid functional
 Range separation parameter:             0.250000000
 Short range exact exchange:             0.195728000
 Total long range exact exchange:        1.000000000

 Method for Coulomb:                     incore_df
 Method for exact exchange:              pre_transformed_df
 Integral threshold:                     1.00e-12
 DF basis set:                           def2-universal-jkfit
 Number of DF basis functions:         255
 Schwarz screening threshold:            1.00e-10
 Coulomb fitting method:                 Cholesky
 Total number of grid points:         8498
 Method for AO orthogonalization:        symmetric
 Threshold for linear dependence:        1.00e-08
 D3 dispersion energy:                   0.000000000

 -------------------------------------
  Running unrestricted open-shell SCF 
 -------------------------------------
 Max number of iterations:             128
 Conv. threshold (gradient):             1.00e-05
 Conv. threshold (energy):               1.00e-06
 Interpolation scheme:                   adiis+cdiis
 Initial guess:                          SAD

 ---------------------------------------------------------------
                  energy        change          grad        time
 ---------------------------------------------------------------
   0      -146.955927431                    1.10e-02        0.01
   1      -147.008748875     -5.28e-02      1.94e-02        0.01
   2      -147.009226632     -4.78e-04      5.69e-03        0.01
   3      -147.009310068     -8.34e-05      4.09e-03        0.01
   4      -147.009341883     -3.18e-05      1.09e-03        0.01
   5      -147.009344636     -2.75e-06      3.70e-05        0.01
   6      -147.009344640     -4.28e-09      4.44e-06        0.01

 SCF converged in 6 iterations.

 Dipole moment (in Debye):               0.000001       0.000001       0.000001

 Quadrupole moment (in Debye-Angstrom):
                  1            2            3
 1       -20.126271     0.000000     0.000000
 2         0.000000   -20.126271     0.000000
 3         0.000000     0.000000   -20.126271

 Spin-squared expectation <S^2>:         0.750
 Total spin quantum number S:            0.500
 TOTAL ENERGY:                        -147.009344640

 --------------------------------------------------------------------------------

 End time:                               Sun Nov  7 03:49:18 2021
 Total wall-clock time:                  0.748 seconds
==================================================================================
