
================================================================================
          _____________ ________ _______________ ________     _________         
         / ___________// ______ \\_____   _____// ______ \   / ________)        
        / /_________  / /      \ \     | |     / /      \ \ | (_______          
       |  __________|| |        | |    | |    | |        | | \________ \        
        \ \_________ | |        | |    | |     \ \______/ /___________) |       
         \__________||_|        |_|    |_|      \________//____________/        
                                                                                
====================================[ Qcore ]===================================

 Git describe: 2.3.0-3-g778a55bfd
 Compiler:     GNU 9.3.0
 Build type:   Release
 Version:      2.3.0-3-g778a55bfd

 Start time:   Sun Nov  7 03:49:17 2021

 Data directory: /mnt/storage/scratch/zw18965/.local/qcore/share/entos/qcore/data
 Number of threads: 28
 Number of threads was determined by: command line argument

 --------------------------------------------------------------------------------
                                   command: dft                                  
 --------------------------------------------------------------------------------
 AO basis set:                           def2-tzvppd
 Number of AO basis functions:         112
 ECP on atom 1 (Ag):                     28 electrons
 ECP on atom 2 (Ag):                     28 electrons

 Formula:                                Ag2
 Nuclear charge:                        94.000000000
 Total charge:                           0.000000000
 Number of core electrons:              56
 Number of treated electrons:           38

 Number of alpha electrons:             19
 Number of beta electrons:              19
 Number of unpaired electrons:           0
 Spin:                                   0
 Multiplicity:                           singlet

 Theory:                                 dft
 Exchange-correlation functional:        wb97xd3

 Using range separated hybrid functional
 Range separation parameter:             0.250000000
 Short range exact exchange:             0.195728000
 Total long range exact exchange:        1.000000000

 Method for Coulomb:                     incore_df
 Method for exact exchange:              pre_transformed_df
 Integral threshold:                     1.00e-12
 DF basis set:                           def2-universal-jkfit
 Number of DF basis functions:         510
 Schwarz screening threshold:            1.00e-10
 Coulomb fitting method:                 Cholesky
 Total number of grid points:        16996
 Method for AO orthogonalization:        symmetric
 Threshold for linear dependence:        1.00e-08
 D3 dispersion energy:                  -0.000054436

 -------------------------------------
  Running restricted closed-shell SCF 
 -------------------------------------
 Max number of iterations:             128
 Conv. threshold (gradient):             1.00e-05
 Conv. threshold (energy):               1.00e-06
 Interpolation scheme:                   adiis+cdiis
 Initial guess:                          SAD

 ---------------------------------------------------------------
                  energy        change          grad        time
 ---------------------------------------------------------------
   0      -294.052147008                    1.86e+00        0.02
   1      -294.075769783     -2.36e-02      1.01e-01        0.01
   2      -294.078113160     -2.34e-03      8.31e-02        0.01
   3      -294.079680598     -1.57e-03      5.02e-02        0.02
   4      -294.080406336     -7.26e-04      5.23e-03        0.01
   5      -294.080432918     -2.66e-05      7.91e-04        0.01
   6      -294.080433318     -4.00e-07      4.28e-04        0.01
   7      -294.080433427     -1.09e-07      8.12e-05        0.01
   8      -294.080433435     -7.75e-09      2.63e-05        0.01
   9      -294.080433435     -4.14e-10      9.14e-06        0.01

 SCF converged in 9 iterations.

 Dipole moment (in Debye):               0.000000       0.000000      -0.000001

 Quadrupole moment (in Debye-Angstrom):
                  1            2            3
 1       -40.495719    -0.000000     0.000000
 2        -0.000000   -40.495719     0.000000
 3         0.000000     0.000000   -30.832840

 Spin-squared expectation <S^2>:         0.000
 Total spin quantum number S:            0.000
 TOTAL ENERGY:                        -294.080433435

 --------------------------------------------------------------------------------

 End time:                               Sun Nov  7 03:49:19 2021
 Total wall-clock time:                  1.345 seconds
==================================================================================
