
================================================================================
          _____________ ________ _______________ ________     _________         
         / ___________// ______ \\_____   _____// ______ \   / ________)        
        / /_________  / /      \ \     | |     / /      \ \ | (_______          
       |  __________|| |        | |    | |    | |        | | \________ \        
        \ \_________ | |        | |    | |     \ \______/ /___________) |       
         \__________||_|        |_|    |_|      \________//____________/        
                                                                                
====================================[ Qcore ]===================================

 Git describe: 2.3.0-3-g778a55bfd
 Compiler:     GNU 9.3.0
 Build type:   Release
 Version:      2.3.0-3-g778a55bfd

 Start time:   Sun Nov  7 03:48:18 2021

 Data directory: /mnt/storage/scratch/zw18965/.local/qcore/share/entos/qcore/data
 Number of threads: 28
 Number of threads was determined by: command line argument

 --------------------------------------------------------------------------------
                                   command: dft                                  
 --------------------------------------------------------------------------------
 AO basis set:                           def2-tzvppd
 Number of AO basis functions:          99

 Formula:                                AlCl
 Nuclear charge:                        30.000000000
 Total charge:                           0.000000000
 Number of electrons:                   30.000000000

 Number of alpha electrons:             15
 Number of beta electrons:              15
 Number of unpaired electrons:           0
 Spin:                                   0
 Multiplicity:                           singlet

 Theory:                                 dft
 Exchange-correlation functional:        wb97xd3

 Using range separated hybrid functional
 Range separation parameter:             0.250000000
 Short range exact exchange:             0.195728000
 Total long range exact exchange:        1.000000000

 Method for Coulomb:                     incore_df
 Method for exact exchange:              pre_transformed_df
 Integral threshold:                     1.00e-12
 DF basis set:                           def2-universal-jkfit
 Number of DF basis functions:         256
 Schwarz screening threshold:            1.00e-10
 Coulomb fitting method:                 Cholesky
 Total number of grid points:        14844
 Method for AO orthogonalization:        symmetric
 Threshold for linear dependence:        1.00e-08
 D3 dispersion energy:                  -0.000005060

 -------------------------------------
  Running restricted closed-shell SCF 
 -------------------------------------
 Max number of iterations:             128
 Conv. threshold (gradient):             1.00e-05
 Conv. threshold (energy):               1.00e-06
 Interpolation scheme:                   adiis+cdiis
 Initial guess:                          SAD

 ---------------------------------------------------------------
                  energy        change          grad        time
 ---------------------------------------------------------------
   0      -702.646763632                    3.47e+00        0.01
   1      -702.664152916     -1.74e-02      4.06e-01        0.01
   2      -702.679910765     -1.58e-02      2.94e-01        0.01
   3      -702.689913971     -1.00e-02      1.47e-01        0.01
   4      -702.690853033     -9.39e-04      1.06e-01        0.01
   5      -702.691861118     -1.01e-03      2.28e-02        0.01
   6      -702.691884647     -2.35e-05      1.62e-02        0.01
   7      -702.691909280     -2.46e-05      2.65e-04        0.01
   8      -702.691909305     -2.52e-08      5.04e-05        0.01
   9      -702.691909306     -6.86e-10      1.14e-05        0.01
  10      -702.691909306     -3.42e-11      1.36e-06        0.01

 SCF converged in 10 iterations.

 Dipole moment (in Debye):               0.000000       0.000000       1.542123

 Quadrupole moment (in Debye-Angstrom):
                  1            2            3
 1       -24.140854    -0.000000     0.000001
 2        -0.000000   -24.140854     0.000001
 3         0.000001     0.000001   -27.746543

 Spin-squared expectation <S^2>:         0.000
 Total spin quantum number S:            0.000
 TOTAL ENERGY:                        -702.691909306

 --------------------------------------------------------------------------------

 End time:                               Sun Nov  7 03:48:18 2021
 Total wall-clock time:                  0.593 seconds
==================================================================================
