
================================================================================
          _____________ ________ _______________ ________     _________         
         / ___________// ______ \\_____   _____// ______ \   / ________)        
        / /_________  / /      \ \     | |     / /      \ \ | (_______          
       |  __________|| |        | |    | |    | |        | | \________ \        
        \ \_________ | |        | |    | |     \ \______/ /___________) |       
         \__________||_|        |_|    |_|      \________//____________/        
                                                                                
====================================[ Qcore ]===================================

 Git describe: 2.3.0-3-g778a55bfd
 Compiler:     GNU 9.3.0
 Build type:   Release
 Version:      2.3.0-3-g778a55bfd

 Start time:   Sun Nov  7 03:50:18 2021

 Data directory: /mnt/storage/scratch/zw18965/.local/qcore/share/entos/qcore/data
 Number of threads: 28
 Number of threads was determined by: command line argument

 --------------------------------------------------------------------------------
                                   command: dft                                  
 --------------------------------------------------------------------------------
 AO basis set:                           def2-tzvppd
 Number of AO basis functions:          67

 Formula:                                Co
 Nuclear charge:                        27.000000000
 Total charge:                           0.000000000
 Number of electrons:                   27.000000000

 Number of alpha electrons:             15
 Number of beta electrons:              12
 Number of unpaired electrons:           3
 Spin:                                   3
 Multiplicity:                           quartet

 Theory:                                 dft
 Exchange-correlation functional:        wb97xd3

 Using range separated hybrid functional
 Range separation parameter:             0.250000000
 Short range exact exchange:             0.195728000
 Total long range exact exchange:        1.000000000

 Method for Coulomb:                     incore_df
 Method for exact exchange:              pre_transformed_df
 Integral threshold:                     1.00e-12
 DF basis set:                           def2-universal-jkfit
 Number of DF basis functions:         264
 Schwarz screening threshold:            1.00e-10
 Coulomb fitting method:                 Cholesky
 Total number of grid points:         7936
 Method for AO orthogonalization:        symmetric
 Threshold for linear dependence:        1.00e-08
 D3 dispersion energy:                   0.000000000

 -------------------------------------
  Running unrestricted open-shell SCF 
 -------------------------------------
 Max number of iterations:             128
 Conv. threshold (gradient):             1.00e-05
 Conv. threshold (energy):               1.00e-06
 Interpolation scheme:                   adiis+cdiis
 Initial guess:                          SAD

 ---------------------------------------------------------------
                  energy        change          grad        time
 ---------------------------------------------------------------
   0     -1382.337805574                    1.56e-02        0.01
   1     -1382.690659457     -3.53e-01      2.44e-01        0.01
   2     -1382.701529989     -1.09e-02      9.77e-02        0.01
   3     -1382.699911910      1.62e-03      1.17e-01        0.01
   4     -1382.704243216     -4.33e-03      2.47e-02        0.01
   5     -1382.705658097     -1.41e-03      2.12e-02        0.01
   6     -1382.704583131      1.07e-03      1.92e-02        0.01
   7     -1382.701858381      2.72e-03      1.28e-02        0.01
   8     -1382.701918101     -5.97e-05      9.77e-03        0.01
   9     -1382.701944902     -2.68e-05      4.56e-03        0.01
  10     -1382.701978630     -3.37e-05      5.32e-03        0.01
  11     -1382.701853964      1.25e-04      1.62e-03        0.01
  12     -1382.701849554      4.41e-06      1.45e-04        0.01
  13     -1382.701849546      8.46e-09      9.43e-05        0.01
  14     -1382.701849542      3.32e-09      2.48e-05        0.01
  15     -1382.701849543     -7.80e-11      6.47e-06        0.01

 SCF converged in 15 iterations.

 Dipole moment (in Debye):               0.000000       0.000000       0.000000

 Quadrupole moment (in Debye-Angstrom):
                  1            2            3
 1       -15.024417    -0.610119    -0.610120
 2        -0.610119   -15.024418    -0.610120
 3        -0.610120    -0.610120   -15.024421

 Spin-squared expectation <S^2>:         3.756
 Total spin quantum number S:            1.501
 TOTAL ENERGY:                       -1382.701849542

 --------------------------------------------------------------------------------

 End time:                               Sun Nov  7 03:50:19 2021
 Total wall-clock time:                  0.908 seconds
==================================================================================
