
================================================================================
          _____________ ________ _______________ ________     _________         
         / ___________// ______ \\_____   _____// ______ \   / ________)        
        / /_________  / /      \ \     | |     / /      \ \ | (_______          
       |  __________|| |        | |    | |    | |        | | \________ \        
        \ \_________ | |        | |    | |     \ \______/ /___________) |       
         \__________||_|        |_|    |_|      \________//____________/        
                                                                                
====================================[ Qcore ]===================================

 Git describe: 2.3.0-3-g778a55bfd
 Compiler:     GNU 9.3.0
 Build type:   Release
 Version:      2.3.0-3-g778a55bfd

 Start time:   Sun Nov  7 03:50:17 2021

 Data directory: /mnt/storage/scratch/zw18965/.local/qcore/share/entos/qcore/data
 Number of threads: 28
 Number of threads was determined by: command line argument

 --------------------------------------------------------------------------------
                                   command: dft                                  
 --------------------------------------------------------------------------------
 AO basis set:                           def2-tzvppd
 Number of AO basis functions:          84

 Formula:                                HCo
 Nuclear charge:                        28.000000000
 Total charge:                           0.000000000
 Number of electrons:                   28.000000000

 Number of alpha electrons:             15
 Number of beta electrons:              13
 Number of unpaired electrons:           2
 Spin:                                   2
 Multiplicity:                           triplet

 Theory:                                 dft
 Exchange-correlation functional:        wb97xd3

 Using range separated hybrid functional
 Range separation parameter:             0.250000000
 Short range exact exchange:             0.195728000
 Total long range exact exchange:        1.000000000

 Method for Coulomb:                     incore_df
 Method for exact exchange:              pre_transformed_df
 Integral threshold:                     1.00e-12
 DF basis set:                           def2-universal-jkfit
 Number of DF basis functions:         282
 Schwarz screening threshold:            1.00e-10
 Coulomb fitting method:                 Cholesky
 Total number of grid points:        13826
 Method for AO orthogonalization:        symmetric
 Threshold for linear dependence:        1.00e-08
 D3 dispersion energy:                  -0.000003862

 -------------------------------------
  Running unrestricted open-shell SCF 
 -------------------------------------
 Max number of iterations:             128
 Conv. threshold (gradient):             1.00e-05
 Conv. threshold (energy):               1.00e-06
 Interpolation scheme:                   adiis+cdiis
 Initial guess:                          SAD

 ---------------------------------------------------------------
                  energy        change          grad        time
 ---------------------------------------------------------------
   0     -1382.912003440                    1.30e+00        0.01
   1     -1383.316162031     -4.04e-01      1.90e-01        0.01
   2     -1383.330099834     -1.39e-02      1.71e-01        0.01
   3     -1383.318083921      1.20e-02      2.69e-01        0.01
   4     -1383.341022286     -2.29e-02      5.14e-02        0.01
   5     -1383.342363573     -1.34e-03      3.10e-02        0.01
   6     -1383.343267646     -9.04e-04      5.43e-03        0.01
   7     -1383.343293885     -2.62e-05      2.50e-03        0.01
   8     -1383.343297266     -3.38e-06      7.59e-04        0.01
   9     -1383.343298144     -8.78e-07      3.64e-04        0.01
  10     -1383.343298332     -1.88e-07      8.92e-05        0.01
  11     -1383.343298349     -1.75e-08      3.95e-05        0.01
  12     -1383.343298351     -1.52e-09      1.03e-05        0.01
  13     -1383.343298351     -2.84e-10      4.29e-06        0.01

 SCF converged in 13 iterations.

 Dipole moment (in Debye):              -0.000006      -0.000006      -3.301394

 Quadrupole moment (in Debye-Angstrom):
                  1            2            3
 1       -14.815989    -0.000000     0.000026
 2        -0.000000   -14.815989     0.000026
 3         0.000026     0.000026   -16.980388

 Spin-squared expectation <S^2>:         2.014
 Total spin quantum number S:            1.005
 TOTAL ENERGY:                       -1383.343298351

 --------------------------------------------------------------------------------

 End time:                               Sun Nov  7 03:50:18 2021
 Total wall-clock time:                  1.086 seconds
==================================================================================
