
================================================================================
          _____________ ________ _______________ ________     _________         
         / ___________// ______ \\_____   _____// ______ \   / ________)        
        / /_________  / /      \ \     | |     / /      \ \ | (_______          
       |  __________|| |        | |    | |    | |        | | \________ \        
        \ \_________ | |        | |    | |     \ \______/ /___________) |       
         \__________||_|        |_|    |_|      \________//____________/        
                                                                                
====================================[ Qcore ]===================================

 Git describe: 2.3.0-3-g778a55bfd
 Compiler:     GNU 9.3.0
 Build type:   Release
 Version:      2.3.0-3-g778a55bfd

 Start time:   Sun Nov  7 03:48:18 2021

 Data directory: /mnt/storage/scratch/zw18965/.local/qcore/share/entos/qcore/data
 Number of threads: 28
 Number of threads was determined by: command line argument

 --------------------------------------------------------------------------------
                                   command: dft                                  
 --------------------------------------------------------------------------------
 AO basis set:                           def2-tzvppd
 Number of AO basis functions:          67

 Formula:                                Cr+
 Nuclear charge:                        24.000000000
 Total charge:                           1.000000000
 Number of electrons:                   23.000000000

 Number of alpha electrons:             14
 Number of beta electrons:               9
 Number of unpaired electrons:           5
 Spin:                                   5
 Multiplicity:                           septet

 Theory:                                 dft
 Exchange-correlation functional:        wb97xd3

 Using range separated hybrid functional
 Range separation parameter:             0.250000000
 Short range exact exchange:             0.195728000
 Total long range exact exchange:        1.000000000

 Method for Coulomb:                     incore_df
 Method for exact exchange:              pre_transformed_df
 Integral threshold:                     1.00e-12
 DF basis set:                           def2-universal-jkfit
 Number of DF basis functions:         264
 Schwarz screening threshold:            1.00e-10
 Coulomb fitting method:                 Cholesky
 Total number of grid points:         7828
 Method for AO orthogonalization:        symmetric
 Threshold for linear dependence:        1.00e-08
 D3 dispersion energy:                   0.000000000

 -------------------------------------
  Running unrestricted open-shell SCF 
 -------------------------------------
 Max number of iterations:             128
 Conv. threshold (gradient):             1.00e-05
 Conv. threshold (energy):               1.00e-06
 Interpolation scheme:                   adiis+cdiis
 Initial guess:                          SAD

 ---------------------------------------------------------------
                  energy        change          grad        time
 ---------------------------------------------------------------
   0     -1043.788608920                    4.02e-02        0.01
   1     -1043.750468303      3.81e-02      5.88e-01        0.01
   2     -1043.701550355      4.89e-02      6.21e-01        0.01
   3     -1044.169555317     -4.68e-01      8.80e-02        0.01
   4     -1044.170466029     -9.11e-04      8.56e-02        0.01
   5     -1044.178061540     -7.60e-03      9.76e-03        0.01
   6     -1044.178151546     -9.00e-05      1.90e-03        0.01
   7     -1044.178155834     -4.29e-06      4.89e-04        0.01
   8     -1044.178156120     -2.86e-07      1.03e-04        0.01
   9     -1044.178156136     -1.66e-08      4.10e-05        0.01
  10     -1044.178156144     -7.72e-09      3.07e-05        0.01
  11     -1044.178156154     -9.92e-09      3.96e-06        0.01

 SCF converged in 11 iterations.

 Dipole moment (in Debye):              -0.000000      -0.000000      -0.000000

 Quadrupole moment (in Debye-Angstrom):
                  1            2            3
 1        -9.683258     0.000000     0.000000
 2         0.000000    -9.683258     0.000000
 3         0.000000     0.000000    -9.683262

 Spin-squared expectation <S^2>:         8.750
 Total spin quantum number S:            2.500
 TOTAL ENERGY:                       -1044.178156154

 --------------------------------------------------------------------------------

 End time:                               Sun Nov  7 03:48:18 2021
 Total wall-clock time:                  0.845 seconds
==================================================================================
