
================================================================================
          _____________ ________ _______________ ________     _________         
         / ___________// ______ \\_____   _____// ______ \   / ________)        
        / /_________  / /      \ \     | |     / /      \ \ | (_______          
       |  __________|| |        | |    | |    | |        | | \________ \        
        \ \_________ | |        | |    | |     \ \______/ /___________) |       
         \__________||_|        |_|    |_|      \________//____________/        
                                                                                
====================================[ Qcore ]===================================

 Git describe: 2.3.0-3-g778a55bfd
 Compiler:     GNU 9.3.0
 Build type:   Release
 Version:      2.3.0-3-g778a55bfd

 Start time:   Sun Nov  7 03:50:18 2021

 Data directory: /mnt/storage/scratch/zw18965/.local/qcore/share/entos/qcore/data
 Number of threads: 28
 Number of threads was determined by: command line argument

 --------------------------------------------------------------------------------
                                   command: dft                                  
 --------------------------------------------------------------------------------
 AO basis set:                           def2-tzvppd
 Number of AO basis functions:         155

 Formula:                                CH3Cr+
 Nuclear charge:                        33.000000000
 Total charge:                           1.000000000
 Number of electrons:                   32.000000000

 Number of alpha electrons:             18
 Number of beta electrons:              14
 Number of unpaired electrons:           4
 Spin:                                   4
 Multiplicity:                           quintet

 Theory:                                 dft
 Exchange-correlation functional:        wb97xd3

 Using range separated hybrid functional
 Range separation parameter:             0.250000000
 Short range exact exchange:             0.195728000
 Total long range exact exchange:        1.000000000

 Method for Coulomb:                     incore_df
 Method for exact exchange:              pre_transformed_df
 Integral threshold:                     1.00e-12
 DF basis set:                           def2-universal-jkfit
 Number of DF basis functions:         393
 Schwarz screening threshold:            1.00e-10
 Coulomb fitting method:                 Cholesky
 Total number of grid points:        32298
 Method for AO orthogonalization:        symmetric
 Threshold for linear dependence:        1.00e-08
 D3 dispersion energy:                  -0.000056425

 -------------------------------------
  Running unrestricted open-shell SCF 
 -------------------------------------
 Max number of iterations:             128
 Conv. threshold (gradient):             1.00e-05
 Conv. threshold (energy):               1.00e-06
 Interpolation scheme:                   adiis+cdiis
 Initial guess:                          SAD

 ---------------------------------------------------------------
                  energy        change          grad        time
 ---------------------------------------------------------------
   0     -1083.911305383                    4.63e+00        0.05
   1     -1083.345873427      5.65e-01      2.76e+00        0.06
   2     -1072.129733714      1.12e+01      1.09e+01        0.04
   3     -1082.974579811     -1.08e+01      4.05e+00        0.04
   4     -1084.034239177     -1.06e+00      5.12e-01        0.04
   5     -1084.020535695      1.37e-02      7.77e-01        0.05
   6     -1084.071492481     -5.10e-02      6.94e-02        0.05
   7     -1084.073611068     -2.12e-03      4.93e-02        0.05
   8     -1084.074608119     -9.97e-04      2.13e-02        0.04
   9     -1084.074882670     -2.75e-04      8.69e-03        0.05
  10     -1084.074941229     -5.86e-05      5.66e-03        0.05
  11     -1084.074959743     -1.85e-05      4.38e-03        0.04
  12     -1084.074980649     -2.09e-05      3.09e-03        0.04
  13     -1084.074993347     -1.27e-05      2.02e-03        0.04
  14     -1084.074996863     -3.52e-06      1.37e-03        0.04
  15     -1084.074998578     -1.71e-06      7.36e-04        0.05
  16     -1084.074999180     -6.02e-07      3.68e-04        0.04
  17     -1084.074999313     -1.33e-07      1.35e-04        0.04
  18     -1084.074999333     -2.01e-08      9.63e-05        0.04
  19     -1084.074999339     -6.00e-09      7.36e-05        0.04
  20     -1084.074999344     -4.40e-09      5.96e-05        0.05
  21     -1084.074999347     -3.80e-09      3.55e-05        0.05
  22     -1084.074999349     -1.58e-09      1.25e-05        0.04
  23     -1084.074999349     -2.49e-10      3.33e-06        0.04

 SCF converged in 23 iterations.

 Dipole moment (in Debye):              -1.560660      -2.703230      -1.103988

 Quadrupole moment (in Debye-Angstrom):
                  1            2            3
 1       -16.080614     1.166035     0.475908
 2         1.166035   -14.734000     0.824447
 3         0.475908     0.824447   -16.417510

 Spin-squared expectation <S^2>:         6.105
 Total spin quantum number S:            2.021
 TOTAL ENERGY:                       -1084.074999349

 --------------------------------------------------------------------------------

 End time:                               Sun Nov  7 03:50:21 2021
 Total wall-clock time:                  3.334 seconds
==================================================================================
