
================================================================================
          _____________ ________ _______________ ________     _________         
         / ___________// ______ \\_____   _____// ______ \   / ________)        
        / /_________  / /      \ \     | |     / /      \ \ | (_______          
       |  __________|| |        | |    | |    | |        | | \________ \        
        \ \_________ | |        | |    | |     \ \______/ /___________) |       
         \__________||_|        |_|    |_|      \________//____________/        
                                                                                
====================================[ Qcore ]===================================

 Git describe: 2.3.0-3-g778a55bfd
 Compiler:     GNU 9.3.0
 Build type:   Release
 Version:      2.3.0-3-g778a55bfd

 Start time:   Sun Nov  7 03:48:18 2021

 Data directory: /mnt/storage/scratch/zw18965/.local/qcore/share/entos/qcore/data
 Number of threads: 28
 Number of threads was determined by: command line argument

 --------------------------------------------------------------------------------
                                   command: dft                                  
 --------------------------------------------------------------------------------
 AO basis set:                           def2-tzvppd
 Number of AO basis functions:         123
 ECP on atom 2 (Ag):                     28 electrons

 Formula:                                CuAg
 Nuclear charge:                        76.000000000
 Total charge:                           0.000000000
 Number of core electrons:              28
 Number of treated electrons:           48

 Number of alpha electrons:             24
 Number of beta electrons:              24
 Number of unpaired electrons:           0
 Spin:                                   0
 Multiplicity:                           singlet

 Theory:                                 dft
 Exchange-correlation functional:        wb97xd3

 Using range separated hybrid functional
 Range separation parameter:             0.250000000
 Short range exact exchange:             0.195728000
 Total long range exact exchange:        1.000000000

 Method for Coulomb:                     incore_df
 Method for exact exchange:              pre_transformed_df
 Integral threshold:                     1.00e-12
 DF basis set:                           def2-universal-jkfit
 Number of DF basis functions:         519
 Schwarz screening threshold:            1.00e-10
 Coulomb fitting method:                 Cholesky
 Total number of grid points:        16434
 Method for AO orthogonalization:        symmetric
 Threshold for linear dependence:        1.00e-08
 D3 dispersion energy:                  -0.000083524

 -------------------------------------
  Running restricted closed-shell SCF 
 -------------------------------------
 Max number of iterations:             128
 Conv. threshold (gradient):             1.00e-05
 Conv. threshold (energy):               1.00e-06
 Interpolation scheme:                   adiis+cdiis
 Initial guess:                          SAD

 ---------------------------------------------------------------
                  energy        change          grad        time
 ---------------------------------------------------------------
   0     -1787.664989284                    3.45e+00        0.03
   1     -1787.600841176      6.41e-02      1.18e-01        0.02
   2     -1787.603113827     -2.27e-03      1.02e-01        0.02
   3     -1787.604186747     -1.07e-03      9.83e-02        0.02
   4     -1787.604574191     -3.87e-04      9.09e-02        0.02
   5     -1787.605388177     -8.14e-04      7.62e-03        0.02
   6     -1787.605407292     -1.91e-05      2.58e-03        0.02
   7     -1787.605411665     -4.37e-06      1.59e-03        0.02
   8     -1787.605412772     -1.11e-06      8.50e-04        0.02
   9     -1787.605413204     -4.32e-07      2.81e-04        0.02
  10     -1787.605413245     -4.06e-08      8.54e-05        0.02
  11     -1787.605413248     -3.57e-09      1.82e-05        0.02
  12     -1787.605413248     -1.20e-10      5.20e-06        0.02

 SCF converged in 12 iterations.

 Dipole moment (in Debye):              -0.000000      -0.000000       0.081156

 Quadrupole moment (in Debye-Angstrom):
                  1            2            3
 1       -34.174694     0.000000     0.000002
 2         0.000000   -34.174694     0.000002
 3         0.000002     0.000002   -25.680126

 Spin-squared expectation <S^2>:         0.000
 Total spin quantum number S:            0.000
 TOTAL ENERGY:                       -1787.605413248

 --------------------------------------------------------------------------------

 End time:                               Sun Nov  7 03:48:20 2021
 Total wall-clock time:                  1.958 seconds
==================================================================================
