
================================================================================
          _____________ ________ _______________ ________     _________         
         / ___________// ______ \\_____   _____// ______ \   / ________)        
        / /_________  / /      \ \     | |     / /      \ \ | (_______          
       |  __________|| |        | |    | |    | |        | | \________ \        
        \ \_________ | |        | |    | |     \ \______/ /___________) |       
         \__________||_|        |_|    |_|      \________//____________/        
                                                                                
====================================[ Qcore ]===================================

 Git describe: 2.3.0-3-g778a55bfd
 Compiler:     GNU 9.3.0
 Build type:   Release
 Version:      2.3.0-3-g778a55bfd

 Start time:   Sun Nov  7 03:49:18 2021

 Data directory: /mnt/storage/scratch/zw18965/.local/qcore/share/entos/qcore/data
 Number of threads: 28
 Number of threads was determined by: command line argument

 --------------------------------------------------------------------------------
                                   command: dft                                  
 --------------------------------------------------------------------------------
 AO basis set:                           def2-tzvppd
 Number of AO basis functions:         141

 Formula:                                H2OCu+
 Nuclear charge:                        39.000000000
 Total charge:                           1.000000000
 Number of electrons:                   38.000000000

 Number of alpha electrons:             19
 Number of beta electrons:              19
 Number of unpaired electrons:           0
 Spin:                                   0
 Multiplicity:                           singlet

 Theory:                                 dft
 Exchange-correlation functional:        wb97xd3

 Using range separated hybrid functional
 Range separation parameter:             0.250000000
 Short range exact exchange:             0.195728000
 Total long range exact exchange:        1.000000000

 Method for Coulomb:                     incore_df
 Method for exact exchange:              pre_transformed_df
 Integral threshold:                     1.00e-12
 DF basis set:                           def2-universal-jkfit
 Number of DF basis functions:         377
 Schwarz screening threshold:            1.00e-10
 Coulomb fitting method:                 Cholesky
 Total number of grid points:        26660
 Method for AO orthogonalization:        symmetric
 Threshold for linear dependence:        1.00e-08
 D3 dispersion energy:                  -0.000303431

 -------------------------------------
  Running restricted closed-shell SCF 
 -------------------------------------
 Max number of iterations:             128
 Conv. threshold (gradient):             1.00e-05
 Conv. threshold (energy):               1.00e-06
 Interpolation scheme:                   adiis+cdiis
 Initial guess:                          SAD

 ---------------------------------------------------------------
                  energy        change          grad        time
 ---------------------------------------------------------------
   0     -1717.088595565                    7.57e+00        0.03
   1     -1716.715209395      3.73e-01      1.19e+00        0.03
   2     -1716.714515499      6.94e-04      1.16e+00        0.02
   3     -1716.755052653     -4.05e-02      2.00e-01        0.02
   4     -1716.746650098      8.40e-03      4.30e-01        0.02
   5     -1716.757653763     -1.10e-02      1.08e-01        0.02
   6     -1716.757749848     -9.61e-05      8.92e-02        0.02
   7     -1716.758315735     -5.66e-04      1.71e-02        0.02
   8     -1716.758346206     -3.05e-05      3.42e-03        0.02
   9     -1716.758351054     -4.85e-06      6.80e-04        0.02
  10     -1716.758351195     -1.41e-07      1.43e-04        0.02
  11     -1716.758351201     -6.21e-09      3.00e-05        0.02
  12     -1716.758351202     -3.40e-10      1.08e-05        0.02
  13     -1716.758351202     -3.14e-11      5.47e-06        0.02

 SCF converged in 13 iterations.

 Dipole moment (in Debye):               0.000001       0.000001       1.221062

 Quadrupole moment (in Debye-Angstrom):
                  1            2            3
 1       -12.749302    -0.000001     0.000000
 2        -0.000001   -16.927570     0.000000
 3         0.000000     0.000000    -5.132354

 Spin-squared expectation <S^2>:         0.000
 Total spin quantum number S:            0.000
 TOTAL ENERGY:                       -1716.758351202

 --------------------------------------------------------------------------------

 End time:                               Sun Nov  7 03:49:20 2021
 Total wall-clock time:                  2.164 seconds
==================================================================================
