
================================================================================
          _____________ ________ _______________ ________     _________         
         / ___________// ______ \\_____   _____// ______ \   / ________)        
        / /_________  / /      \ \     | |     / /      \ \ | (_______          
       |  __________|| |        | |    | |    | |        | | \________ \        
        \ \_________ | |        | |    | |     \ \______/ /___________) |       
         \__________||_|        |_|    |_|      \________//____________/        
                                                                                
====================================[ Qcore ]===================================

 Git describe: 2.3.0-3-g778a55bfd
 Compiler:     GNU 9.3.0
 Build type:   Release
 Version:      2.3.0-3-g778a55bfd

 Start time:   Sun Nov  7 03:48:18 2021

 Data directory: /mnt/storage/scratch/zw18965/.local/qcore/share/entos/qcore/data
 Number of threads: 28
 Number of threads was determined by: command line argument

 --------------------------------------------------------------------------------
                                   command: dft                                  
 --------------------------------------------------------------------------------
 AO basis set:                           def2-tzvppd
 Number of AO basis functions:          84

 Formula:                                HFe
 Nuclear charge:                        27.000000000
 Total charge:                           0.000000000
 Number of electrons:                   27.000000000

 Number of alpha electrons:             15
 Number of beta electrons:              12
 Number of unpaired electrons:           3
 Spin:                                   3
 Multiplicity:                           quartet

 Theory:                                 dft
 Exchange-correlation functional:        wb97xd3

 Using range separated hybrid functional
 Range separation parameter:             0.250000000
 Short range exact exchange:             0.195728000
 Total long range exact exchange:        1.000000000

 Method for Coulomb:                     incore_df
 Method for exact exchange:              pre_transformed_df
 Integral threshold:                     1.00e-12
 DF basis set:                           def2-universal-jkfit
 Number of DF basis functions:         282
 Schwarz screening threshold:            1.00e-10
 Coulomb fitting method:                 Cholesky
 Total number of grid points:        13826
 Method for AO orthogonalization:        symmetric
 Threshold for linear dependence:        1.00e-08
 D3 dispersion energy:                  -0.000005083

 -------------------------------------
  Running unrestricted open-shell SCF 
 -------------------------------------
 Max number of iterations:             128
 Conv. threshold (gradient):             1.00e-05
 Conv. threshold (energy):               1.00e-06
 Interpolation scheme:                   adiis+cdiis
 Initial guess:                          SAD

 ---------------------------------------------------------------
                  energy        change          grad        time
 ---------------------------------------------------------------
   0     -1263.670883097                    1.10e+00        0.01
   1     -1264.155532524     -4.85e-01      5.11e-01        0.01
   2     -1263.877938666      2.78e-01      1.17e+00        0.01
   3     -1264.229139869     -3.51e-01      2.69e-01        0.01
   4     -1264.226761831      2.38e-03      2.61e-01        0.01
   5     -1264.247552548     -2.08e-02      1.87e-02        0.01
   6     -1264.247990763     -4.38e-04      1.11e-02        0.01
   7     -1264.248231233     -2.40e-04      3.91e-03        0.01
   8     -1264.248261546     -3.03e-05      1.90e-03        0.01
   9     -1264.248270473     -8.93e-06      7.43e-04        0.01
  10     -1264.248271855     -1.38e-06      2.52e-04        0.01
  11     -1264.248272065     -2.10e-07      9.96e-05        0.01
  12     -1264.248272103     -3.84e-08      5.29e-05        0.01
  13     -1264.248272117     -1.40e-08      1.51e-05        0.01
  14     -1264.248272118     -1.09e-09      3.94e-06        0.01

 SCF converged in 14 iterations.

 Dipole moment (in Debye):              -0.000040      -0.000040      -3.349447

 Quadrupole moment (in Debye-Angstrom):
                  1            2            3
 1       -15.304060    -0.000000     0.000098
 2        -0.000000   -15.304060     0.000098
 3         0.000098     0.000098   -18.458244

 Spin-squared expectation <S^2>:         3.773
 Total spin quantum number S:            1.506
 TOTAL ENERGY:                       -1264.248272118

 --------------------------------------------------------------------------------

 End time:                               Sun Nov  7 03:48:19 2021
 Total wall-clock time:                  1.133 seconds
==================================================================================
