
================================================================================
          _____________ ________ _______________ ________     _________         
         / ___________// ______ \\_____   _____// ______ \   / ________)        
        / /_________  / /      \ \     | |     / /      \ \ | (_______          
       |  __________|| |        | |    | |    | |        | | \________ \        
        \ \_________ | |        | |    | |     \ \______/ /___________) |       
         \__________||_|        |_|    |_|      \________//____________/        
                                                                                
====================================[ Qcore ]===================================

 Git describe: 2.3.0-3-g778a55bfd
 Compiler:     GNU 9.3.0
 Build type:   Release
 Version:      2.3.0-3-g778a55bfd

 Start time:   Sun Nov  7 03:49:18 2021

 Data directory: /mnt/storage/scratch/zw18965/.local/qcore/share/entos/qcore/data
 Number of threads: 28
 Number of threads was determined by: command line argument

 --------------------------------------------------------------------------------
                                   command: dft                                  
 --------------------------------------------------------------------------------
 AO basis set:                           def2-tzvppd
 Number of AO basis functions:          74

 Formula:                                H2O
 Nuclear charge:                        10.000000000
 Total charge:                           0.000000000
 Number of electrons:                   10.000000000

 Number of alpha electrons:              5
 Number of beta electrons:               5
 Number of unpaired electrons:           0
 Spin:                                   0
 Multiplicity:                           singlet

 Theory:                                 dft
 Exchange-correlation functional:        wb97xd3

 Using range separated hybrid functional
 Range separation parameter:             0.250000000
 Short range exact exchange:             0.195728000
 Total long range exact exchange:        1.000000000

 Method for Coulomb:                     incore_df
 Method for exact exchange:              pre_transformed_df
 Integral threshold:                     1.00e-12
 DF basis set:                           def2-universal-jkfit
 Number of DF basis functions:         113
 Schwarz screening threshold:            1.00e-10
 Coulomb fitting method:                 Cholesky
 Total number of grid points:        18724
 Method for AO orthogonalization:        symmetric
 Threshold for linear dependence:        1.00e-08
 D3 dispersion energy:                  -0.000001252

 -------------------------------------
  Running restricted closed-shell SCF 
 -------------------------------------
 Max number of iterations:             128
 Conv. threshold (gradient):             1.00e-05
 Conv. threshold (energy):               1.00e-06
 Interpolation scheme:                   adiis+cdiis
 Initial guess:                          SAD

 ---------------------------------------------------------------
                  energy        change          grad        time
 ---------------------------------------------------------------
   0       -76.343398625                    5.99e+00        0.01
   1       -76.376981717     -3.36e-02      1.29e+00        0.01
   2       -76.370041226      6.94e-03      1.32e+00        0.01
   3       -76.444757142     -7.47e-02      4.15e-02        0.01
   4       -76.444850990     -9.38e-05      2.54e-02        0.01
   5       -76.444880558     -2.96e-05      2.17e-03        0.01
   6       -76.444880918     -3.60e-07      2.28e-04        0.01
   7       -76.444880930     -1.26e-08      4.96e-05        0.01
   8       -76.444880931     -3.17e-10      4.78e-06        0.01

 SCF converged in 8 iterations.

 Dipole moment (in Debye):               1.486678       0.000000       1.150882

 Quadrupole moment (in Debye-Angstrom):
                  1            2            3
 1        -5.631115     0.000000    -0.959996
 2         0.000000    -7.716952     0.000000
 3        -0.959996     0.000000    -5.133859

 Spin-squared expectation <S^2>:         0.000
 Total spin quantum number S:            0.000
 TOTAL ENERGY:                         -76.444880931

 --------------------------------------------------------------------------------

 End time:                               Sun Nov  7 03:49:18 2021
 Total wall-clock time:                  0.392 seconds
==================================================================================
