
================================================================================
          _____________ ________ _______________ ________     _________         
         / ___________// ______ \\_____   _____// ______ \   / ________)        
        / /_________  / /      \ \     | |     / /      \ \ | (_______          
       |  __________|| |        | |    | |    | |        | | \________ \        
        \ \_________ | |        | |    | |     \ \______/ /___________) |       
         \__________||_|        |_|    |_|      \________//____________/        
                                                                                
====================================[ Qcore ]===================================

 Git describe: 2.3.0-3-g778a55bfd
 Compiler:     GNU 9.3.0
 Build type:   Release
 Version:      2.3.0-3-g778a55bfd

 Start time:   Sun Nov  7 03:49:18 2021

 Data directory: /mnt/storage/scratch/zw18965/.local/qcore/share/entos/qcore/data
 Number of threads: 28
 Number of threads was determined by: command line argument

 --------------------------------------------------------------------------------
                                   command: dft                                  
 --------------------------------------------------------------------------------
 AO basis set:                           def2-tzvppd
 Number of AO basis functions:          62

 Formula:                                LiO
 Nuclear charge:                        11.000000000
 Total charge:                           0.000000000
 Number of electrons:                   11.000000000

 Number of alpha electrons:              6
 Number of beta electrons:               5
 Number of unpaired electrons:           1
 Spin:                                   1
 Multiplicity:                           doublet

 Theory:                                 dft
 Exchange-correlation functional:        wb97xd3

 Using range separated hybrid functional
 Range separation parameter:             0.250000000
 Short range exact exchange:             0.195728000
 Total long range exact exchange:        1.000000000

 Method for Coulomb:                     incore_df
 Method for exact exchange:              pre_transformed_df
 Integral threshold:                     1.00e-12
 DF basis set:                           def2-universal-jkfit
 Number of DF basis functions:         128
 Schwarz screening threshold:            1.00e-10
 Coulomb fitting method:                 Cholesky
 Total number of grid points:        13516
 Method for AO orthogonalization:        symmetric
 Threshold for linear dependence:        1.00e-08
 D3 dispersion energy:                  -0.000003322

 -------------------------------------
  Running unrestricted open-shell SCF 
 -------------------------------------
 Max number of iterations:             128
 Conv. threshold (gradient):             1.00e-05
 Conv. threshold (energy):               1.00e-06
 Interpolation scheme:                   adiis+cdiis
 Initial guess:                          SAD

 ---------------------------------------------------------------
                  energy        change          grad        time
 ---------------------------------------------------------------
   0       -82.336243547                    5.58e-01        0.01
   1       -82.616618547     -2.80e-01      4.09e-01        0.01
   2       -82.610038847      6.58e-03      4.91e-01        0.01
   3       -82.692295142     -8.23e-02      2.40e-02        0.01
   4       -82.692552264     -2.57e-04      2.05e-02        0.01
   5       -82.692715750     -1.63e-04      1.98e-03        0.01
   6       -82.692721347     -5.60e-06      9.44e-04        0.01
   7       -82.692722048     -7.01e-07      1.76e-04        0.01
   8       -82.692722083     -3.56e-08      6.36e-05        0.01
   9       -82.692722088     -4.21e-09      1.05e-05        0.01
  10       -82.692722088     -1.92e-10      2.56e-06        0.01

 SCF converged in 10 iterations.

 Dipole moment (in Debye):               0.000000       0.000000      -6.662420

 Quadrupole moment (in Debye-Angstrom):
                  1            2            3
 1        -8.173400    -0.976958     0.000000
 2        -0.976958    -8.173487     0.000000
 3         0.000000     0.000000    -1.745510

 Spin-squared expectation <S^2>:         0.754
 Total spin quantum number S:            0.502
 TOTAL ENERGY:                         -82.692722088

 --------------------------------------------------------------------------------

 End time:                               Sun Nov  7 03:49:18 2021
 Total wall-clock time:                  0.412 seconds
==================================================================================
