
================================================================================
          _____________ ________ _______________ ________     _________         
         / ___________// ______ \\_____   _____// ______ \   / ________)        
        / /_________  / /      \ \     | |     / /      \ \ | (_______          
       |  __________|| |        | |    | |    | |        | | \________ \        
        \ \_________ | |        | |    | |     \ \______/ /___________) |       
         \__________||_|        |_|    |_|      \________//____________/        
                                                                                
====================================[ Qcore ]===================================

 Git describe: 2.3.0-3-g778a55bfd
 Compiler:     GNU 9.3.0
 Build type:   Release
 Version:      2.3.0-3-g778a55bfd

 Start time:   Sun Nov  7 03:50:18 2021

 Data directory: /mnt/storage/scratch/zw18965/.local/qcore/share/entos/qcore/data
 Number of threads: 28
 Number of threads was determined by: command line argument

 --------------------------------------------------------------------------------
                                   command: dft                                  
 --------------------------------------------------------------------------------
 AO basis set:                           def2-tzvppd
 Number of AO basis functions:         144

 Formula:                                COV+
 Nuclear charge:                        37.000000000
 Total charge:                           1.000000000
 Number of electrons:                   36.000000000

 Number of alpha electrons:             20
 Number of beta electrons:              16
 Number of unpaired electrons:           4
 Spin:                                   4
 Multiplicity:                           quintet

 Theory:                                 dft
 Exchange-correlation functional:        wb97xd3

 Using range separated hybrid functional
 Range separation parameter:             0.250000000
 Short range exact exchange:             0.195728000
 Total long range exact exchange:        1.000000000

 Method for Coulomb:                     incore_df
 Method for exact exchange:              pre_transformed_df
 Integral threshold:                     1.00e-12
 DF basis set:                           def2-universal-jkfit
 Number of DF basis functions:         416
 Schwarz screening threshold:            1.00e-10
 Coulomb fitting method:                 Cholesky
 Total number of grid points:        21596
 Method for AO orthogonalization:        symmetric
 Threshold for linear dependence:        1.00e-08
 D3 dispersion energy:                  -0.000087769

 -------------------------------------
  Running unrestricted open-shell SCF 
 -------------------------------------
 Max number of iterations:             128
 Conv. threshold (gradient):             1.00e-05
 Conv. threshold (energy):               1.00e-06
 Interpolation scheme:                   adiis+cdiis
 Initial guess:                          SAD

 ---------------------------------------------------------------
                  energy        change          grad        time
 ---------------------------------------------------------------
   0     -1057.022593167                    3.60e+00        0.04
   1     -1055.881531922      1.14e+00      1.52e+00        0.04
   2     -1023.979290422      3.19e+01      1.03e+01        0.03
   3     -1048.979317554     -2.50e+01      7.44e+00        0.03
   4     -1056.871792087     -7.89e+00      9.26e-01        0.03
   5     -1056.860990641      1.08e-02      8.46e-01        0.04
   6     -1057.019062737     -1.58e-01      1.22e-01        0.04
   7     -1057.023392179     -4.33e-03      6.81e-02        0.05
   8     -1057.024149198     -7.57e-04      7.04e-02        0.04
   9     -1057.025961877     -1.81e-03      8.74e-03        0.04
  10     -1057.026059183     -9.73e-05      4.36e-03        0.03
  11     -1057.026086438     -2.73e-05      2.97e-03        0.03
  12     -1057.026107015     -2.06e-05      1.77e-03        0.04
  13     -1057.026116644     -9.63e-06      9.83e-04        0.03
  14     -1057.026119380     -2.74e-06      2.79e-04        0.04
  15     -1057.026119615     -2.35e-07      5.81e-05        0.03
  16     -1057.026119621     -6.37e-09      2.33e-05        0.04
  17     -1057.026119622     -1.44e-09      7.78e-06        0.03

 SCF converged in 17 iterations.

 Dipole moment (in Debye):              -0.000001      -0.000001      -4.541190

 Quadrupole moment (in Debye-Angstrom):
                  1            2            3
 1       -21.196146    -0.000003     0.000001
 2        -0.000003   -21.196147     0.000001
 3         0.000001     0.000001   -12.082780

 Spin-squared expectation <S^2>:         6.003
 Total spin quantum number S:            2.001
 TOTAL ENERGY:                       -1057.026119622

 --------------------------------------------------------------------------------

 End time:                               Sun Nov  7 03:50:20 2021
 Total wall-clock time:                  2.527 seconds
==================================================================================
