
================================================================================
          _____________ ________ _______________ ________     _________         
         / ___________// ______ \\_____   _____// ______ \   / ________)        
        / /_________  / /      \ \     | |     / /      \ \ | (_______          
       |  __________|| |        | |    | |    | |        | | \________ \        
        \ \_________ | |        | |    | |     \ \______/ /___________) |       
         \__________||_|        |_|    |_|      \________//____________/        
                                                                                
====================================[ Qcore ]===================================

 Git describe: 2.3.0-3-g778a55bfd
 Compiler:     GNU 9.3.0
 Build type:   Release
 Version:      2.3.0-3-g778a55bfd

 Start time:   Sun Nov  7 03:51:18 2021

 Data directory: /mnt/storage/scratch/zw18965/.local/qcore/share/entos/qcore/data
 Number of threads: 28
 Number of threads was determined by: command line argument

 --------------------------------------------------------------------------------
                                   command: dft                                  
 --------------------------------------------------------------------------------
 AO basis set:                           def2-tzvppd
 Number of AO basis functions:         112
 ECP on atom 1 (Zr):                     28 electrons
 ECP on atom 2 (Zr):                     28 electrons

 Formula:                                Zr2
 Nuclear charge:                        80.000000000
 Total charge:                           0.000000000
 Number of core electrons:              56
 Number of treated electrons:           24

 Number of alpha electrons:             13
 Number of beta electrons:              11
 Number of unpaired electrons:           2
 Spin:                                   2
 Multiplicity:                           triplet

 Theory:                                 dft
 Exchange-correlation functional:        wb97xd3

 Using range separated hybrid functional
 Range separation parameter:             0.250000000
 Short range exact exchange:             0.195728000
 Total long range exact exchange:        1.000000000

 Method for Coulomb:                     incore_df
 Method for exact exchange:              pre_transformed_df
 Integral threshold:                     1.00e-12
 DF basis set:                           def2-universal-jkfit
 Number of DF basis functions:         510
 Schwarz screening threshold:            1.00e-10
 Coulomb fitting method:                 Cholesky
 Total number of grid points:        16372
 Method for AO orthogonalization:        symmetric
 Threshold for linear dependence:        1.00e-08
 D3 dispersion energy:                  -0.000004647

 -------------------------------------
  Running unrestricted open-shell SCF 
 -------------------------------------
 Max number of iterations:             128
 Conv. threshold (gradient):             1.00e-05
 Conv. threshold (energy):               1.00e-06
 Interpolation scheme:                   adiis+cdiis
 Initial guess:                          SAD

 ---------------------------------------------------------------
                  energy        change          grad        time
 ---------------------------------------------------------------
   0       -93.885635386                    3.11e+00        0.03
   1       -93.804888767      8.07e-02      3.05e-01        0.03
   2       -93.829129134     -2.42e-02      2.42e-01        0.03
   3       -93.857030926     -2.79e-02      6.54e-02        0.02
   4       -93.858617960     -1.59e-03      5.48e-02        0.02
   5       -93.860735082     -2.12e-03      9.24e-03        0.02
   6       -93.861196937     -4.62e-04      5.36e-03        0.02
   7       -93.861412899     -2.16e-04      1.87e-03        0.02
   8       -93.861435379     -2.25e-05      4.66e-04        0.03
   9       -93.861436698     -1.32e-06      1.67e-04        0.03
  10       -93.861436880     -1.82e-07      1.34e-04        0.03
  11       -93.861436910     -2.99e-08      8.91e-05        0.02
  12       -93.861436933     -2.26e-08      2.38e-05        0.03
  13       -93.861436936     -3.29e-09      6.89e-06        0.02

 SCF converged in 13 iterations.

 Dipole moment (in Debye):               0.000005       0.000005      -0.000000

 Quadrupole moment (in Debye-Angstrom):
                  1            2            3
 1       -50.608816     0.000001    -0.000000
 2         0.000001   -50.608816    -0.000000
 3        -0.000000    -0.000000   -53.246289

 Spin-squared expectation <S^2>:         2.017
 Total spin quantum number S:            1.006
 TOTAL ENERGY:                         -93.861436936

 --------------------------------------------------------------------------------

 End time:                               Sun Nov  7 03:51:19 2021
 Total wall-clock time:                  1.273 seconds
==================================================================================
