
================================================================================
          _____________ ________ _______________ ________     _________         
         / ___________// ______ \\_____   _____// ______ \   / ________)        
        / /_________  / /      \ \     | |     / /      \ \ | (_______          
       |  __________|| |        | |    | |    | |        | | \________ \        
        \ \_________ | |        | |    | |     \ \______/ /___________) |       
         \__________||_|        |_|    |_|      \________//____________/        
                                                                                
====================================[ Qcore ]===================================

 Git describe: 2.3.0-3-g778a55bfd
 Compiler:     GNU 9.3.0
 Build type:   Release
 Version:      2.3.0-3-g778a55bfd

 Start time:   Sun Nov  7 04:36:19 2021

 Data directory: /mnt/storage/scratch/zw18965/.local/qcore/share/entos/qcore/data
 Number of threads: 28
 Number of threads was determined by: command line argument

 --------------------------------------------------------------------------------
                                   command: dft                                  
 --------------------------------------------------------------------------------
 AO basis set:                           def2-tzvppd
 Number of AO basis functions:          37

 Formula:                                B
 Nuclear charge:                         5.000000000
 Total charge:                           0.000000000
 Number of electrons:                    5.000000000

 Number of alpha electrons:              3
 Number of beta electrons:               2
 Number of unpaired electrons:           1
 Spin:                                   1
 Multiplicity:                           doublet

 Theory:                                 dft
 Exchange-correlation functional:        wb97xd3

 Using range separated hybrid functional
 Range separation parameter:             0.250000000
 Short range exact exchange:             0.195728000
 Total long range exact exchange:        1.000000000

 Method for Coulomb:                     incore_df
 Method for exact exchange:              pre_transformed_df
 Integral threshold:                     1.00e-12
 DF basis set:                           def2-universal-jkfit
 Number of DF basis functions:          75
 Schwarz screening threshold:            1.00e-10
 Coulomb fitting method:                 Cholesky
 Total number of grid points:         6800
 Method for AO orthogonalization:        symmetric
 Threshold for linear dependence:        1.00e-08
 D3 dispersion energy:                   0.000000000

 -------------------------------------
  Running unrestricted open-shell SCF 
 -------------------------------------
 Max number of iterations:             128
 Conv. threshold (gradient):             1.00e-05
 Conv. threshold (energy):               1.00e-06
 Interpolation scheme:                   adiis+cdiis
 Initial guess:                          SAD

 ---------------------------------------------------------------
                  energy        change          grad        time
 ---------------------------------------------------------------
   0       -24.536027775                    6.17e-03        0.00
   1       -24.645153403     -1.09e-01      5.90e-02        0.01
   2       -24.651346705     -6.19e-03      2.97e-02        0.00
   3       -24.652394102     -1.05e-03      8.07e-03        0.00
   4       -24.652493982     -9.99e-05      1.65e-03        0.01
   5       -24.652498811     -4.83e-06      3.45e-04        0.00
   6       -24.652499039     -2.27e-07      4.69e-05        0.00
   7       -24.652499041     -2.20e-09      8.09e-06        0.00

 SCF converged in 7 iterations.

 Dipole moment (in Debye):               0.000000      -0.000000       0.000000

 Quadrupole moment (in Debye-Angstrom):
                  1            2            3
 1        -5.970144    -0.000000     0.000000
 2        -0.000000    -9.237061    -0.000000
 3         0.000000    -0.000000    -5.970144

 Spin-squared expectation <S^2>:         0.754
 Total spin quantum number S:            0.502
 TOTAL ENERGY:                         -24.652499041

 --------------------------------------------------------------------------------

 End time:                               Sun Nov  7 04:36:20 2021
 Total wall-clock time:                  0.279 seconds
==================================================================================
