
================================================================================
          _____________ ________ _______________ ________     _________         
         / ___________// ______ \\_____   _____// ______ \   / ________)        
        / /_________  / /      \ \     | |     / /      \ \ | (_______          
       |  __________|| |        | |    | |    | |        | | \________ \        
        \ \_________ | |        | |    | |     \ \______/ /___________) |       
         \__________||_|        |_|    |_|      \________//____________/        
                                                                                
====================================[ Qcore ]===================================

 Git describe: 2.3.0-3-g778a55bfd
 Compiler:     GNU 9.3.0
 Build type:   Release
 Version:      2.3.0-3-g778a55bfd

 Start time:   Sun Nov  7 04:37:18 2021

 Data directory: /mnt/storage/scratch/zw18965/.local/qcore/share/entos/qcore/data
 Number of threads: 28
 Number of threads was determined by: command line argument

 --------------------------------------------------------------------------------
                                   command: dft                                  
 --------------------------------------------------------------------------------
 AO basis set:                           def2-tzvppd
 Number of AO basis functions:          71

 Formula:                                CH2
 Nuclear charge:                         8.000000000
 Total charge:                           0.000000000
 Number of electrons:                    8.000000000

 Number of alpha electrons:              5
 Number of beta electrons:               3
 Number of unpaired electrons:           2
 Spin:                                   2
 Multiplicity:                           triplet

 Theory:                                 dft
 Exchange-correlation functional:        wb97xd3

 Using range separated hybrid functional
 Range separation parameter:             0.250000000
 Short range exact exchange:             0.195728000
 Total long range exact exchange:        1.000000000

 Method for Coulomb:                     incore_df
 Method for exact exchange:              pre_transformed_df
 Integral threshold:                     1.00e-12
 DF basis set:                           def2-universal-jkfit
 Number of DF basis functions:         111
 Schwarz screening threshold:            1.00e-10
 Coulomb fitting method:                 Cholesky
 Total number of grid points:        18580
 Method for AO orthogonalization:        symmetric
 Threshold for linear dependence:        1.00e-08
 D3 dispersion energy:                  -0.000009706

 -------------------------------------
  Running unrestricted open-shell SCF 
 -------------------------------------
 Max number of iterations:             128
 Conv. threshold (gradient):             1.00e-05
 Conv. threshold (energy):               1.00e-06
 Interpolation scheme:                   adiis+cdiis
 Initial guess:                          SAD

 ---------------------------------------------------------------
                  energy        change          grad        time
 ---------------------------------------------------------------
   0       -39.016521567                    2.01e+00        0.01
   1       -39.143708930     -1.27e-01      2.68e-01        0.01
   2       -39.151322070     -7.61e-03      6.23e-02        0.01
   3       -39.152341538     -1.02e-03      3.82e-02        0.01
   4       -39.152562174     -2.21e-04      5.82e-03        0.01
   5       -39.152583102     -2.09e-05      1.39e-03        0.01
   6       -39.152583905     -8.03e-07      3.04e-04        0.01
   7       -39.152583937     -3.14e-08      4.39e-05        0.01
   8       -39.152583938     -9.23e-10      7.88e-06        0.01

 SCF converged in 8 iterations.

 Dipole moment (in Debye):               0.575582      -0.000000       0.245474

 Quadrupole moment (in Debye-Angstrom):
                  1            2            3
 1        -7.431895     0.000000    -0.664297
 2         0.000000    -8.224788     0.000000
 3        -0.664297     0.000000    -6.155233

 Spin-squared expectation <S^2>:         2.007
 Total spin quantum number S:            1.002
 TOTAL ENERGY:                         -39.152583938

 --------------------------------------------------------------------------------

 End time:                               Sun Nov  7 04:37:19 2021
 Total wall-clock time:                  0.427 seconds
==================================================================================
