
================================================================================
          _____________ ________ _______________ ________     _________         
         / ___________// ______ \\_____   _____// ______ \   / ________)        
        / /_________  / /      \ \     | |     / /      \ \ | (_______          
       |  __________|| |        | |    | |    | |        | | \________ \        
        \ \_________ | |        | |    | |     \ \______/ /___________) |       
         \__________||_|        |_|    |_|      \________//____________/        
                                                                                
====================================[ Qcore ]===================================

 Git describe: 2.3.0-3-g778a55bfd
 Compiler:     GNU 9.3.0
 Build type:   Release
 Version:      2.3.0-3-g778a55bfd

 Start time:   Sun Nov  7 04:38:19 2021

 Data directory: /mnt/storage/scratch/zw18965/.local/qcore/share/entos/qcore/data
 Number of threads: 28
 Number of threads was determined by: command line argument

 --------------------------------------------------------------------------------
                                   command: dft                                  
 --------------------------------------------------------------------------------
 AO basis set:                           def2-tzvppd
 Number of AO basis functions:         142

 Formula:                                OCl2
 Nuclear charge:                        42.000000000
 Total charge:                           0.000000000
 Number of electrons:                   42.000000000

 Number of alpha electrons:             21
 Number of beta electrons:              21
 Number of unpaired electrons:           0
 Spin:                                   0
 Multiplicity:                           singlet

 Theory:                                 dft
 Exchange-correlation functional:        wb97xd3

 Using range separated hybrid functional
 Range separation parameter:             0.250000000
 Short range exact exchange:             0.195728000
 Total long range exact exchange:        1.000000000

 Method for Coulomb:                     incore_df
 Method for exact exchange:              pre_transformed_df
 Integral threshold:                     1.00e-12
 DF basis set:                           def2-universal-jkfit
 Number of DF basis functions:         333
 Schwarz screening threshold:            1.00e-10
 Coulomb fitting method:                 Cholesky
 Total number of grid points:        21932
 Method for AO orthogonalization:        symmetric
 Threshold for linear dependence:        1.00e-08
 D3 dispersion energy:                  -0.000054763

 -------------------------------------
  Running restricted closed-shell SCF 
 -------------------------------------
 Max number of iterations:             128
 Conv. threshold (gradient):             1.00e-05
 Conv. threshold (energy):               1.00e-06
 Interpolation scheme:                   adiis+cdiis
 Initial guess:                          SAD

 ---------------------------------------------------------------
                  energy        change          grad        time
 ---------------------------------------------------------------
   0      -995.740553910                    6.97e+00        0.02
   1      -995.497279543      2.43e-01      6.37e-01        0.02
   2      -995.514326229     -1.70e-02      4.85e-01        0.02
   3      -995.513776308      5.50e-04      5.59e-01        0.02
   4      -995.524829334     -1.11e-02      1.42e-01        0.02
   5      -995.524468511      3.61e-04      1.89e-01        0.02
   6      -995.525302953     -8.34e-04      1.70e-02        0.02
   7      -995.525310189     -7.24e-06      1.40e-02        0.02
   8      -995.525316717     -6.53e-06      5.01e-04        0.02
   9      -995.525316772     -5.51e-08      9.75e-05        0.02
  10      -995.525316775     -3.20e-09      2.58e-05        0.02
  11      -995.525316776     -2.13e-10      6.78e-06        0.02

 SCF converged in 11 iterations.

 Dipole moment (in Debye):               0.000001      -0.000000      -0.570166

 Quadrupole moment (in Debye-Angstrom):
                  1            2            3
 1       -26.892727    -0.000000    -0.000000
 2        -0.000000   -30.817346     0.000000
 3        -0.000000     0.000000   -30.059677

 Spin-squared expectation <S^2>:         0.000
 Total spin quantum number S:            0.000
 TOTAL ENERGY:                        -995.525316776

 --------------------------------------------------------------------------------

 End time:                               Sun Nov  7 04:38:20 2021
 Total wall-clock time:                  0.800 seconds
==================================================================================
