
================================================================================
          _____________ ________ _______________ ________     _________         
         / ___________// ______ \\_____   _____// ______ \   / ________)        
        / /_________  / /      \ \     | |     / /      \ \ | (_______          
       |  __________|| |        | |    | |    | |        | | \________ \        
        \ \_________ | |        | |    | |     \ \______/ /___________) |       
         \__________||_|        |_|    |_|      \________//____________/        
                                                                                
====================================[ Qcore ]===================================

 Git describe: 2.3.0-3-g778a55bfd
 Compiler:     GNU 9.3.0
 Build type:   Release
 Version:      2.3.0-3-g778a55bfd

 Start time:   Sun Nov  7 04:39:18 2021

 Data directory: /mnt/storage/scratch/zw18965/.local/qcore/share/entos/qcore/data
 Number of threads: 28
 Number of threads was determined by: command line argument

 --------------------------------------------------------------------------------
                                   command: dft                                  
 --------------------------------------------------------------------------------
 AO basis set:                           def2-tzvppd
 Number of AO basis functions:          77

 Formula:                                CO
 Nuclear charge:                        14.000000000
 Total charge:                           0.000000000
 Number of electrons:                   14.000000000

 Number of alpha electrons:              7
 Number of beta electrons:               7
 Number of unpaired electrons:           0
 Spin:                                   0
 Multiplicity:                           singlet

 Theory:                                 dft
 Exchange-correlation functional:        wb97xd3

 Using range separated hybrid functional
 Range separation parameter:             0.250000000
 Short range exact exchange:             0.195728000
 Total long range exact exchange:        1.000000000

 Method for Coulomb:                     incore_df
 Method for exact exchange:              pre_transformed_df
 Integral threshold:                     1.00e-12
 DF basis set:                           def2-universal-jkfit
 Number of DF basis functions:         152
 Schwarz screening threshold:            1.00e-10
 Coulomb fitting method:                 Cholesky
 Total number of grid points:        13744
 Method for AO orthogonalization:        symmetric
 Threshold for linear dependence:        1.00e-08
 D3 dispersion energy:                  -0.000000109

 -------------------------------------
  Running restricted closed-shell SCF 
 -------------------------------------
 Max number of iterations:             128
 Conv. threshold (gradient):             1.00e-05
 Conv. threshold (energy):               1.00e-06
 Interpolation scheme:                   adiis+cdiis
 Initial guess:                          SAD

 ---------------------------------------------------------------
                  energy        change          grad        time
 ---------------------------------------------------------------
   0      -113.404275141                    6.00e+00        0.01
   1      -113.288346206      1.16e-01      7.21e-01        0.01
   2      -113.235941594      5.24e-02      1.23e+00        0.01
   3      -113.325380602     -8.94e-02      2.06e-01        0.01
   4      -113.322800327      2.58e-03      2.82e-01        0.01
   5      -113.327389119     -4.59e-03      4.38e-02        0.01
   6      -113.327230718      1.58e-04      6.89e-02        0.01
   7      -113.327509880     -2.79e-04      3.68e-04        0.01
   8      -113.327509891     -1.13e-08      2.89e-05        0.01
   9      -113.327509891     -1.72e-10      1.37e-05        0.01
  10      -113.327509891     -1.20e-11      9.94e-07        0.01

 SCF converged in 10 iterations.

 Dipole moment (in Debye):               0.000000       0.000000      -0.087588

 Quadrupole moment (in Debye-Angstrom):
                  1            2            3
 1       -10.245969     0.000000     0.000000
 2         0.000000   -10.245969     0.000000
 3         0.000000     0.000000   -12.236565

 Spin-squared expectation <S^2>:         0.000
 Total spin quantum number S:            0.000
 TOTAL ENERGY:                        -113.327509891

 --------------------------------------------------------------------------------

 End time:                               Sun Nov  7 04:39:19 2021
 Total wall-clock time:                  0.451 seconds
==================================================================================
