
================================================================================
          _____________ ________ _______________ ________     _________         
         / ___________// ______ \\_____   _____// ______ \   / ________)        
        / /_________  / /      \ \     | |     / /      \ \ | (_______          
       |  __________|| |        | |    | |    | |        | | \________ \        
        \ \_________ | |        | |    | |     \ \______/ /___________) |       
         \__________||_|        |_|    |_|      \________//____________/        
                                                                                
====================================[ Qcore ]===================================

 Git describe: 2.3.0-3-g778a55bfd
 Compiler:     GNU 9.3.0
 Build type:   Release
 Version:      2.3.0-3-g778a55bfd

 Start time:   Sun Nov  7 04:40:24 2021

 Data directory: /mnt/storage/scratch/zw18965/.local/qcore/share/entos/qcore/data
 Number of threads: 28
 Number of threads was determined by: command line argument

 --------------------------------------------------------------------------------
                                   command: dft                                  
 --------------------------------------------------------------------------------
 AO basis set:                           def2-tzvppd
 Number of AO basis functions:         134

 Formula:                                Cr2
 Nuclear charge:                        48.000000000
 Total charge:                           0.000000000
 Number of electrons:                   48.000000000

 Number of alpha electrons:             24
 Number of beta electrons:              24
 Number of unpaired electrons:           0
 Spin:                                   0
 Multiplicity:                           singlet

 Theory:                                 dft
 Exchange-correlation functional:        wb97xd3

 Using range separated hybrid functional
 Range separation parameter:             0.250000000
 Short range exact exchange:             0.195728000
 Total long range exact exchange:        1.000000000

 Method for Coulomb:                     incore_df
 Method for exact exchange:              pre_transformed_df
 Integral threshold:                     1.00e-12
 DF basis set:                           def2-universal-jkfit
 Number of DF basis functions:         528
 Schwarz screening threshold:            1.00e-10
 Coulomb fitting method:                 Cholesky
 Total number of grid points:        15656
 Method for AO orthogonalization:        symmetric
 Threshold for linear dependence:        1.00e-08
 D3 dispersion energy:                  -0.000001386

 -------------------------------------
  Running restricted closed-shell SCF 
 -------------------------------------
 Max number of iterations:             128
 Conv. threshold (gradient):             1.00e-05
 Conv. threshold (energy):               1.00e-06
 Interpolation scheme:                   adiis+cdiis
 Initial guess:                          SAD

 ---------------------------------------------------------------
                  energy        change          grad        time
 ---------------------------------------------------------------
   0     -2088.388172306                    6.55e+00        0.03
   1     -2088.677845668     -2.90e-01      5.05e-01        0.02
   2     -2088.664040209      1.38e-02      5.29e-01        0.02
   3     -2088.727925642     -6.39e-02      5.60e-02        0.02
   4     -2088.728197297     -2.72e-04      3.42e-02        0.02
   5     -2088.728321356     -1.24e-04      4.15e-03        0.02
   6     -2088.728300192      2.12e-05      1.80e-02        0.02
   7     -2088.728333809     -3.36e-05      1.39e-03        0.02
   8     -2088.728334845     -1.04e-06      2.03e-04        0.02
   9     -2088.728334883     -3.83e-08      5.04e-05        0.02
  10     -2088.728334885     -1.97e-09      8.70e-06        0.02

 SCF converged in 10 iterations.

 Dipole moment (in Debye):               0.000001       0.000001       0.000002

 Quadrupole moment (in Debye-Angstrom):
                  1            2            3
 1       -34.412805     0.000000    -0.000001
 2         0.000000   -34.412805    -0.000001
 3        -0.000001    -0.000001   -27.598298

 Spin-squared expectation <S^2>:         0.000
 Total spin quantum number S:            0.000
 TOTAL ENERGY:                       -2088.728334885

 --------------------------------------------------------------------------------

 End time:                               Sun Nov  7 04:40:27 2021
 Total wall-clock time:                  2.461 seconds
==================================================================================
