
================================================================================
          _____________ ________ _______________ ________     _________         
         / ___________// ______ \\_____   _____// ______ \   / ________)        
        / /_________  / /      \ \     | |     / /      \ \ | (_______          
       |  __________|| |        | |    | |    | |        | | \________ \        
        \ \_________ | |        | |    | |     \ \______/ /___________) |       
         \__________||_|        |_|    |_|      \________//____________/        
                                                                                
====================================[ Qcore ]===================================

 Git describe: 2.3.0-3-g778a55bfd
 Compiler:     GNU 9.3.0
 Build type:   Release
 Version:      2.3.0-3-g778a55bfd

 Start time:   Sun Nov  7 04:38:19 2021

 Data directory: /mnt/storage/scratch/zw18965/.local/qcore/share/entos/qcore/data
 Number of threads: 28
 Number of threads was determined by: command line argument

 --------------------------------------------------------------------------------
                                   command: dft                                  
 --------------------------------------------------------------------------------
 AO basis set:                           def2-tzvppd
 Number of AO basis functions:         452

 Formula:                                C5O5Fe
 Nuclear charge:                        96.000000000
 Total charge:                           0.000000000
 Number of electrons:                   96.000000000

 Number of alpha electrons:             48
 Number of beta electrons:              48
 Number of unpaired electrons:           0
 Spin:                                   0
 Multiplicity:                           singlet

 Theory:                                 dft
 Exchange-correlation functional:        wb97xd3

 Using range separated hybrid functional
 Range separation parameter:             0.250000000
 Short range exact exchange:             0.195728000
 Total long range exact exchange:        1.000000000

 Method for Coulomb:                     incore_df
 Method for exact exchange:              pre_transformed_df
 Integral threshold:                     1.00e-12
 DF basis set:                           def2-universal-jkfit
 Number of DF basis functions:        1024
 Schwarz screening threshold:            1.00e-10
 Coulomb fitting method:                 Cholesky
 Total number of grid points:        76656
 Method for AO orthogonalization:        symmetric
 Threshold for linear dependence:        1.00e-08
 D3 dispersion energy:                  -0.003707647

 -------------------------------------
  Running restricted closed-shell SCF 
 -------------------------------------
 Max number of iterations:             128
 Conv. threshold (gradient):             1.00e-05
 Conv. threshold (energy):               1.00e-06
 Interpolation scheme:                   adiis+cdiis
 Initial guess:                          SAD

 ---------------------------------------------------------------
                  energy        change          grad        time
 ---------------------------------------------------------------
   0     -1832.261111998                    2.20e+01        0.40
   1     -1829.962966721      2.30e+00      5.11e+00        0.33
   2     -1822.954318758      7.01e+00      1.60e+01        0.33
   3     -1829.797310738     -6.84e+00      6.94e+00        0.32
   4     -1830.507859504     -7.11e-01      8.41e-01        0.33
   5     -1830.329639525      1.78e-01      4.03e+00        0.33
   6     -1830.493601051     -1.64e-01      1.39e+00        0.34
   7     -1830.517270089     -2.37e-02      7.00e-02        0.35
   8     -1830.516842768      4.27e-04      2.20e-01        0.36
   9     -1830.517689073     -8.46e-04      4.36e-02        0.35
  10     -1830.517733500     -4.44e-05      2.88e-03        0.33
  11     -1830.517736097     -2.60e-06      5.17e-03        0.34
  12     -1830.517736465     -3.68e-07      5.28e-03        0.33
  13     -1830.517736883     -4.18e-07      6.86e-04        0.34
  14     -1830.517736892     -8.69e-09      4.32e-05        0.34
  15     -1830.517736892     -5.05e-11      4.63e-06        0.34

 SCF converged in 15 iterations.

 Dipole moment (in Debye):              -0.000477       0.000029       0.000001

 Quadrupole moment (in Debye-Angstrom):
                  1            2            3
 1       -70.870411    -0.000044     0.000001
 2        -0.000044   -70.869325    -0.000000
 3         0.000001    -0.000000   -68.061665

 Spin-squared expectation <S^2>:         0.000
 Total spin quantum number S:            0.000
 TOTAL ENERGY:                       -1830.517736892

 --------------------------------------------------------------------------------

 End time:                               Sun Nov  7 04:38:40 2021
 Total wall-clock time:                 20.864 seconds
==================================================================================
