
================================================================================
          _____________ ________ _______________ ________     _________         
         / ___________// ______ \\_____   _____// ______ \   / ________)        
        / /_________  / /      \ \     | |     / /      \ \ | (_______          
       |  __________|| |        | |    | |    | |        | | \________ \        
        \ \_________ | |        | |    | |     \ \______/ /___________) |       
         \__________||_|        |_|    |_|      \________//____________/        
                                                                                
====================================[ Qcore ]===================================

 Git describe: 2.3.0-3-g778a55bfd
 Compiler:     GNU 9.3.0
 Build type:   Release
 Version:      2.3.0-3-g778a55bfd

 Start time:   Sun Nov  7 04:39:18 2021

 Data directory: /mnt/storage/scratch/zw18965/.local/qcore/share/entos/qcore/data
 Number of threads: 28
 Number of threads was determined by: command line argument

 --------------------------------------------------------------------------------
                                   command: dft                                  
 --------------------------------------------------------------------------------
 AO basis set:                           def2-tzvppd
 Number of AO basis functions:          67

 Formula:                                Ni+
 Nuclear charge:                        28.000000000
 Total charge:                           1.000000000
 Number of electrons:                   27.000000000

 Number of alpha electrons:             14
 Number of beta electrons:              13
 Number of unpaired electrons:           1
 Spin:                                   1
 Multiplicity:                           doublet

 Theory:                                 dft
 Exchange-correlation functional:        wb97xd3

 Using range separated hybrid functional
 Range separation parameter:             0.250000000
 Short range exact exchange:             0.195728000
 Total long range exact exchange:        1.000000000

 Method for Coulomb:                     incore_df
 Method for exact exchange:              pre_transformed_df
 Integral threshold:                     1.00e-12
 DF basis set:                           def2-universal-jkfit
 Number of DF basis functions:         264
 Schwarz screening threshold:            1.00e-10
 Coulomb fitting method:                 Cholesky
 Total number of grid points:         7936
 Method for AO orthogonalization:        symmetric
 Threshold for linear dependence:        1.00e-08
 D3 dispersion energy:                   0.000000000

 -------------------------------------
  Running unrestricted open-shell SCF 
 -------------------------------------
 Max number of iterations:             128
 Conv. threshold (gradient):             1.00e-05
 Conv. threshold (energy):               1.00e-06
 Interpolation scheme:                   adiis+cdiis
 Initial guess:                          SAD

 ---------------------------------------------------------------
                  energy        change          grad        time
 ---------------------------------------------------------------
   0     -1508.075354341                    1.39e-02        0.01
   1     -1508.024620576      5.07e-02      1.48e-01        0.01
   2     -1508.028017764     -3.40e-03      1.49e-01        0.01
   3     -1508.034507181     -6.49e-03      9.42e-02        0.01
   4     -1508.039228156     -4.72e-03      2.80e-02        0.01
   5     -1508.039636655     -4.08e-04      1.15e-03        0.01
   6     -1508.039637680     -1.03e-06      3.84e-04        0.01
   7     -1508.039637818     -1.38e-07      1.98e-04        0.01
   8     -1508.039637892     -7.43e-08      2.02e-04        0.01
   9     -1508.039637999     -1.07e-07      2.09e-04        0.01
  10     -1508.039638022     -2.31e-08      2.11e-04        0.01
  11     -1508.039637635      3.88e-07      1.80e-04        0.01
  12     -1508.039636698      9.37e-07      6.18e-05        0.01
  13     -1508.039636694      3.92e-09      5.18e-05        0.01
  14     -1508.039636687      7.24e-09      3.21e-05        0.01
  15     -1508.039636687     -3.43e-10      7.96e-06        0.01

 SCF converged in 15 iterations.

 Dipole moment (in Debye):               0.000001       0.000001       0.000001

 Quadrupole moment (in Debye-Angstrom):
                  1            2            3
 1        -8.718156    -0.016232     0.106513
 2        -0.016232    -8.716016     0.099752
 3         0.106513     0.099752    -9.355188

 Spin-squared expectation <S^2>:         0.751
 Total spin quantum number S:            0.501
 TOTAL ENERGY:                       -1508.039636687

 --------------------------------------------------------------------------------

 End time:                               Sun Nov  7 04:39:19 2021
 Total wall-clock time:                  0.826 seconds
==================================================================================
