
================================================================================
          _____________ ________ _______________ ________     _________         
         / ___________// ______ \\_____   _____// ______ \   / ________)        
        / /_________  / /      \ \     | |     / /      \ \ | (_______          
       |  __________|| |        | |    | |    | |        | | \________ \        
        \ \_________ | |        | |    | |     \ \______/ /___________) |       
         \__________||_|        |_|    |_|      \________//____________/        
                                                                                
====================================[ Qcore ]===================================

 Git describe: 2.3.0-3-g778a55bfd
 Compiler:     GNU 9.3.0
 Build type:   Release
 Version:      2.3.0-3-g778a55bfd

 Start time:   Sun Nov  7 04:38:19 2021

 Data directory: /mnt/storage/scratch/zw18965/.local/qcore/share/entos/qcore/data
 Number of threads: 28
 Number of threads was determined by: command line argument

 --------------------------------------------------------------------------------
                                   command: dft                                  
 --------------------------------------------------------------------------------
 AO basis set:                           def2-tzvppd
 Number of AO basis functions:         138

 Formula:                                CH2Ni+
 Nuclear charge:                        36.000000000
 Total charge:                           1.000000000
 Number of electrons:                   35.000000000

 Number of alpha electrons:             18
 Number of beta electrons:              17
 Number of unpaired electrons:           1
 Spin:                                   1
 Multiplicity:                           doublet

 Theory:                                 dft
 Exchange-correlation functional:        wb97xd3

 Using range separated hybrid functional
 Range separation parameter:             0.250000000
 Short range exact exchange:             0.195728000
 Total long range exact exchange:        1.000000000

 Method for Coulomb:                     incore_df
 Method for exact exchange:              pre_transformed_df
 Integral threshold:                     1.00e-12
 DF basis set:                           def2-universal-jkfit
 Number of DF basis functions:         375
 Schwarz screening threshold:            1.00e-10
 Coulomb fitting method:                 Cholesky
 Total number of grid points:        26516
 Method for AO orthogonalization:        symmetric
 Threshold for linear dependence:        1.00e-08
 D3 dispersion energy:                  -0.000425046

 -------------------------------------
  Running unrestricted open-shell SCF 
 -------------------------------------
 Max number of iterations:             128
 Conv. threshold (gradient):             1.00e-05
 Conv. threshold (energy):               1.00e-06
 Interpolation scheme:                   adiis+cdiis
 Initial guess:                          SAD

 ---------------------------------------------------------------
                  energy        change          grad        time
 ---------------------------------------------------------------
   0     -1547.480000038                    3.35e+00        0.04
   1     -1547.242613662      2.37e-01      5.47e-01        0.04
   2     -1547.052169911      1.90e-01      1.59e+00        0.03
   3     -1547.285103528     -2.33e-01      3.66e-01        0.03
   4     -1547.218902434      6.62e-02      7.05e-01        0.03
   5     -1547.294993436     -7.61e-02      1.89e-01        0.03
   6     -1547.293398120      1.60e-03      2.76e-01        0.03
   7     -1547.302436679     -9.04e-03      4.20e-02        0.03
   8     -1547.302789737     -3.53e-04      9.29e-02        0.04
   9     -1547.304663353     -1.87e-03      1.15e-02        0.03
  10     -1547.304837018     -1.74e-04      9.64e-03        0.03
  11     -1547.305039784     -2.03e-04      9.01e-03        0.03
  12     -1547.305753908     -7.14e-04      1.30e-02        0.03
  13     -1547.305949225     -1.95e-04      7.81e-03        0.03
  14     -1547.306368312     -4.19e-04      1.47e-02        0.04
  15     -1547.306389127     -2.08e-05      4.28e-03        0.03
  16     -1547.306439747     -5.06e-05      4.28e-03        0.03
  17     -1547.306506439     -6.67e-05      2.64e-03        0.03
  18     -1547.306567804     -6.14e-05      3.07e-03        0.03
  19     -1547.306586712     -1.89e-05      2.25e-03        0.03
  20     -1547.306588374     -1.66e-06      2.87e-03        0.03
  21     -1547.306589455     -1.08e-06      1.79e-03        0.03
  22     -1547.306590594     -1.14e-06      1.98e-04        0.03
  23     -1547.306590706     -1.12e-07      1.12e-04        0.03
  24     -1547.306590709     -3.12e-09      2.17e-05        0.03
  25     -1547.306590710     -8.10e-10      8.23e-06        0.03

 SCF converged in 25 iterations.

 Dipole moment (in Debye):              -0.000000       0.000000      -0.013886

 Quadrupole moment (in Debye-Angstrom):
                  1            2            3
 1       -14.969071     0.000001     0.000000
 2         0.000001   -17.038991    -0.000000
 3         0.000000    -0.000000    -7.885309

 Spin-squared expectation <S^2>:         0.858
 Total spin quantum number S:            0.552
 TOTAL ENERGY:                       -1547.306590710

 --------------------------------------------------------------------------------

 End time:                               Sun Nov  7 04:38:22 2021
 Total wall-clock time:                  2.577 seconds
==================================================================================
