
================================================================================
          _____________ ________ _______________ ________     _________         
         / ___________// ______ \\_____   _____// ______ \   / ________)        
        / /_________  / /      \ \     | |     / /      \ \ | (_______          
       |  __________|| |        | |    | |    | |        | | \________ \        
        \ \_________ | |        | |    | |     \ \______/ /___________) |       
         \__________||_|        |_|    |_|      \________//____________/        
                                                                                
====================================[ Qcore ]===================================

 Git describe: 2.3.0-3-g778a55bfd
 Compiler:     GNU 9.3.0
 Build type:   Release
 Version:      2.3.0-3-g778a55bfd

 Start time:   Sun Nov  7 04:38:19 2021

 Data directory: /mnt/storage/scratch/zw18965/.local/qcore/share/entos/qcore/data
 Number of threads: 28
 Number of threads was determined by: command line argument

 --------------------------------------------------------------------------------
                                   command: dft                                  
 --------------------------------------------------------------------------------
 AO basis set:                           def2-tzvppd
 Number of AO basis functions:         120

 Formula:                                O3
 Nuclear charge:                        24.000000000
 Total charge:                           0.000000000
 Number of electrons:                   24.000000000

 Number of alpha electrons:             12
 Number of beta electrons:              12
 Number of unpaired electrons:           0
 Spin:                                   0
 Multiplicity:                           singlet

 Theory:                                 dft
 Exchange-correlation functional:        wb97xd3

 Using range separated hybrid functional
 Range separation parameter:             0.250000000
 Short range exact exchange:             0.195728000
 Total long range exact exchange:        1.000000000

 Method for Coulomb:                     incore_df
 Method for exact exchange:              pre_transformed_df
 Integral threshold:                     1.00e-12
 DF basis set:                           def2-universal-jkfit
 Number of DF basis functions:         231
 Schwarz screening threshold:            1.00e-10
 Coulomb fitting method:                 Cholesky
 Total number of grid points:        20832
 Method for AO orthogonalization:        symmetric
 Threshold for linear dependence:        1.00e-08
 D3 dispersion energy:                  -0.000017109

 -------------------------------------
  Running restricted closed-shell SCF 
 -------------------------------------
 Max number of iterations:             128
 Conv. threshold (gradient):             1.00e-05
 Conv. threshold (energy):               1.00e-06
 Interpolation scheme:                   adiis+cdiis
 Initial guess:                          SAD

 ---------------------------------------------------------------
                  energy        change          grad        time
 ---------------------------------------------------------------
   0      -225.775874316                    8.84e+00        0.02
   1      -225.280130596      4.96e-01      1.85e+00        0.01
   2      -225.059413177      2.21e-01      3.06e+00        0.02
   3      -225.431685948     -3.72e-01      5.04e-01        0.01
   4      -225.415843585      1.58e-02      8.03e-01        0.01
   5      -225.440677117     -2.48e-02      1.42e-01        0.01
   6      -225.439975028      7.02e-04      2.02e-01        0.01
   7      -225.441482881     -1.51e-03      2.63e-02        0.02
   8      -225.441448717      3.42e-05      3.87e-02        0.01
   9      -225.441506823     -5.81e-05      4.91e-04        0.01
  10      -225.441506833     -9.56e-09      3.15e-05        0.01
  11      -225.441506833     -5.84e-11      2.04e-05        0.01
  12      -225.441506833     -1.30e-11      1.68e-05        0.01
  13      -225.441506833     -1.26e-11      1.06e-06        0.01

 SCF converged in 13 iterations.

 Dipole moment (in Debye):              -0.591108       0.000000      -0.361389

 Quadrupole moment (in Debye-Angstrom):
                  1            2            3
 1       -16.264262    -0.000000     0.559180
 2        -0.000000   -14.666919    -0.000000
 3         0.559180    -0.000000   -16.836965

 Spin-squared expectation <S^2>:         0.000
 Total spin quantum number S:            0.000
 TOTAL ENERGY:                        -225.441506833

 --------------------------------------------------------------------------------

 End time:                               Sun Nov  7 04:38:20 2021
 Total wall-clock time:                  0.594 seconds
==================================================================================
