
================================================================================
          _____________ ________ _______________ ________     _________         
         / ___________// ______ \\_____   _____// ______ \   / ________)        
        / /_________  / /      \ \     | |     / /      \ \ | (_______          
       |  __________|| |        | |    | |    | |        | | \________ \        
        \ \_________ | |        | |    | |     \ \______/ /___________) |       
         \__________||_|        |_|    |_|      \________//____________/        
                                                                                
====================================[ Qcore ]===================================

 Git describe: 2.3.0-3-g778a55bfd
 Compiler:     GNU 9.3.0
 Build type:   Release
 Version:      2.3.0-3-g778a55bfd

 Start time:   Sun Nov  7 04:40:18 2021

 Data directory: /mnt/storage/scratch/zw18965/.local/qcore/share/entos/qcore/data
 Number of threads: 28
 Number of threads was determined by: command line argument

 --------------------------------------------------------------------------------
                                   command: dft                                  
 --------------------------------------------------------------------------------
 AO basis set:                           def2-tzvppd
 Number of AO basis functions:         204

 Formula:                                S4
 Nuclear charge:                        64.000000000
 Total charge:                           0.000000000
 Number of electrons:                   64.000000000

 Number of alpha electrons:             32
 Number of beta electrons:              32
 Number of unpaired electrons:           0
 Spin:                                   0
 Multiplicity:                           singlet

 Theory:                                 dft
 Exchange-correlation functional:        wb97xd3

 Using range separated hybrid functional
 Range separation parameter:             0.250000000
 Short range exact exchange:             0.195728000
 Total long range exact exchange:        1.000000000

 Method for Coulomb:                     incore_df
 Method for exact exchange:              pre_transformed_df
 Integral threshold:                     1.00e-12
 DF basis set:                           def2-universal-jkfit
 Number of DF basis functions:         512
 Schwarz screening threshold:            1.00e-10
 Coulomb fitting method:                 Cholesky
 Total number of grid points:        29400
 Method for AO orthogonalization:        symmetric
 Threshold for linear dependence:        1.00e-08
 D3 dispersion energy:                  -0.000253195

 -------------------------------------
  Running restricted closed-shell SCF 
 -------------------------------------
 Max number of iterations:             128
 Conv. threshold (gradient):             1.00e-05
 Conv. threshold (energy):               1.00e-06
 Interpolation scheme:                   adiis+cdiis
 Initial guess:                          SAD

 ---------------------------------------------------------------
                  energy        change          grad        time
 ---------------------------------------------------------------
   0     -1593.347418472                    9.29e+00        0.05
   1     -1592.714604802      6.33e-01      6.70e-01        0.05
   2     -1592.629837398      8.48e-02      1.20e+00        0.04
   3     -1592.777218783     -1.47e-01      1.83e-01        0.04
   4     -1592.774363594      2.86e-03      2.20e-01        0.04
   5     -1592.780456104     -6.09e-03      2.43e-02        0.04
   6     -1592.780458628     -2.52e-06      3.44e-02        0.04
   7     -1592.780572472     -1.14e-04      3.28e-03        0.04
   8     -1592.780575083     -2.61e-06      1.38e-03        0.04
   9     -1592.780575732     -6.50e-07      4.24e-04        0.04
  10     -1592.780575804     -7.21e-08      9.74e-05        0.05
  11     -1592.780575809     -4.19e-09      3.81e-05        0.04
  12     -1592.780575809     -3.16e-10      1.73e-05        0.04
  13     -1592.780575809     -5.02e-11      8.85e-06        0.04

 SCF converged in 13 iterations.

 Dipole moment (in Debye):              -0.364844       0.000000       1.390009

 Quadrupole moment (in Debye-Angstrom):
                  1            2            3
 1       -52.643837     0.000001    -1.162336
 2         0.000001   -51.534809    -0.000000
 3        -1.162336    -0.000000   -48.519190

 Spin-squared expectation <S^2>:         0.000
 Total spin quantum number S:            0.000
 TOTAL ENERGY:                       -1592.780575809

 --------------------------------------------------------------------------------

 End time:                               Sun Nov  7 04:40:20 2021
 Total wall-clock time:                  1.311 seconds
==================================================================================
