
================================================================================
          _____________ ________ _______________ ________     _________         
         / ___________// ______ \\_____   _____// ______ \   / ________)        
        / /_________  / /      \ \     | |     / /      \ \ | (_______          
       |  __________|| |        | |    | |    | |        | | \________ \        
        \ \_________ | |        | |    | |     \ \______/ /___________) |       
         \__________||_|        |_|    |_|      \________//____________/        
                                                                                
====================================[ Qcore ]===================================

 Git describe: 2.3.0-3-g778a55bfd
 Compiler:     GNU 9.3.0
 Build type:   Release
 Version:      2.3.0-3-g778a55bfd

 Start time:   Sun Nov  7 04:40:19 2021

 Data directory: /mnt/storage/scratch/zw18965/.local/qcore/share/entos/qcore/data
 Number of threads: 28
 Number of threads was determined by: command line argument

 --------------------------------------------------------------------------------
                                   command: dft                                  
 --------------------------------------------------------------------------------
 AO basis set:                           def2-tzvppd
 Number of AO basis functions:          67

 Formula:                                V
 Nuclear charge:                        23.000000000
 Total charge:                           0.000000000
 Number of electrons:                   23.000000000

 Number of alpha electrons:             14
 Number of beta electrons:               9
 Number of unpaired electrons:           5
 Spin:                                   5
 Multiplicity:                           septet

 Theory:                                 dft
 Exchange-correlation functional:        wb97xd3

 Using range separated hybrid functional
 Range separation parameter:             0.250000000
 Short range exact exchange:             0.195728000
 Total long range exact exchange:        1.000000000

 Method for Coulomb:                     incore_df
 Method for exact exchange:              pre_transformed_df
 Integral threshold:                     1.00e-12
 DF basis set:                           def2-universal-jkfit
 Number of DF basis functions:         264
 Schwarz screening threshold:            1.00e-10
 Coulomb fitting method:                 Cholesky
 Total number of grid points:         7852
 Method for AO orthogonalization:        symmetric
 Threshold for linear dependence:        1.00e-08
 D3 dispersion energy:                   0.000000000

 -------------------------------------
  Running unrestricted open-shell SCF 
 -------------------------------------
 Max number of iterations:             128
 Conv. threshold (gradient):             1.00e-05
 Conv. threshold (energy):               1.00e-06
 Interpolation scheme:                   adiis+cdiis
 Initial guess:                          SAD

 ---------------------------------------------------------------
                  energy        change          grad        time
 ---------------------------------------------------------------
   0      -943.366712090                    2.40e-02        0.01
   1      -943.831286948     -4.65e-01      2.90e-01        0.01
   2      -943.841533641     -1.02e-02      2.91e-01        0.01
   3      -943.885367836     -4.38e-02      4.75e-02        0.01
   4      -943.885356749      1.11e-05      4.75e-02        0.01
   5      -943.886528788     -1.17e-03      1.39e-03        0.01
   6      -943.886532385     -3.60e-06      9.54e-04        0.01
   7      -943.886533689     -1.30e-06      9.93e-04        0.01
   8      -943.886535193     -1.50e-06      1.03e-03        0.01
   9      -943.886536168     -9.75e-07      1.03e-03        0.01
  10      -943.886535975      1.93e-07      1.03e-03        0.01
  11      -943.886527642      8.33e-06      9.96e-04        0.01
  12      -943.886515425      1.22e-05      9.27e-04        0.01
  13      -943.886505358      1.01e-05      8.56e-04        0.01
  14      -943.886502693      2.67e-06      8.40e-04        0.01
  15      -943.886461911      4.08e-05      2.23e-03        0.01
  16      -943.886462425     -5.14e-07      2.12e-03        0.01
  17      -943.886462321      1.05e-07      2.01e-03        0.01
  18      -943.886462436     -1.15e-07      1.61e-03        0.01
  19      -943.886462083      3.53e-07      1.24e-03        0.01
  20      -943.886461202      8.81e-07      1.63e-03        0.01
  21      -943.886461470     -2.69e-07      1.49e-03        0.01
  22      -943.886461858     -3.87e-07      2.97e-04        0.01
  23      -943.886461772      8.62e-08      1.03e-04        0.01
  24      -943.886461653      1.18e-07      1.95e-04        0.01
  25      -943.886461694     -4.10e-08      4.62e-05        0.01
  26      -943.886461644      5.00e-08      2.21e-05        0.01
  27      -943.886461638      6.12e-09      1.71e-05        0.01
  28      -943.886461634      4.40e-09      7.95e-06        0.01

 SCF converged in 28 iterations.

 Dipole moment (in Debye):              -0.000001      -0.000002      -0.000001

 Quadrupole moment (in Debye-Angstrom):
                  1            2            3
 1       -17.659392    -0.518799    -0.153526
 2        -0.518799   -18.194300    -0.251892
 3        -0.153526    -0.251892   -17.417709

 Spin-squared expectation <S^2>:         8.750
 Total spin quantum number S:            2.500
 TOTAL ENERGY:                        -943.886461634

 --------------------------------------------------------------------------------

 End time:                               Sun Nov  7 04:40:20 2021
 Total wall-clock time:                  1.018 seconds
==================================================================================
