
================================================================================
          _____________ ________ _______________ ________     _________         
         / ___________// ______ \\_____   _____// ______ \   / ________)        
        / /_________  / /      \ \     | |     / /      \ \ | (_______          
       |  __________|| |        | |    | |    | |        | | \________ \        
        \ \_________ | |        | |    | |     \ \______/ /___________) |       
         \__________||_|        |_|    |_|      \________//____________/        
                                                                                
====================================[ Qcore ]===================================

 Git describe: 2.3.0-3-g778a55bfd
 Compiler:     GNU 9.3.0
 Build type:   Release
 Version:      2.3.0-3-g778a55bfd

 Start time:   Sun Nov  7 04:39:18 2021

 Data directory: /mnt/storage/scratch/zw18965/.local/qcore/share/entos/qcore/data
 Number of threads: 28
 Number of threads was determined by: command line argument

 --------------------------------------------------------------------------------
                                   command: dft                                  
 --------------------------------------------------------------------------------
 AO basis set:                           def2-tzvppd
 Number of AO basis functions:         134

 Formula:                                V2
 Nuclear charge:                        46.000000000
 Total charge:                           0.000000000
 Number of electrons:                   46.000000000

 Number of alpha electrons:             24
 Number of beta electrons:              22
 Number of unpaired electrons:           2
 Spin:                                   2
 Multiplicity:                           triplet

 Theory:                                 dft
 Exchange-correlation functional:        wb97xd3

 Using range separated hybrid functional
 Range separation parameter:             0.250000000
 Short range exact exchange:             0.195728000
 Total long range exact exchange:        1.000000000

 Method for Coulomb:                     incore_df
 Method for exact exchange:              pre_transformed_df
 Integral threshold:                     1.00e-12
 DF basis set:                           def2-universal-jkfit
 Number of DF basis functions:         528
 Schwarz screening threshold:            1.00e-10
 Coulomb fitting method:                 Cholesky
 Total number of grid points:        15704
 Method for AO orthogonalization:        symmetric
 Threshold for linear dependence:        1.00e-08
 D3 dispersion energy:                  -0.000001022

 -------------------------------------
  Running unrestricted open-shell SCF 
 -------------------------------------
 Max number of iterations:             128
 Conv. threshold (gradient):             1.00e-05
 Conv. threshold (energy):               1.00e-06
 Interpolation scheme:                   adiis+cdiis
 Initial guess:                          SAD

 ---------------------------------------------------------------
                  energy        change          grad        time
 ---------------------------------------------------------------
   0     -1887.448991861                    2.88e+00        0.04
   1     -1887.775364929     -3.26e-01      2.32e-01        0.04
   2     -1887.789514790     -1.41e-02      1.51e-01        0.03
   3     -1887.794656013     -5.14e-03      8.00e-02        0.03
   4     -1887.798699329     -4.04e-03      3.46e-02        0.03
   5     -1887.799463363     -7.64e-04      7.42e-03        0.03
   6     -1887.799363240      1.00e-04      2.08e-02        0.03
   7     -1887.799542455     -1.79e-04      1.39e-03        0.03
   8     -1887.799548616     -6.16e-06      3.36e-04        0.04
   9     -1887.799549121     -5.05e-07      1.11e-04        0.03
  10     -1887.799549235     -1.14e-07      4.56e-05        0.04
  11     -1887.799549253     -1.75e-08      2.14e-05        0.04
  12     -1887.799549254     -1.45e-09      1.09e-05        0.04
  13     -1887.799549254     -8.62e-11      4.21e-06        0.03

 SCF converged in 13 iterations.

 Dipole moment (in Debye):               0.000002       0.000002       0.000008

 Quadrupole moment (in Debye-Angstrom):
                  1            2            3
 1       -35.636319     0.000002    -0.000002
 2         0.000002   -35.636319    -0.000002
 3        -0.000002    -0.000002   -30.390261

 Spin-squared expectation <S^2>:         2.005
 Total spin quantum number S:            1.002
 TOTAL ENERGY:                       -1887.799549254

 --------------------------------------------------------------------------------

 End time:                               Sun Nov  7 04:39:20 2021
 Total wall-clock time:                  1.996 seconds
==================================================================================
