
================================================================================
          _____________ ________ _______________ ________     _________         
         / ___________// ______ \\_____   _____// ______ \   / ________)        
        / /_________  / /      \ \     | |     / /      \ \ | (_______          
       |  __________|| |        | |    | |    | |        | | \________ \        
        \ \_________ | |        | |    | |     \ \______/ /___________) |       
         \__________||_|        |_|    |_|      \________//____________/        
                                                                                
====================================[ Qcore ]===================================

 Git describe: 2.3.0-3-g778a55bfd
 Compiler:     GNU 9.3.0
 Build type:   Release
 Version:      2.3.0-3-g778a55bfd

 Start time:   Sun Nov  7 04:38:19 2021

 Data directory: /mnt/storage/scratch/zw18965/.local/qcore/share/entos/qcore/data
 Number of threads: 28
 Number of threads was determined by: command line argument

 --------------------------------------------------------------------------------
                                   command: dft                                  
 --------------------------------------------------------------------------------
 AO basis set:                           def2-tzvppd
 Number of AO basis functions:         118

 Formula:                                SV
 Nuclear charge:                        39.000000000
 Total charge:                           0.000000000
 Number of electrons:                   39.000000000

 Number of alpha electrons:             21
 Number of beta electrons:              18
 Number of unpaired electrons:           3
 Spin:                                   3
 Multiplicity:                           quartet

 Theory:                                 dft
 Exchange-correlation functional:        wb97xd3

 Using range separated hybrid functional
 Range separation parameter:             0.250000000
 Short range exact exchange:             0.195728000
 Total long range exact exchange:        1.000000000

 Method for Coulomb:                     incore_df
 Method for exact exchange:              pre_transformed_df
 Integral threshold:                     1.00e-12
 DF basis set:                           def2-universal-jkfit
 Number of DF basis functions:         392
 Schwarz screening threshold:            1.00e-10
 Coulomb fitting method:                 Cholesky
 Total number of grid points:        15202
 Method for AO orthogonalization:        symmetric
 Threshold for linear dependence:        1.00e-08
 D3 dispersion energy:                  -0.000001330

 -------------------------------------
  Running unrestricted open-shell SCF 
 -------------------------------------
 Max number of iterations:             128
 Conv. threshold (gradient):             1.00e-05
 Conv. threshold (energy):               1.00e-06
 Interpolation scheme:                   adiis+cdiis
 Initial guess:                          SAD

 ---------------------------------------------------------------
                  energy        change          grad        time
 ---------------------------------------------------------------
   0     -1341.704676497                    1.99e+00        0.03
   1     -1341.654859764      4.98e-02      1.11e+00        0.03
   2     -1333.271979511      8.38e+00      4.92e+00        0.03
   3     -1341.064398281     -7.79e+00      1.85e+00        0.02
   4     -1342.140921156     -1.08e+00      1.18e-01        0.02
   5     -1342.127858056      1.31e-02      3.28e-01        0.03
   6     -1342.150914568     -2.31e-02      5.90e-02        0.02
   7     -1342.152268890     -1.35e-03      3.54e-02        0.03
   8     -1342.154332835     -2.06e-03      1.33e-02        0.03
   9     -1342.154839580     -5.07e-04      9.01e-03        0.02
  10     -1342.154993260     -1.54e-04      3.15e-03        0.03
  11     -1342.155028672     -3.54e-05      2.19e-03        0.03
  12     -1342.155039962     -1.13e-05      1.12e-03        0.03
  13     -1342.155041962     -2.00e-06      5.26e-04        0.02
  14     -1342.155042284     -3.23e-07      2.62e-04        0.03
  15     -1342.155042388     -1.04e-07      7.04e-05        0.03
  16     -1342.155042416     -2.72e-08      7.89e-05        0.02
  17     -1342.155042435     -1.92e-08      2.26e-05        0.02
  18     -1342.155042440     -4.82e-09      1.75e-05        0.02
  19     -1342.155042441     -1.10e-09      5.79e-06        0.02

 SCF converged in 19 iterations.

 Dipole moment (in Debye):              -0.000004      -0.000004      -6.819223

 Quadrupole moment (in Debye-Angstrom):
                  1            2            3
 1       -29.800773    -0.000001     0.000004
 2        -0.000001   -29.800773     0.000004
 3         0.000004     0.000004   -23.828208

 Spin-squared expectation <S^2>:         3.864
 Total spin quantum number S:            1.528
 TOTAL ENERGY:                       -1342.155042441

 --------------------------------------------------------------------------------

 End time:                               Sun Nov  7 04:38:21 2021
 Total wall-clock time:                  1.898 seconds
==================================================================================
