
================================================================================
          _____________ ________ _______________ ________     _________         
         / ___________// ______ \\_____   _____// ______ \   / ________)        
        / /_________  / /      \ \     | |     / /      \ \ | (_______          
       |  __________|| |        | |    | |    | |        | | \________ \        
        \ \_________ | |        | |    | |     \ \______/ /___________) |       
         \__________||_|        |_|    |_|      \________//____________/        
                                                                                
====================================[ Qcore ]===================================

 Git describe: 2.3.0-3-g778a55bfd
 Compiler:     GNU 9.3.0
 Build type:   Release
 Version:      2.3.0-3-g778a55bfd

 Start time:   Sun Nov  7 04:05:18 2021

 Data directory: /mnt/storage/scratch/zw18965/.local/qcore/share/entos/qcore/data
 Number of threads: 28
 Number of threads was determined by: command line argument

 --------------------------------------------------------------------------------
                                   command: dft                                  
 --------------------------------------------------------------------------------
 AO basis set:                           def2-tzvppd
 Number of AO basis functions:          71

 Formula:                                CH2
 Nuclear charge:                         8.000000000
 Total charge:                           0.000000000
 Number of electrons:                    8.000000000

 Number of alpha electrons:              5
 Number of beta electrons:               3
 Number of unpaired electrons:           2
 Spin:                                   2
 Multiplicity:                           triplet

 Theory:                                 dft
 Exchange-correlation functional:        0.49 b88 + 0.4 lyp
 Method for Coulomb:                     incore_df
 Method for exact exchange:              pre_transformed_df
 Integral threshold:                     1.00e-12
 DF basis set:                           def2-universal-jkfit
 Number of DF basis functions:         111
 Schwarz screening threshold:            1.00e-10
 Coulomb fitting method:                 Cholesky

 ------------------
  UW12 Correlation 
 ------------------
 Factor for UW12 correlation:            1.000000000
 Opposite spin scale factor:             0.520000000
 Same spin scale factor:                 0.000000000
 Calculate indirect contribution:        false
 Method for three electron term:         df_ri
 Auxiliary RI basis set:                 Def2-TZVPPD-RI
 Number of RI basis functions:         170
 Gaussians in geminal expansion:        10
 UW12 screening threshold:               1.00e-16
 Method for density-fitting:             w(r)
 Number of core spatial orbitals:        1

 Total number of grid points:        18580
 Method for AO orthogonalization:        symmetric
 Threshold for linear dependence:        1.00e-08
 D3BJ dispersion energy:                -0.000833576

 -------------------------------------
  Running unrestricted open-shell SCF 
 -------------------------------------
 Max number of iterations:             128
 Conv. threshold (gradient):             1.00e-05
 Conv. threshold (energy):               1.00e-06
 Interpolation scheme:                   adiis+cdiis
 Initial guess:                          SAD

 ---------------------------------------------------------------
                  energy        change          grad        time
 ---------------------------------------------------------------
   0       -38.994044739                    2.05e+00        0.15
   1       -39.067032702     -7.30e-02      3.48e-01        0.03
   2       -39.078552792     -1.15e-02      1.39e-01        0.03
   3       -39.081420780     -2.87e-03      8.93e-02        0.03
   4       -39.082609737     -1.19e-03      3.94e-02        0.03
   5       -39.082954421     -3.45e-04      1.12e-03        0.04
   6       -39.082954885     -4.64e-07      1.61e-04        0.03
   7       -39.082954899     -1.46e-08      3.55e-05        0.03
   8       -39.082954899      8.83e-11      1.06e-05        0.03
   9       -39.082954899     -1.23e-10      2.36e-06        0.03

 SCF converged in 9 iterations.

 Dipole moment (in Debye):               0.553974      -0.000000       0.236078

 Quadrupole moment (in Debye-Angstrom):
                  1            2            3
 1        -7.456947     0.000000    -0.664653
 2         0.000000    -8.265549     0.000000
 3        -0.664653     0.000000    -6.180526

 Spin-squared expectation <S^2>:         2.006
 Total spin quantum number S:            1.002
 TOTAL ENERGY:                         -39.082954899

 --------------------------------------------------------------------------------

 End time:                               Sun Nov  7 04:05:19 2021
 Total wall-clock time:                  0.942 seconds
==================================================================================
