
================================================================================
          _____________ ________ _______________ ________     _________         
         / ___________// ______ \\_____   _____// ______ \   / ________)        
        / /_________  / /      \ \     | |     / /      \ \ | (_______          
       |  __________|| |        | |    | |    | |        | | \________ \        
        \ \_________ | |        | |    | |     \ \______/ /___________) |       
         \__________||_|        |_|    |_|      \________//____________/        
                                                                                
====================================[ Qcore ]===================================

 Git describe: 2.3.0-3-g778a55bfd
 Compiler:     GNU 9.3.0
 Build type:   Release
 Version:      2.3.0-3-g778a55bfd

 Start time:   Sun Nov  7 04:13:18 2021

 Data directory: /mnt/storage/scratch/zw18965/.local/qcore/share/entos/qcore/data
 Number of threads: 28
 Number of threads was determined by: command line argument

 --------------------------------------------------------------------------------
                                   command: dft                                  
 --------------------------------------------------------------------------------
 AO basis set:                           def2-tzvppd
 Number of AO basis functions:         102

 Formula:                                Cl2
 Nuclear charge:                        34.000000000
 Total charge:                           0.000000000
 Number of electrons:                   34.000000000

 Number of alpha electrons:             17
 Number of beta electrons:              17
 Number of unpaired electrons:           0
 Spin:                                   0
 Multiplicity:                           singlet

 Theory:                                 dft
 Exchange-correlation functional:        0.49 b88 + 0.4 lyp
 Method for Coulomb:                     incore_df
 Method for exact exchange:              pre_transformed_df
 Integral threshold:                     1.00e-12
 DF basis set:                           def2-universal-jkfit
 Number of DF basis functions:         256
 Schwarz screening threshold:            1.00e-10
 Coulomb fitting method:                 Cholesky

 ------------------
  UW12 Correlation 
 ------------------
 Factor for UW12 correlation:            1.000000000
 Opposite spin scale factor:             0.520000000
 Same spin scale factor:                 0.000000000
 Calculate indirect contribution:        false
 Method for three electron term:         df_ri
 Auxiliary RI basis set:                 Def2-TZVPPD-RI
 Number of RI basis functions:         278
 Gaussians in geminal expansion:        10
 UW12 screening threshold:               1.00e-16
 Method for density-fitting:             w(r)
 Number of core spatial orbitals:       10

 Total number of grid points:        14988
 Method for AO orthogonalization:        symmetric
 Threshold for linear dependence:        1.00e-08
 D3BJ dispersion energy:                -0.003064626

 -------------------------------------
  Running restricted closed-shell SCF 
 -------------------------------------
 Max number of iterations:             128
 Conv. threshold (gradient):             1.00e-05
 Conv. threshold (energy):               1.00e-06
 Interpolation scheme:                   adiis+cdiis
 Initial guess:                          SAD

 ---------------------------------------------------------------
                  energy        change          grad        time
 ---------------------------------------------------------------
   0      -919.832727030                    2.93e+00        0.50
   1      -919.750183743      8.25e-02      2.01e-01        0.09
   2      -919.753382670     -3.20e-03      9.62e-02        0.10
   3      -919.754259035     -8.76e-04      7.33e-02        0.09
   4      -919.755197914     -9.39e-04      1.86e-03        0.08
   5      -919.755199388     -1.47e-06      4.47e-04        0.09
   6      -919.755199354      3.46e-08      4.78e-05        0.07
   7      -919.755199353      8.96e-10      1.05e-05        0.08
   8      -919.755199353     -2.74e-10      3.16e-07        0.08

 SCF converged in 8 iterations.

 Dipole moment (in Debye):              -0.000000      -0.000000       0.000000

 Quadrupole moment (in Debye-Angstrom):
                  1            2            3
 1       -25.529146    -0.000000     0.000000
 2        -0.000000   -25.529146     0.000000
 3         0.000000     0.000000   -22.059996

 Spin-squared expectation <S^2>:         0.000
 Total spin quantum number S:            0.000
 TOTAL ENERGY:                        -919.755199353

 --------------------------------------------------------------------------------

 End time:                               Sun Nov  7 04:13:20 2021
 Total wall-clock time:                  2.010 seconds
==================================================================================
