
================================================================================
          _____________ ________ _______________ ________     _________         
         / ___________// ______ \\_____   _____// ______ \   / ________)        
        / /_________  / /      \ \     | |     / /      \ \ | (_______          
       |  __________|| |        | |    | |    | |        | | \________ \        
        \ \_________ | |        | |    | |     \ \______/ /___________) |       
         \__________||_|        |_|    |_|      \________//____________/        
                                                                                
====================================[ Qcore ]===================================

 Git describe: 2.3.0-3-g778a55bfd
 Compiler:     GNU 9.3.0
 Build type:   Release
 Version:      2.3.0-3-g778a55bfd

 Start time:   Sun Nov  7 04:07:18 2021

 Data directory: /mnt/storage/scratch/zw18965/.local/qcore/share/entos/qcore/data
 Number of threads: 28
 Number of threads was determined by: command line argument

 --------------------------------------------------------------------------------
                                   command: dft                                  
 --------------------------------------------------------------------------------
 AO basis set:                           def2-tzvppd
 Number of AO basis functions:         142

 Formula:                                OCl2
 Nuclear charge:                        42.000000000
 Total charge:                           0.000000000
 Number of electrons:                   42.000000000

 Number of alpha electrons:             21
 Number of beta electrons:              21
 Number of unpaired electrons:           0
 Spin:                                   0
 Multiplicity:                           singlet

 Theory:                                 dft
 Exchange-correlation functional:        0.49 b88 + 0.4 lyp
 Method for Coulomb:                     incore_df
 Method for exact exchange:              pre_transformed_df
 Integral threshold:                     1.00e-12
 DF basis set:                           def2-universal-jkfit
 Number of DF basis functions:         333
 Schwarz screening threshold:            1.00e-10
 Coulomb fitting method:                 Cholesky

 ------------------
  UW12 Correlation 
 ------------------
 Factor for UW12 correlation:            1.000000000
 Opposite spin scale factor:             0.520000000
 Same spin scale factor:                 0.000000000
 Calculate indirect contribution:        false
 Method for three electron term:         df_ri
 Auxiliary RI basis set:                 Def2-TZVPPD-RI
 Number of RI basis functions:         370
 Gaussians in geminal expansion:        10
 UW12 screening threshold:               1.00e-16
 Method for density-fitting:             w(r)
 Number of core spatial orbitals:       11

 Total number of grid points:        21932
 Method for AO orthogonalization:        symmetric
 Threshold for linear dependence:        1.00e-08
 D3BJ dispersion energy:                -0.004052956

 -------------------------------------
  Running restricted closed-shell SCF 
 -------------------------------------
 Max number of iterations:             128
 Conv. threshold (gradient):             1.00e-05
 Conv. threshold (energy):               1.00e-06
 Interpolation scheme:                   adiis+cdiis
 Initial guess:                          SAD

 ---------------------------------------------------------------
                  energy        change          grad        time
 ---------------------------------------------------------------
   0      -995.119769737                    7.13e+00        1.05
   1      -994.818571647      3.01e-01      7.32e-01        0.23
   2      -994.817539768      1.03e-03      8.20e-01        0.21
   3      -994.830357257     -1.28e-02      2.67e-01        0.21
   4      -994.830264307      9.29e-05      2.70e-01        0.18
   5      -994.832589538     -2.33e-03      5.43e-03        0.19
   6      -994.832594634     -5.10e-06      5.82e-03        0.18
   7      -994.832596157     -1.52e-06      6.94e-04        0.18
   8      -994.832596214     -5.68e-08      1.21e-04        0.18
   9      -994.832596221     -6.95e-09      3.33e-05        0.19
  10      -994.832596219      1.29e-09      8.40e-06        0.18

 SCF converged in 10 iterations.

 Dipole moment (in Debye):               0.000001      -0.000000      -0.619711

 Quadrupole moment (in Debye-Angstrom):
                  1            2            3
 1       -26.995449    -0.000000     0.000000
 2        -0.000000   -30.966331    -0.000000
 3         0.000000    -0.000000   -30.236421

 Spin-squared expectation <S^2>:         0.000
 Total spin quantum number S:            0.000
 TOTAL ENERGY:                        -994.832596221

 --------------------------------------------------------------------------------

 End time:                               Sun Nov  7 04:07:22 2021
 Total wall-clock time:                  4.296 seconds
==================================================================================
