
================================================================================
          _____________ ________ _______________ ________     _________         
         / ___________// ______ \\_____   _____// ______ \   / ________)        
        / /_________  / /      \ \     | |     / /      \ \ | (_______          
       |  __________|| |        | |    | |    | |        | | \________ \        
        \ \_________ | |        | |    | |     \ \______/ /___________) |       
         \__________||_|        |_|    |_|      \________//____________/        
                                                                                
====================================[ Qcore ]===================================

 Git describe: 2.3.0-3-g778a55bfd
 Compiler:     GNU 9.3.0
 Build type:   Release
 Version:      2.3.0-3-g778a55bfd

 Start time:   Sun Nov  7 04:06:18 2021

 Data directory: /mnt/storage/scratch/zw18965/.local/qcore/share/entos/qcore/data
 Number of threads: 28
 Number of threads was determined by: command line argument

 --------------------------------------------------------------------------------
                                   command: dft                                  
 --------------------------------------------------------------------------------
 AO basis set:                           def2-tzvppd
 Number of AO basis functions:         452

 Formula:                                C5O5Fe
 Nuclear charge:                        96.000000000
 Total charge:                           0.000000000
 Number of electrons:                   96.000000000

 Number of alpha electrons:             48
 Number of beta electrons:              48
 Number of unpaired electrons:           0
 Spin:                                   0
 Multiplicity:                           singlet

 Theory:                                 dft
 Exchange-correlation functional:        0.49 b88 + 0.4 lyp
 Method for Coulomb:                     incore_df
 Method for exact exchange:              pre_transformed_df
 Integral threshold:                     1.00e-12
 DF basis set:                           def2-universal-jkfit
 Number of DF basis functions:        1024
 Schwarz screening threshold:            1.00e-10
 Coulomb fitting method:                 Cholesky

 ------------------
  UW12 Correlation 
 ------------------
 Factor for UW12 correlation:            1.000000000
 Opposite spin scale factor:             0.520000000
 Same spin scale factor:                 0.000000000
 Calculate indirect contribution:        false
 Method for three electron term:         df_ri
 Auxiliary RI basis set:                 Def2-TZVPPD-RI
 Number of RI basis functions:        1145
 Gaussians in geminal expansion:        10
 UW12 screening threshold:               1.00e-16
 Method for density-fitting:             w(r)
 Number of core spatial orbitals:       19

 Total number of grid points:        76656
 Method for AO orthogonalization:        symmetric
 Threshold for linear dependence:        1.00e-08
 D3BJ dispersion energy:                -0.028274130

 -------------------------------------
  Running restricted closed-shell SCF 
 -------------------------------------
 Max number of iterations:             128
 Conv. threshold (gradient):             1.00e-05
 Conv. threshold (energy):               1.00e-06
 Interpolation scheme:                   adiis+cdiis
 Initial guess:                          SAD

 ---------------------------------------------------------------
                  energy        change          grad        time
 ---------------------------------------------------------------
   0     -1831.911961283                    2.25e+01      118.07
   1     -1829.049479458      2.86e+00      3.02e+00       14.62
   2     -1823.874231295      5.18e+00      1.57e+01       14.69
   3     -1828.889088321     -5.01e+00      5.21e+00       14.50
   4     -1829.282282335     -3.93e-01      1.74e+00       14.72
   5     -1828.782363481      5.00e-01      6.72e+00       14.70
   6     -1829.250046915     -4.68e-01      2.53e+00       14.69
   7     -1829.318630994     -6.86e-02      1.35e-01       14.56
   8     -1829.308022994      1.06e-02      8.75e-01       14.68
   9     -1829.318591791     -1.06e-02      1.01e-01       14.66
  10     -1829.319183042     -5.91e-04      6.96e-02       14.77
  11     -1829.317248644      1.93e-03      4.51e-01       14.79
  12     -1829.319313093     -2.06e-03      7.55e-03       14.66
  13     -1829.319318072     -4.98e-06      1.33e-03       14.51
  14     -1829.319317648      4.24e-07      2.76e-04       14.69
  15     -1829.319317689     -4.15e-08      1.12e-04       14.56
  16     -1829.319317765     -7.59e-08      6.71e-06       14.75

 SCF converged in 16 iterations.

 Dipole moment (in Debye):              -0.000254       0.000029       0.000000

 Quadrupole moment (in Debye-Angstrom):
                  1            2            3
 1       -71.341517    -0.000043     0.000001
 2        -0.000043   -71.340668    -0.000000
 3         0.000001    -0.000000   -68.514673

 Spin-squared expectation <S^2>:         0.000
 Total spin quantum number S:            0.000
 TOTAL ENERGY:                       -1829.319317768

 --------------------------------------------------------------------------------

 End time:                               Sun Nov  7 04:12:39 2021
 Total wall-clock time:                381.811 seconds
==================================================================================
