
================================================================================
          _____________ ________ _______________ ________     _________         
         / ___________// ______ \\_____   _____// ______ \   / ________)        
        / /_________  / /      \ \     | |     / /      \ \ | (_______          
       |  __________|| |        | |    | |    | |        | | \________ \        
        \ \_________ | |        | |    | |     \ \______/ /___________) |       
         \__________||_|        |_|    |_|      \________//____________/        
                                                                                
====================================[ Qcore ]===================================

 Git describe: 2.3.0-3-g778a55bfd
 Compiler:     GNU 9.3.0
 Build type:   Release
 Version:      2.3.0-3-g778a55bfd

 Start time:   Sun Nov  7 04:07:18 2021

 Data directory: /mnt/storage/scratch/zw18965/.local/qcore/share/entos/qcore/data
 Number of threads: 28
 Number of threads was determined by: command line argument

 --------------------------------------------------------------------------------
                                   command: dft                                  
 --------------------------------------------------------------------------------
 AO basis set:                           def2-tzvppd
 Number of AO basis functions:          67

 Formula:                                Ni+
 Nuclear charge:                        28.000000000
 Total charge:                           1.000000000
 Number of electrons:                   27.000000000

 Number of alpha electrons:             14
 Number of beta electrons:              13
 Number of unpaired electrons:           1
 Spin:                                   1
 Multiplicity:                           doublet

 Theory:                                 dft
 Exchange-correlation functional:        0.49 b88 + 0.4 lyp
 Method for Coulomb:                     incore_df
 Method for exact exchange:              pre_transformed_df
 Integral threshold:                     1.00e-12
 DF basis set:                           def2-universal-jkfit
 Number of DF basis functions:         264
 Schwarz screening threshold:            1.00e-10
 Coulomb fitting method:                 Cholesky

 ------------------
  UW12 Correlation 
 ------------------
 Factor for UW12 correlation:            1.000000000
 Opposite spin scale factor:             0.520000000
 Same spin scale factor:                 0.000000000
 Calculate indirect contribution:        false
 Method for three electron term:         df_ri
 Auxiliary RI basis set:                 Def2-TZVPPD-RI
 Number of RI basis functions:         225
 Gaussians in geminal expansion:        10
 UW12 screening threshold:               1.00e-16
 Method for density-fitting:             w(r)
 Number of core spatial orbitals:        9

 Total number of grid points:         7936
 Method for AO orthogonalization:        symmetric
 Threshold for linear dependence:        1.00e-08
 D3BJ dispersion energy:                 0.000000000

 -------------------------------------
  Running unrestricted open-shell SCF 
 -------------------------------------
 Max number of iterations:             128
 Conv. threshold (gradient):             1.00e-05
 Conv. threshold (energy):               1.00e-06
 Interpolation scheme:                   adiis+cdiis
 Initial guess:                          SAD

 ---------------------------------------------------------------
                  energy        change          grad        time
 ---------------------------------------------------------------
   0     -1507.536880387                    6.56e-03        1.72
   1     -1507.396691936      1.40e-01      1.37e-01        0.10
   2     -1507.403487051     -6.80e-03      1.39e-01        0.09
   3     -1507.405850073     -2.36e-03      1.37e-01        0.08
   4     -1507.414819325     -8.97e-03      2.45e-03        0.08
   5     -1507.414853742     -3.44e-05      1.52e-03        0.08
   6     -1507.414848616      5.13e-06      4.48e-04        0.09
   7     -1507.414850282     -1.67e-06      2.52e-04        0.08
   8     -1507.414849769      5.13e-07      1.26e-04        0.08
   9     -1507.414849889     -1.20e-07      1.27e-04        0.08
  10     -1507.414849891     -2.14e-09      1.28e-04        0.08
  11     -1507.414849601      2.91e-07      1.01e-04        0.08
  12     -1507.414849262      3.39e-07      7.87e-05        0.08
  13     -1507.414848979      2.83e-07      2.11e-05        0.08
  14     -1507.414848939      3.95e-08      3.83e-06        0.08

 SCF converged in 14 iterations.

 Dipole moment (in Debye):              -0.000001      -0.000001      -0.000001

 Quadrupole moment (in Debye-Angstrom):
                  1            2            3
 1        -8.700478    -0.020245     0.114218
 2        -0.020245    -8.696788     0.104523
 3         0.114218     0.104523    -9.268006

 Spin-squared expectation <S^2>:         0.751
 Total spin quantum number S:            0.501
 TOTAL ENERGY:                       -1507.414848918

 --------------------------------------------------------------------------------

 End time:                               Sun Nov  7 04:07:24 2021
 Total wall-clock time:                  6.491 seconds
==================================================================================
