
================================================================================
          _____________ ________ _______________ ________     _________         
         / ___________// ______ \\_____   _____// ______ \   / ________)        
        / /_________  / /      \ \     | |     / /      \ \ | (_______          
       |  __________|| |        | |    | |    | |        | | \________ \        
        \ \_________ | |        | |    | |     \ \______/ /___________) |       
         \__________||_|        |_|    |_|      \________//____________/        
                                                                                
====================================[ Qcore ]===================================

 Git describe: 2.3.0-3-g778a55bfd
 Compiler:     GNU 9.3.0
 Build type:   Release
 Version:      2.3.0-3-g778a55bfd

 Start time:   Sun Nov  7 04:06:18 2021

 Data directory: /mnt/storage/scratch/zw18965/.local/qcore/share/entos/qcore/data
 Number of threads: 28
 Number of threads was determined by: command line argument

 --------------------------------------------------------------------------------
                                   command: dft                                  
 --------------------------------------------------------------------------------
 AO basis set:                           def2-tzvppd
 Number of AO basis functions:         138

 Formula:                                CH2Ni+
 Nuclear charge:                        36.000000000
 Total charge:                           1.000000000
 Number of electrons:                   35.000000000

 Number of alpha electrons:             18
 Number of beta electrons:              17
 Number of unpaired electrons:           1
 Spin:                                   1
 Multiplicity:                           doublet

 Theory:                                 dft
 Exchange-correlation functional:        0.49 b88 + 0.4 lyp
 Method for Coulomb:                     incore_df
 Method for exact exchange:              pre_transformed_df
 Integral threshold:                     1.00e-12
 DF basis set:                           def2-universal-jkfit
 Number of DF basis functions:         375
 Schwarz screening threshold:            1.00e-10
 Coulomb fitting method:                 Cholesky

 ------------------
  UW12 Correlation 
 ------------------
 Factor for UW12 correlation:            1.000000000
 Opposite spin scale factor:             0.520000000
 Same spin scale factor:                 0.000000000
 Calculate indirect contribution:        false
 Method for three electron term:         df_ri
 Auxiliary RI basis set:                 Def2-TZVPPD-RI
 Number of RI basis functions:         395
 Gaussians in geminal expansion:        10
 UW12 screening threshold:               1.00e-16
 Method for density-fitting:             w(r)
 Number of core spatial orbitals:       10

 Total number of grid points:        26516
 Method for AO orthogonalization:        symmetric
 Threshold for linear dependence:        1.00e-08
 D3BJ dispersion energy:                -0.004774896

 -------------------------------------
  Running unrestricted open-shell SCF 
 -------------------------------------
 Max number of iterations:             128
 Conv. threshold (gradient):             1.00e-05
 Conv. threshold (energy):               1.00e-06
 Interpolation scheme:                   adiis+cdiis
 Initial guess:                          SAD

 ---------------------------------------------------------------
                  energy        change          grad        time
 ---------------------------------------------------------------
   0     -1546.907580332                    3.36e+00        8.59
   1     -1545.911352449      9.96e-01      1.89e+00        0.48
   2     -1541.592958625      4.32e+00      3.58e+00        0.49
   3     -1545.919342266     -4.33e+00      2.50e+00        0.47
   4     -1546.594872070     -6.76e-01      1.63e-01        0.46
   5     -1546.597116500     -2.24e-03      2.15e-01        0.43
   6     -1546.592277008      4.84e-03      3.09e-01        0.42
   7     -1546.604657839     -1.24e-02      1.53e-01        0.42
   8     -1546.605403643     -7.46e-04      1.24e-01        0.42
   9     -1546.608202162     -2.80e-03      7.60e-02        0.42
  10     -1546.608022337      1.80e-04      1.02e-01        0.42
  11     -1546.609906425     -1.88e-03      1.12e-02        0.42
  12     -1546.610071800     -1.65e-04      8.43e-03        0.41
  13     -1546.610279949     -2.08e-04      6.78e-03        0.41
  14     -1546.610593316     -3.13e-04      8.45e-03        0.40
  15     -1546.610637169     -4.39e-05      4.70e-03        0.41
  16     -1546.610718543     -8.14e-05      4.20e-03        0.41
  17     -1546.610753340     -3.48e-05      1.86e-03        0.41
  18     -1546.610755057     -1.72e-06      2.64e-03        0.41
  19     -1546.610757776     -2.72e-06      3.38e-04        0.43
  20     -1546.610759387     -1.61e-06      2.19e-04        0.41
  21     -1546.610759206      1.82e-07      3.37e-05        0.41
  22     -1546.610758846      3.60e-07      4.21e-05        0.42
  23     -1546.610758773      7.30e-08      1.12e-05        0.43
  24     -1546.610758771      1.43e-09      2.63e-06        0.41

 SCF converged in 24 iterations.

 Dipole moment (in Debye):              -0.000001      -0.000001      -0.347290

 Quadrupole moment (in Debye-Angstrom):
                  1            2            3
 1       -14.981192     0.000002     0.000000
 2         0.000002   -16.973153    -0.000001
 3         0.000000    -0.000001    -7.697866

 Spin-squared expectation <S^2>:         0.780
 Total spin quantum number S:            0.515
 TOTAL ENERGY:                       -1546.610758756

 --------------------------------------------------------------------------------

 End time:                               Sun Nov  7 04:06:41 2021
 Total wall-clock time:                 23.689 seconds
==================================================================================
