
================================================================================
          _____________ ________ _______________ ________     _________         
         / ___________// ______ \\_____   _____// ______ \   / ________)        
        / /_________  / /      \ \     | |     / /      \ \ | (_______          
       |  __________|| |        | |    | |    | |        | | \________ \        
        \ \_________ | |        | |    | |     \ \______/ /___________) |       
         \__________||_|        |_|    |_|      \________//____________/        
                                                                                
====================================[ Qcore ]===================================

 Git describe: 2.3.0-3-g778a55bfd
 Compiler:     GNU 9.3.0
 Build type:   Release
 Version:      2.3.0-3-g778a55bfd

 Start time:   Sun Nov  7 04:06:18 2021

 Data directory: /mnt/storage/scratch/zw18965/.local/qcore/share/entos/qcore/data
 Number of threads: 28
 Number of threads was determined by: command line argument

 --------------------------------------------------------------------------------
                                   command: dft                                  
 --------------------------------------------------------------------------------
 AO basis set:                           def2-tzvppd
 Number of AO basis functions:         120

 Formula:                                O3
 Nuclear charge:                        24.000000000
 Total charge:                           0.000000000
 Number of electrons:                   24.000000000

 Number of alpha electrons:             12
 Number of beta electrons:              12
 Number of unpaired electrons:           0
 Spin:                                   0
 Multiplicity:                           singlet

 Theory:                                 dft
 Exchange-correlation functional:        0.49 b88 + 0.4 lyp
 Method for Coulomb:                     incore_df
 Method for exact exchange:              pre_transformed_df
 Integral threshold:                     1.00e-12
 DF basis set:                           def2-universal-jkfit
 Number of DF basis functions:         231
 Schwarz screening threshold:            1.00e-10
 Coulomb fitting method:                 Cholesky

 ------------------
  UW12 Correlation 
 ------------------
 Factor for UW12 correlation:            1.000000000
 Opposite spin scale factor:             0.520000000
 Same spin scale factor:                 0.000000000
 Calculate indirect contribution:        false
 Method for three electron term:         df_ri
 Auxiliary RI basis set:                 Def2-TZVPPD-RI
 Number of RI basis functions:         276
 Gaussians in geminal expansion:        10
 UW12 screening threshold:               1.00e-16
 Method for density-fitting:             w(r)
 Number of core spatial orbitals:        3

 Total number of grid points:        20832
 Method for AO orthogonalization:        symmetric
 Threshold for linear dependence:        1.00e-08
 D3BJ dispersion energy:                -0.001286702

 -------------------------------------
  Running restricted closed-shell SCF 
 -------------------------------------
 Max number of iterations:             128
 Conv. threshold (gradient):             1.00e-05
 Conv. threshold (energy):               1.00e-06
 Interpolation scheme:                   adiis+cdiis
 Initial guess:                          SAD

 ---------------------------------------------------------------
                  energy        change          grad        time
 ---------------------------------------------------------------
   0      -225.823697236                    8.99e+00        0.49
   1      -225.140868869      6.83e-01      1.57e+00        0.09
   2      -224.897397565      2.43e-01      2.86e+00        0.09
   3      -225.234520227     -3.37e-01      5.88e-01        0.09
   4      -225.238337304     -3.82e-03      5.75e-01        0.10
   5      -225.251562887     -1.32e-02      5.91e-02        0.09
   6      -225.251365650      1.97e-04      9.16e-02        0.09
   7      -225.251664782     -2.99e-04      1.02e-03        0.09
   8      -225.251664816     -3.41e-08      9.60e-04        0.09
   9      -225.251664848     -3.25e-08      3.47e-04        0.09
  10      -225.251664853     -4.94e-09      3.79e-05        0.09
  11      -225.251664856     -3.25e-09      6.79e-06        0.10

 SCF converged in 11 iterations.

 Dipole moment (in Debye):              -0.559253      -0.000000      -0.341895

 Quadrupole moment (in Debye-Angstrom):
                  1            2            3
 1       -16.295472    -0.000000     0.526905
 2        -0.000000   -14.697160    -0.000000
 3         0.526905    -0.000000   -16.835186

 Spin-squared expectation <S^2>:         0.000
 Total spin quantum number S:            0.000
 TOTAL ENERGY:                        -225.251664855

 --------------------------------------------------------------------------------

 End time:                               Sun Nov  7 04:06:20 2021
 Total wall-clock time:                  2.117 seconds
==================================================================================
