
================================================================================
          _____________ ________ _______________ ________     _________         
         / ___________// ______ \\_____   _____// ______ \   / ________)        
        / /_________  / /      \ \     | |     / /      \ \ | (_______          
       |  __________|| |        | |    | |    | |        | | \________ \        
        \ \_________ | |        | |    | |     \ \______/ /___________) |       
         \__________||_|        |_|    |_|      \________//____________/        
                                                                                
====================================[ Qcore ]===================================

 Git describe: 2.3.0-3-g778a55bfd
 Compiler:     GNU 9.3.0
 Build type:   Release
 Version:      2.3.0-3-g778a55bfd

 Start time:   Sun Nov  7 04:09:18 2021

 Data directory: /mnt/storage/scratch/zw18965/.local/qcore/share/entos/qcore/data
 Number of threads: 28
 Number of threads was determined by: command line argument

 --------------------------------------------------------------------------------
                                   command: dft                                  
 --------------------------------------------------------------------------------
 AO basis set:                           def2-tzvppd
 Number of AO basis functions:         204

 Formula:                                S4
 Nuclear charge:                        64.000000000
 Total charge:                           0.000000000
 Number of electrons:                   64.000000000

 Number of alpha electrons:             32
 Number of beta electrons:              32
 Number of unpaired electrons:           0
 Spin:                                   0
 Multiplicity:                           singlet

 Theory:                                 dft
 Exchange-correlation functional:        0.49 b88 + 0.4 lyp
 Method for Coulomb:                     incore_df
 Method for exact exchange:              pre_transformed_df
 Integral threshold:                     1.00e-12
 DF basis set:                           def2-universal-jkfit
 Number of DF basis functions:         512
 Schwarz screening threshold:            1.00e-10
 Coulomb fitting method:                 Cholesky

 ------------------
  UW12 Correlation 
 ------------------
 Factor for UW12 correlation:            1.000000000
 Opposite spin scale factor:             0.520000000
 Same spin scale factor:                 0.000000000
 Calculate indirect contribution:        false
 Method for three electron term:         df_ri
 Auxiliary RI basis set:                 Def2-TZVPPD-RI
 Number of RI basis functions:         556
 Gaussians in geminal expansion:        10
 UW12 screening threshold:               1.00e-16
 Method for density-fitting:             w(r)
 Number of core spatial orbitals:       20

 Total number of grid points:        29400
 Method for AO orthogonalization:        symmetric
 Threshold for linear dependence:        1.00e-08
 D3BJ dispersion energy:                -0.018493888

 -------------------------------------
  Running restricted closed-shell SCF 
 -------------------------------------
 Max number of iterations:             128
 Conv. threshold (gradient):             1.00e-05
 Conv. threshold (energy):               1.00e-06
 Interpolation scheme:                   adiis+cdiis
 Initial guess:                          SAD

 ---------------------------------------------------------------
                  energy        change          grad        time
 ---------------------------------------------------------------
   0     -1592.216777797                    9.47e+00        3.11
   1     -1591.532040959      6.85e-01      5.49e-01        0.77
   2     -1591.411970436      1.20e-01      1.15e+00        0.79
   3     -1591.558363498     -1.46e-01      2.73e-01        0.78
   4     -1591.563146558     -4.78e-03      1.75e-01        0.78
   5     -1591.567029852     -3.88e-03      5.48e-02        0.78
   6     -1591.566761591      2.68e-04      6.82e-02        0.80
   7     -1591.567359198     -5.98e-04      1.47e-03        0.77
   8     -1591.567359924     -7.26e-07      9.01e-04        0.76
   9     -1591.567360046     -1.22e-07      1.48e-04        0.75
  10     -1591.567360062     -1.55e-08      3.34e-05        0.76
  11     -1591.567360061      7.04e-10      2.29e-05        0.80
  12     -1591.567360061     -1.20e-10      1.93e-05        0.76
  13     -1591.567360061      1.23e-10      2.65e-06        0.74

 SCF converged in 13 iterations.

 Dipole moment (in Debye):              -0.334979       0.000001       1.276759

 Quadrupole moment (in Debye-Angstrom):
                  1            2            3
 1       -53.161661     0.000000    -1.190553
 2         0.000000   -51.822639    -0.000000
 3        -1.190553    -0.000000   -48.936925

 Spin-squared expectation <S^2>:         0.000
 Total spin quantum number S:            0.000
 TOTAL ENERGY:                       -1591.567360061

 --------------------------------------------------------------------------------

 End time:                               Sun Nov  7 04:09:33 2021
 Total wall-clock time:                 15.068 seconds
==================================================================================
