
================================================================================
          _____________ ________ _______________ ________     _________         
         / ___________// ______ \\_____   _____// ______ \   / ________)        
        / /_________  / /      \ \     | |     / /      \ \ | (_______          
       |  __________|| |        | |    | |    | |        | | \________ \        
        \ \_________ | |        | |    | |     \ \______/ /___________) |       
         \__________||_|        |_|    |_|      \________//____________/        
                                                                                
====================================[ Qcore ]===================================

 Git describe: 2.3.0-3-g778a55bfd
 Compiler:     GNU 9.3.0
 Build type:   Release
 Version:      2.3.0-3-g778a55bfd

 Start time:   Sun Nov  7 04:06:18 2021

 Data directory: /mnt/storage/scratch/zw18965/.local/qcore/share/entos/qcore/data
 Number of threads: 28
 Number of threads was determined by: command line argument

 --------------------------------------------------------------------------------
                                   command: dft                                  
 --------------------------------------------------------------------------------
 AO basis set:                           def2-tzvppd
 Number of AO basis functions:         118

 Formula:                                SV
 Nuclear charge:                        39.000000000
 Total charge:                           0.000000000
 Number of electrons:                   39.000000000

 Number of alpha electrons:             21
 Number of beta electrons:              18
 Number of unpaired electrons:           3
 Spin:                                   3
 Multiplicity:                           quartet

 Theory:                                 dft
 Exchange-correlation functional:        0.49 b88 + 0.4 lyp
 Method for Coulomb:                     incore_df
 Method for exact exchange:              pre_transformed_df
 Integral threshold:                     1.00e-12
 DF basis set:                           def2-universal-jkfit
 Number of DF basis functions:         392
 Schwarz screening threshold:            1.00e-10
 Coulomb fitting method:                 Cholesky

 ------------------
  UW12 Correlation 
 ------------------
 Factor for UW12 correlation:            1.000000000
 Opposite spin scale factor:             0.520000000
 Same spin scale factor:                 0.000000000
 Calculate indirect contribution:        false
 Method for three electron term:         df_ri
 Auxiliary RI basis set:                 Def2-TZVPPD-RI
 Number of RI basis functions:         364
 Gaussians in geminal expansion:        10
 UW12 screening threshold:               1.00e-16
 Method for density-fitting:             w(r)
 Number of core spatial orbitals:       14

 Total number of grid points:        15202
 Method for AO orthogonalization:        symmetric
 Threshold for linear dependence:        1.00e-08
 D3BJ dispersion energy:                -0.008133730

 -------------------------------------
  Running unrestricted open-shell SCF 
 -------------------------------------
 Max number of iterations:             128
 Conv. threshold (gradient):             1.00e-05
 Conv. threshold (energy):               1.00e-06
 Interpolation scheme:                   adiis+cdiis
 Initial guess:                          SAD

 ---------------------------------------------------------------
                  energy        change          grad        time
 ---------------------------------------------------------------
   0     -1341.110025386                    2.03e+00        5.62
   1     -1340.892708791      2.17e-01      9.49e-01        0.41
   2     -1333.087148533      7.81e+00      4.50e+00        0.37
   3     -1340.113910240     -7.03e+00      1.80e+00        0.37
   4     -1341.251619987     -1.14e+00      1.76e-01        0.35
   5     -1341.188121536      6.35e-02      5.29e-01        0.34
   6     -1341.260844867     -7.27e-02      1.76e-01        0.34
   7     -1341.264921104     -4.08e-03      6.49e-02        0.34
   8     -1341.267409196     -2.49e-03      7.06e-02        0.34
   9     -1341.268799634     -1.39e-03      8.74e-03        0.33
  10     -1341.269008910     -2.09e-04      8.34e-03        0.33
  11     -1341.269080622     -7.17e-05      1.85e-03        0.35
  12     -1341.269099146     -1.85e-05      1.20e-03        0.34
  13     -1341.269104026     -4.88e-06      3.50e-04        0.33
  14     -1341.269106312     -2.29e-06      2.06e-04        0.34
  15     -1341.269107438     -1.13e-06      3.08e-05        0.35
  16     -1341.269107475     -3.75e-08      8.20e-06        0.33

 SCF converged in 16 iterations.

 Dipole moment (in Debye):              -0.000001      -0.000001      -6.208684

 Quadrupole moment (in Debye-Angstrom):
                  1            2            3
 1       -30.127070    -0.000000     0.000002
 2        -0.000000   -30.127070     0.000002
 3         0.000002     0.000002   -24.676564

 Spin-squared expectation <S^2>:         3.782
 Total spin quantum number S:            1.508
 TOTAL ENERGY:                       -1341.269107464

 --------------------------------------------------------------------------------

 End time:                               Sun Nov  7 04:06:34 2021
 Total wall-clock time:                 16.584 seconds
==================================================================================
