
================================================================================
          _____________ ________ _______________ ________     _________         
         / ___________// ______ \\_____   _____// ______ \   / ________)        
        / /_________  / /      \ \     | |     / /      \ \ | (_______          
       |  __________|| |        | |    | |    | |        | | \________ \        
        \ \_________ | |        | |    | |     \ \______/ /___________) |       
         \__________||_|        |_|    |_|      \________//____________/        
                                                                                
====================================[ Qcore ]===================================

 Git describe: 2.3.0-3-g778a55bfd
 Compiler:     GNU 9.3.0
 Build type:   Release
 Version:      2.3.0-3-g778a55bfd

 Start time:   Sun Nov  7 03:34:18 2021

 Data directory: /mnt/storage/scratch/zw18965/.local/qcore/share/entos/qcore/data
 Number of threads: 28
 Number of threads was determined by: command line argument

 --------------------------------------------------------------------------------
                                   command: dft                                  
 --------------------------------------------------------------------------------
 AO basis set:                           def2-tzvppd
 Number of AO basis functions:          56
 ECP on atom 1 (Ag):                     28 electrons

 Formula:                                Ag
 Nuclear charge:                        47.000000000
 Total charge:                           0.000000000
 Number of core electrons:              28
 Number of treated electrons:           19

 Number of alpha electrons:             10
 Number of beta electrons:               9
 Number of unpaired electrons:           1
 Spin:                                   1
 Multiplicity:                           doublet

 Theory:                                 dft
 Exchange-correlation functional:        blyp
 Method for Coulomb:                     incore_df
 Integral threshold:                     1.00e-12
 DF basis set:                           def2-universal-jkfit
 Number of DF basis functions:         255
 Schwarz screening threshold:            1.00e-10
 Coulomb fitting method:                 Cholesky
 Total number of grid points:         8498
 Method for AO orthogonalization:        symmetric
 Threshold for linear dependence:        1.00e-08
 D3BJ dispersion energy:                 0.000000000

 -------------------------------------
  Running unrestricted open-shell SCF 
 -------------------------------------
 Max number of iterations:             128
 Conv. threshold (gradient):             1.00e-05
 Conv. threshold (energy):               1.00e-06
 Interpolation scheme:                   adiis+cdiis
 Initial guess:                          SAD

 ---------------------------------------------------------------
                  energy        change          grad        time
 ---------------------------------------------------------------
   0      -146.938297462                    3.59e-03        0.00
   1      -146.943312200     -5.01e-03      6.71e-03        0.01
   2      -146.943557828     -2.46e-04      2.74e-03        0.01
   3      -146.943549506      8.32e-06      3.38e-03        0.01
   4      -146.943570364     -2.09e-05      2.10e-04        0.01
   5      -146.943570485     -1.21e-07      4.39e-05        0.01
   6      -146.943570489     -4.32e-09      3.05e-07        0.01

 SCF converged in 6 iterations.

 Dipole moment (in Debye):               0.000001       0.000001       0.000001

 Quadrupole moment (in Debye-Angstrom):
                  1            2            3
 1       -20.226985     0.000000     0.000000
 2         0.000000   -20.226985     0.000000
 3         0.000000     0.000000   -20.226985

 Spin-squared expectation <S^2>:         0.751
 Total spin quantum number S:            0.500
 TOTAL ENERGY:                        -146.943570489

 --------------------------------------------------------------------------------

 End time:                               Sun Nov  7 03:34:18 2021
 Total wall-clock time:                  0.576 seconds
==================================================================================
