
================================================================================
          _____________ ________ _______________ ________     _________         
         / ___________// ______ \\_____   _____// ______ \   / ________)        
        / /_________  / /      \ \     | |     / /      \ \ | (_______          
       |  __________|| |        | |    | |    | |        | | \________ \        
        \ \_________ | |        | |    | |     \ \______/ /___________) |       
         \__________||_|        |_|    |_|      \________//____________/        
                                                                                
====================================[ Qcore ]===================================

 Git describe: 2.3.0-3-g778a55bfd
 Compiler:     GNU 9.3.0
 Build type:   Release
 Version:      2.3.0-3-g778a55bfd

 Start time:   Sun Nov  7 03:34:18 2021

 Data directory: /mnt/storage/scratch/zw18965/.local/qcore/share/entos/qcore/data
 Number of threads: 28
 Number of threads was determined by: command line argument

 --------------------------------------------------------------------------------
                                   command: dft                                  
 --------------------------------------------------------------------------------
 AO basis set:                           def2-tzvppd
 Number of AO basis functions:         112
 ECP on atom 1 (Ag):                     28 electrons
 ECP on atom 2 (Ag):                     28 electrons

 Formula:                                Ag2
 Nuclear charge:                        94.000000000
 Total charge:                           0.000000000
 Number of core electrons:              56
 Number of treated electrons:           38

 Number of alpha electrons:             19
 Number of beta electrons:              19
 Number of unpaired electrons:           0
 Spin:                                   0
 Multiplicity:                           singlet

 Theory:                                 dft
 Exchange-correlation functional:        blyp
 Method for Coulomb:                     incore_df
 Integral threshold:                     1.00e-12
 DF basis set:                           def2-universal-jkfit
 Number of DF basis functions:         510
 Schwarz screening threshold:            1.00e-10
 Coulomb fitting method:                 Cholesky
 Total number of grid points:        16996
 Method for AO orthogonalization:        symmetric
 Threshold for linear dependence:        1.00e-08
 D3BJ dispersion energy:                -0.003695415

 -------------------------------------
  Running restricted closed-shell SCF 
 -------------------------------------
 Max number of iterations:             128
 Conv. threshold (gradient):             1.00e-05
 Conv. threshold (energy):               1.00e-06
 Interpolation scheme:                   adiis+cdiis
 Initial guess:                          SAD

 ---------------------------------------------------------------
                  energy        change          grad        time
 ---------------------------------------------------------------
   0      -293.980186942                    1.83e+00        0.01
   1      -293.943128287      3.71e-02      1.71e-01        0.01
   2      -293.928365332      1.48e-02      2.71e-01        0.01
   3      -293.951999598     -2.36e-02      5.14e-02        0.01
   4      -293.951435114      5.64e-04      7.08e-02        0.01
   5      -293.952787914     -1.35e-03      5.93e-04        0.01
   6      -293.952787997     -8.36e-08      1.56e-04        0.01
   7      -293.952788003     -6.22e-09      1.67e-05        0.01
   8      -293.952788003     -5.43e-11      3.24e-06        0.01

 SCF converged in 8 iterations.

 Dipole moment (in Debye):               0.000002       0.000002       0.000044

 Quadrupole moment (in Debye-Angstrom):
                  1            2            3
 1       -40.617190     0.000000     0.000000
 2         0.000000   -40.617190     0.000000
 3         0.000000     0.000000   -34.062194

 Spin-squared expectation <S^2>:         0.000
 Total spin quantum number S:            0.000
 TOTAL ENERGY:                        -293.952788003

 --------------------------------------------------------------------------------

 End time:                               Sun Nov  7 03:34:19 2021
 Total wall-clock time:                  0.981 seconds
==================================================================================
