
================================================================================
          _____________ ________ _______________ ________     _________         
         / ___________// ______ \\_____   _____// ______ \   / ________)        
        / /_________  / /      \ \     | |     / /      \ \ | (_______          
       |  __________|| |        | |    | |    | |        | | \________ \        
        \ \_________ | |        | |    | |     \ \______/ /___________) |       
         \__________||_|        |_|    |_|      \________//____________/        
                                                                                
====================================[ Qcore ]===================================

 Git describe: 2.3.0-3-g778a55bfd
 Compiler:     GNU 9.3.0
 Build type:   Release
 Version:      2.3.0-3-g778a55bfd

 Start time:   Sun Nov  7 03:34:18 2021

 Data directory: /mnt/storage/scratch/zw18965/.local/qcore/share/entos/qcore/data
 Number of threads: 28
 Number of threads was determined by: command line argument

 --------------------------------------------------------------------------------
                                   command: dft                                  
 --------------------------------------------------------------------------------
 AO basis set:                           def2-tzvppd
 Number of AO basis functions:          73
 ECP on atom 1 (Ag):                     28 electrons

 Formula:                                HAg
 Nuclear charge:                        48.000000000
 Total charge:                           0.000000000
 Number of core electrons:              28
 Number of treated electrons:           20

 Number of alpha electrons:             10
 Number of beta electrons:              10
 Number of unpaired electrons:           0
 Spin:                                   0
 Multiplicity:                           singlet

 Theory:                                 dft
 Exchange-correlation functional:        blyp
 Method for Coulomb:                     incore_df
 Integral threshold:                     1.00e-12
 DF basis set:                           def2-universal-jkfit
 Number of DF basis functions:         273
 Schwarz screening threshold:            1.00e-10
 Coulomb fitting method:                 Cholesky
 Total number of grid points:        14388
 Method for AO orthogonalization:        symmetric
 Threshold for linear dependence:        1.00e-08
 D3BJ dispersion energy:                -0.000934933

 -------------------------------------
  Running restricted closed-shell SCF 
 -------------------------------------
 Max number of iterations:             128
 Conv. threshold (gradient):             1.00e-05
 Conv. threshold (energy):               1.00e-06
 Interpolation scheme:                   adiis+cdiis
 Initial guess:                          SAD

 ---------------------------------------------------------------
                  energy        change          grad        time
 ---------------------------------------------------------------
   0      -147.512721394                    2.16e+00        0.01
   1      -147.496207049      1.65e-02      4.65e-01        0.01
   2      -147.265022203      2.31e-01      1.21e+00        0.01
   3      -147.511515135     -2.46e-01      3.73e-01        0.01
   4      -147.532305702     -2.08e-02      9.21e-02        0.01
   5      -147.529880291      2.43e-03      1.69e-01        0.01
   6      -147.533347341     -3.47e-03      3.16e-03        0.01
   7      -147.533349458     -2.12e-06      2.47e-04        0.01
   8      -147.533349470     -1.17e-08      1.40e-05        0.01
   9      -147.533349470     -2.76e-11      6.13e-06        0.01

 SCF converged in 9 iterations.

 Dipole moment (in Debye):               0.000001       0.000001      -2.335695

 Quadrupole moment (in Debye-Angstrom):
                  1            2            3
 1       -21.440496    -0.000000     0.000001
 2        -0.000000   -21.440496     0.000001
 3         0.000001     0.000001   -21.141539

 Spin-squared expectation <S^2>:         0.000
 Total spin quantum number S:            0.000
 TOTAL ENERGY:                        -147.533349470

 --------------------------------------------------------------------------------

 End time:                               Sun Nov  7 03:34:18 2021
 Total wall-clock time:                  0.710 seconds
==================================================================================
