
================================================================================
          _____________ ________ _______________ ________     _________         
         / ___________// ______ \\_____   _____// ______ \   / ________)        
        / /_________  / /      \ \     | |     / /      \ \ | (_______          
       |  __________|| |        | |    | |    | |        | | \________ \        
        \ \_________ | |        | |    | |     \ \______/ /___________) |       
         \__________||_|        |_|    |_|      \________//____________/        
                                                                                
====================================[ Qcore ]===================================

 Git describe: 2.3.0-3-g778a55bfd
 Compiler:     GNU 9.3.0
 Build type:   Release
 Version:      2.3.0-3-g778a55bfd

 Start time:   Sun Nov  7 03:34:18 2021

 Data directory: /mnt/storage/scratch/zw18965/.local/qcore/share/entos/qcore/data
 Number of threads: 28
 Number of threads was determined by: command line argument

 --------------------------------------------------------------------------------
                                   command: dft                                  
 --------------------------------------------------------------------------------
 AO basis set:                           def2-tzvppd
 Number of AO basis functions:          88

 Formula:                                CH3
 Nuclear charge:                         9.000000000
 Total charge:                           0.000000000
 Number of electrons:                    9.000000000

 Number of alpha electrons:              5
 Number of beta electrons:               4
 Number of unpaired electrons:           1
 Spin:                                   1
 Multiplicity:                           doublet

 Theory:                                 dft
 Exchange-correlation functional:        blyp
 Method for Coulomb:                     incore_df
 Integral threshold:                     1.00e-12
 DF basis set:                           def2-universal-jkfit
 Number of DF basis functions:         129
 Schwarz screening threshold:            1.00e-10
 Coulomb fitting method:                 Cholesky
 Total number of grid points:        24470
 Method for AO orthogonalization:        symmetric
 Threshold for linear dependence:        1.00e-08
 D3BJ dispersion energy:                -0.001732731

 -------------------------------------
  Running unrestricted open-shell SCF 
 -------------------------------------
 Max number of iterations:             128
 Conv. threshold (gradient):             1.00e-05
 Conv. threshold (energy):               1.00e-06
 Interpolation scheme:                   adiis+cdiis
 Initial guess:                          SAD

 ---------------------------------------------------------------
                  energy        change          grad        time
 ---------------------------------------------------------------
   0       -39.720615700                    2.74e+00        0.01
   1       -39.771697695     -5.11e-02      4.89e-01        0.01
   2       -39.715613512      5.61e-02      6.22e-01        0.01
   3       -39.828710696     -1.13e-01      8.71e-02        0.01
   4       -39.827014536      1.70e-03      1.24e-01        0.01
   5       -39.830509339     -3.49e-03      2.27e-03        0.01
   6       -39.830510696     -1.36e-06      4.78e-04        0.01
   7       -39.830510761     -6.51e-08      7.13e-05        0.01
   8       -39.830510762     -1.11e-09      4.41e-06        0.01

 SCF converged in 8 iterations.

 Dipole moment (in Debye):              -0.000001      -0.000000      -0.000009

 Quadrupole moment (in Debye-Angstrom):
                  1            2            3
 1        -7.409433     0.000000     0.000001
 2         0.000000    -9.153042     0.000000
 3         0.000001     0.000000    -7.409397

 Spin-squared expectation <S^2>:         0.753
 Total spin quantum number S:            0.502
 TOTAL ENERGY:                         -39.830510762

 --------------------------------------------------------------------------------

 End time:                               Sun Nov  7 03:34:18 2021
 Total wall-clock time:                  0.432 seconds
==================================================================================
