
================================================================================
          _____________ ________ _______________ ________     _________         
         / ___________// ______ \\_____   _____// ______ \   / ________)        
        / /_________  / /      \ \     | |     / /      \ \ | (_______          
       |  __________|| |        | |    | |    | |        | | \________ \        
        \ \_________ | |        | |    | |     \ \______/ /___________) |       
         \__________||_|        |_|    |_|      \________//____________/        
                                                                                
====================================[ Qcore ]===================================

 Git describe: 2.3.0-3-g778a55bfd
 Compiler:     GNU 9.3.0
 Build type:   Release
 Version:      2.3.0-3-g778a55bfd

 Start time:   Sun Nov  7 03:36:18 2021

 Data directory: /mnt/storage/scratch/zw18965/.local/qcore/share/entos/qcore/data
 Number of threads: 28
 Number of threads was determined by: command line argument

 --------------------------------------------------------------------------------
                                   command: dft                                  
 --------------------------------------------------------------------------------
 AO basis set:                           def2-tzvppd
 Number of AO basis functions:          67

 Formula:                                Co
 Nuclear charge:                        27.000000000
 Total charge:                           0.000000000
 Number of electrons:                   27.000000000

 Number of alpha electrons:             15
 Number of beta electrons:              12
 Number of unpaired electrons:           3
 Spin:                                   3
 Multiplicity:                           quartet

 Theory:                                 dft
 Exchange-correlation functional:        blyp
 Method for Coulomb:                     incore_df
 Integral threshold:                     1.00e-12
 DF basis set:                           def2-universal-jkfit
 Number of DF basis functions:         264
 Schwarz screening threshold:            1.00e-10
 Coulomb fitting method:                 Cholesky
 Total number of grid points:         7936
 Method for AO orthogonalization:        symmetric
 Threshold for linear dependence:        1.00e-08
 D3BJ dispersion energy:                 0.000000000

 -------------------------------------
  Running unrestricted open-shell SCF 
 -------------------------------------
 Max number of iterations:             128
 Conv. threshold (gradient):             1.00e-05
 Conv. threshold (energy):               1.00e-06
 Interpolation scheme:                   adiis+cdiis
 Initial guess:                          SAD

 ---------------------------------------------------------------
                  energy        change          grad        time
 ---------------------------------------------------------------
   0     -1382.723824919                    4.92e-03        0.01
   1     -1382.767118713     -4.33e-02      2.40e-01        0.01
   2     -1380.822936087      1.94e+00      1.69e+00        0.01
   3     -1382.491989884     -1.67e+00      7.29e-01        0.01
   4     -1382.707921172     -2.16e-01      3.90e-01        0.01
   5     -1382.787610607     -7.97e-02      1.76e-01        0.01
   6     -1382.799733491     -1.21e-02      1.06e-01        0.01
   7     -1382.707370809      9.24e-02      3.72e-01        0.01
   8     -1382.800184796     -9.28e-02      1.06e-01        0.01
   9     -1382.804808893     -4.62e-03      6.95e-02        0.01
  10     -1382.792700505      1.21e-02      1.56e-01        0.01
  11     -1382.761456743      3.12e-02      2.70e-01        0.01
  12     -1382.753521620      7.94e-03      2.94e-01        0.01
  13     -1382.666781340      8.67e-02      4.63e-01        0.01
  14     -1382.678550803     -1.18e-02      4.29e-01        0.01
  15     -1382.807987006     -1.29e-01      3.98e-02        0.01
  16     -1382.807483545      5.03e-04      3.93e-02        0.01
  17     -1382.806917890      5.66e-04      5.32e-02        0.01
  18     -1382.805865075      1.05e-03      6.85e-02        0.01
  19     -1382.805831241      3.38e-05      6.83e-02        0.01
  20     -1382.807571865     -1.74e-03      4.03e-02        0.01
  21     -1382.808316257     -7.44e-04      1.68e-02        0.01
  22     -1382.808474979     -1.59e-04      2.43e-03        0.01
  23     -1382.808479179     -4.20e-06      1.24e-03        0.01
  24     -1382.808467419      1.18e-05      2.11e-03        0.01
  25     -1382.808458729      8.69e-06      2.24e-03        0.01
  26     -1382.808460064     -1.33e-06      5.91e-04        0.01
  27     -1382.808452206      7.86e-06      2.92e-03        0.01
  28     -1382.808453464     -1.26e-06      2.52e-03        0.01
  29     -1382.808456810     -3.35e-06      8.13e-04        0.01
  30     -1382.808457164     -3.54e-07      4.12e-04        0.01
  31     -1382.808457351     -1.87e-07      1.91e-04        0.01
  32     -1382.808457558     -2.07e-07      1.69e-04        0.01
  33     -1382.808457019      5.39e-07      1.64e-03        0.01
  34     -1382.808459898     -2.88e-06      4.72e-04        0.01
  35     -1382.808459737      1.61e-07      5.19e-04        0.01
  36     -1382.808459396      3.41e-07      1.25e-04        0.01
  37     -1382.808460123     -7.27e-07      1.44e-03        0.01
  38     -1382.808453037      7.09e-06      4.02e-03        0.01
  39     -1382.808451931      1.11e-06      4.30e-03        0.01
  40     -1382.808452225     -2.95e-07      4.31e-03        0.01
  41     -1382.808461335     -9.11e-06      1.31e-03        0.01
  42     -1382.808462281     -9.46e-07      4.93e-05        0.01
  43     -1382.808462290     -9.11e-09      1.50e-04        0.01
  44     -1382.808462317     -2.74e-08      1.27e-04        0.01
  45     -1382.808462329     -1.15e-08      2.08e-05        0.01
  46     -1382.808462306      2.31e-08      2.18e-04        0.01
  47     -1382.808462274      3.21e-08      3.36e-04        0.01
  48     -1382.808462333     -5.94e-08      2.71e-05        0.01
  49     -1382.808462331      2.16e-09      4.76e-05        0.01
  50     -1382.808462324      6.73e-09      8.90e-05        0.01
  51     -1382.808462333     -8.38e-09      2.73e-05        0.01
  52     -1382.808462333      4.84e-11      2.16e-05        0.01
  53     -1382.808462333     -1.92e-10      7.70e-06        0.01

 SCF converged in 53 iterations.

 Dipole moment (in Debye):               0.000002       0.000000      -0.000000

 Quadrupole moment (in Debye-Angstrom):
                  1            2            3
 1       -15.367120    -0.000003    -0.000012
 2        -0.000003   -15.304823     0.868281
 3        -0.000012     0.868281   -15.664033

 Spin-squared expectation <S^2>:         3.753
 Total spin quantum number S:            1.501
 TOTAL ENERGY:                       -1382.808462333

 --------------------------------------------------------------------------------

 End time:                               Sun Nov  7 03:36:18 2021
 Total wall-clock time:                  0.933 seconds
==================================================================================
