
================================================================================
          _____________ ________ _______________ ________     _________         
         / ___________// ______ \\_____   _____// ______ \   / ________)        
        / /_________  / /      \ \     | |     / /      \ \ | (_______          
       |  __________|| |        | |    | |    | |        | | \________ \        
        \ \_________ | |        | |    | |     \ \______/ /___________) |       
         \__________||_|        |_|    |_|      \________//____________/        
                                                                                
====================================[ Qcore ]===================================

 Git describe: 2.3.0-3-g778a55bfd
 Compiler:     GNU 9.3.0
 Build type:   Release
 Version:      2.3.0-3-g778a55bfd

 Start time:   Sun Nov  7 03:35:18 2021

 Data directory: /mnt/storage/scratch/zw18965/.local/qcore/share/entos/qcore/data
 Number of threads: 28
 Number of threads was determined by: command line argument

 --------------------------------------------------------------------------------
                                   command: dft                                  
 --------------------------------------------------------------------------------
 AO basis set:                           def2-tzvppd
 Number of AO basis functions:          84

 Formula:                                HCo
 Nuclear charge:                        28.000000000
 Total charge:                           0.000000000
 Number of electrons:                   28.000000000

 Number of alpha electrons:             15
 Number of beta electrons:              13
 Number of unpaired electrons:           2
 Spin:                                   2
 Multiplicity:                           triplet

 Theory:                                 dft
 Exchange-correlation functional:        blyp
 Method for Coulomb:                     incore_df
 Integral threshold:                     1.00e-12
 DF basis set:                           def2-universal-jkfit
 Number of DF basis functions:         282
 Schwarz screening threshold:            1.00e-10
 Coulomb fitting method:                 Cholesky
 Total number of grid points:        13826
 Method for AO orthogonalization:        symmetric
 Threshold for linear dependence:        1.00e-08
 D3BJ dispersion energy:                -0.000918830

 -------------------------------------
  Running unrestricted open-shell SCF 
 -------------------------------------
 Max number of iterations:             128
 Conv. threshold (gradient):             1.00e-05
 Conv. threshold (energy):               1.00e-06
 Interpolation scheme:                   adiis+cdiis
 Initial guess:                          SAD

 ---------------------------------------------------------------
                  energy        change          grad        time
 ---------------------------------------------------------------
   0     -1383.319138028                    1.30e+00        0.01
   1     -1383.342492223     -2.34e-02      3.26e-01        0.01
   2     -1376.810571363      6.53e+00      3.98e+00        0.01
   3     -1382.923928838     -6.11e+00      1.32e+00        0.01
   4     -1383.384075855     -4.60e-01      2.01e-01        0.01
   5     -1383.041723972      3.42e-01      1.17e+00        0.01
   6     -1383.393915952     -3.52e-01      1.94e-01        0.01
   7     -1383.387611184      6.30e-03      2.49e-01        0.01
   8     -1383.403969062     -1.64e-02      4.44e-02        0.01
   9     -1383.402580409      1.39e-03      6.94e-02        0.01
  10     -1383.405185274     -2.60e-03      1.21e-03        0.01
  11     -1383.405186040     -7.66e-07      3.45e-04        0.01
  12     -1383.405186115     -7.49e-08      1.99e-04        0.01
  13     -1383.405186129     -1.42e-08      2.86e-05        0.01
  14     -1383.405186130     -4.02e-10      2.14e-06        0.01

 SCF converged in 14 iterations.

 Dipole moment (in Debye):              -0.000006      -0.000006      -2.357029

 Quadrupole moment (in Debye-Angstrom):
                  1            2            3
 1       -15.336239    -0.000000     0.000022
 2        -0.000000   -15.336239     0.000022
 3         0.000022     0.000022   -16.670986

 Spin-squared expectation <S^2>:         2.015
 Total spin quantum number S:            1.005
 TOTAL ENERGY:                       -1383.405186130

 --------------------------------------------------------------------------------

 End time:                               Sun Nov  7 03:35:18 2021
 Total wall-clock time:                  0.836 seconds
==================================================================================
