
================================================================================
          _____________ ________ _______________ ________     _________         
         / ___________// ______ \\_____   _____// ______ \   / ________)        
        / /_________  / /      \ \     | |     / /      \ \ | (_______          
       |  __________|| |        | |    | |    | |        | | \________ \        
        \ \_________ | |        | |    | |     \ \______/ /___________) |       
         \__________||_|        |_|    |_|      \________//____________/        
                                                                                
====================================[ Qcore ]===================================

 Git describe: 2.3.0-3-g778a55bfd
 Compiler:     GNU 9.3.0
 Build type:   Release
 Version:      2.3.0-3-g778a55bfd

 Start time:   Sun Nov  7 03:33:17 2021

 Data directory: /mnt/storage/scratch/zw18965/.local/qcore/share/entos/qcore/data
 Number of threads: 28
 Number of threads was determined by: command line argument

 --------------------------------------------------------------------------------
                                   command: dft                                  
 --------------------------------------------------------------------------------
 AO basis set:                           def2-tzvppd
 Number of AO basis functions:          67

 Formula:                                Cr+
 Nuclear charge:                        24.000000000
 Total charge:                           1.000000000
 Number of electrons:                   23.000000000

 Number of alpha electrons:             14
 Number of beta electrons:               9
 Number of unpaired electrons:           5
 Spin:                                   5
 Multiplicity:                           septet

 Theory:                                 dft
 Exchange-correlation functional:        blyp
 Method for Coulomb:                     incore_df
 Integral threshold:                     1.00e-12
 DF basis set:                           def2-universal-jkfit
 Number of DF basis functions:         264
 Schwarz screening threshold:            1.00e-10
 Coulomb fitting method:                 Cholesky
 Total number of grid points:         7828
 Method for AO orthogonalization:        symmetric
 Threshold for linear dependence:        1.00e-08
 D3BJ dispersion energy:                 0.000000000

 -------------------------------------
  Running unrestricted open-shell SCF 
 -------------------------------------
 Max number of iterations:             128
 Conv. threshold (gradient):             1.00e-05
 Conv. threshold (energy):               1.00e-06
 Interpolation scheme:                   adiis+cdiis
 Initial guess:                          SAD

 ---------------------------------------------------------------
                  energy        change          grad        time
 ---------------------------------------------------------------
   0     -1044.284758924                    1.61e-02        0.01
   1     -1043.901362651      3.83e-01      5.00e-01        0.01
   2     -1043.584548530      3.17e-01      6.81e-01        0.01
   3     -1044.177855625     -5.93e-01      1.54e-01        0.01
   4     -1044.023884556      1.54e-01      3.84e-01        0.01
   5     -1044.200650811     -1.77e-01      4.59e-02        0.01
   6     -1044.197620437      3.03e-03      6.46e-02        0.01
   7     -1044.202021887     -4.40e-03      3.91e-03        0.01
   8     -1044.202037111     -1.52e-05      2.20e-04        0.01
   9     -1044.202037170     -5.84e-08      2.81e-05        0.01
  10     -1044.202037171     -8.03e-10      7.36e-06        0.01

 SCF converged in 10 iterations.

 Dipole moment (in Debye):               0.000000       0.000000       0.000000

 Quadrupole moment (in Debye-Angstrom):
                  1            2            3
 1        -9.975390     0.000000     0.000000
 2         0.000000    -9.975395     0.000000
 3         0.000000     0.000000    -9.975390

 Spin-squared expectation <S^2>:         8.750
 Total spin quantum number S:            2.500
 TOTAL ENERGY:                       -1044.202037171

 --------------------------------------------------------------------------------

 End time:                               Sun Nov  7 03:33:18 2021
 Total wall-clock time:                  0.585 seconds
==================================================================================
