
================================================================================
          _____________ ________ _______________ ________     _________         
         / ___________// ______ \\_____   _____// ______ \   / ________)        
        / /_________  / /      \ \     | |     / /      \ \ | (_______          
       |  __________|| |        | |    | |    | |        | | \________ \        
        \ \_________ | |        | |    | |     \ \______/ /___________) |       
         \__________||_|        |_|    |_|      \________//____________/        
                                                                                
====================================[ Qcore ]===================================

 Git describe: 2.3.0-3-g778a55bfd
 Compiler:     GNU 9.3.0
 Build type:   Release
 Version:      2.3.0-3-g778a55bfd

 Start time:   Sun Nov  7 03:35:18 2021

 Data directory: /mnt/storage/scratch/zw18965/.local/qcore/share/entos/qcore/data
 Number of threads: 28
 Number of threads was determined by: command line argument

 --------------------------------------------------------------------------------
                                   command: dft                                  
 --------------------------------------------------------------------------------
 AO basis set:                           def2-tzvppd
 Number of AO basis functions:         155

 Formula:                                CH3Cr+
 Nuclear charge:                        33.000000000
 Total charge:                           1.000000000
 Number of electrons:                   32.000000000

 Number of alpha electrons:             18
 Number of beta electrons:              14
 Number of unpaired electrons:           4
 Spin:                                   4
 Multiplicity:                           quintet

 Theory:                                 dft
 Exchange-correlation functional:        blyp
 Method for Coulomb:                     incore_df
 Integral threshold:                     1.00e-12
 DF basis set:                           def2-universal-jkfit
 Number of DF basis functions:         393
 Schwarz screening threshold:            1.00e-10
 Coulomb fitting method:                 Cholesky
 Total number of grid points:        32298
 Method for AO orthogonalization:        symmetric
 Threshold for linear dependence:        1.00e-08
 D3BJ dispersion energy:                -0.005835295

 -------------------------------------
  Running unrestricted open-shell SCF 
 -------------------------------------
 Max number of iterations:             128
 Conv. threshold (gradient):             1.00e-05
 Conv. threshold (energy):               1.00e-06
 Interpolation scheme:                   adiis+cdiis
 Initial guess:                          SAD

 ---------------------------------------------------------------
                  energy        change          grad        time
 ---------------------------------------------------------------
   0     -1084.264065695                    4.61e+00        0.04
   1     -1083.263920511      1.00e+00      2.84e+00        0.04
   2     -1066.348743952      1.69e+01      7.19e+00        0.04
   3     -1080.400613588     -1.41e+01      7.09e+00        0.04
   4     -1083.989001342     -3.59e+00      1.08e+00        0.04
   5     -1084.016522779     -2.75e-02      9.65e-01        0.04
   6     -1084.104165627     -8.76e-02      7.27e-02        0.04
   7     -1084.099040488      5.13e-03      2.41e-01        0.04
   8     -1084.104813046     -5.77e-03      2.73e-02        0.04
   9     -1084.104897376     -8.43e-05      6.25e-03        0.04
  10     -1084.104902125     -4.75e-06      1.67e-03        0.04
  11     -1084.104902628     -5.03e-07      8.87e-04        0.04
  12     -1084.104902724     -9.59e-08      1.12e-04        0.04
  13     -1084.104902727     -2.86e-09      3.80e-05        0.04
  14     -1084.104902727     -5.79e-10      1.26e-05        0.04
  15     -1084.104902727     -4.80e-11      2.18e-06        0.04

 SCF converged in 15 iterations.

 Dipole moment (in Debye):              -1.183510      -2.049970      -0.836942

 Quadrupole moment (in Debye-Angstrom):
                  1            2            3
 1       -16.389758     1.197138     0.488738
 2         1.197138   -15.007217     0.846692
 3         0.488738     0.846692   -16.735199

 Spin-squared expectation <S^2>:         6.063
 Total spin quantum number S:            2.013
 TOTAL ENERGY:                       -1084.104902727

 --------------------------------------------------------------------------------

 End time:                               Sun Nov  7 03:35:20 2021
 Total wall-clock time:                  2.034 seconds
==================================================================================
