
================================================================================
          _____________ ________ _______________ ________     _________         
         / ___________// ______ \\_____   _____// ______ \   / ________)        
        / /_________  / /      \ \     | |     / /      \ \ | (_______          
       |  __________|| |        | |    | |    | |        | | \________ \        
        \ \_________ | |        | |    | |     \ \______/ /___________) |       
         \__________||_|        |_|    |_|      \________//____________/        
                                                                                
====================================[ Qcore ]===================================

 Git describe: 2.3.0-3-g778a55bfd
 Compiler:     GNU 9.3.0
 Build type:   Release
 Version:      2.3.0-3-g778a55bfd

 Start time:   Sun Nov  7 03:35:18 2021

 Data directory: /mnt/storage/scratch/zw18965/.local/qcore/share/entos/qcore/data
 Number of threads: 28
 Number of threads was determined by: command line argument

 --------------------------------------------------------------------------------
                                   command: dft                                  
 --------------------------------------------------------------------------------
 AO basis set:                           def2-tzvppd
 Number of AO basis functions:         134

 Formula:                                Cu2
 Nuclear charge:                        58.000000000
 Total charge:                           0.000000000
 Number of electrons:                   58.000000000

 Number of alpha electrons:             29
 Number of beta electrons:              29
 Number of unpaired electrons:           0
 Spin:                                   0
 Multiplicity:                           singlet

 Theory:                                 dft
 Exchange-correlation functional:        blyp
 Method for Coulomb:                     incore_df
 Integral threshold:                     1.00e-12
 DF basis set:                           def2-universal-jkfit
 Number of DF basis functions:         528
 Schwarz screening threshold:            1.00e-10
 Coulomb fitting method:                 Cholesky
 Total number of grid points:        15872
 Method for AO orthogonalization:        symmetric
 Threshold for linear dependence:        1.00e-08
 D3BJ dispersion energy:                -0.002665406

 -------------------------------------
  Running restricted closed-shell SCF 
 -------------------------------------
 Max number of iterations:             128
 Conv. threshold (gradient):             1.00e-05
 Conv. threshold (energy):               1.00e-06
 Interpolation scheme:                   adiis+cdiis
 Initial guess:                          SAD

 ---------------------------------------------------------------
                  energy        change          grad        time
 ---------------------------------------------------------------
   0     -3281.346643515                    3.29e+00        0.01
   1     -3281.240705793      1.06e-01      3.29e-01        0.01
   2     -3281.176575296      6.41e-02      6.71e-01        0.01
   3     -3281.254276339     -7.77e-02      1.32e-01        0.01
   4     -3281.249780840      4.50e-03      2.27e-01        0.01
   5     -3281.256640208     -6.86e-03      1.44e-01        0.01
   6     -3281.258574897     -1.93e-03      8.72e-02        0.02
   7     -3281.259681148     -1.11e-03      2.74e-02        0.01
   8     -3281.259827444     -1.46e-04      1.57e-04        0.01
   9     -3281.259827449     -4.90e-09      2.56e-05        0.01
  10     -3281.259827449     -3.37e-11      1.73e-05        0.01
  11     -3281.259827449     -3.23e-11      1.79e-06        0.01

 SCF converged in 11 iterations.

 Dipole moment (in Debye):              -0.000005      -0.000005       0.000001

 Quadrupole moment (in Debye-Angstrom):
                  1            2            3
 1       -28.214639     0.000001     0.000001
 2         0.000001   -28.214639     0.000001
 3         0.000001     0.000001   -21.730879

 Spin-squared expectation <S^2>:         0.000
 Total spin quantum number S:            0.000
 TOTAL ENERGY:                       -3281.259827449

 --------------------------------------------------------------------------------

 End time:                               Sun Nov  7 03:35:19 2021
 Total wall-clock time:                  1.158 seconds
==================================================================================
