
================================================================================
          _____________ ________ _______________ ________     _________         
         / ___________// ______ \\_____   _____// ______ \   / ________)        
        / /_________  / /      \ \     | |     / /      \ \ | (_______          
       |  __________|| |        | |    | |    | |        | | \________ \        
        \ \_________ | |        | |    | |     \ \______/ /___________) |       
         \__________||_|        |_|    |_|      \________//____________/        
                                                                                
====================================[ Qcore ]===================================

 Git describe: 2.3.0-3-g778a55bfd
 Compiler:     GNU 9.3.0
 Build type:   Release
 Version:      2.3.0-3-g778a55bfd

 Start time:   Sun Nov  7 03:33:17 2021

 Data directory: /mnt/storage/scratch/zw18965/.local/qcore/share/entos/qcore/data
 Number of threads: 28
 Number of threads was determined by: command line argument

 --------------------------------------------------------------------------------
                                   command: dft                                  
 --------------------------------------------------------------------------------
 AO basis set:                           def2-tzvppd
 Number of AO basis functions:         123
 ECP on atom 2 (Ag):                     28 electrons

 Formula:                                CuAg
 Nuclear charge:                        76.000000000
 Total charge:                           0.000000000
 Number of core electrons:              28
 Number of treated electrons:           48

 Number of alpha electrons:             24
 Number of beta electrons:              24
 Number of unpaired electrons:           0
 Spin:                                   0
 Multiplicity:                           singlet

 Theory:                                 dft
 Exchange-correlation functional:        blyp
 Method for Coulomb:                     incore_df
 Integral threshold:                     1.00e-12
 DF basis set:                           def2-universal-jkfit
 Number of DF basis functions:         519
 Schwarz screening threshold:            1.00e-10
 Coulomb fitting method:                 Cholesky
 Total number of grid points:        16434
 Method for AO orthogonalization:        symmetric
 Threshold for linear dependence:        1.00e-08
 D3BJ dispersion energy:                -0.003136629

 -------------------------------------
  Running restricted closed-shell SCF 
 -------------------------------------
 Max number of iterations:             128
 Conv. threshold (gradient):             1.00e-05
 Conv. threshold (energy):               1.00e-06
 Interpolation scheme:                   adiis+cdiis
 Initial guess:                          SAD

 ---------------------------------------------------------------
                  energy        change          grad        time
 ---------------------------------------------------------------
   0     -1787.707130962                    3.50e+00        0.02
   1     -1787.587716819      1.19e-01      2.70e-01        0.01
   2     -1787.558987068      2.87e-02      5.47e-01        0.01
   3     -1787.598187193     -3.92e-02      1.62e-01        0.01
   4     -1787.579935617      1.83e-02      4.55e-01        0.01
   5     -1787.600636633     -2.07e-02      8.08e-02        0.01
   6     -1787.601828575     -1.19e-03      2.76e-02        0.02
   7     -1787.601994127     -1.66e-04      1.86e-03        0.01
   8     -1787.601995061     -9.34e-07      9.83e-04        0.01
   9     -1787.601995196     -1.36e-07      9.76e-05        0.01
  10     -1787.601995198     -1.35e-09      6.55e-06        0.01

 SCF converged in 10 iterations.

 Dipole moment (in Debye):              -0.000002      -0.000002       0.044657

 Quadrupole moment (in Debye-Angstrom):
                  1            2            3
 1       -34.460647     0.000001     0.000008
 2         0.000001   -34.460647     0.000008
 3         0.000008     0.000008   -28.029460

 Spin-squared expectation <S^2>:         0.000
 Total spin quantum number S:            0.000
 TOTAL ENERGY:                       -1787.601995198

 --------------------------------------------------------------------------------

 End time:                               Sun Nov  7 03:33:19 2021
 Total wall-clock time:                  1.332 seconds
==================================================================================
