
================================================================================
          _____________ ________ _______________ ________     _________         
         / ___________// ______ \\_____   _____// ______ \   / ________)        
        / /_________  / /      \ \     | |     / /      \ \ | (_______          
       |  __________|| |        | |    | |    | |        | | \________ \        
        \ \_________ | |        | |    | |     \ \______/ /___________) |       
         \__________||_|        |_|    |_|      \________//____________/        
                                                                                
====================================[ Qcore ]===================================

 Git describe: 2.3.0-3-g778a55bfd
 Compiler:     GNU 9.3.0
 Build type:   Release
 Version:      2.3.0-3-g778a55bfd

 Start time:   Sun Nov  7 03:34:18 2021

 Data directory: /mnt/storage/scratch/zw18965/.local/qcore/share/entos/qcore/data
 Number of threads: 28
 Number of threads was determined by: command line argument

 --------------------------------------------------------------------------------
                                   command: dft                                  
 --------------------------------------------------------------------------------
 AO basis set:                           def2-tzvppd
 Number of AO basis functions:         141

 Formula:                                H2OCu+
 Nuclear charge:                        39.000000000
 Total charge:                           1.000000000
 Number of electrons:                   38.000000000

 Number of alpha electrons:             19
 Number of beta electrons:              19
 Number of unpaired electrons:           0
 Spin:                                   0
 Multiplicity:                           singlet

 Theory:                                 dft
 Exchange-correlation functional:        blyp
 Method for Coulomb:                     incore_df
 Integral threshold:                     1.00e-12
 DF basis set:                           def2-universal-jkfit
 Number of DF basis functions:         377
 Schwarz screening threshold:            1.00e-10
 Coulomb fitting method:                 Cholesky
 Total number of grid points:        26660
 Method for AO orthogonalization:        symmetric
 Threshold for linear dependence:        1.00e-08
 D3BJ dispersion energy:                -0.003198228

 -------------------------------------
  Running restricted closed-shell SCF 
 -------------------------------------
 Max number of iterations:             128
 Conv. threshold (gradient):             1.00e-05
 Conv. threshold (energy):               1.00e-06
 Interpolation scheme:                   adiis+cdiis
 Initial guess:                          SAD

 ---------------------------------------------------------------
                  energy        change          grad        time
 ---------------------------------------------------------------
   0     -1717.214545121                    7.53e+00        0.02
   1     -1716.699837875      5.15e-01      1.75e+00        0.02
   2     -1716.076429564      6.23e-01      3.61e+00        0.02
   3     -1716.748652022     -6.72e-01      1.19e+00        0.02
   4     -1716.796779638     -4.81e-02      5.01e-01        0.02
   5     -1716.772444363      2.43e-02      7.19e-01        0.02
   6     -1716.801744795     -2.93e-02      3.78e-01        0.02
   7     -1716.804254383     -2.51e-03      3.44e-01        0.02
   8     -1716.808528324     -4.27e-03      5.87e-02        0.02
   9     -1716.806889340      1.64e-03      1.79e-01        0.02
  10     -1716.808800631     -1.91e-03      1.38e-04        0.02
  11     -1716.808800632     -8.33e-10      1.78e-05        0.02
  12     -1716.808800632     -1.36e-11      5.65e-06        0.02

 SCF converged in 12 iterations.

 Dipole moment (in Debye):              -0.000004      -0.000005       1.416100

 Quadrupole moment (in Debye-Angstrom):
                  1            2            3
 1       -13.351729     0.000001     0.000003
 2         0.000001   -17.469055     0.000002
 3         0.000003     0.000002    -5.278416

 Spin-squared expectation <S^2>:         0.000
 Total spin quantum number S:            0.000
 TOTAL ENERGY:                       -1716.808800632

 --------------------------------------------------------------------------------

 End time:                               Sun Nov  7 03:34:19 2021
 Total wall-clock time:                  1.524 seconds
==================================================================================
