
================================================================================
          _____________ ________ _______________ ________     _________         
         / ___________// ______ \\_____   _____// ______ \   / ________)        
        / /_________  / /      \ \     | |     / /      \ \ | (_______          
       |  __________|| |        | |    | |    | |        | | \________ \        
        \ \_________ | |        | |    | |     \ \______/ /___________) |       
         \__________||_|        |_|    |_|      \________//____________/        
                                                                                
====================================[ Qcore ]===================================

 Git describe: 2.3.0-3-g778a55bfd
 Compiler:     GNU 9.3.0
 Build type:   Release
 Version:      2.3.0-3-g778a55bfd

 Start time:   Sun Nov  7 03:35:17 2021

 Data directory: /mnt/storage/scratch/zw18965/.local/qcore/share/entos/qcore/data
 Number of threads: 28
 Number of threads was determined by: command line argument

 --------------------------------------------------------------------------------
                                   command: dft                                  
 --------------------------------------------------------------------------------
 AO basis set:                           def2-tzvppd
 Number of AO basis functions:          67

 Formula:                                Fe
 Nuclear charge:                        26.000000000
 Total charge:                           0.000000000
 Number of electrons:                   26.000000000

 Number of alpha electrons:             15
 Number of beta electrons:              11
 Number of unpaired electrons:           4
 Spin:                                   4
 Multiplicity:                           quintet

 Theory:                                 dft
 Exchange-correlation functional:        blyp
 Method for Coulomb:                     incore_df
 Integral threshold:                     1.00e-12
 DF basis set:                           def2-universal-jkfit
 Number of DF basis functions:         264
 Schwarz screening threshold:            1.00e-10
 Coulomb fitting method:                 Cholesky
 Total number of grid points:         7936
 Method for AO orthogonalization:        symmetric
 Threshold for linear dependence:        1.00e-08
 D3BJ dispersion energy:                 0.000000000

 -------------------------------------
  Running unrestricted open-shell SCF 
 -------------------------------------
 Max number of iterations:             128
 Conv. threshold (gradient):             1.00e-05
 Conv. threshold (energy):               1.00e-06
 Interpolation scheme:                   adiis+cdiis
 Initial guess:                          SAD

 ---------------------------------------------------------------
                  energy        change          grad        time
 ---------------------------------------------------------------
   0     -1263.572695245                    1.39e-02        0.00
   1     -1263.598204749     -2.55e-02      5.46e-01        0.01
   2     -1256.268118999      7.33e+00      3.72e+00        0.01
   3     -1263.302573554     -7.03e+00      9.73e-01        0.01
   4     -1263.666461527     -3.64e-01      4.08e-01        0.01
   5     -1263.668555739     -2.09e-03      3.51e-01        0.01
   6     -1263.680161218     -1.16e-02      3.51e-01        0.01
   7     -1263.695253015     -1.51e-02      2.34e-01        0.01
   8     -1263.698272729     -3.02e-03      2.22e-01        0.01
   9     -1263.726889686     -2.86e-02      5.17e-02        0.01
  10     -1263.717052161      9.84e-03      1.55e-01        0.01
  11     -1263.727511404     -1.05e-02      3.46e-02        0.01
  12     -1263.727985985     -4.75e-04      8.87e-03        0.01
  13     -1263.728017822     -3.18e-05      9.74e-04        0.01
  14     -1263.728015581      2.24e-06      2.48e-03        0.01
  15     -1263.728016267     -6.86e-07      2.15e-03        0.01
  16     -1263.728017937     -1.67e-06      7.38e-04        0.01
  17     -1263.728017992     -5.50e-08      6.54e-04        0.01
  18     -1263.728017992      1.58e-10      6.78e-04        0.01
  19     -1263.728018227     -2.36e-07      2.33e-04        0.01
  20     -1263.728018270     -4.26e-08      1.00e-04        0.01
  21     -1263.728018276     -5.86e-09      4.81e-05        0.01
  22     -1263.728018278     -1.89e-09      1.60e-05        0.01
  23     -1263.728018278     -3.99e-10      2.31e-05        0.01
  24     -1263.728018278      2.41e-10      2.46e-05        0.01
  25     -1263.728018272      6.00e-09      1.22e-05        0.01
  26     -1263.728018256      1.63e-08      3.08e-05        0.01
  27     -1263.728018192      6.38e-08      2.37e-05        0.01
  28     -1263.728018194     -1.67e-09      2.33e-05        0.01
  29     -1263.728018196     -2.38e-09      1.89e-05        0.01
  30     -1263.728018185      1.11e-08      2.64e-05        0.01
  31     -1263.728018186     -1.08e-09      2.53e-05        0.01
  32     -1263.728018188     -1.80e-09      1.70e-05        0.01
  33     -1263.728018188      9.00e-11      1.70e-05        0.01
  34     -1263.728018185      2.62e-09      1.14e-05        0.01
  35     -1263.728018183      2.04e-09      6.29e-06        0.01

 SCF converged in 35 iterations.

 Dipole moment (in Debye):              -0.000001      -0.000001       0.000002

 Quadrupole moment (in Debye-Angstrom):
                  1            2            3
 1       -16.466328     0.920298     0.768967
 2         0.920298   -16.452862     0.775377
 3         0.768967     0.775377   -16.734005

 Spin-squared expectation <S^2>:         6.008
 Total spin quantum number S:            2.002
 TOTAL ENERGY:                       -1263.728018183

 --------------------------------------------------------------------------------

 End time:                               Sun Nov  7 03:35:18 2021
 Total wall-clock time:                  0.753 seconds
==================================================================================
