
================================================================================
          _____________ ________ _______________ ________     _________         
         / ___________// ______ \\_____   _____// ______ \   / ________)        
        / /_________  / /      \ \     | |     / /      \ \ | (_______          
       |  __________|| |        | |    | |    | |        | | \________ \        
        \ \_________ | |        | |    | |     \ \______/ /___________) |       
         \__________||_|        |_|    |_|      \________//____________/        
                                                                                
====================================[ Qcore ]===================================

 Git describe: 2.3.0-3-g778a55bfd
 Compiler:     GNU 9.3.0
 Build type:   Release
 Version:      2.3.0-3-g778a55bfd

 Start time:   Sun Nov  7 03:34:18 2021

 Data directory: /mnt/storage/scratch/zw18965/.local/qcore/share/entos/qcore/data
 Number of threads: 28
 Number of threads was determined by: command line argument

 --------------------------------------------------------------------------------
                                   command: dft                                  
 --------------------------------------------------------------------------------
 AO basis set:                           def2-tzvppd
 Number of AO basis functions:          84

 Formula:                                HFe
 Nuclear charge:                        27.000000000
 Total charge:                           0.000000000
 Number of electrons:                   27.000000000

 Number of alpha electrons:             15
 Number of beta electrons:              12
 Number of unpaired electrons:           3
 Spin:                                   3
 Multiplicity:                           quartet

 Theory:                                 dft
 Exchange-correlation functional:        blyp
 Method for Coulomb:                     incore_df
 Integral threshold:                     1.00e-12
 DF basis set:                           def2-universal-jkfit
 Number of DF basis functions:         282
 Schwarz screening threshold:            1.00e-10
 Coulomb fitting method:                 Cholesky
 Total number of grid points:        13826
 Method for AO orthogonalization:        symmetric
 Threshold for linear dependence:        1.00e-08
 D3BJ dispersion energy:                -0.000906719

 -------------------------------------
  Running unrestricted open-shell SCF 
 -------------------------------------
 Max number of iterations:             128
 Conv. threshold (gradient):             1.00e-05
 Conv. threshold (energy):               1.00e-06
 Interpolation scheme:                   adiis+cdiis
 Initial guess:                          SAD

 ---------------------------------------------------------------
                  energy        change          grad        time
 ---------------------------------------------------------------
   0     -1264.153803750                    1.10e+00        0.01
   1     -1264.130854568      2.29e-02      6.87e-01        0.01
   2     -1254.490707827      9.64e+00      3.35e+00        0.01
   3     -1263.199126701     -8.71e+00      1.87e+00        0.01
   4     -1264.212029479     -1.01e+00      6.21e-01        0.01
   5     -1264.279518103     -6.75e-02      3.74e-01        0.01
   6     -1264.305420570     -2.59e-02      2.21e-01        0.01
   7     -1264.313023672     -7.60e-03      1.09e-01        0.01
   8     -1264.310929240      2.09e-03      1.46e-01        0.01
   9     -1264.317049173     -6.12e-03      6.92e-02        0.01
  10     -1264.315737129      1.31e-03      9.75e-02        0.01
  11     -1264.318504297     -2.77e-03      2.00e-03        0.01
  12     -1264.318505276     -9.79e-07      3.83e-04        0.01
  13     -1264.318505312     -3.63e-08      4.59e-04        0.01
  14     -1264.318505374     -6.20e-08      5.93e-05        0.01
  15     -1264.318505375     -4.31e-10      3.48e-05        0.01
  16     -1264.318505375     -3.48e-10      4.89e-06        0.01

 SCF converged in 16 iterations.

 Dipole moment (in Debye):              -0.000005      -0.000005      -2.300797

 Quadrupole moment (in Debye-Angstrom):
                  1            2            3
 1       -16.812509    -0.832990     0.000019
 2        -0.832990   -16.812509     0.000019
 3         0.000019     0.000019   -17.437036

 Spin-squared expectation <S^2>:         3.804
 Total spin quantum number S:            1.513
 TOTAL ENERGY:                       -1264.318505375

 --------------------------------------------------------------------------------

 End time:                               Sun Nov  7 03:34:18 2021
 Total wall-clock time:                  0.869 seconds
==================================================================================
