
================================================================================
          _____________ ________ _______________ ________     _________         
         / ___________// ______ \\_____   _____// ______ \   / ________)        
        / /_________  / /      \ \     | |     / /      \ \ | (_______          
       |  __________|| |        | |    | |    | |        | | \________ \        
        \ \_________ | |        | |    | |     \ \______/ /___________) |       
         \__________||_|        |_|    |_|      \________//____________/        
                                                                                
====================================[ Qcore ]===================================

 Git describe: 2.3.0-3-g778a55bfd
 Compiler:     GNU 9.3.0
 Build type:   Release
 Version:      2.3.0-3-g778a55bfd

 Start time:   Sun Nov  7 03:35:18 2021

 Data directory: /mnt/storage/scratch/zw18965/.local/qcore/share/entos/qcore/data
 Number of threads: 28
 Number of threads was determined by: command line argument

 --------------------------------------------------------------------------------
                                   command: dft                                  
 --------------------------------------------------------------------------------
 AO basis set:                           def2-tzvppd
 Number of AO basis functions:          74

 Formula:                                H2O
 Nuclear charge:                        10.000000000
 Total charge:                           0.000000000
 Number of electrons:                   10.000000000

 Number of alpha electrons:              5
 Number of beta electrons:               5
 Number of unpaired electrons:           0
 Spin:                                   0
 Multiplicity:                           singlet

 Theory:                                 dft
 Exchange-correlation functional:        blyp
 Method for Coulomb:                     incore_df
 Integral threshold:                     1.00e-12
 DF basis set:                           def2-universal-jkfit
 Number of DF basis functions:         113
 Schwarz screening threshold:            1.00e-10
 Coulomb fitting method:                 Cholesky
 Total number of grid points:        18724
 Method for AO orthogonalization:        symmetric
 Threshold for linear dependence:        1.00e-08
 D3BJ dispersion energy:                -0.000719220

 -------------------------------------
  Running restricted closed-shell SCF 
 -------------------------------------
 Max number of iterations:             128
 Conv. threshold (gradient):             1.00e-05
 Conv. threshold (energy):               1.00e-06
 Interpolation scheme:                   adiis+cdiis
 Initial guess:                          SAD

 ---------------------------------------------------------------
                  energy        change          grad        time
 ---------------------------------------------------------------
   0       -76.429947846                    5.89e+00        0.01
   1       -76.345318412      8.46e-02      1.49e+00        0.01
   2       -75.790851504      5.54e-01      3.43e+00        0.01
   3       -76.404005684     -6.13e-01      1.03e+00        0.01
   4       -76.449481188     -4.55e-02      2.70e-01        0.01
   5       -76.446568136      2.91e-03      3.65e-01        0.01
   6       -76.452877358     -6.31e-03      4.57e-02        0.01
   7       -76.452569154      3.08e-04      9.27e-02        0.01
   8       -76.452975123     -4.06e-04      3.34e-05        0.01
   9       -76.452975123     -7.23e-11      3.55e-06        0.01

 SCF converged in 9 iterations.

 Dipole moment (in Debye):               1.424525      -0.000001       1.102632

 Quadrupole moment (in Debye-Angstrom):
                  1            2            3
 1        -5.855415    -0.000000    -0.955528
 2        -0.000000    -7.927686    -0.000000
 3        -0.955528    -0.000000    -5.360582

 Spin-squared expectation <S^2>:         0.000
 Total spin quantum number S:            0.000
 TOTAL ENERGY:                         -76.452975123

 --------------------------------------------------------------------------------

 End time:                               Sun Nov  7 03:35:18 2021
 Total wall-clock time:                  0.394 seconds
==================================================================================
