
================================================================================
          _____________ ________ _______________ ________     _________         
         / ___________// ______ \\_____   _____// ______ \   / ________)        
        / /_________  / /      \ \     | |     / /      \ \ | (_______          
       |  __________|| |        | |    | |    | |        | | \________ \        
        \ \_________ | |        | |    | |     \ \______/ /___________) |       
         \__________||_|        |_|    |_|      \________//____________/        
                                                                                
====================================[ Qcore ]===================================

 Git describe: 2.3.0-3-g778a55bfd
 Compiler:     GNU 9.3.0
 Build type:   Release
 Version:      2.3.0-3-g778a55bfd

 Start time:   Sun Nov  7 03:33:18 2021

 Data directory: /mnt/storage/scratch/zw18965/.local/qcore/share/entos/qcore/data
 Number of threads: 28
 Number of threads was determined by: command line argument

 --------------------------------------------------------------------------------
                                   command: dft                                  
 --------------------------------------------------------------------------------
 AO basis set:                           def2-tzvppd
 Number of AO basis functions:          67

 Formula:                                V+
 Nuclear charge:                        23.000000000
 Total charge:                           1.000000000
 Number of electrons:                   22.000000000

 Number of alpha electrons:             13
 Number of beta electrons:               9
 Number of unpaired electrons:           4
 Spin:                                   4
 Multiplicity:                           quintet

 Theory:                                 dft
 Exchange-correlation functional:        blyp
 Method for Coulomb:                     incore_df
 Integral threshold:                     1.00e-12
 DF basis set:                           def2-universal-jkfit
 Number of DF basis functions:         264
 Schwarz screening threshold:            1.00e-10
 Coulomb fitting method:                 Cholesky
 Total number of grid points:         7852
 Method for AO orthogonalization:        symmetric
 Threshold for linear dependence:        1.00e-08
 D3BJ dispersion energy:                 0.000000000

 -------------------------------------
  Running unrestricted open-shell SCF 
 -------------------------------------
 Max number of iterations:             128
 Conv. threshold (gradient):             1.00e-05
 Conv. threshold (energy):               1.00e-06
 Interpolation scheme:                   adiis+cdiis
 Initial guess:                          SAD

 ---------------------------------------------------------------
                  energy        change          grad        time
 ---------------------------------------------------------------
   0      -943.813497907                    1.11e-02        0.01
   1      -943.479165546      3.34e-01      4.04e-01        0.01
   2      -943.238234240      2.41e-01      6.33e-01        0.01
   3      -943.653465620     -4.15e-01      1.66e-01        0.01
   4      -943.605887371      4.76e-02      2.58e-01        0.01
   5      -943.671853726     -6.60e-02      1.30e-01        0.01
   6      -943.677300814     -5.45e-03      8.46e-02        0.01
   7      -943.643082193      3.42e-02      1.62e-01        0.01
   8      -943.619570085      2.35e-02      2.07e-01        0.01
   9      -943.614850056      4.72e-03      2.22e-01        0.01
  10      -943.608968159      5.88e-03      2.37e-01        0.01
  11      -943.608855304      1.13e-04      2.37e-01        0.01
  12      -943.608263392      5.92e-04      2.39e-01        0.01
  13      -943.612215934     -3.95e-03      2.31e-01        0.01
  14      -943.675956540     -6.37e-02      8.77e-02        0.01
  15      -943.678527429     -2.57e-03      6.99e-02        0.01
  16      -943.610452242      6.81e-02      2.57e-01        0.01
  17      -943.603828835      6.62e-03      2.67e-01        0.01
  18      -943.605118372     -1.29e-03      2.52e-01        0.01
  19      -943.612355952     -7.24e-03      2.50e-01        0.01
  20      -943.619528816     -7.17e-03      2.23e-01        0.01
  21      -943.621838906     -2.31e-03      2.16e-01        0.01
  22      -943.625000300     -3.16e-03      2.07e-01        0.01
  23      -943.626031204     -1.03e-03      2.07e-01        0.01
  24      -943.679974414     -5.39e-02      5.01e-02        0.01
  25      -943.677715655      2.26e-03      6.64e-02        0.01
  26      -943.678144679     -4.29e-04      6.54e-02        0.01
  27      -943.616664220      6.15e-02      2.81e-01        0.01
  28      -943.615778216      8.86e-04      2.73e-01        0.01
  29      -943.617626102     -1.85e-03      2.75e-01        0.01
  30      -943.617886685     -2.61e-04      2.77e-01        0.01
  31      -943.618010273     -1.24e-04      2.79e-01        0.01
  32      -943.618149165     -1.39e-04      2.77e-01        0.01
  33      -943.618497006     -3.48e-04      2.78e-01        0.01
  34      -943.617967662      5.29e-04      2.82e-01        0.01
  35      -943.679280572     -6.13e-02      6.80e-02        0.01
  36      -943.680229751     -9.49e-04      6.19e-02        0.01
  37      -943.682312271     -2.08e-03      3.85e-02        0.01
  38      -943.683617323     -1.31e-03      1.22e-02        0.01
  39      -943.683625502     -8.18e-06      1.25e-02        0.01
  40      -943.683625255      2.47e-07      1.34e-02        0.01
  41      -943.683623064      2.19e-06      1.35e-02        0.01
  42      -943.683622033      1.03e-06      1.35e-02        0.01
  43      -943.683614053      7.98e-06      1.42e-02        0.01
  44      -943.683648867     -3.48e-05      9.31e-03        0.01
  45      -943.683659554     -1.07e-05      2.69e-03        0.01
  46      -943.683659847     -2.93e-07      3.52e-03        0.01
  47      -943.683664007     -4.16e-06      3.10e-03        0.01
  48      -943.683666554     -2.55e-06      1.62e-03        0.01
  49      -943.683667372     -8.17e-07      2.50e-04        0.01
  50      -943.683667400     -2.82e-08      3.40e-05        0.01
  51      -943.683667401     -6.54e-10      1.51e-05        0.01
  52      -943.683667401     -4.85e-10      1.20e-05        0.01
  53      -943.683667403     -2.02e-09      1.75e-05        0.01
  54      -943.683667405     -2.30e-09      2.13e-05        0.01
  55      -943.683667427     -2.16e-08      1.74e-05        0.01
  56      -943.683667462     -3.51e-08      2.84e-05        0.01
  57      -943.683667429      3.30e-08      2.08e-05        0.01
  58      -943.683667435     -6.16e-09      9.71e-06        0.01

 SCF converged in 58 iterations.

 Dipole moment (in Debye):              -0.000001      -0.000000      -0.000004

 Quadrupole moment (in Debye-Angstrom):
                  1            2            3
 1       -10.252623    -0.954968    -0.050603
 2        -0.954968   -11.618742    -0.085701
 3        -0.050603    -0.085701   -10.494758

 Spin-squared expectation <S^2>:         6.000
 Total spin quantum number S:            2.000
 TOTAL ENERGY:                        -943.683667432

 --------------------------------------------------------------------------------

 End time:                               Sun Nov  7 03:33:19 2021
 Total wall-clock time:                  1.002 seconds
==================================================================================
