
================================================================================
          _____________ ________ _______________ ________     _________         
         / ___________// ______ \\_____   _____// ______ \   / ________)        
        / /_________  / /      \ \     | |     / /      \ \ | (_______          
       |  __________|| |        | |    | |    | |        | | \________ \        
        \ \_________ | |        | |    | |     \ \______/ /___________) |       
         \__________||_|        |_|    |_|      \________//____________/        
                                                                                
====================================[ Qcore ]===================================

 Git describe: 2.3.0-3-g778a55bfd
 Compiler:     GNU 9.3.0
 Build type:   Release
 Version:      2.3.0-3-g778a55bfd

 Start time:   Sun Nov  7 03:36:18 2021

 Data directory: /mnt/storage/scratch/zw18965/.local/qcore/share/entos/qcore/data
 Number of threads: 28
 Number of threads was determined by: command line argument

 --------------------------------------------------------------------------------
                                   command: dft                                  
 --------------------------------------------------------------------------------
 AO basis set:                           def2-tzvppd
 Number of AO basis functions:         144

 Formula:                                COV+
 Nuclear charge:                        37.000000000
 Total charge:                           1.000000000
 Number of electrons:                   36.000000000

 Number of alpha electrons:             20
 Number of beta electrons:              16
 Number of unpaired electrons:           4
 Spin:                                   4
 Multiplicity:                           quintet

 Theory:                                 dft
 Exchange-correlation functional:        blyp
 Method for Coulomb:                     incore_df
 Integral threshold:                     1.00e-12
 DF basis set:                           def2-universal-jkfit
 Number of DF basis functions:         416
 Schwarz screening threshold:            1.00e-10
 Coulomb fitting method:                 Cholesky
 Total number of grid points:        21596
 Method for AO orthogonalization:        symmetric
 Threshold for linear dependence:        1.00e-08
 D3BJ dispersion energy:                -0.004441774

 -------------------------------------
  Running unrestricted open-shell SCF 
 -------------------------------------
 Max number of iterations:             128
 Conv. threshold (gradient):             1.00e-05
 Conv. threshold (energy):               1.00e-06
 Interpolation scheme:                   adiis+cdiis
 Initial guess:                          SAD

 ---------------------------------------------------------------
                  energy        change          grad        time
 ---------------------------------------------------------------
   0     -1057.495515745                    3.52e+00        0.03
   1     -1055.720724381      1.77e+00      1.42e+00        0.03
   2     -1016.473906893      3.92e+01      6.74e+00        0.03
   3     -1044.573489151     -2.81e+01      8.56e+00        0.02
   4     -1056.770017293     -1.22e+01      1.32e+00        0.03
   5     -1056.921071725     -1.51e-01      6.18e-01        0.03
   6     -1056.928470379     -7.40e-03      8.01e-01        0.03
   7     -1057.061201421     -1.33e-01      2.93e-01        0.03
   8     -1057.032611412      2.86e-02      4.84e-01        0.03
   9     -1057.088569677     -5.60e-02      1.27e-01        0.03
  10     -1057.083918255      4.65e-03      1.60e-01        0.03
  11     -1057.091179964     -7.26e-03      7.11e-02        0.03
  12     -1057.079157854      1.20e-02      1.89e-01        0.04
  13     -1057.091872885     -1.27e-02      4.68e-02        0.03
  14     -1057.092431038     -5.58e-04      7.33e-03        0.03
  15     -1057.092439611     -8.57e-06      6.64e-04        0.03
  16     -1057.092439795     -1.84e-07      1.24e-04        0.03
  17     -1057.092439802     -7.01e-09      2.72e-05        0.03
  18     -1057.092439803     -5.12e-10      1.17e-05        0.03
  19     -1057.092439803     -6.39e-11      2.75e-06        0.03

 SCF converged in 19 iterations.

 Dipole moment (in Debye):              -0.000002      -0.000002      -4.513574

 Quadrupole moment (in Debye-Angstrom):
                  1            2            3
 1       -21.742097     0.000000     0.000001
 2         0.000000   -21.742098     0.000001
 3         0.000001     0.000001   -12.334120

 Spin-squared expectation <S^2>:         6.003
 Total spin quantum number S:            2.001
 TOTAL ENERGY:                       -1057.092439803

 --------------------------------------------------------------------------------

 End time:                               Sun Nov  7 03:36:19 2021
 Total wall-clock time:                  1.945 seconds
==================================================================================
