
================================================================================
          _____________ ________ _______________ ________     _________         
         / ___________// ______ \\_____   _____// ______ \   / ________)        
        / /_________  / /      \ \     | |     / /      \ \ | (_______          
       |  __________|| |        | |    | |    | |        | | \________ \        
        \ \_________ | |        | |    | |     \ \______/ /___________) |       
         \__________||_|        |_|    |_|      \________//____________/        
                                                                                
====================================[ Qcore ]===================================

 Git describe: 2.3.0-3-g778a55bfd
 Compiler:     GNU 9.3.0
 Build type:   Release
 Version:      2.3.0-3-g778a55bfd

 Start time:   Sun Nov  7 03:35:18 2021

 Data directory: /mnt/storage/scratch/zw18965/.local/qcore/share/entos/qcore/data
 Number of threads: 28
 Number of threads was determined by: command line argument

 --------------------------------------------------------------------------------
                                   command: dft                                  
 --------------------------------------------------------------------------------
 AO basis set:                           def2-tzvppd
 Number of AO basis functions:          56
 ECP on atom 1 (Zr):                     28 electrons

 Formula:                                Zr
 Nuclear charge:                        40.000000000
 Total charge:                           0.000000000
 Number of core electrons:              28
 Number of treated electrons:           12

 Number of alpha electrons:              7
 Number of beta electrons:               5
 Number of unpaired electrons:           2
 Spin:                                   2
 Multiplicity:                           triplet

 Theory:                                 dft
 Exchange-correlation functional:        blyp
 Method for Coulomb:                     incore_df
 Integral threshold:                     1.00e-12
 DF basis set:                           def2-universal-jkfit
 Number of DF basis functions:         255
 Schwarz screening threshold:            1.00e-10
 Coulomb fitting method:                 Cholesky
 Total number of grid points:         8186
 Method for AO orthogonalization:        symmetric
 Threshold for linear dependence:        1.00e-08
 D3BJ dispersion energy:                 0.000000000

 -------------------------------------
  Running unrestricted open-shell SCF 
 -------------------------------------
 Max number of iterations:             128
 Conv. threshold (gradient):             1.00e-05
 Conv. threshold (energy):               1.00e-06
 Interpolation scheme:                   adiis+cdiis
 Initial guess:                          SAD

 ---------------------------------------------------------------
                  energy        change          grad        time
 ---------------------------------------------------------------
   0       -46.836517845                    1.53e-03        0.00
   1       -46.864390854     -2.79e-02      4.37e-02        0.01
   2       -46.867756530     -3.37e-03      1.97e-02        0.01
   3       -46.868446181     -6.90e-04      8.71e-03        0.01
   4       -46.868609051     -1.63e-04      4.23e-03        0.01
   5       -46.868646746     -3.77e-05      2.90e-03        0.01
   6       -46.868667168     -2.04e-05      1.42e-03        0.01
   7       -46.868699328     -3.22e-05      1.37e-03        0.01
   8       -46.868666146      3.32e-05      1.86e-04        0.01
   9       -46.868665999      1.47e-07      4.16e-05        0.01
  10       -46.868666003     -3.23e-09      1.02e-05        0.01
  11       -46.868666003     -1.23e-10      2.38e-06        0.01

 SCF converged in 11 iterations.

 Dipole moment (in Debye):               0.000015       0.000011       0.000015

 Quadrupole moment (in Debye-Angstrom):
                  1            2            3
 1       -27.198452    -0.000151    -0.000080
 2        -0.000151   -27.515569    -0.000151
 3        -0.000080    -0.000151   -27.198452

 Spin-squared expectation <S^2>:         2.075
 Total spin quantum number S:            1.025
 TOTAL ENERGY:                         -46.868666003

 --------------------------------------------------------------------------------

 End time:                               Sun Nov  7 03:35:18 2021
 Total wall-clock time:                  0.470 seconds
==================================================================================
