
================================================================================
          _____________ ________ _______________ ________     _________         
         / ___________// ______ \\_____   _____// ______ \   / ________)        
        / /_________  / /      \ \     | |     / /      \ \ | (_______          
       |  __________|| |        | |    | |    | |        | | \________ \        
        \ \_________ | |        | |    | |     \ \______/ /___________) |       
         \__________||_|        |_|    |_|      \________//____________/        
                                                                                
====================================[ Qcore ]===================================

 Git describe: 2.3.0-3-g778a55bfd
 Compiler:     GNU 9.3.0
 Build type:   Release
 Version:      2.3.0-3-g778a55bfd

 Start time:   Sun Nov  7 03:36:18 2021

 Data directory: /mnt/storage/scratch/zw18965/.local/qcore/share/entos/qcore/data
 Number of threads: 28
 Number of threads was determined by: command line argument

 --------------------------------------------------------------------------------
                                   command: dft                                  
 --------------------------------------------------------------------------------
 AO basis set:                           def2-tzvppd
 Number of AO basis functions:         112
 ECP on atom 1 (Zr):                     28 electrons
 ECP on atom 2 (Zr):                     28 electrons

 Formula:                                Zr2
 Nuclear charge:                        80.000000000
 Total charge:                           0.000000000
 Number of core electrons:              56
 Number of treated electrons:           24

 Number of alpha electrons:             13
 Number of beta electrons:              11
 Number of unpaired electrons:           2
 Spin:                                   2
 Multiplicity:                           triplet

 Theory:                                 dft
 Exchange-correlation functional:        blyp
 Method for Coulomb:                     incore_df
 Integral threshold:                     1.00e-12
 DF basis set:                           def2-universal-jkfit
 Number of DF basis functions:         510
 Schwarz screening threshold:            1.00e-10
 Coulomb fitting method:                 Cholesky
 Total number of grid points:        16372
 Method for AO orthogonalization:        symmetric
 Threshold for linear dependence:        1.00e-08
 D3BJ dispersion energy:                -0.006165218

 -------------------------------------
  Running unrestricted open-shell SCF 
 -------------------------------------
 Max number of iterations:             128
 Conv. threshold (gradient):             1.00e-05
 Conv. threshold (energy):               1.00e-06
 Interpolation scheme:                   adiis+cdiis
 Initial guess:                          SAD

 ---------------------------------------------------------------
                  energy        change          grad        time
 ---------------------------------------------------------------
   0       -93.994532501                    3.02e+00        0.02
   1       -93.555920299      4.39e-01      6.17e-01        0.02
   2       -90.663235494      2.89e+00      1.27e+00        0.02
   3       -93.672464685     -3.01e+00      3.71e-01        0.02
   4       -93.860854870     -1.88e-01      7.17e-02        0.02
   5       -93.855824719      5.03e-03      1.22e-01        0.02
   6       -93.864983831     -9.16e-03      8.95e-03        0.02
   7       -93.865029194     -4.54e-05      5.86e-03        0.02
   8       -93.865031801     -2.61e-06      5.96e-03        0.02
   9       -93.865048308     -1.65e-05      3.40e-03        0.02
  10       -93.865055875     -7.57e-06      1.37e-04        0.02
  11       -93.865055907     -3.22e-08      4.17e-05        0.02
  12       -93.865055910     -2.39e-09      1.79e-05        0.02
  13       -93.865055910     -1.18e-10      1.21e-05        0.02
  14       -93.865055910     -1.04e-10      1.54e-06        0.02

 SCF converged in 14 iterations.

 Dipole moment (in Debye):              -0.000001      -0.000001       0.000037

 Quadrupole moment (in Debye-Angstrom):
                  1            2            3
 1       -48.894907     0.000001    -0.000000
 2         0.000001   -48.894907    -0.000000
 3        -0.000000    -0.000000   -42.570309

 Spin-squared expectation <S^2>:         2.001
 Total spin quantum number S:            1.000
 TOTAL ENERGY:                         -93.865055910

 --------------------------------------------------------------------------------

 End time:                               Sun Nov  7 03:36:18 2021
 Total wall-clock time:                  0.930 seconds
==================================================================================
