
================================================================================
          _____________ ________ _______________ ________     _________         
         / ___________// ______ \\_____   _____// ______ \   / ________)        
        / /_________  / /      \ \     | |     / /      \ \ | (_______          
       |  __________|| |        | |    | |    | |        | | \________ \        
        \ \_________ | |        | |    | |     \ \______/ /___________) |       
         \__________||_|        |_|    |_|      \________//____________/        
                                                                                
====================================[ Qcore ]===================================

 Git describe: 2.3.0-3-g778a55bfd
 Compiler:     GNU 9.3.0
 Build type:   Release
 Version:      2.3.0-3-g778a55bfd

 Start time:   Sun Nov  7 04:25:18 2021

 Data directory: /mnt/storage/scratch/zw18965/.local/qcore/share/entos/qcore/data
 Number of threads: 28
 Number of threads was determined by: command line argument

 --------------------------------------------------------------------------------
                                   command: dft                                  
 --------------------------------------------------------------------------------
 AO basis set:                           def2-tzvppd
 Number of AO basis functions:          71

 Formula:                                CH2
 Nuclear charge:                         8.000000000
 Total charge:                           0.000000000
 Number of electrons:                    8.000000000

 Number of alpha electrons:              5
 Number of beta electrons:               3
 Number of unpaired electrons:           2
 Spin:                                   2
 Multiplicity:                           triplet

 Theory:                                 dft
 Exchange-correlation functional:        pbe0
 Method for Coulomb:                     incore_df
 Method for exact exchange:              pre_transformed_df
 Integral threshold:                     1.00e-12
 DF basis set:                           def2-universal-jkfit
 Number of DF basis functions:         111
 Schwarz screening threshold:            1.00e-10
 Coulomb fitting method:                 Cholesky
 Total number of grid points:        18580
 Method for AO orthogonalization:        symmetric
 Threshold for linear dependence:        1.00e-08
 D3BJ dispersion energy:                -0.000399174

 -------------------------------------
  Running unrestricted open-shell SCF 
 -------------------------------------
 Max number of iterations:             128
 Conv. threshold (gradient):             1.00e-05
 Conv. threshold (energy):               1.00e-06
 Interpolation scheme:                   adiis+cdiis
 Initial guess:                          SAD

 ---------------------------------------------------------------
                  energy        change          grad        time
 ---------------------------------------------------------------
   0       -39.016877690                    2.04e+00        0.01
   1       -39.104394249     -8.75e-02      2.75e-01        0.01
   2       -39.112001772     -7.61e-03      1.41e-01        0.01
   3       -39.114091382     -2.09e-03      1.09e-01        0.01
   4       -39.116567057     -2.48e-03      2.55e-02        0.01
   5       -39.116618218     -5.12e-05      1.98e-02        0.01
   6       -39.116702539     -8.43e-05      4.29e-04        0.01
   7       -39.116702579     -4.04e-08      4.47e-05        0.01
   8       -39.116702580     -8.83e-10      8.95e-06        0.01

 SCF converged in 8 iterations.

 Dipole moment (in Debye):               0.553364      -0.000000       0.235818

 Quadrupole moment (in Debye-Angstrom):
                  1            2            3
 1        -7.458856    -0.000000    -0.668585
 2        -0.000000    -8.259987     0.000000
 3        -0.668585     0.000000    -6.174884

 Spin-squared expectation <S^2>:         2.007
 Total spin quantum number S:            1.002
 TOTAL ENERGY:                         -39.116702580

 --------------------------------------------------------------------------------

 End time:                               Sun Nov  7 04:25:19 2021
 Total wall-clock time:                  0.385 seconds
==================================================================================
