
================================================================================
          _____________ ________ _______________ ________     _________         
         / ___________// ______ \\_____   _____// ______ \   / ________)        
        / /_________  / /      \ \     | |     / /      \ \ | (_______          
       |  __________|| |        | |    | |    | |        | | \________ \        
        \ \_________ | |        | |    | |     \ \______/ /___________) |       
         \__________||_|        |_|    |_|      \________//____________/        
                                                                                
====================================[ Qcore ]===================================

 Git describe: 2.3.0-3-g778a55bfd
 Compiler:     GNU 9.3.0
 Build type:   Release
 Version:      2.3.0-3-g778a55bfd

 Start time:   Sun Nov  7 04:31:19 2021

 Data directory: /mnt/storage/scratch/zw18965/.local/qcore/share/entos/qcore/data
 Number of threads: 28
 Number of threads was determined by: command line argument

 --------------------------------------------------------------------------------
                                   command: dft                                  
 --------------------------------------------------------------------------------
 AO basis set:                           def2-tzvppd
 Number of AO basis functions:         102

 Formula:                                Cl2
 Nuclear charge:                        34.000000000
 Total charge:                           0.000000000
 Number of electrons:                   34.000000000

 Number of alpha electrons:             17
 Number of beta electrons:              17
 Number of unpaired electrons:           0
 Spin:                                   0
 Multiplicity:                           singlet

 Theory:                                 dft
 Exchange-correlation functional:        pbe0
 Method for Coulomb:                     incore_df
 Method for exact exchange:              pre_transformed_df
 Integral threshold:                     1.00e-12
 DF basis set:                           def2-universal-jkfit
 Number of DF basis functions:         256
 Schwarz screening threshold:            1.00e-10
 Coulomb fitting method:                 Cholesky
 Total number of grid points:        14988
 Method for AO orthogonalization:        symmetric
 Threshold for linear dependence:        1.00e-08
 D3BJ dispersion energy:                -0.000924013

 -------------------------------------
  Running restricted closed-shell SCF 
 -------------------------------------
 Max number of iterations:             128
 Conv. threshold (gradient):             1.00e-05
 Conv. threshold (energy):               1.00e-06
 Interpolation scheme:                   adiis+cdiis
 Initial guess:                          SAD

 ---------------------------------------------------------------
                  energy        change          grad        time
 ---------------------------------------------------------------
   0      -920.204858322                    2.84e+00        0.01
   1      -920.086024601      1.19e-01      1.64e-01        0.01
   2      -920.088151698     -2.13e-03      1.20e-01        0.01
   3      -920.090040957     -1.89e-03      5.83e-02        0.01
   4      -920.090497236     -4.56e-04      3.02e-02        0.01
   5      -920.090663027     -1.66e-04      1.97e-04        0.01
   6      -920.090663036     -9.60e-09      4.79e-05        0.01
   7      -920.090663036     -2.49e-10      3.37e-06        0.01

 SCF converged in 7 iterations.

 Dipole moment (in Debye):              -0.000001      -0.000001       0.000000

 Quadrupole moment (in Debye-Angstrom):
                  1            2            3
 1       -25.439137    -0.000000     0.000000
 2        -0.000000   -25.439137    -0.000000
 3         0.000000    -0.000000   -21.967827

 Spin-squared expectation <S^2>:         0.000
 Total spin quantum number S:            0.000
 TOTAL ENERGY:                        -920.090663036

 --------------------------------------------------------------------------------

 End time:                               Sun Nov  7 04:31:20 2021
 Total wall-clock time:                  0.403 seconds
==================================================================================
