
================================================================================
          _____________ ________ _______________ ________     _________         
         / ___________// ______ \\_____   _____// ______ \   / ________)        
        / /_________  / /      \ \     | |     / /      \ \ | (_______          
       |  __________|| |        | |    | |    | |        | | \________ \        
        \ \_________ | |        | |    | |     \ \______/ /___________) |       
         \__________||_|        |_|    |_|      \________//____________/        
                                                                                
====================================[ Qcore ]===================================

 Git describe: 2.3.0-3-g778a55bfd
 Compiler:     GNU 9.3.0
 Build type:   Release
 Version:      2.3.0-3-g778a55bfd

 Start time:   Sun Nov  7 04:28:18 2021

 Data directory: /mnt/storage/scratch/zw18965/.local/qcore/share/entos/qcore/data
 Number of threads: 28
 Number of threads was determined by: command line argument

 --------------------------------------------------------------------------------
                                   command: dft                                  
 --------------------------------------------------------------------------------
 AO basis set:                           def2-tzvppd
 Number of AO basis functions:         142

 Formula:                                OCl2
 Nuclear charge:                        42.000000000
 Total charge:                           0.000000000
 Number of electrons:                   42.000000000

 Number of alpha electrons:             21
 Number of beta electrons:              21
 Number of unpaired electrons:           0
 Spin:                                   0
 Multiplicity:                           singlet

 Theory:                                 dft
 Exchange-correlation functional:        pbe0
 Method for Coulomb:                     incore_df
 Method for exact exchange:              pre_transformed_df
 Integral threshold:                     1.00e-12
 DF basis set:                           def2-universal-jkfit
 Number of DF basis functions:         333
 Schwarz screening threshold:            1.00e-10
 Coulomb fitting method:                 Cholesky
 Total number of grid points:        21932
 Method for AO orthogonalization:        symmetric
 Threshold for linear dependence:        1.00e-08
 D3BJ dispersion energy:                -0.001648487

 -------------------------------------
  Running restricted closed-shell SCF 
 -------------------------------------
 Max number of iterations:             128
 Conv. threshold (gradient):             1.00e-05
 Conv. threshold (energy):               1.00e-06
 Interpolation scheme:                   adiis+cdiis
 Initial guess:                          SAD

 ---------------------------------------------------------------
                  energy        change          grad        time
 ---------------------------------------------------------------
   0      -995.472890728                    6.97e+00        0.02
   1      -995.163546140      3.09e-01      5.76e-01        0.02
   2      -995.165494620     -1.95e-03      6.51e-01        0.02
   3      -995.170934179     -5.44e-03      3.94e-01        0.02
   4      -995.173298133     -2.36e-03      2.34e-01        0.02
   5      -995.175178929     -1.88e-03      4.87e-02        0.02
   6      -995.175182004     -3.08e-06      5.64e-02        0.02
   7      -995.175383385     -2.01e-04      2.97e-04        0.02
   8      -995.175383397     -1.15e-08      4.49e-05        0.02
   9      -995.175383397     -3.07e-10      1.88e-05        0.02
  10      -995.175383397     -1.89e-11      5.22e-06        0.02

 SCF converged in 10 iterations.

 Dipole moment (in Debye):               0.000001      -0.000000      -0.541314

 Quadrupole moment (in Debye-Angstrom):
                  1            2            3
 1       -27.090284    -0.000000     0.000000
 2        -0.000000   -30.886456     0.000000
 3         0.000000     0.000000   -30.081010

 Spin-squared expectation <S^2>:         0.000
 Total spin quantum number S:            0.000
 TOTAL ENERGY:                        -995.175383397

 --------------------------------------------------------------------------------

 End time:                               Sun Nov  7 04:28:18 2021
 Total wall-clock time:                  0.613 seconds
==================================================================================
