
================================================================================
          _____________ ________ _______________ ________     _________         
         / ___________// ______ \\_____   _____// ______ \   / ________)        
        / /_________  / /      \ \     | |     / /      \ \ | (_______          
       |  __________|| |        | |    | |    | |        | | \________ \        
        \ \_________ | |        | |    | |     \ \______/ /___________) |       
         \__________||_|        |_|    |_|      \________//____________/        
                                                                                
====================================[ Qcore ]===================================

 Git describe: 2.3.0-3-g778a55bfd
 Compiler:     GNU 9.3.0
 Build type:   Release
 Version:      2.3.0-3-g778a55bfd

 Start time:   Sun Nov  7 04:30:18 2021

 Data directory: /mnt/storage/scratch/zw18965/.local/qcore/share/entos/qcore/data
 Number of threads: 28
 Number of threads was determined by: command line argument

 --------------------------------------------------------------------------------
                                   command: dft                                  
 --------------------------------------------------------------------------------
 AO basis set:                           def2-tzvppd
 Number of AO basis functions:         134

 Formula:                                Cr2
 Nuclear charge:                        48.000000000
 Total charge:                           0.000000000
 Number of electrons:                   48.000000000

 Number of alpha electrons:             24
 Number of beta electrons:              24
 Number of unpaired electrons:           0
 Spin:                                   0
 Multiplicity:                           singlet

 Theory:                                 dft
 Exchange-correlation functional:        pbe0
 Method for Coulomb:                     incore_df
 Method for exact exchange:              pre_transformed_df
 Integral threshold:                     1.00e-12
 DF basis set:                           def2-universal-jkfit
 Number of DF basis functions:         528
 Schwarz screening threshold:            1.00e-10
 Coulomb fitting method:                 Cholesky
 Total number of grid points:        15656
 Method for AO orthogonalization:        symmetric
 Threshold for linear dependence:        1.00e-08
 D3BJ dispersion energy:                -0.001809673

 -------------------------------------
  Running restricted closed-shell SCF 
 -------------------------------------
 Max number of iterations:             128
 Conv. threshold (gradient):             1.00e-05
 Conv. threshold (energy):               1.00e-06
 Interpolation scheme:                   adiis+cdiis
 Initial guess:                          SAD

 ---------------------------------------------------------------
                  energy        change          grad        time
 ---------------------------------------------------------------
   0     -2088.361978545                    6.64e+00        0.03
   1     -2088.260198801      1.02e-01      5.45e-01        0.02
   2     -2088.214822911      4.54e-02      6.39e-01        0.02
   3     -2088.310582840     -9.58e-02      1.12e-01        0.02
   4     -2088.310922833     -3.40e-04      1.10e-01        0.02
   5     -2088.312126376     -1.20e-03      2.43e-02        0.02
   6     -2088.309875525      2.25e-03      1.68e-01        0.02
   7     -2088.312217375     -2.34e-03      1.32e-03        0.02
   8     -2088.312217571     -1.97e-07      9.97e-05        0.02
   9     -2088.312217573     -1.68e-09      6.75e-05        0.02
  10     -2088.312217573     -3.52e-10      3.51e-05        0.02
  11     -2088.312217574     -1.15e-10      4.84e-07        0.02

 SCF converged in 11 iterations.

 Dipole moment (in Debye):              -0.000000      -0.000000       0.000001

 Quadrupole moment (in Debye-Angstrom):
                  1            2            3
 1       -34.300324     0.000000    -0.000001
 2         0.000000   -34.300324    -0.000001
 3        -0.000001    -0.000001   -27.911047

 Spin-squared expectation <S^2>:         0.000
 Total spin quantum number S:            0.000
 TOTAL ENERGY:                       -2088.312217574

 --------------------------------------------------------------------------------

 End time:                               Sun Nov  7 04:30:19 2021
 Total wall-clock time:                  1.177 seconds
==================================================================================
