
================================================================================
          _____________ ________ _______________ ________     _________         
         / ___________// ______ \\_____   _____// ______ \   / ________)        
        / /_________  / /      \ \     | |     / /      \ \ | (_______          
       |  __________|| |        | |    | |    | |        | | \________ \        
        \ \_________ | |        | |    | |     \ \______/ /___________) |       
         \__________||_|        |_|    |_|      \________//____________/        
                                                                                
====================================[ Qcore ]===================================

 Git describe: 2.3.0-3-g778a55bfd
 Compiler:     GNU 9.3.0
 Build type:   Release
 Version:      2.3.0-3-g778a55bfd

 Start time:   Sun Nov  7 04:27:18 2021

 Data directory: /mnt/storage/scratch/zw18965/.local/qcore/share/entos/qcore/data
 Number of threads: 28
 Number of threads was determined by: command line argument

 --------------------------------------------------------------------------------
                                   command: dft                                  
 --------------------------------------------------------------------------------
 AO basis set:                           def2-tzvppd
 Number of AO basis functions:         452

 Formula:                                C5O5Fe
 Nuclear charge:                        96.000000000
 Total charge:                           0.000000000
 Number of electrons:                   96.000000000

 Number of alpha electrons:             48
 Number of beta electrons:              48
 Number of unpaired electrons:           0
 Spin:                                   0
 Multiplicity:                           singlet

 Theory:                                 dft
 Exchange-correlation functional:        pbe0
 Method for Coulomb:                     incore_df
 Method for exact exchange:              pre_transformed_df
 Integral threshold:                     1.00e-12
 DF basis set:                           def2-universal-jkfit
 Number of DF basis functions:        1024
 Schwarz screening threshold:            1.00e-10
 Coulomb fitting method:                 Cholesky
 Total number of grid points:        76656
 Method for AO orthogonalization:        symmetric
 Threshold for linear dependence:        1.00e-08
 D3BJ dispersion energy:                -0.012453621

 -------------------------------------
  Running restricted closed-shell SCF 
 -------------------------------------
 Max number of iterations:             128
 Conv. threshold (gradient):             1.00e-05
 Conv. threshold (energy):               1.00e-06
 Interpolation scheme:                   adiis+cdiis
 Initial guess:                          SAD

 ---------------------------------------------------------------
                  energy        change          grad        time
 ---------------------------------------------------------------
   0     -1831.669687718                    2.17e+01        0.39
   1     -1829.473820771      2.20e+00      3.70e+00        0.32
   2     -1820.754916320      8.72e+00      1.39e+01        0.32
   3     -1828.657586375     -7.90e+00      9.03e+00        0.32
   4     -1829.801946510     -1.14e+00      4.55e-01        0.33
   5     -1829.761815141      4.01e-02      7.92e-01        0.33
   6     -1829.816764571     -5.49e-02      3.32e-01        0.34
   7     -1829.760929752      5.58e-02      2.27e+00        0.37
   8     -1829.815557540     -5.46e-02      4.50e-01        0.35
   9     -1829.819983697     -4.43e-03      6.73e-02        0.36
  10     -1829.817620584      2.36e-03      4.58e-01        0.37
  11     -1829.820050036     -2.43e-03      4.59e-03        0.36
  12     -1829.820050539     -5.03e-07      1.71e-03        0.34
  13     -1829.820050615     -7.67e-08      5.98e-04        0.33
  14     -1829.820050619     -4.14e-09      4.79e-04        0.34
  15     -1829.820050622     -3.14e-09      8.49e-05        0.34
  16     -1829.820050623     -9.48e-11      3.67e-06        0.36

 SCF converged in 16 iterations.

 Dipole moment (in Debye):              -0.000251       0.000027       0.000001

 Quadrupole moment (in Debye-Angstrom):
                  1            2            3
 1       -70.846814    -0.000041     0.000001
 2        -0.000041   -70.845997    -0.000001
 3         0.000001    -0.000001   -68.219156

 Spin-squared expectation <S^2>:         0.000
 Total spin quantum number S:            0.000
 TOTAL ENERGY:                       -1829.820050623

 --------------------------------------------------------------------------------

 End time:                               Sun Nov  7 04:27:34 2021
 Total wall-clock time:                 15.730 seconds
==================================================================================
