
================================================================================
          _____________ ________ _______________ ________     _________         
         / ___________// ______ \\_____   _____// ______ \   / ________)        
        / /_________  / /      \ \     | |     / /      \ \ | (_______          
       |  __________|| |        | |    | |    | |        | | \________ \        
        \ \_________ | |        | |    | |     \ \______/ /___________) |       
         \__________||_|        |_|    |_|      \________//____________/        
                                                                                
====================================[ Qcore ]===================================

 Git describe: 2.3.0-3-g778a55bfd
 Compiler:     GNU 9.3.0
 Build type:   Release
 Version:      2.3.0-3-g778a55bfd

 Start time:   Sun Nov  7 04:28:18 2021

 Data directory: /mnt/storage/scratch/zw18965/.local/qcore/share/entos/qcore/data
 Number of threads: 28
 Number of threads was determined by: command line argument

 --------------------------------------------------------------------------------
                                   command: dft                                  
 --------------------------------------------------------------------------------
 AO basis set:                           def2-tzvppd
 Number of AO basis functions:          67

 Formula:                                Ni+
 Nuclear charge:                        28.000000000
 Total charge:                           1.000000000
 Number of electrons:                   27.000000000

 Number of alpha electrons:             14
 Number of beta electrons:              13
 Number of unpaired electrons:           1
 Spin:                                   1
 Multiplicity:                           doublet

 Theory:                                 dft
 Exchange-correlation functional:        pbe0
 Method for Coulomb:                     incore_df
 Method for exact exchange:              pre_transformed_df
 Integral threshold:                     1.00e-12
 DF basis set:                           def2-universal-jkfit
 Number of DF basis functions:         264
 Schwarz screening threshold:            1.00e-10
 Coulomb fitting method:                 Cholesky
 Total number of grid points:         7936
 Method for AO orthogonalization:        symmetric
 Threshold for linear dependence:        1.00e-08
 D3BJ dispersion energy:                 0.000000000

 -------------------------------------
  Running unrestricted open-shell SCF 
 -------------------------------------
 Max number of iterations:             128
 Conv. threshold (gradient):             1.00e-05
 Conv. threshold (energy):               1.00e-06
 Interpolation scheme:                   adiis+cdiis
 Initial guess:                          SAD

 ---------------------------------------------------------------
                  energy        change          grad        time
 ---------------------------------------------------------------
   0     -1507.905222833                    8.01e-03        0.01
   1     -1507.745450944      1.60e-01      1.56e-01        0.01
   2     -1507.739431992      6.02e-03      1.90e-01        0.01
   3     -1507.758358283     -1.89e-02      4.83e-02        0.01
   4     -1507.756513668      1.84e-03      7.44e-02        0.01
   5     -1507.759559219     -3.05e-03      1.12e-03        0.01
   6     -1507.759562279     -3.06e-06      6.59e-04        0.01
   7     -1507.759563936     -1.66e-06      4.12e-04        0.01
   8     -1507.759565188     -1.25e-06      2.39e-04        0.01
   9     -1507.759565483     -2.95e-07      2.44e-04        0.01
  10     -1507.759565549     -6.64e-08      2.48e-04        0.01
  11     -1507.759564993      5.57e-07      2.07e-04        0.01
  12     -1507.759563785      1.21e-06      6.41e-05        0.01
  13     -1507.759563782      2.56e-09      3.43e-05        0.01
  14     -1507.759563782     -1.51e-10      4.38e-06        0.01

 SCF converged in 14 iterations.

 Dipole moment (in Debye):              -0.000001      -0.000001      -0.000001

 Quadrupole moment (in Debye-Angstrom):
                  1            2            3
 1        -8.736377    -0.018474     0.111278
 2        -0.018474    -8.733528     0.102980
 3         0.111278     0.102980    -9.336538

 Spin-squared expectation <S^2>:         0.753
 Total spin quantum number S:            0.501
 TOTAL ENERGY:                       -1507.759563782

 --------------------------------------------------------------------------------

 End time:                               Sun Nov  7 04:28:19 2021
 Total wall-clock time:                  0.640 seconds
==================================================================================
