
================================================================================
          _____________ ________ _______________ ________     _________         
         / ___________// ______ \\_____   _____// ______ \   / ________)        
        / /_________  / /      \ \     | |     / /      \ \ | (_______          
       |  __________|| |        | |    | |    | |        | | \________ \        
        \ \_________ | |        | |    | |     \ \______/ /___________) |       
         \__________||_|        |_|    |_|      \________//____________/        
                                                                                
====================================[ Qcore ]===================================

 Git describe: 2.3.0-3-g778a55bfd
 Compiler:     GNU 9.3.0
 Build type:   Release
 Version:      2.3.0-3-g778a55bfd

 Start time:   Sun Nov  7 04:26:18 2021

 Data directory: /mnt/storage/scratch/zw18965/.local/qcore/share/entos/qcore/data
 Number of threads: 28
 Number of threads was determined by: command line argument

 --------------------------------------------------------------------------------
                                   command: dft                                  
 --------------------------------------------------------------------------------
 AO basis set:                           def2-tzvppd
 Number of AO basis functions:         138

 Formula:                                CH2Ni+
 Nuclear charge:                        36.000000000
 Total charge:                           1.000000000
 Number of electrons:                   35.000000000

 Number of alpha electrons:             18
 Number of beta electrons:              17
 Number of unpaired electrons:           1
 Spin:                                   1
 Multiplicity:                           doublet

 Theory:                                 dft
 Exchange-correlation functional:        pbe0
 Method for Coulomb:                     incore_df
 Method for exact exchange:              pre_transformed_df
 Integral threshold:                     1.00e-12
 DF basis set:                           def2-universal-jkfit
 Number of DF basis functions:         375
 Schwarz screening threshold:            1.00e-10
 Coulomb fitting method:                 Cholesky
 Total number of grid points:        26516
 Method for AO orthogonalization:        symmetric
 Threshold for linear dependence:        1.00e-08
 D3BJ dispersion energy:                -0.001644722

 -------------------------------------
  Running unrestricted open-shell SCF 
 -------------------------------------
 Max number of iterations:             128
 Conv. threshold (gradient):             1.00e-05
 Conv. threshold (energy):               1.00e-06
 Interpolation scheme:                   adiis+cdiis
 Initial guess:                          SAD

 ---------------------------------------------------------------
                  energy        change          grad        time
 ---------------------------------------------------------------
   0     -1547.250444826                    3.30e+00        0.04
   1     -1546.491363987      7.59e-01      1.63e+00        0.04
   2     -1542.298762945      4.19e+00      3.38e+00        0.03
   3     -1546.216962018     -3.92e+00      2.61e+00        0.03
   4     -1546.961352464     -7.44e-01      3.43e-01        0.04
   5     -1546.896294697      6.51e-02      6.65e-01        0.03
   6     -1546.981855877     -8.56e-02      7.46e-02        0.03
   7     -1546.981678812      1.77e-04      1.32e-01        0.04
   8     -1546.985290969     -3.61e-03      4.22e-02        0.03
   9     -1546.986036220     -7.45e-04      1.40e-02        0.03
  10     -1546.986431855     -3.96e-04      1.35e-02        0.03
  11     -1546.986858266     -4.26e-04      1.51e-02        0.03
  12     -1546.988227458     -1.37e-03      5.75e-02        0.03
  13     -1546.988452895     -2.25e-04      3.66e-02        0.03
  14     -1546.985408731      3.04e-03      1.15e-01        0.04
  15     -1546.988921475     -3.51e-03      3.04e-02        0.04
  16     -1546.989037252     -1.16e-04      8.79e-03        0.03
  17     -1546.988738007      2.99e-04      4.46e-02        0.03
  18     -1546.988327829      4.10e-04      6.06e-02        0.03
  19     -1546.988841528     -5.14e-04      4.23e-02        0.03
  20     -1546.989195377     -3.54e-04      2.37e-02        0.04
  21     -1546.989335625     -1.40e-04      6.61e-03        0.04
  22     -1546.989354032     -1.84e-05      1.64e-03        0.04
  23     -1546.989355195     -1.16e-06      1.28e-04        0.03
  24     -1546.989355199     -3.86e-09      3.46e-05        0.03
  25     -1546.989355201     -1.38e-09      1.85e-05        0.03
  26     -1546.989355201     -1.04e-10      5.20e-06        0.03

 SCF converged in 26 iterations.

 Dipole moment (in Debye):              -0.000001       0.000000       0.219427

 Quadrupole moment (in Debye-Angstrom):
                  1            2            3
 1       -15.023607     0.000002     0.000000
 2         0.000002   -17.262980    -0.000001
 3         0.000000    -0.000001    -8.225054

 Spin-squared expectation <S^2>:         0.962
 Total spin quantum number S:            0.601
 TOTAL ENERGY:                       -1546.989355201

 --------------------------------------------------------------------------------

 End time:                               Sun Nov  7 04:26:20 2021
 Total wall-clock time:                  2.178 seconds
==================================================================================
