
================================================================================
          _____________ ________ _______________ ________     _________         
         / ___________// ______ \\_____   _____// ______ \   / ________)        
        / /_________  / /      \ \     | |     / /      \ \ | (_______          
       |  __________|| |        | |    | |    | |        | | \________ \        
        \ \_________ | |        | |    | |     \ \______/ /___________) |       
         \__________||_|        |_|    |_|      \________//____________/        
                                                                                
====================================[ Qcore ]===================================

 Git describe: 2.3.0-3-g778a55bfd
 Compiler:     GNU 9.3.0
 Build type:   Release
 Version:      2.3.0-3-g778a55bfd

 Start time:   Sun Nov  7 04:27:18 2021

 Data directory: /mnt/storage/scratch/zw18965/.local/qcore/share/entos/qcore/data
 Number of threads: 28
 Number of threads was determined by: command line argument

 --------------------------------------------------------------------------------
                                   command: dft                                  
 --------------------------------------------------------------------------------
 AO basis set:                           def2-tzvppd
 Number of AO basis functions:         120

 Formula:                                O3
 Nuclear charge:                        24.000000000
 Total charge:                           0.000000000
 Number of electrons:                   24.000000000

 Number of alpha electrons:             12
 Number of beta electrons:              12
 Number of unpaired electrons:           0
 Spin:                                   0
 Multiplicity:                           singlet

 Theory:                                 dft
 Exchange-correlation functional:        pbe0
 Method for Coulomb:                     incore_df
 Method for exact exchange:              pre_transformed_df
 Integral threshold:                     1.00e-12
 DF basis set:                           def2-universal-jkfit
 Number of DF basis functions:         231
 Schwarz screening threshold:            1.00e-10
 Coulomb fitting method:                 Cholesky
 Total number of grid points:        20832
 Method for AO orthogonalization:        symmetric
 Threshold for linear dependence:        1.00e-08
 D3BJ dispersion energy:                -0.000591252

 -------------------------------------
  Running restricted closed-shell SCF 
 -------------------------------------
 Max number of iterations:             128
 Conv. threshold (gradient):             1.00e-05
 Conv. threshold (energy):               1.00e-06
 Interpolation scheme:                   adiis+cdiis
 Initial guess:                          SAD

 ---------------------------------------------------------------
                  energy        change          grad        time
 ---------------------------------------------------------------
   0      -225.730316848                    8.85e+00        0.02
   1      -225.151984276      5.78e-01      1.71e+00        0.01
   2      -224.732722994      4.19e-01      3.55e+00        0.01
   3      -225.242180102     -5.09e-01      9.12e-01        0.01
   4      -225.269301200     -2.71e-02      4.99e-01        0.01
   5      -225.276518209     -7.22e-03      2.54e-01        0.01
   6      -225.278432408     -1.91e-03      1.19e-01        0.01
   7      -225.278845989     -4.14e-04      6.18e-02        0.01
   8      -225.278973958     -1.28e-04      2.75e-02        0.01
   9      -225.279014380     -4.04e-05      1.50e-04        0.01
  10      -225.279014381     -7.57e-10      1.67e-05        0.01
  11      -225.279014381     -1.44e-11      1.44e-06        0.01

 SCF converged in 11 iterations.

 Dipole moment (in Debye):              -0.568640      -0.000000      -0.347644

 Quadrupole moment (in Debye-Angstrom):
                  1            2            3
 1       -16.305734    -0.000000     0.555242
 2        -0.000000   -14.700525    -0.000000
 3         0.555242    -0.000000   -16.874472

 Spin-squared expectation <S^2>:         0.000
 Total spin quantum number S:            0.000
 TOTAL ENERGY:                        -225.279014381

 --------------------------------------------------------------------------------

 End time:                               Sun Nov  7 04:27:19 2021
 Total wall-clock time:                  0.494 seconds
==================================================================================
