
================================================================================
          _____________ ________ _______________ ________     _________         
         / ___________// ______ \\_____   _____// ______ \   / ________)        
        / /_________  / /      \ \     | |     / /      \ \ | (_______          
       |  __________|| |        | |    | |    | |        | | \________ \        
        \ \_________ | |        | |    | |     \ \______/ /___________) |       
         \__________||_|        |_|    |_|      \________//____________/        
                                                                                
====================================[ Qcore ]===================================

 Git describe: 2.3.0-3-g778a55bfd
 Compiler:     GNU 9.3.0
 Build type:   Release
 Version:      2.3.0-3-g778a55bfd

 Start time:   Sun Nov  7 04:30:24 2021

 Data directory: /mnt/storage/scratch/zw18965/.local/qcore/share/entos/qcore/data
 Number of threads: 28
 Number of threads was determined by: command line argument

 --------------------------------------------------------------------------------
                                   command: dft                                  
 --------------------------------------------------------------------------------
 AO basis set:                           def2-tzvppd
 Number of AO basis functions:         204

 Formula:                                S4
 Nuclear charge:                        64.000000000
 Total charge:                           0.000000000
 Number of electrons:                   64.000000000

 Number of alpha electrons:             32
 Number of beta electrons:              32
 Number of unpaired electrons:           0
 Spin:                                   0
 Multiplicity:                           singlet

 Theory:                                 dft
 Exchange-correlation functional:        pbe0
 Method for Coulomb:                     incore_df
 Method for exact exchange:              pre_transformed_df
 Integral threshold:                     1.00e-12
 DF basis set:                           def2-universal-jkfit
 Number of DF basis functions:         512
 Schwarz screening threshold:            1.00e-10
 Coulomb fitting method:                 Cholesky
 Total number of grid points:        29400
 Method for AO orthogonalization:        symmetric
 Threshold for linear dependence:        1.00e-08
 D3BJ dispersion energy:                -0.006472196

 -------------------------------------
  Running restricted closed-shell SCF 
 -------------------------------------
 Max number of iterations:             128
 Conv. threshold (gradient):             1.00e-05
 Conv. threshold (energy):               1.00e-06
 Interpolation scheme:                   adiis+cdiis
 Initial guess:                          SAD

 ---------------------------------------------------------------
                  energy        change          grad        time
 ---------------------------------------------------------------
   0     -1592.902988577                    9.20e+00        0.05
   1     -1592.233631835      6.69e-01      5.35e-01        0.05
   2     -1591.950185596      2.83e-01      1.68e+00        0.04
   3     -1592.239061653     -2.89e-01      5.20e-01        0.04
   4     -1592.270973720     -3.19e-02      4.59e-02        0.04
   5     -1592.269179853      1.79e-03      1.32e-01        0.04
   6     -1592.271288611     -2.11e-03      3.16e-03        0.04
   7     -1592.271289972     -1.36e-06      1.02e-03        0.04
   8     -1592.271290125     -1.53e-07      3.41e-04        0.04
   9     -1592.271290118      6.72e-09      3.95e-04        0.04
  10     -1592.271290135     -1.71e-08      1.48e-04        0.04
  11     -1592.271290138     -2.64e-09      9.95e-06        0.05

 SCF converged in 11 iterations.

 Dipole moment (in Debye):              -0.315702       0.000001       1.203076

 Quadrupole moment (in Debye-Angstrom):
                  1            2            3
 1       -52.749479     0.000000    -1.157238
 2         0.000000   -51.532879    -0.000000
 3        -1.157238    -0.000000   -48.642921

 Spin-squared expectation <S^2>:         0.000
 Total spin quantum number S:            0.000
 TOTAL ENERGY:                       -1592.271290138

 --------------------------------------------------------------------------------

 End time:                               Sun Nov  7 04:30:25 2021
 Total wall-clock time:                  1.774 seconds
==================================================================================
