
================================================================================
          _____________ ________ _______________ ________     _________         
         / ___________// ______ \\_____   _____// ______ \   / ________)        
        / /_________  / /      \ \     | |     / /      \ \ | (_______          
       |  __________|| |        | |    | |    | |        | | \________ \        
        \ \_________ | |        | |    | |     \ \______/ /___________) |       
         \__________||_|        |_|    |_|      \________//____________/        
                                                                                
====================================[ Qcore ]===================================

 Git describe: 2.3.0-3-g778a55bfd
 Compiler:     GNU 9.3.0
 Build type:   Release
 Version:      2.3.0-3-g778a55bfd

 Start time:   Sun Nov  7 04:30:18 2021

 Data directory: /mnt/storage/scratch/zw18965/.local/qcore/share/entos/qcore/data
 Number of threads: 28
 Number of threads was determined by: command line argument

 --------------------------------------------------------------------------------
                                   command: dft                                  
 --------------------------------------------------------------------------------
 AO basis set:                           def2-tzvppd
 Number of AO basis functions:          67

 Formula:                                V
 Nuclear charge:                        23.000000000
 Total charge:                           0.000000000
 Number of electrons:                   23.000000000

 Number of alpha electrons:             14
 Number of beta electrons:               9
 Number of unpaired electrons:           5
 Spin:                                   5
 Multiplicity:                           septet

 Theory:                                 dft
 Exchange-correlation functional:        pbe0
 Method for Coulomb:                     incore_df
 Method for exact exchange:              pre_transformed_df
 Integral threshold:                     1.00e-12
 DF basis set:                           def2-universal-jkfit
 Number of DF basis functions:         264
 Schwarz screening threshold:            1.00e-10
 Coulomb fitting method:                 Cholesky
 Total number of grid points:         7852
 Method for AO orthogonalization:        symmetric
 Threshold for linear dependence:        1.00e-08
 D3BJ dispersion energy:                 0.000000000

 -------------------------------------
  Running unrestricted open-shell SCF 
 -------------------------------------
 Max number of iterations:             128
 Conv. threshold (gradient):             1.00e-05
 Conv. threshold (energy):               1.00e-06
 Interpolation scheme:                   adiis+cdiis
 Initial guess:                          SAD

 ---------------------------------------------------------------
                  energy        change          grad        time
 ---------------------------------------------------------------
   0      -943.381956092                    2.19e-02        0.01
   1      -943.644229963     -2.62e-01      3.08e-01        0.01
   2      -943.610640013      3.36e-02      4.13e-01        0.01
   3      -943.699883470     -8.92e-02      3.23e-02        0.01
   4      -943.699129953      7.54e-04      5.34e-02        0.01
   5      -943.700573656     -1.44e-03      1.40e-03        0.01
   6      -943.700574845     -1.19e-06      3.28e-04        0.01
   7      -943.700575047     -2.02e-07      2.95e-04        0.01
   8      -943.700575195     -1.48e-07      2.95e-04        0.01
   9      -943.700572926      2.27e-06      1.70e-04        0.01
  10      -943.700572018      9.08e-07      6.48e-05        0.01
  11      -943.700572013      4.82e-09      4.44e-05        0.01
  12      -943.700572013     -4.21e-10      8.84e-06        0.01

 SCF converged in 12 iterations.

 Dipole moment (in Debye):              -0.000006      -0.000007      -0.000004

 Quadrupole moment (in Debye-Angstrom):
                  1            2            3
 1       -17.504702    -0.274086    -0.497235
 2        -0.274086   -17.403080    -0.410502
 3        -0.497235    -0.410502   -17.918942

 Spin-squared expectation <S^2>:         8.750
 Total spin quantum number S:            2.500
 TOTAL ENERGY:                        -943.700572014

 --------------------------------------------------------------------------------

 End time:                               Sun Nov  7 04:30:19 2021
 Total wall-clock time:                  0.675 seconds
==================================================================================
