
================================================================================
          _____________ ________ _______________ ________     _________         
         / ___________// ______ \\_____   _____// ______ \   / ________)        
        / /_________  / /      \ \     | |     / /      \ \ | (_______          
       |  __________|| |        | |    | |    | |        | | \________ \        
        \ \_________ | |        | |    | |     \ \______/ /___________) |       
         \__________||_|        |_|    |_|      \________//____________/        
                                                                                
====================================[ Qcore ]===================================

 Git describe: 2.3.0-3-g778a55bfd
 Compiler:     GNU 9.3.0
 Build type:   Release
 Version:      2.3.0-3-g778a55bfd

 Start time:   Sun Nov  7 04:29:18 2021

 Data directory: /mnt/storage/scratch/zw18965/.local/qcore/share/entos/qcore/data
 Number of threads: 28
 Number of threads was determined by: command line argument

 --------------------------------------------------------------------------------
                                   command: dft                                  
 --------------------------------------------------------------------------------
 AO basis set:                           def2-tzvppd
 Number of AO basis functions:         134

 Formula:                                V2
 Nuclear charge:                        46.000000000
 Total charge:                           0.000000000
 Number of electrons:                   46.000000000

 Number of alpha electrons:             24
 Number of beta electrons:              22
 Number of unpaired electrons:           2
 Spin:                                   2
 Multiplicity:                           triplet

 Theory:                                 dft
 Exchange-correlation functional:        pbe0
 Method for Coulomb:                     incore_df
 Method for exact exchange:              pre_transformed_df
 Integral threshold:                     1.00e-12
 DF basis set:                           def2-universal-jkfit
 Number of DF basis functions:         528
 Schwarz screening threshold:            1.00e-10
 Coulomb fitting method:                 Cholesky
 Total number of grid points:        15704
 Method for AO orthogonalization:        symmetric
 Threshold for linear dependence:        1.00e-08
 D3BJ dispersion energy:                -0.002108323

 -------------------------------------
  Running unrestricted open-shell SCF 
 -------------------------------------
 Max number of iterations:             128
 Conv. threshold (gradient):             1.00e-05
 Conv. threshold (energy):               1.00e-06
 Interpolation scheme:                   adiis+cdiis
 Initial guess:                          SAD

 ---------------------------------------------------------------
                  energy        change          grad        time
 ---------------------------------------------------------------
   0     -1887.383712814                    2.80e+00        0.04
   1     -1887.380316429      3.40e-03      2.66e-01        0.03
   2     -1887.393738404     -1.34e-02      2.08e-01        0.03
   3     -1887.408038478     -1.43e-02      7.58e-02        0.03
   4     -1887.406546077      1.49e-03      7.34e-02        0.03
   5     -1887.411515087     -4.97e-03      4.89e-03        0.03
   6     -1887.411307076      2.08e-04      2.31e-02        0.03
   7     -1887.411524810     -2.18e-04      1.45e-03        0.04
   8     -1887.411526457     -1.65e-06      2.54e-04        0.03
   9     -1887.411526650     -1.93e-07      4.23e-05        0.03
  10     -1887.411526656     -5.88e-09      4.05e-05        0.03
  11     -1887.411526657     -5.59e-10      2.42e-05        0.03
  12     -1887.411526657     -2.54e-10      5.56e-06        0.03

 SCF converged in 12 iterations.

 Dipole moment (in Debye):              -0.000001      -0.000001      -0.000000

 Quadrupole moment (in Debye-Angstrom):
                  1            2            3
 1       -35.363402     0.000002    -0.000002
 2         0.000002   -35.363402    -0.000002
 3        -0.000002    -0.000002   -31.211585

 Spin-squared expectation <S^2>:         2.006
 Total spin quantum number S:            1.002
 TOTAL ENERGY:                       -1887.411526657

 --------------------------------------------------------------------------------

 End time:                               Sun Nov  7 04:29:19 2021
 Total wall-clock time:                  1.474 seconds
==================================================================================
