
================================================================================
          _____________ ________ _______________ ________     _________         
         / ___________// ______ \\_____   _____// ______ \   / ________)        
        / /_________  / /      \ \     | |     / /      \ \ | (_______          
       |  __________|| |        | |    | |    | |        | | \________ \        
        \ \_________ | |        | |    | |     \ \______/ /___________) |       
         \__________||_|        |_|    |_|      \________//____________/        
                                                                                
====================================[ Qcore ]===================================

 Git describe: 2.3.0-3-g778a55bfd
 Compiler:     GNU 9.3.0
 Build type:   Release
 Version:      2.3.0-3-g778a55bfd

 Start time:   Sun Nov  7 04:27:18 2021

 Data directory: /mnt/storage/scratch/zw18965/.local/qcore/share/entos/qcore/data
 Number of threads: 28
 Number of threads was determined by: command line argument

 --------------------------------------------------------------------------------
                                   command: dft                                  
 --------------------------------------------------------------------------------
 AO basis set:                           def2-tzvppd
 Number of AO basis functions:         118

 Formula:                                SV
 Nuclear charge:                        39.000000000
 Total charge:                           0.000000000
 Number of electrons:                   39.000000000

 Number of alpha electrons:             21
 Number of beta electrons:              18
 Number of unpaired electrons:           3
 Spin:                                   3
 Multiplicity:                           quartet

 Theory:                                 dft
 Exchange-correlation functional:        pbe0
 Method for Coulomb:                     incore_df
 Method for exact exchange:              pre_transformed_df
 Integral threshold:                     1.00e-12
 DF basis set:                           def2-universal-jkfit
 Number of DF basis functions:         392
 Schwarz screening threshold:            1.00e-10
 Coulomb fitting method:                 Cholesky
 Total number of grid points:        15202
 Method for AO orthogonalization:        symmetric
 Threshold for linear dependence:        1.00e-08
 D3BJ dispersion energy:                -0.001524429

 -------------------------------------
  Running unrestricted open-shell SCF 
 -------------------------------------
 Max number of iterations:             128
 Conv. threshold (gradient):             1.00e-05
 Conv. threshold (energy):               1.00e-06
 Interpolation scheme:                   adiis+cdiis
 Initial guess:                          SAD

 ---------------------------------------------------------------
                  energy        change          grad        time
 ---------------------------------------------------------------
   0     -1341.626217564                    1.97e+00        0.03
   1     -1341.297032787      3.29e-01      1.11e+00        0.02
   2     -1327.681543207      1.36e+01      8.02e+00        0.02
   3     -1338.535962915     -1.09e+01      3.23e+00        0.02
   4     -1341.695387570     -3.16e+00      6.04e-01        0.02
   5     -1341.762897452     -6.75e-02      4.78e-01        0.02
   6     -1341.827019779     -6.41e-02      7.43e-02        0.02
   7     -1341.819269475      7.75e-03      1.94e-01        0.03
   8     -1341.831859519     -1.26e-02      2.31e-02        0.02
   9     -1341.832196200     -3.37e-04      8.52e-03        0.02
  10     -1341.832227219     -3.10e-05      8.44e-03        0.02
  11     -1341.832265037     -3.78e-05      1.60e-03        0.02
  12     -1341.832267351     -2.31e-06      6.54e-04        0.02
  13     -1341.832267857     -5.06e-07      1.87e-04        0.03
  14     -1341.832267942     -8.46e-08      6.86e-05        0.02
  15     -1341.832267948     -6.28e-09      1.32e-05        0.02
  16     -1341.832267948     -2.09e-10      2.85e-06        0.02

 SCF converged in 16 iterations.

 Dipole moment (in Debye):              -0.000001      -0.000001      -5.807418

 Quadrupole moment (in Debye-Angstrom):
                  1            2            3
 1       -29.901150    -0.000000     0.000002
 2        -0.000000   -29.901150     0.000002
 3         0.000002     0.000002   -24.577312

 Spin-squared expectation <S^2>:         3.925
 Total spin quantum number S:            1.543
 TOTAL ENERGY:                       -1341.832267948

 --------------------------------------------------------------------------------

 End time:                               Sun Nov  7 04:27:19 2021
 Total wall-clock time:                  1.340 seconds
==================================================================================
