
================================================================================
          _____________ ________ _______________ ________     _________         
         / ___________// ______ \\_____   _____// ______ \   / ________)        
        / /_________  / /      \ \     | |     / /      \ \ | (_______          
       |  __________|| |        | |    | |    | |        | | \________ \        
        \ \_________ | |        | |    | |     \ \______/ /___________) |       
         \__________||_|        |_|    |_|      \________//____________/        
                                                                                
====================================[ Qcore ]===================================

 Git describe: 2.3.0-3-g778a55bfd
 Compiler:     GNU 9.3.0
 Build type:   Release
 Version:      2.3.0-3-g778a55bfd

 Start time:   Sun Nov  7 03:56:18 2021

 Data directory: /mnt/storage/scratch/zw18965/.local/qcore/share/entos/qcore/data
 Number of threads: 28
 Number of threads was determined by: command line argument

 --------------------------------------------------------------------------------
                                   command: dft                                  
 --------------------------------------------------------------------------------
 AO basis set:                           def2-tzvppd
 Number of AO basis functions:          84

 Formula:                                HCo
 Nuclear charge:                        28.000000000
 Total charge:                           0.000000000
 Number of electrons:                   28.000000000

 Number of alpha electrons:             15
 Number of beta electrons:              13
 Number of unpaired electrons:           2
 Spin:                                   2
 Multiplicity:                           triplet

 Theory:                                 dft
 Exchange-correlation functional:        0.5 b88 + 0.75 lyp
 Method for Coulomb:                     incore_df
 Method for exact exchange:              pre_transformed_df
 Integral threshold:                     1.00e-12
 DF basis set:                           def2-universal-jkfit
 Number of DF basis functions:         282
 Schwarz screening threshold:            1.00e-10
 Coulomb fitting method:                 Cholesky

 ------------------
  UW12 Correlation 
 ------------------
 Factor for UW12 correlation:            1.000000000
 Opposite spin scale factor:             0.250000000
 Same spin scale factor:                 0.500000000
 Calculate indirect contribution:        true
 Method for three electron term:         df_ri
 Auxiliary RI basis set:                 Def2-TZVPPD-RI
 Number of RI basis functions:         264
 Gaussians in geminal expansion:        10
 UW12 screening threshold:               1.00e-12
 Method for density-fitting:             w(r)
 Number of core spatial orbitals:        9

 Total number of grid points:        13826
 Method for AO orthogonalization:        symmetric
 Threshold for linear dependence:        1.00e-08
 D3BJ dispersion energy:                -0.000358102

 -------------------------------------
  Running unrestricted open-shell SCF 
 -------------------------------------
 Max number of iterations:             128
 Conv. threshold (gradient):             1.00e-05
 Conv. threshold (energy):               1.00e-06
 Interpolation scheme:                   adiis+cdiis
 Initial guess:                          SAD

 ---------------------------------------------------------------
                  energy        change          grad        time
 ---------------------------------------------------------------
   0     -1382.999540405                    1.29e+00        3.13
   1     -1383.051790925     -5.23e-02      6.49e-01        0.39
   2     -1382.886928363      1.65e-01      1.00e+00        0.37
   3     -1383.146910698     -2.60e-01      1.53e-01        0.36
   4     -1383.140993183      5.92e-03      2.67e-01        0.36
   5     -1383.152800666     -1.18e-02      5.00e-02        0.37
   6     -1383.153625869     -8.25e-04      7.09e-02        0.36
   7     -1383.154299921     -6.74e-04      1.39e-02        0.37
   8     -1383.154810368     -5.10e-04      1.17e-02        0.36
   9     -1383.154926602     -1.16e-04      5.08e-03        0.36
  10     -1383.154924999      1.60e-06      1.03e-03        0.35
  11     -1383.154917418      7.58e-06      7.59e-04        0.37
  12     -1383.154909672      7.75e-06      1.31e-04        0.36
  13     -1383.154909140      5.33e-07      7.52e-05        0.36
  14     -1383.154909746     -6.06e-07      2.56e-05        0.37
  15     -1383.154909713      3.34e-08      1.04e-05        0.38
  16     -1383.154909757     -4.46e-08      8.32e-06        0.36

 SCF converged in 16 iterations.

 Dipole moment (in Debye):              -0.000000      -0.000000      -2.268132

 Quadrupole moment (in Debye-Angstrom):
                  1            2            3
 1       -16.074270    -0.000267    -0.000000
 2        -0.000267   -16.074622    -0.000001
 3        -0.000000    -0.000001   -16.751127

 Spin-squared expectation <S^2>:         2.156
 Total spin quantum number S:            1.051
 TOTAL ENERGY:                       -1383.154909770

 --------------------------------------------------------------------------------

 End time:                               Sun Nov  7 03:56:49 2021
 Total wall-clock time:                 31.017 seconds
==================================================================================
