
================================================================================
          _____________ ________ _______________ ________     _________         
         / ___________// ______ \\_____   _____// ______ \   / ________)        
        / /_________  / /      \ \     | |     / /      \ \ | (_______          
       |  __________|| |        | |    | |    | |        | | \________ \        
        \ \_________ | |        | |    | |     \ \______/ /___________) |       
         \__________||_|        |_|    |_|      \________//____________/        
                                                                                
====================================[ Qcore ]===================================

 Git describe: 2.3.0-3-g778a55bfd
 Compiler:     GNU 9.3.0
 Build type:   Release
 Version:      2.3.0-3-g778a55bfd

 Start time:   Sun Nov  7 03:54:18 2021

 Data directory: /mnt/storage/scratch/zw18965/.local/qcore/share/entos/qcore/data
 Number of threads: 28
 Number of threads was determined by: command line argument

 --------------------------------------------------------------------------------
                                   command: dft                                  
 --------------------------------------------------------------------------------
 AO basis set:                           def2-tzvppd
 Number of AO basis functions:          67

 Formula:                                Cr+
 Nuclear charge:                        24.000000000
 Total charge:                           1.000000000
 Number of electrons:                   23.000000000

 Number of alpha electrons:             14
 Number of beta electrons:               9
 Number of unpaired electrons:           5
 Spin:                                   5
 Multiplicity:                           septet

 Theory:                                 dft
 Exchange-correlation functional:        0.5 b88 + 0.75 lyp
 Method for Coulomb:                     incore_df
 Method for exact exchange:              pre_transformed_df
 Integral threshold:                     1.00e-12
 DF basis set:                           def2-universal-jkfit
 Number of DF basis functions:         264
 Schwarz screening threshold:            1.00e-10
 Coulomb fitting method:                 Cholesky

 ------------------
  UW12 Correlation 
 ------------------
 Factor for UW12 correlation:            1.000000000
 Opposite spin scale factor:             0.250000000
 Same spin scale factor:                 0.500000000
 Calculate indirect contribution:        true
 Method for three electron term:         df_ri
 Auxiliary RI basis set:                 Def2-TZVPPD-RI
 Number of RI basis functions:         225
 Gaussians in geminal expansion:        10
 UW12 screening threshold:               1.00e-12
 Method for density-fitting:             w(r)
 Number of core spatial orbitals:        9

 Total number of grid points:         7828
 Method for AO orthogonalization:        symmetric
 Threshold for linear dependence:        1.00e-08
 D3BJ dispersion energy:                 0.000000000

 -------------------------------------
  Running unrestricted open-shell SCF 
 -------------------------------------
 Max number of iterations:             128
 Conv. threshold (gradient):             1.00e-05
 Conv. threshold (energy):               1.00e-06
 Interpolation scheme:                   adiis+cdiis
 Initial guess:                          SAD

 ---------------------------------------------------------------
                  energy        change          grad        time
 ---------------------------------------------------------------
   0     -1043.885788644                    8.57e-02        1.90
   1     -1043.701988816      1.84e-01      4.26e-01        0.15
   2     -1043.676419242      2.56e-02      5.65e-01        0.14
   3     -1043.982983163     -3.07e-01      5.06e-02        0.14
   4     -1043.984421740     -1.44e-03      1.07e-02        0.14
   5     -1043.984730743     -3.09e-04      2.78e-03        0.14
   6     -1043.984721496      9.25e-06      7.89e-04        0.14
   7     -1043.984703960      1.75e-05      5.97e-05        0.14
   8     -1043.984701275      2.69e-06      3.42e-05        0.14
   9     -1043.984701427     -1.52e-07      1.73e-05        0.14
  10     -1043.984701442     -1.50e-08      1.53e-06        0.13

 SCF converged in 10 iterations.

 Dipole moment (in Debye):               0.000000       0.000000       0.000000

 Quadrupole moment (in Debye-Angstrom):
                  1            2            3
 1        -9.579121    -0.000000    -0.000000
 2        -0.000000    -9.579121    -0.000000
 3        -0.000000    -0.000000    -9.579123

 Spin-squared expectation <S^2>:         8.756
 Total spin quantum number S:            2.501
 TOTAL ENERGY:                       -1043.984701440

 --------------------------------------------------------------------------------

 End time:                               Sun Nov  7 03:54:32 2021
 Total wall-clock time:                 14.852 seconds
==================================================================================
