
================================================================================
          _____________ ________ _______________ ________     _________         
         / ___________// ______ \\_____   _____// ______ \   / ________)        
        / /_________  / /      \ \     | |     / /      \ \ | (_______          
       |  __________|| |        | |    | |    | |        | | \________ \        
        \ \_________ | |        | |    | |     \ \______/ /___________) |       
         \__________||_|        |_|    |_|      \________//____________/        
                                                                                
====================================[ Qcore ]===================================

 Git describe: 2.3.0-3-g778a55bfd
 Compiler:     GNU 9.3.0
 Build type:   Release
 Version:      2.3.0-3-g778a55bfd

 Start time:   Sun Nov  7 03:56:18 2021

 Data directory: /mnt/storage/scratch/zw18965/.local/qcore/share/entos/qcore/data
 Number of threads: 28
 Number of threads was determined by: command line argument

 --------------------------------------------------------------------------------
                                   command: dft                                  
 --------------------------------------------------------------------------------
 AO basis set:                           def2-tzvppd
 Number of AO basis functions:         155

 Formula:                                CH3Cr+
 Nuclear charge:                        33.000000000
 Total charge:                           1.000000000
 Number of electrons:                   32.000000000

 Number of alpha electrons:             18
 Number of beta electrons:              14
 Number of unpaired electrons:           4
 Spin:                                   4
 Multiplicity:                           quintet

 Theory:                                 dft
 Exchange-correlation functional:        0.5 b88 + 0.75 lyp
 Method for Coulomb:                     incore_df
 Method for exact exchange:              pre_transformed_df
 Integral threshold:                     1.00e-12
 DF basis set:                           def2-universal-jkfit
 Number of DF basis functions:         393
 Schwarz screening threshold:            1.00e-10
 Coulomb fitting method:                 Cholesky

 ------------------
  UW12 Correlation 
 ------------------
 Factor for UW12 correlation:            1.000000000
 Opposite spin scale factor:             0.250000000
 Same spin scale factor:                 0.500000000
 Calculate indirect contribution:        true
 Method for three electron term:         df_ri
 Auxiliary RI basis set:                 Def2-TZVPPD-RI
 Number of RI basis functions:         434
 Gaussians in geminal expansion:        10
 UW12 screening threshold:               1.00e-12
 Method for density-fitting:             w(r)
 Number of core spatial orbitals:       10

 Total number of grid points:        32298
 Method for AO orthogonalization:        symmetric
 Threshold for linear dependence:        1.00e-08
 D3BJ dispersion energy:                -0.002290308

 -------------------------------------
  Running unrestricted open-shell SCF 
 -------------------------------------
 Max number of iterations:             128
 Conv. threshold (gradient):             1.00e-05
 Conv. threshold (energy):               1.00e-06
 Interpolation scheme:                   adiis+cdiis
 Initial guess:                          SAD

 ---------------------------------------------------------------
                  energy        change          grad        time
 ---------------------------------------------------------------
   0     -1084.058991229                    4.69e+00       15.19
   1     -1083.086330057      9.73e-01      2.71e+00        2.27
   2     -1070.697975631      1.24e+01      9.28e+00        2.22
   3     -1082.819645048     -1.21e+01      3.36e+00        2.17
   4     -1083.859025683     -1.04e+00      2.71e-01        2.17
   5     -1083.860688964     -1.66e-03      4.21e-01        2.17
   6     -1083.871922437     -1.12e-02      1.41e-01        2.23
   7     -1083.873739572     -1.82e-03      1.65e-01        2.15
   8     -1083.875193146     -1.45e-03      4.35e-02        2.16
   9     -1083.875456075     -2.63e-04      7.06e-02        2.17
  10     -1083.875689860     -2.34e-04      2.72e-03        2.19
  11     -1083.875694091     -4.23e-06      1.02e-03        2.17
  12     -1083.875699175     -5.08e-06      8.32e-04        2.19
  13     -1083.875702397     -3.22e-06      3.17e-04        2.14
  14     -1083.875703444     -1.05e-06      2.26e-04        2.14
  15     -1083.875703694     -2.49e-07      1.57e-04        2.19
  16     -1083.875703640      5.32e-08      9.68e-05        2.15
  17     -1083.875703576      6.44e-08      2.83e-05        2.19
  18     -1083.875703526      5.00e-08      1.06e-05        2.14
  19     -1083.875703518      8.28e-09      6.43e-06        2.14

 SCF converged in 19 iterations.

 Dipole moment (in Debye):              -1.474019      -2.553085      -1.042297

 Quadrupole moment (in Debye-Angstrom):
                  1            2            3
 1       -16.067516     1.156577     0.472138
 2         1.156577   -14.731985     0.817829
 3         0.472138     0.817829   -16.401295

 Spin-squared expectation <S^2>:         6.156
 Total spin quantum number S:            2.031
 TOTAL ENERGY:                       -1083.875703512

 --------------------------------------------------------------------------------

 End time:                               Sun Nov  7 03:57:29 2021
 Total wall-clock time:                 71.401 seconds
==================================================================================
