
================================================================================
          _____________ ________ _______________ ________     _________         
         / ___________// ______ \\_____   _____// ______ \   / ________)        
        / /_________  / /      \ \     | |     / /      \ \ | (_______          
       |  __________|| |        | |    | |    | |        | | \________ \        
        \ \_________ | |        | |    | |     \ \______/ /___________) |       
         \__________||_|        |_|    |_|      \________//____________/        
                                                                                
====================================[ Qcore ]===================================

 Git describe: 2.3.0-3-g778a55bfd
 Compiler:     GNU 9.3.0
 Build type:   Release
 Version:      2.3.0-3-g778a55bfd

 Start time:   Sun Nov  7 03:55:18 2021

 Data directory: /mnt/storage/scratch/zw18965/.local/qcore/share/entos/qcore/data
 Number of threads: 28
 Number of threads was determined by: command line argument

 --------------------------------------------------------------------------------
                                   command: dft                                  
 --------------------------------------------------------------------------------
 AO basis set:                           def2-tzvppd
 Number of AO basis functions:         134

 Formula:                                Cu2
 Nuclear charge:                        58.000000000
 Total charge:                           0.000000000
 Number of electrons:                   58.000000000

 Number of alpha electrons:             29
 Number of beta electrons:              29
 Number of unpaired electrons:           0
 Spin:                                   0
 Multiplicity:                           singlet

 Theory:                                 dft
 Exchange-correlation functional:        0.5 b88 + 0.75 lyp
 Method for Coulomb:                     incore_df
 Method for exact exchange:              pre_transformed_df
 Integral threshold:                     1.00e-12
 DF basis set:                           def2-universal-jkfit
 Number of DF basis functions:         528
 Schwarz screening threshold:            1.00e-10
 Coulomb fitting method:                 Cholesky

 ------------------
  UW12 Correlation 
 ------------------
 Factor for UW12 correlation:            1.000000000
 Opposite spin scale factor:             0.250000000
 Same spin scale factor:                 0.500000000
 Calculate indirect contribution:        true
 Method for three electron term:         df_ri
 Auxiliary RI basis set:                 Def2-TZVPPD-RI
 Number of RI basis functions:         450
 Gaussians in geminal expansion:        10
 UW12 screening threshold:               1.00e-12
 Method for density-fitting:             w(r)
 Number of core spatial orbitals:       18

 Total number of grid points:        15872
 Method for AO orthogonalization:        symmetric
 Threshold for linear dependence:        1.00e-08
 D3BJ dispersion energy:                -0.001418391

 -------------------------------------
  Running restricted closed-shell SCF 
 -------------------------------------
 Max number of iterations:             128
 Conv. threshold (gradient):             1.00e-05
 Conv. threshold (energy):               1.00e-06
 Interpolation scheme:                   adiis+cdiis
 Initial guess:                          SAD

 ---------------------------------------------------------------
                  energy        change          grad        time
 ---------------------------------------------------------------
   0     -3280.681739483                    3.14e+00       10.17
   1     -3280.966833518     -2.85e-01      2.07e-01        2.85
   2     -3280.959935803      6.90e-03      2.70e-01        2.81
   3     -3280.966222894     -6.29e-03      1.25e-01        2.80
   4     -3280.969332034     -3.11e-03      1.06e-01        2.82
   5     -3280.969999154     -6.67e-04      1.41e-02        2.91
   6     -3280.970288153     -2.89e-04      2.57e-02        2.79
   7     -3280.970120569      1.68e-04      2.84e-04        2.90
   8     -3280.970120244      3.25e-07      1.26e-04        2.81
   9     -3280.970121149     -9.05e-07      1.95e-05        2.87
  10     -3280.970121097      5.19e-08      1.41e-05        2.82
  11     -3280.970121042      5.52e-08      8.80e-07        3.02

 SCF converged in 11 iterations.

 Dipole moment (in Debye):              -0.000003      -0.000003      -0.000001

 Quadrupole moment (in Debye-Angstrom):
                  1            2            3
 1       -27.354338     0.000001     0.000001
 2         0.000001   -27.354338     0.000001
 3         0.000001     0.000001   -20.134479

 Spin-squared expectation <S^2>:         0.000
 Total spin quantum number S:            0.000
 TOTAL ENERGY:                       -3280.970121043

 --------------------------------------------------------------------------------

 End time:                               Sun Nov  7 03:56:16 2021
 Total wall-clock time:                 57.680 seconds
==================================================================================
