
================================================================================
          _____________ ________ _______________ ________     _________         
         / ___________// ______ \\_____   _____// ______ \   / ________)        
        / /_________  / /      \ \     | |     / /      \ \ | (_______          
       |  __________|| |        | |    | |    | |        | | \________ \        
        \ \_________ | |        | |    | |     \ \______/ /___________) |       
         \__________||_|        |_|    |_|      \________//____________/        
                                                                                
====================================[ Qcore ]===================================

 Git describe: 2.3.0-3-g778a55bfd
 Compiler:     GNU 9.3.0
 Build type:   Release
 Version:      2.3.0-3-g778a55bfd

 Start time:   Sun Nov  7 03:54:18 2021

 Data directory: /mnt/storage/scratch/zw18965/.local/qcore/share/entos/qcore/data
 Number of threads: 28
 Number of threads was determined by: command line argument

 --------------------------------------------------------------------------------
                                   command: dft                                  
 --------------------------------------------------------------------------------
 AO basis set:                           def2-tzvppd
 Number of AO basis functions:         123
 ECP on atom 2 (Ag):                     28 electrons

 Formula:                                CuAg
 Nuclear charge:                        76.000000000
 Total charge:                           0.000000000
 Number of core electrons:              28
 Number of treated electrons:           48

 Number of alpha electrons:             24
 Number of beta electrons:              24
 Number of unpaired electrons:           0
 Spin:                                   0
 Multiplicity:                           singlet

 Theory:                                 dft
 Exchange-correlation functional:        0.5 b88 + 0.75 lyp
 Method for Coulomb:                     incore_df
 Method for exact exchange:              pre_transformed_df
 Integral threshold:                     1.00e-12
 DF basis set:                           def2-universal-jkfit
 Number of DF basis functions:         519
 Schwarz screening threshold:            1.00e-10
 Coulomb fitting method:                 Cholesky

 ------------------
  UW12 Correlation 
 ------------------
 Factor for UW12 correlation:            1.000000000
 Opposite spin scale factor:             0.250000000
 Same spin scale factor:                 0.500000000
 Calculate indirect contribution:        true
 Method for three electron term:         df_ri
 Auxiliary RI basis set:                 Def2-TZVPPD-RI
 Number of RI basis functions:         401
 Gaussians in geminal expansion:        10
 UW12 screening threshold:               1.00e-12
 Method for density-fitting:             w(r)
 Number of core spatial orbitals:       13

 Total number of grid points:        16434
 Method for AO orthogonalization:        symmetric
 Threshold for linear dependence:        1.00e-08
 D3BJ dispersion energy:                -0.001695700

 -------------------------------------
  Running restricted closed-shell SCF 
 -------------------------------------
 Max number of iterations:             128
 Conv. threshold (gradient):             1.00e-05
 Conv. threshold (energy):               1.00e-06
 Interpolation scheme:                   adiis+cdiis
 Initial guess:                          SAD

 ---------------------------------------------------------------
                  energy        change          grad        time
 ---------------------------------------------------------------
   0     -1787.304744026                    3.39e+00       12.29
   1     -1787.499841454     -1.95e-01      2.37e-01        2.03
   2     -1787.488118192      1.17e-02      4.00e-01        2.00
   3     -1787.502855627     -1.47e-02      1.30e-01        2.04
   4     -1787.500112364      2.74e-03      2.49e-01        2.12
   5     -1787.504584672     -4.47e-03      5.46e-02        1.98
   6     -1787.504148778      4.36e-04      4.47e-02        2.09
   7     -1787.504554172     -4.05e-04      1.00e-03        2.00
   8     -1787.504552626      1.55e-06      4.60e-04        1.98
   9     -1787.504550380      2.25e-06      1.32e-04        2.17
  10     -1787.504550857     -4.77e-07      3.81e-05        1.98
  11     -1787.504550838      1.82e-08      6.34e-06        2.06

 SCF converged in 11 iterations.

 Dipole moment (in Debye):              -0.000001      -0.000001      -0.137815

 Quadrupole moment (in Debye-Angstrom):
                  1            2            3
 1       -33.618318     0.000001     0.000004
 2         0.000001   -33.618318     0.000004
 3         0.000004     0.000004   -26.227250

 Spin-squared expectation <S^2>:         0.000
 Total spin quantum number S:            0.000
 TOTAL ENERGY:                       -1787.504550879

 --------------------------------------------------------------------------------

 End time:                               Sun Nov  7 03:55:13 2021
 Total wall-clock time:                 55.828 seconds
==================================================================================
