
================================================================================
          _____________ ________ _______________ ________     _________         
         / ___________// ______ \\_____   _____// ______ \   / ________)        
        / /_________  / /      \ \     | |     / /      \ \ | (_______          
       |  __________|| |        | |    | |    | |        | | \________ \        
        \ \_________ | |        | |    | |     \ \______/ /___________) |       
         \__________||_|        |_|    |_|      \________//____________/        
                                                                                
====================================[ Qcore ]===================================

 Git describe: 2.3.0-3-g778a55bfd
 Compiler:     GNU 9.3.0
 Build type:   Release
 Version:      2.3.0-3-g778a55bfd

 Start time:   Sun Nov  7 03:55:18 2021

 Data directory: /mnt/storage/scratch/zw18965/.local/qcore/share/entos/qcore/data
 Number of threads: 28
 Number of threads was determined by: command line argument

 --------------------------------------------------------------------------------
                                   command: dft                                  
 --------------------------------------------------------------------------------
 AO basis set:                           def2-tzvppd
 Number of AO basis functions:         141

 Formula:                                H2OCu+
 Nuclear charge:                        39.000000000
 Total charge:                           1.000000000
 Number of electrons:                   38.000000000

 Number of alpha electrons:             19
 Number of beta electrons:              19
 Number of unpaired electrons:           0
 Spin:                                   0
 Multiplicity:                           singlet

 Theory:                                 dft
 Exchange-correlation functional:        0.5 b88 + 0.75 lyp
 Method for Coulomb:                     incore_df
 Method for exact exchange:              pre_transformed_df
 Integral threshold:                     1.00e-12
 DF basis set:                           def2-universal-jkfit
 Number of DF basis functions:         377
 Schwarz screening threshold:            1.00e-10
 Coulomb fitting method:                 Cholesky

 ------------------
  UW12 Correlation 
 ------------------
 Factor for UW12 correlation:            1.000000000
 Opposite spin scale factor:             0.250000000
 Same spin scale factor:                 0.500000000
 Calculate indirect contribution:        true
 Method for three electron term:         df_ri
 Auxiliary RI basis set:                 Def2-TZVPPD-RI
 Number of RI basis functions:         395
 Gaussians in geminal expansion:        10
 UW12 screening threshold:               1.00e-12
 Method for density-fitting:             w(r)
 Number of core spatial orbitals:       10

 Total number of grid points:        26660
 Method for AO orthogonalization:        symmetric
 Threshold for linear dependence:        1.00e-08
 D3BJ dispersion energy:                -0.001223618

 -------------------------------------
  Running restricted closed-shell SCF 
 -------------------------------------
 Max number of iterations:             128
 Conv. threshold (gradient):             1.00e-05
 Conv. threshold (energy):               1.00e-06
 Interpolation scheme:                   adiis+cdiis
 Initial guess:                          SAD

 ---------------------------------------------------------------
                  energy        change          grad        time
 ---------------------------------------------------------------
   0     -1716.952854258                    7.62e+00        9.78
   1     -1716.635840619      3.17e-01      1.52e+00        1.27
   2     -1716.596725277      3.91e-02      1.86e+00        1.24
   3     -1716.696004263     -9.93e-02      1.44e-01        1.17
   4     -1716.695718025      2.86e-04      1.84e-01        1.16
   5     -1716.696419438     -7.01e-04      1.66e-02        1.17
   6     -1716.696554661     -1.35e-04      2.75e-02        1.20
   7     -1716.696477707      7.70e-05      1.99e-03        1.15
   8     -1716.696473428      4.28e-06      5.09e-04        1.17
   9     -1716.696472147      1.28e-06      1.10e-04        1.16
  10     -1716.696471560      5.87e-07      1.49e-05        1.18
  11     -1716.696471571     -1.07e-08      1.82e-06        1.21

 SCF converged in 11 iterations.

 Dipole moment (in Debye):              -0.000002      -0.000002       1.256155

 Quadrupole moment (in Debye-Angstrom):
                  1            2            3
 1       -12.591223     0.000001     0.000001
 2         0.000001   -16.802380     0.000001
 3         0.000001     0.000001    -5.187389

 Spin-squared expectation <S^2>:         0.000
 Total spin quantum number S:            0.000
 TOTAL ENERGY:                       -1716.696471574

 --------------------------------------------------------------------------------

 End time:                               Sun Nov  7 03:55:56 2021
 Total wall-clock time:                 37.864 seconds
==================================================================================
