
================================================================================
          _____________ ________ _______________ ________     _________         
         / ___________// ______ \\_____   _____// ______ \   / ________)        
        / /_________  / /      \ \     | |     / /      \ \ | (_______          
       |  __________|| |        | |    | |    | |        | | \________ \        
        \ \_________ | |        | |    | |     \ \______/ /___________) |       
         \__________||_|        |_|    |_|      \________//____________/        
                                                                                
====================================[ Qcore ]===================================

 Git describe: 2.3.0-3-g778a55bfd
 Compiler:     GNU 9.3.0
 Build type:   Release
 Version:      2.3.0-3-g778a55bfd

 Start time:   Sun Nov  7 03:54:18 2021

 Data directory: /mnt/storage/scratch/zw18965/.local/qcore/share/entos/qcore/data
 Number of threads: 28
 Number of threads was determined by: command line argument

 --------------------------------------------------------------------------------
                                   command: dft                                  
 --------------------------------------------------------------------------------
 AO basis set:                           def2-tzvppd
 Number of AO basis functions:          84

 Formula:                                HFe
 Nuclear charge:                        27.000000000
 Total charge:                           0.000000000
 Number of electrons:                   27.000000000

 Number of alpha electrons:             15
 Number of beta electrons:              12
 Number of unpaired electrons:           3
 Spin:                                   3
 Multiplicity:                           quartet

 Theory:                                 dft
 Exchange-correlation functional:        0.5 b88 + 0.75 lyp
 Method for Coulomb:                     incore_df
 Method for exact exchange:              pre_transformed_df
 Integral threshold:                     1.00e-12
 DF basis set:                           def2-universal-jkfit
 Number of DF basis functions:         282
 Schwarz screening threshold:            1.00e-10
 Coulomb fitting method:                 Cholesky

 ------------------
  UW12 Correlation 
 ------------------
 Factor for UW12 correlation:            1.000000000
 Opposite spin scale factor:             0.250000000
 Same spin scale factor:                 0.500000000
 Calculate indirect contribution:        true
 Method for three electron term:         df_ri
 Auxiliary RI basis set:                 Def2-TZVPPD-RI
 Number of RI basis functions:         264
 Gaussians in geminal expansion:        10
 UW12 screening threshold:               1.00e-12
 Method for density-fitting:             w(r)
 Number of core spatial orbitals:        9

 Total number of grid points:        13826
 Method for AO orthogonalization:        symmetric
 Threshold for linear dependence:        1.00e-08
 D3BJ dispersion energy:                -0.000356455

 -------------------------------------
  Running unrestricted open-shell SCF 
 -------------------------------------
 Max number of iterations:             128
 Conv. threshold (gradient):             1.00e-05
 Conv. threshold (energy):               1.00e-06
 Interpolation scheme:                   adiis+cdiis
 Initial guess:                          SAD

 ---------------------------------------------------------------
                  energy        change          grad        time
 ---------------------------------------------------------------
   0     -1263.838765930                    1.08e+00        3.14
   1     -1263.901319080     -6.26e-02      6.89e-01        0.36
   2     -1261.356468944      2.54e+00      2.72e+00        0.36
   3     -1263.920127699     -2.56e+00      7.76e-01        0.34
   4     -1264.059932439     -1.40e-01      9.43e-02        0.34
   5     -1264.054509128      5.42e-03      2.20e-01        0.33
   6     -1264.064709797     -1.02e-02      1.25e-02        0.37
   7     -1264.064983063     -2.73e-04      6.63e-03        0.34
   8     -1264.065082310     -9.92e-05      1.89e-03        0.37
   9     -1264.065087946     -5.64e-06      6.05e-04        0.35
  10     -1264.065088389     -4.43e-07      1.83e-04        0.35
  11     -1264.065088861     -4.72e-07      7.75e-05        0.34
  12     -1264.065088328      5.33e-07      3.16e-05        0.34
  13     -1264.065088070      2.58e-07      3.64e-06        0.35

 SCF converged in 13 iterations.

 Dipole moment (in Debye):              -0.000007      -0.000007      -3.059756

 Quadrupole moment (in Debye-Angstrom):
                  1            2            3
 1       -15.193614     0.000000     0.000019
 2         0.000000   -15.193614     0.000019
 3         0.000019     0.000019   -18.093266

 Spin-squared expectation <S^2>:         3.806
 Total spin quantum number S:            1.514
 TOTAL ENERGY:                       -1264.065088030

 --------------------------------------------------------------------------------

 End time:                               Sun Nov  7 03:54:39 2021
 Total wall-clock time:                 21.129 seconds
==================================================================================
