
================================================================================
          _____________ ________ _______________ ________     _________         
         / ___________// ______ \\_____   _____// ______ \   / ________)        
        / /_________  / /      \ \     | |     / /      \ \ | (_______          
       |  __________|| |        | |    | |    | |        | | \________ \        
        \ \_________ | |        | |    | |     \ \______/ /___________) |       
         \__________||_|        |_|    |_|      \________//____________/        
                                                                                
====================================[ Qcore ]===================================

 Git describe: 2.3.0-3-g778a55bfd
 Compiler:     GNU 9.3.0
 Build type:   Release
 Version:      2.3.0-3-g778a55bfd

 Start time:   Sun Nov  7 03:55:18 2021

 Data directory: /mnt/storage/scratch/zw18965/.local/qcore/share/entos/qcore/data
 Number of threads: 28
 Number of threads was determined by: command line argument

 --------------------------------------------------------------------------------
                                   command: dft                                  
 --------------------------------------------------------------------------------
 AO basis set:                           def2-tzvppd
 Number of AO basis functions:          62

 Formula:                                LiO
 Nuclear charge:                        11.000000000
 Total charge:                           0.000000000
 Number of electrons:                   11.000000000

 Number of alpha electrons:              6
 Number of beta electrons:               5
 Number of unpaired electrons:           1
 Spin:                                   1
 Multiplicity:                           doublet

 Theory:                                 dft
 Exchange-correlation functional:        0.5 b88 + 0.75 lyp
 Method for Coulomb:                     incore_df
 Method for exact exchange:              pre_transformed_df
 Integral threshold:                     1.00e-12
 DF basis set:                           def2-universal-jkfit
 Number of DF basis functions:         128
 Schwarz screening threshold:            1.00e-10
 Coulomb fitting method:                 Cholesky

 ------------------
  UW12 Correlation 
 ------------------
 Factor for UW12 correlation:            1.000000000
 Opposite spin scale factor:             0.250000000
 Same spin scale factor:                 0.500000000
 Calculate indirect contribution:        true
 Method for three electron term:         df_ri
 Auxiliary RI basis set:                 Def2-TZVPPD-RI
 Number of RI basis functions:         150
 Gaussians in geminal expansion:        10
 UW12 screening threshold:               1.00e-12
 Method for density-fitting:             w(r)
 Number of core spatial orbitals:        2

 Total number of grid points:        13516
 Method for AO orthogonalization:        symmetric
 Threshold for linear dependence:        1.00e-08
 D3BJ dispersion energy:                -0.000321581

 -------------------------------------
  Running unrestricted open-shell SCF 
 -------------------------------------
 Max number of iterations:             128
 Conv. threshold (gradient):             1.00e-05
 Conv. threshold (energy):               1.00e-06
 Interpolation scheme:                   adiis+cdiis
 Initial guess:                          SAD

 ---------------------------------------------------------------
                  energy        change          grad        time
 ---------------------------------------------------------------
   0       -82.441225862                    5.74e-01        0.16
   1       -82.616241159     -1.75e-01      4.71e-01        0.06
   2       -82.527136072      8.91e-02      6.80e-01        0.05
   3       -82.699610933     -1.72e-01      8.11e-02        0.05
   4       -82.698588723      1.02e-03      9.67e-02        0.05
   5       -82.701886295     -3.30e-03      3.37e-03        0.05
   6       -82.701896406     -1.01e-05      9.54e-04        0.06
   7       -82.701897414     -1.01e-06      3.40e-04        0.06
   8       -82.701897509     -9.50e-08      7.14e-05        0.06
   9       -82.701897515     -5.04e-09      7.36e-06        0.05

 SCF converged in 9 iterations.

 Dipole moment (in Debye):              -0.000000      -0.000000      -6.643598

 Quadrupole moment (in Debye-Angstrom):
                  1            2            3
 1        -8.128577     0.957946    -0.000001
 2         0.957946    -8.058645    -0.000001
 3        -0.000001    -0.000001    -1.744878

 Spin-squared expectation <S^2>:         0.755
 Total spin quantum number S:            0.502
 TOTAL ENERGY:                         -82.701897514

 --------------------------------------------------------------------------------

 End time:                               Sun Nov  7 03:55:20 2021
 Total wall-clock time:                  1.680 seconds
==================================================================================
