
================================================================================
          _____________ ________ _______________ ________     _________         
         / ___________// ______ \\_____   _____// ______ \   / ________)        
        / /_________  / /      \ \     | |     / /      \ \ | (_______          
       |  __________|| |        | |    | |    | |        | | \________ \        
        \ \_________ | |        | |    | |     \ \______/ /___________) |       
         \__________||_|        |_|    |_|      \________//____________/        
                                                                                
====================================[ Qcore ]===================================

 Git describe: 2.3.0-3-g778a55bfd
 Compiler:     GNU 9.3.0
 Build type:   Release
 Version:      2.3.0-3-g778a55bfd

 Start time:   Sun Nov  7 03:54:18 2021

 Data directory: /mnt/storage/scratch/zw18965/.local/qcore/share/entos/qcore/data
 Number of threads: 28
 Number of threads was determined by: command line argument

 --------------------------------------------------------------------------------
                                   command: dft                                  
 --------------------------------------------------------------------------------
 AO basis set:                           def2-tzvppd
 Number of AO basis functions:          67

 Formula:                                V+
 Nuclear charge:                        23.000000000
 Total charge:                           1.000000000
 Number of electrons:                   22.000000000

 Number of alpha electrons:             13
 Number of beta electrons:               9
 Number of unpaired electrons:           4
 Spin:                                   4
 Multiplicity:                           quintet

 Theory:                                 dft
 Exchange-correlation functional:        0.5 b88 + 0.75 lyp
 Method for Coulomb:                     incore_df
 Method for exact exchange:              pre_transformed_df
 Integral threshold:                     1.00e-12
 DF basis set:                           def2-universal-jkfit
 Number of DF basis functions:         264
 Schwarz screening threshold:            1.00e-10
 Coulomb fitting method:                 Cholesky

 ------------------
  UW12 Correlation 
 ------------------
 Factor for UW12 correlation:            1.000000000
 Opposite spin scale factor:             0.250000000
 Same spin scale factor:                 0.500000000
 Calculate indirect contribution:        true
 Method for three electron term:         df_ri
 Auxiliary RI basis set:                 Def2-TZVPPD-RI
 Number of RI basis functions:         225
 Gaussians in geminal expansion:        10
 UW12 screening threshold:               1.00e-12
 Method for density-fitting:             w(r)
 Number of core spatial orbitals:        9

 Total number of grid points:         7852
 Method for AO orthogonalization:        symmetric
 Threshold for linear dependence:        1.00e-08
 D3BJ dispersion energy:                 0.000000000

 -------------------------------------
  Running unrestricted open-shell SCF 
 -------------------------------------
 Max number of iterations:             128
 Conv. threshold (gradient):             1.00e-05
 Conv. threshold (energy):               1.00e-06
 Interpolation scheme:                   adiis+cdiis
 Initial guess:                          SAD

 ---------------------------------------------------------------
                  energy        change          grad        time
 ---------------------------------------------------------------
   0      -943.405341041                    3.16e-02        1.80
   1      -943.261158979      1.44e-01      5.02e-01        0.13
   2      -943.246507091      1.47e-02      5.91e-01        0.12
   3      -943.447981227     -2.01e-01      7.56e-02        0.12
   4      -943.448212968     -2.32e-04      4.25e-02        0.12
   5      -943.449377277     -1.16e-03      3.01e-03        0.12
   6      -943.449393288     -1.60e-05      1.40e-03        0.12
   7      -943.449386701      6.59e-06      7.51e-04        0.12
   8      -943.449384164      2.54e-06      7.10e-04        0.13
   9      -943.449384500     -3.36e-07      7.09e-04        0.12
  10      -943.449383610      8.90e-07      7.05e-04        0.12
  11      -943.449374278      9.33e-06      6.48e-04        0.12
  12      -943.449361105      1.32e-05      6.32e-04        0.12
  13      -943.449361447     -3.42e-07      5.51e-04        0.12
  14      -943.449340955      2.05e-05      6.67e-04        0.12
  15      -943.449337258      3.70e-06      9.22e-04        0.12
  16      -943.449337788     -5.29e-07      8.34e-04        0.12
  17      -943.449337933     -1.46e-07      1.07e-04        0.12
  18      -943.449338043     -1.10e-07      6.91e-04        0.12
  19      -943.449338058     -1.50e-08      5.02e-04        0.12
  20      -943.449338009      4.95e-08      2.42e-04        0.12
  21      -943.449337932      7.68e-08      4.97e-05        0.12
  22      -943.449337889      4.34e-08      4.50e-05        0.12
  23      -943.449337933     -4.45e-08      1.53e-05        0.12
  24      -943.449337927      5.82e-09      7.32e-06        0.12

 SCF converged in 24 iterations.

 Dipole moment (in Debye):              -0.000001      -0.000000      -0.000001

 Quadrupole moment (in Debye-Angstrom):
                  1            2            3
 1        -9.578821    -0.173480    -0.064906
 2        -0.173480   -10.414197    -0.325625
 3        -0.064906    -0.325625    -9.665424

 Spin-squared expectation <S^2>:         6.003
 Total spin quantum number S:            2.001
 TOTAL ENERGY:                        -943.449337932

 --------------------------------------------------------------------------------

 End time:                               Sun Nov  7 03:54:35 2021
 Total wall-clock time:                 17.826 seconds
==================================================================================
