
================================================================================
          _____________ ________ _______________ ________     _________         
         / ___________// ______ \\_____   _____// ______ \   / ________)        
        / /_________  / /      \ \     | |     / /      \ \ | (_______          
       |  __________|| |        | |    | |    | |        | | \________ \        
        \ \_________ | |        | |    | |     \ \______/ /___________) |       
         \__________||_|        |_|    |_|      \________//____________/        
                                                                                
====================================[ Qcore ]===================================

 Git describe: 2.3.0-3-g778a55bfd
 Compiler:     GNU 9.3.0
 Build type:   Release
 Version:      2.3.0-3-g778a55bfd

 Start time:   Sun Nov  7 03:56:18 2021

 Data directory: /mnt/storage/scratch/zw18965/.local/qcore/share/entos/qcore/data
 Number of threads: 28
 Number of threads was determined by: command line argument

 --------------------------------------------------------------------------------
                                   command: dft                                  
 --------------------------------------------------------------------------------
 AO basis set:                           def2-tzvppd
 Number of AO basis functions:         144

 Formula:                                COV+
 Nuclear charge:                        37.000000000
 Total charge:                           1.000000000
 Number of electrons:                   36.000000000

 Number of alpha electrons:             20
 Number of beta electrons:              16
 Number of unpaired electrons:           4
 Spin:                                   4
 Multiplicity:                           quintet

 Theory:                                 dft
 Exchange-correlation functional:        0.5 b88 + 0.75 lyp
 Method for Coulomb:                     incore_df
 Method for exact exchange:              pre_transformed_df
 Integral threshold:                     1.00e-12
 DF basis set:                           def2-universal-jkfit
 Number of DF basis functions:         416
 Schwarz screening threshold:            1.00e-10
 Coulomb fitting method:                 Cholesky

 ------------------
  UW12 Correlation 
 ------------------
 Factor for UW12 correlation:            1.000000000
 Opposite spin scale factor:             0.250000000
 Same spin scale factor:                 0.500000000
 Calculate indirect contribution:        true
 Method for three electron term:         df_ri
 Auxiliary RI basis set:                 Def2-TZVPPD-RI
 Number of RI basis functions:         409
 Gaussians in geminal expansion:        10
 UW12 screening threshold:               1.00e-12
 Method for density-fitting:             w(r)
 Number of core spatial orbitals:       11

 Total number of grid points:        21596
 Method for AO orthogonalization:        symmetric
 Threshold for linear dependence:        1.00e-08
 D3BJ dispersion energy:                -0.001936852

 -------------------------------------
  Running unrestricted open-shell SCF 
 -------------------------------------
 Max number of iterations:             128
 Conv. threshold (gradient):             1.00e-05
 Conv. threshold (energy):               1.00e-06
 Interpolation scheme:                   adiis+cdiis
 Initial guess:                          SAD

 ---------------------------------------------------------------
                  energy        change          grad        time
 ---------------------------------------------------------------
   0     -1057.257345994                    3.62e+00       12.69
   1     -1055.545546427      1.71e+00      1.30e+00        2.26
   2     -1020.548534022      3.50e+01      6.43e+00        2.21
   3     -1048.426594679     -2.79e+01      6.81e+00        2.20
   4     -1056.695755665     -8.27e+00      9.81e-01        2.19
   5     -1056.688213407      7.54e-03      8.11e-01        2.20
   6     -1056.848014985     -1.60e-01      1.10e-01        2.21
   7     -1056.848580121     -5.65e-04      1.51e-01        2.18
   8     -1056.853471899     -4.89e-03      5.14e-02        2.24
   9     -1056.853331934      1.40e-04      7.34e-02        2.24
  10     -1056.854539032     -1.21e-03      2.28e-03        2.20
  11     -1056.854560643     -2.16e-05      1.56e-03        2.19
  12     -1056.854571049     -1.04e-05      8.65e-04        2.18
  13     -1056.854581847     -1.08e-05      3.75e-04        2.25
  14     -1056.854586381     -4.53e-06      7.05e-05        2.34
  15     -1056.854586200      1.81e-07      1.74e-05        2.29
  16     -1056.854586223     -2.32e-08      7.45e-06        2.23

 SCF converged in 16 iterations.

 Dipole moment (in Debye):              -0.000001      -0.000001      -4.542952

 Quadrupole moment (in Debye-Angstrom):
                  1            2            3
 1       -21.138315     0.000002     0.000000
 2         0.000002   -21.138315     0.000000
 3         0.000000     0.000000   -12.237805

 Spin-squared expectation <S^2>:         6.005
 Total spin quantum number S:            2.001
 TOTAL ENERGY:                       -1056.854586246

 --------------------------------------------------------------------------------

 End time:                               Sun Nov  7 03:57:23 2021
 Total wall-clock time:                 65.592 seconds
==================================================================================
