
================================================================================
          _____________ ________ _______________ ________     _________         
         / ___________// ______ \\_____   _____// ______ \   / ________)        
        / /_________  / /      \ \     | |     / /      \ \ | (_______          
       |  __________|| |        | |    | |    | |        | | \________ \        
        \ \_________ | |        | |    | |     \ \______/ /___________) |       
         \__________||_|        |_|    |_|      \________//____________/        
                                                                                
====================================[ Qcore ]===================================

 Git describe: 2.3.0-3-g778a55bfd
 Compiler:     GNU 9.3.0
 Build type:   Release
 Version:      2.3.0-3-g778a55bfd

 Start time:   Sun Nov  7 03:56:18 2021

 Data directory: /mnt/storage/scratch/zw18965/.local/qcore/share/entos/qcore/data
 Number of threads: 28
 Number of threads was determined by: command line argument

 --------------------------------------------------------------------------------
                                   command: dft                                  
 --------------------------------------------------------------------------------
 AO basis set:                           def2-tzvppd
 Number of AO basis functions:          56
 ECP on atom 1 (Zr):                     28 electrons

 Formula:                                Zr
 Nuclear charge:                        40.000000000
 Total charge:                           0.000000000
 Number of core electrons:              28
 Number of treated electrons:           12

 Number of alpha electrons:              7
 Number of beta electrons:               5
 Number of unpaired electrons:           2
 Spin:                                   2
 Multiplicity:                           triplet

 Theory:                                 dft
 Exchange-correlation functional:        0.5 b88 + 0.75 lyp
 Method for Coulomb:                     incore_df
 Method for exact exchange:              pre_transformed_df
 Integral threshold:                     1.00e-12
 DF basis set:                           def2-universal-jkfit
 Number of DF basis functions:         255
 Schwarz screening threshold:            1.00e-10
 Coulomb fitting method:                 Cholesky

 ------------------
  UW12 Correlation 
 ------------------
 Factor for UW12 correlation:            1.000000000
 Opposite spin scale factor:             0.250000000
 Same spin scale factor:                 0.500000000
 Calculate indirect contribution:        true
 Method for three electron term:         df_ri
 Auxiliary RI basis set:                 Def2-TZVPPD-RI
 Number of RI basis functions:         176
 Gaussians in geminal expansion:        10
 UW12 screening threshold:               1.00e-12
 Method for density-fitting:             w(r)
 Number of core spatial orbitals:        4

 Total number of grid points:         8186
 Method for AO orthogonalization:        symmetric
 Threshold for linear dependence:        1.00e-08
 D3BJ dispersion energy:                 0.000000000

 -------------------------------------
  Running unrestricted open-shell SCF 
 -------------------------------------
 Max number of iterations:             128
 Conv. threshold (gradient):             1.00e-05
 Conv. threshold (energy):               1.00e-06
 Interpolation scheme:                   adiis+cdiis
 Initial guess:                          SAD

 ---------------------------------------------------------------
                  energy        change          grad        time
 ---------------------------------------------------------------
   0       -46.608690733                    2.74e-03        0.92
   1       -46.742355190     -1.34e-01      7.24e-02        0.07
   2       -46.749673065     -7.32e-03      2.12e-02        0.07
   3       -46.750546471     -8.73e-04      7.18e-03        0.07
   4       -46.750717773     -1.71e-04      4.99e-03        0.07
   5       -46.750822052     -1.04e-04      2.68e-03        0.07
   6       -46.750911737     -8.97e-05      1.14e-03        0.07
   7       -46.750933593     -2.19e-05      4.38e-04        0.07
   8       -46.750935301     -1.71e-06      1.65e-04        0.07
   9       -46.750935896     -5.95e-07      9.60e-05        0.07
  10       -46.750935914     -1.76e-08      9.84e-05        0.07
  11       -46.750935589      3.25e-07      2.73e-05        0.07
  12       -46.750935582      6.76e-09      1.72e-05        0.07
  13       -46.750935573      9.33e-09      1.31e-05        0.07
  14       -46.750935570      2.17e-09      9.79e-06        0.07

 SCF converged in 14 iterations.

 Dipole moment (in Debye):               0.000003      -0.000002       0.000003

 Quadrupole moment (in Debye-Angstrom):
                  1            2            3
 1       -27.283142    -0.000001    -0.000001
 2        -0.000001   -27.873919    -0.000001
 3        -0.000001    -0.000001   -27.283142

 Spin-squared expectation <S^2>:         2.042
 Total spin quantum number S:            1.014
 TOTAL ENERGY:                         -46.750935582

 --------------------------------------------------------------------------------

 End time:                               Sun Nov  7 03:56:25 2021
 Total wall-clock time:                  7.624 seconds
==================================================================================
