
================================================================================
          _____________ ________ _______________ ________     _________         
         / ___________// ______ \\_____   _____// ______ \   / ________)        
        / /_________  / /      \ \     | |     / /      \ \ | (_______          
       |  __________|| |        | |    | |    | |        | | \________ \        
        \ \_________ | |        | |    | |     \ \______/ /___________) |       
         \__________||_|        |_|    |_|      \________//____________/        
                                                                                
====================================[ Qcore ]===================================

 Git describe: 2.3.0-3-g778a55bfd
 Compiler:     GNU 9.3.0
 Build type:   Release
 Version:      2.3.0-3-g778a55bfd

 Start time:   Sun Nov  7 03:52:18 2021

 Data directory: /mnt/storage/scratch/zw18965/.local/qcore/share/entos/qcore/data
 Number of threads: 28
 Number of threads was determined by: command line argument

 --------------------------------------------------------------------------------
                                   command: dft                                  
 --------------------------------------------------------------------------------
 AO basis set:                           def2-tzvppd
 Number of AO basis functions:         112
 ECP on atom 1 (Ag):                     28 electrons
 ECP on atom 2 (Ag):                     28 electrons

 Formula:                                Ag2
 Nuclear charge:                        94.000000000
 Total charge:                           0.000000000
 Number of core electrons:              56
 Number of treated electrons:           38

 Number of alpha electrons:             19
 Number of beta electrons:              19
 Number of unpaired electrons:           0
 Spin:                                   0
 Multiplicity:                           singlet

 Theory:                                 dft
 Exchange-correlation functional:        wb97x

 Using range separated hybrid functional
 Range separation parameter:             0.300000000
 Short range exact exchange:             0.263800000
 Total long range exact exchange:        1.000000000

 Method for Coulomb:                     incore_df
 Method for exact exchange:              pre_transformed_df
 Integral threshold:                     1.00e-12
 DF basis set:                           def2-universal-jkfit
 Number of DF basis functions:         510
 Schwarz screening threshold:            1.00e-10
 Coulomb fitting method:                 Cholesky

 ------------------
  UW12 Correlation 
 ------------------
 Factor for UW12 correlation:            1.000000000
 Same spin scale factor:                 0.000000000
 Calculate indirect contribution:        false
 Method for three electron term:         df_ri
 Auxiliary RI basis set:                 Def2-TZVPPD-RI
 Number of RI basis functions:         352
 Gaussians in geminal expansion:         4
 UW12 screening threshold:               1.00e-12
 Method for density-fitting:             w(r)
 Number of core spatial orbitals:        8

 Total number of grid points:        16996
 Method for AO orthogonalization:        symmetric
 Threshold for linear dependence:        1.00e-08
 D3BJ dispersion energy:                -0.004271579

 -------------------------------------
  Running restricted closed-shell SCF 
 -------------------------------------
 Max number of iterations:             128
 Conv. threshold (gradient):             1.00e-05
 Conv. threshold (energy):               1.00e-06
 Interpolation scheme:                   adiis+cdiis
 Initial guess:                          SAD

 ---------------------------------------------------------------
                  energy        change          grad        time
 ---------------------------------------------------------------
   0      -293.619982564                    1.85e+00        4.86
   1      -293.743528932     -1.24e-01      1.12e-01        0.26
   2      -293.745737860     -2.21e-03      8.25e-02        0.25
   3      -293.747378168     -1.64e-03      5.31e-02        0.25
   4      -293.748166307     -7.88e-04      7.01e-03        0.24
   5      -293.748171975     -5.67e-06      3.35e-03        0.24
   6      -293.748183242     -1.13e-05      5.33e-04        0.23
   7      -293.748184163     -9.21e-07      1.70e-04        0.23
   8      -293.748184224     -6.16e-08      4.79e-05        0.23
   9      -293.748184204      2.05e-08      1.42e-05        0.23
  10      -293.748184193      1.10e-08      2.87e-06        0.24

 SCF converged in 10 iterations.

 Dipole moment (in Debye):               0.000001       0.000001       0.000000

 Quadrupole moment (in Debye-Angstrom):
                  1            2            3
 1       -40.506880     0.000000     0.000000
 2         0.000000   -40.506880     0.000000
 3         0.000000     0.000000   -31.278446

 Spin-squared expectation <S^2>:         0.000
 Total spin quantum number S:            0.000
 TOTAL ENERGY:                        -293.748184193

 --------------------------------------------------------------------------------

 End time:                               Sun Nov  7 03:52:28 2021
 Total wall-clock time:                 10.781 seconds
==================================================================================
