
================================================================================
          _____________ ________ _______________ ________     _________         
         / ___________// ______ \\_____   _____// ______ \   / ________)        
        / /_________  / /      \ \     | |     / /      \ \ | (_______          
       |  __________|| |        | |    | |    | |        | | \________ \        
        \ \_________ | |        | |    | |     \ \______/ /___________) |       
         \__________||_|        |_|    |_|      \________//____________/        
                                                                                
====================================[ Qcore ]===================================

 Git describe: 2.3.0-3-g778a55bfd
 Compiler:     GNU 9.3.0
 Build type:   Release
 Version:      2.3.0-3-g778a55bfd

 Start time:   Sun Nov  7 03:53:18 2021

 Data directory: /mnt/storage/scratch/zw18965/.local/qcore/share/entos/qcore/data
 Number of threads: 28
 Number of threads was determined by: command line argument

 --------------------------------------------------------------------------------
                                   command: dft                                  
 --------------------------------------------------------------------------------
 AO basis set:                           def2-tzvppd
 Number of AO basis functions:          67

 Formula:                                Co
 Nuclear charge:                        27.000000000
 Total charge:                           0.000000000
 Number of electrons:                   27.000000000

 Number of alpha electrons:             15
 Number of beta electrons:              12
 Number of unpaired electrons:           3
 Spin:                                   3
 Multiplicity:                           quartet

 Theory:                                 dft
 Exchange-correlation functional:        wb97x

 Using range separated hybrid functional
 Range separation parameter:             0.300000000
 Short range exact exchange:             0.263800000
 Total long range exact exchange:        1.000000000

 Method for Coulomb:                     incore_df
 Method for exact exchange:              pre_transformed_df
 Integral threshold:                     1.00e-12
 DF basis set:                           def2-universal-jkfit
 Number of DF basis functions:         264
 Schwarz screening threshold:            1.00e-10
 Coulomb fitting method:                 Cholesky

 ------------------
  UW12 Correlation 
 ------------------
 Factor for UW12 correlation:            1.000000000
 Same spin scale factor:                 0.000000000
 Calculate indirect contribution:        false
 Method for three electron term:         df_ri
 Auxiliary RI basis set:                 Def2-TZVPPD-RI
 Number of RI basis functions:         225
 Gaussians in geminal expansion:         4
 UW12 screening threshold:               1.00e-12
 Method for density-fitting:             w(r)
 Number of core spatial orbitals:        9

 Total number of grid points:         7936
 Method for AO orthogonalization:        symmetric
 Threshold for linear dependence:        1.00e-08
 D3BJ dispersion energy:                 0.000000000

 -------------------------------------
  Running unrestricted open-shell SCF 
 -------------------------------------
 Max number of iterations:             128
 Conv. threshold (gradient):             1.00e-05
 Conv. threshold (energy):               1.00e-06
 Interpolation scheme:                   adiis+cdiis
 Initial guess:                          SAD

 ---------------------------------------------------------------
                  energy        change          grad        time
 ---------------------------------------------------------------
   0     -1382.393751162                    1.01e-02        1.72
   1     -1382.643962716     -2.50e-01      2.70e-01        0.09
   2     -1382.654371192     -1.04e-02      8.06e-02        0.09
   3     -1382.650486910      3.88e-03      1.54e-01        0.09
   4     -1382.657225499     -6.74e-03      1.51e-02        0.08
   5     -1382.657823997     -5.98e-04      1.28e-02        0.08
   6     -1382.657799624      2.44e-05      1.27e-02        0.08
   7     -1382.656416245      1.38e-03      4.83e-03        0.09
   8     -1382.656379334      3.69e-05      3.30e-03        0.08
   9     -1382.656387031     -7.70e-06      1.71e-03        0.08
  10     -1382.656389129     -2.10e-06      1.77e-03        0.08
  11     -1382.656376443      1.27e-05      5.43e-04        0.08
  12     -1382.656375070      1.37e-06      3.96e-05        0.08
  13     -1382.656375068      2.71e-09      1.01e-05        0.08
  14     -1382.656375081     -1.34e-08      3.68e-06        0.08

 SCF converged in 14 iterations.

 Dipole moment (in Debye):              -0.000000      -0.000000      -0.000000

 Quadrupole moment (in Debye-Angstrom):
                  1            2            3
 1       -15.098334    -0.587616    -0.587680
 2        -0.587616   -15.098346    -0.587685
 3        -0.587680    -0.587685   -15.098492

 Spin-squared expectation <S^2>:         3.755
 Total spin quantum number S:            1.501
 TOTAL ENERGY:                       -1382.656375076

 --------------------------------------------------------------------------------

 End time:                               Sun Nov  7 03:53:24 2021
 Total wall-clock time:                  6.686 seconds
==================================================================================
