
================================================================================
          _____________ ________ _______________ ________     _________         
         / ___________// ______ \\_____   _____// ______ \   / ________)        
        / /_________  / /      \ \     | |     / /      \ \ | (_______          
       |  __________|| |        | |    | |    | |        | | \________ \        
        \ \_________ | |        | |    | |     \ \______/ /___________) |       
         \__________||_|        |_|    |_|      \________//____________/        
                                                                                
====================================[ Qcore ]===================================

 Git describe: 2.3.0-3-g778a55bfd
 Compiler:     GNU 9.3.0
 Build type:   Release
 Version:      2.3.0-3-g778a55bfd

 Start time:   Sun Nov  7 03:53:18 2021

 Data directory: /mnt/storage/scratch/zw18965/.local/qcore/share/entos/qcore/data
 Number of threads: 28
 Number of threads was determined by: command line argument

 --------------------------------------------------------------------------------
                                   command: dft                                  
 --------------------------------------------------------------------------------
 AO basis set:                           def2-tzvppd
 Number of AO basis functions:          84

 Formula:                                HCo
 Nuclear charge:                        28.000000000
 Total charge:                           0.000000000
 Number of electrons:                   28.000000000

 Number of alpha electrons:             15
 Number of beta electrons:              13
 Number of unpaired electrons:           2
 Spin:                                   2
 Multiplicity:                           triplet

 Theory:                                 dft
 Exchange-correlation functional:        wb97x

 Using range separated hybrid functional
 Range separation parameter:             0.300000000
 Short range exact exchange:             0.263800000
 Total long range exact exchange:        1.000000000

 Method for Coulomb:                     incore_df
 Method for exact exchange:              pre_transformed_df
 Integral threshold:                     1.00e-12
 DF basis set:                           def2-universal-jkfit
 Number of DF basis functions:         282
 Schwarz screening threshold:            1.00e-10
 Coulomb fitting method:                 Cholesky

 ------------------
  UW12 Correlation 
 ------------------
 Factor for UW12 correlation:            1.000000000
 Same spin scale factor:                 0.000000000
 Calculate indirect contribution:        false
 Method for three electron term:         df_ri
 Auxiliary RI basis set:                 Def2-TZVPPD-RI
 Number of RI basis functions:         264
 Gaussians in geminal expansion:         4
 UW12 screening threshold:               1.00e-12
 Method for density-fitting:             w(r)
 Number of core spatial orbitals:        9

 Total number of grid points:        13826
 Method for AO orthogonalization:        symmetric
 Threshold for linear dependence:        1.00e-08
 D3BJ dispersion energy:                -0.000873043

 -------------------------------------
  Running unrestricted open-shell SCF 
 -------------------------------------
 Max number of iterations:             128
 Conv. threshold (gradient):             1.00e-05
 Conv. threshold (energy):               1.00e-06
 Interpolation scheme:                   adiis+cdiis
 Initial guess:                          SAD

 ---------------------------------------------------------------
                  energy        change          grad        time
 ---------------------------------------------------------------
   0     -1382.983248716                    1.31e+00        2.67
   1     -1383.272272781     -2.89e-01      2.05e-01        0.14
   2     -1383.291558486     -1.93e-02      1.26e-01        0.14
   3     -1383.292949511     -1.39e-03      1.52e-01        0.12
   4     -1383.294803922     -1.85e-03      8.42e-02        0.12
   5     -1383.297376049     -2.57e-03      4.78e-02        0.12
   6     -1383.297997418     -6.21e-04      6.63e-03        0.12
   7     -1383.298050191     -5.28e-05      1.95e-03        0.12
   8     -1383.298057300     -7.11e-06      8.75e-04        0.12
   9     -1383.298059802     -2.50e-06      2.77e-04        0.11
  10     -1383.298060512     -7.10e-07      9.86e-05        0.11
  11     -1383.298060637     -1.26e-07      4.35e-05        0.12
  12     -1383.298060702     -6.44e-08      1.41e-05        0.12
  13     -1383.298060720     -1.79e-08      3.81e-06        0.12

 SCF converged in 13 iterations.

 Dipole moment (in Debye):              -0.000005      -0.000005      -3.222900

 Quadrupole moment (in Debye-Angstrom):
                  1            2            3
 1       -14.933918    -0.000000     0.000018
 2        -0.000000   -14.933918     0.000018
 3         0.000018     0.000018   -17.030270

 Spin-squared expectation <S^2>:         2.016
 Total spin quantum number S:            1.005
 TOTAL ENERGY:                       -1383.298060720

 --------------------------------------------------------------------------------

 End time:                               Sun Nov  7 03:53:26 2021
 Total wall-clock time:                  8.474 seconds
==================================================================================
