
================================================================================
          _____________ ________ _______________ ________     _________         
         / ___________// ______ \\_____   _____// ______ \   / ________)        
        / /_________  / /      \ \     | |     / /      \ \ | (_______          
       |  __________|| |        | |    | |    | |        | | \________ \        
        \ \_________ | |        | |    | |     \ \______/ /___________) |       
         \__________||_|        |_|    |_|      \________//____________/        
                                                                                
====================================[ Qcore ]===================================

 Git describe: 2.3.0-3-g778a55bfd
 Compiler:     GNU 9.3.0
 Build type:   Release
 Version:      2.3.0-3-g778a55bfd

 Start time:   Sun Nov  7 03:51:18 2021

 Data directory: /mnt/storage/scratch/zw18965/.local/qcore/share/entos/qcore/data
 Number of threads: 28
 Number of threads was determined by: command line argument

 --------------------------------------------------------------------------------
                                   command: dft                                  
 --------------------------------------------------------------------------------
 AO basis set:                           def2-tzvppd
 Number of AO basis functions:          67

 Formula:                                Cr+
 Nuclear charge:                        24.000000000
 Total charge:                           1.000000000
 Number of electrons:                   23.000000000

 Number of alpha electrons:             14
 Number of beta electrons:               9
 Number of unpaired electrons:           5
 Spin:                                   5
 Multiplicity:                           septet

 Theory:                                 dft
 Exchange-correlation functional:        wb97x

 Using range separated hybrid functional
 Range separation parameter:             0.300000000
 Short range exact exchange:             0.263800000
 Total long range exact exchange:        1.000000000

 Method for Coulomb:                     incore_df
 Method for exact exchange:              pre_transformed_df
 Integral threshold:                     1.00e-12
 DF basis set:                           def2-universal-jkfit
 Number of DF basis functions:         264
 Schwarz screening threshold:            1.00e-10
 Coulomb fitting method:                 Cholesky

 ------------------
  UW12 Correlation 
 ------------------
 Factor for UW12 correlation:            1.000000000
 Same spin scale factor:                 0.000000000
 Calculate indirect contribution:        false
 Method for three electron term:         df_ri
 Auxiliary RI basis set:                 Def2-TZVPPD-RI
 Number of RI basis functions:         225
 Gaussians in geminal expansion:         4
 UW12 screening threshold:               1.00e-12
 Method for density-fitting:             w(r)
 Number of core spatial orbitals:        9

 Total number of grid points:         7828
 Method for AO orthogonalization:        symmetric
 Threshold for linear dependence:        1.00e-08
 D3BJ dispersion energy:                 0.000000000

 -------------------------------------
  Running unrestricted open-shell SCF 
 -------------------------------------
 Max number of iterations:             128
 Conv. threshold (gradient):             1.00e-05
 Conv. threshold (energy):               1.00e-06
 Interpolation scheme:                   adiis+cdiis
 Initial guess:                          SAD

 ---------------------------------------------------------------
                  energy        change          grad        time
 ---------------------------------------------------------------
   0     -1043.899336731                    9.75e-02        1.68
   1     -1043.837738165      6.16e-02      4.42e-01        0.08
   2     -1043.833683897      4.05e-03      5.98e-01        0.07
   3     -1044.105410305     -2.72e-01      4.78e-02        0.07
   4     -1044.105968333     -5.58e-04      2.68e-02        0.07
   5     -1044.108915633     -2.95e-03      2.79e-03        0.07
   6     -1044.109014403     -9.88e-05      8.33e-04        0.07
   7     -1044.108979221      3.52e-05      1.77e-04        0.07
   8     -1044.108968048      1.12e-05      5.44e-05        0.07
   9     -1044.108967153      8.95e-07      4.20e-05        0.07
  10     -1044.108966747      4.06e-07      2.11e-05        0.07
  11     -1044.108966628      1.19e-07      5.45e-06        0.07

 SCF converged in 11 iterations.

 Dipole moment (in Debye):               0.000000       0.000000       0.000000

 Quadrupole moment (in Debye-Angstrom):
                  1            2            3
 1        -9.696430     0.000000     0.000000
 2         0.000000    -9.696430     0.000000
 3         0.000000     0.000000    -9.696427

 Spin-squared expectation <S^2>:         8.758
 Total spin quantum number S:            2.501
 TOTAL ENERGY:                       -1044.108966991

 --------------------------------------------------------------------------------

 End time:                               Sun Nov  7 03:51:24 2021
 Total wall-clock time:                  5.997 seconds
==================================================================================
