
================================================================================
          _____________ ________ _______________ ________     _________         
         / ___________// ______ \\_____   _____// ______ \   / ________)        
        / /_________  / /      \ \     | |     / /      \ \ | (_______          
       |  __________|| |        | |    | |    | |        | | \________ \        
        \ \_________ | |        | |    | |     \ \______/ /___________) |       
         \__________||_|        |_|    |_|      \________//____________/        
                                                                                
====================================[ Qcore ]===================================

 Git describe: 2.3.0-3-g778a55bfd
 Compiler:     GNU 9.3.0
 Build type:   Release
 Version:      2.3.0-3-g778a55bfd

 Start time:   Sun Nov  7 03:53:18 2021

 Data directory: /mnt/storage/scratch/zw18965/.local/qcore/share/entos/qcore/data
 Number of threads: 28
 Number of threads was determined by: command line argument

 --------------------------------------------------------------------------------
                                   command: dft                                  
 --------------------------------------------------------------------------------
 AO basis set:                           def2-tzvppd
 Number of AO basis functions:         155

 Formula:                                CH3Cr+
 Nuclear charge:                        33.000000000
 Total charge:                           1.000000000
 Number of electrons:                   32.000000000

 Number of alpha electrons:             18
 Number of beta electrons:              14
 Number of unpaired electrons:           4
 Spin:                                   4
 Multiplicity:                           quintet

 Theory:                                 dft
 Exchange-correlation functional:        wb97x

 Using range separated hybrid functional
 Range separation parameter:             0.300000000
 Short range exact exchange:             0.263800000
 Total long range exact exchange:        1.000000000

 Method for Coulomb:                     incore_df
 Method for exact exchange:              pre_transformed_df
 Integral threshold:                     1.00e-12
 DF basis set:                           def2-universal-jkfit
 Number of DF basis functions:         393
 Schwarz screening threshold:            1.00e-10
 Coulomb fitting method:                 Cholesky

 ------------------
  UW12 Correlation 
 ------------------
 Factor for UW12 correlation:            1.000000000
 Same spin scale factor:                 0.000000000
 Calculate indirect contribution:        false
 Method for three electron term:         df_ri
 Auxiliary RI basis set:                 Def2-TZVPPD-RI
 Number of RI basis functions:         434
 Gaussians in geminal expansion:         4
 UW12 screening threshold:               1.00e-12
 Method for density-fitting:             w(r)
 Number of core spatial orbitals:       10

 Total number of grid points:        32298
 Method for AO orthogonalization:        symmetric
 Threshold for linear dependence:        1.00e-08
 D3BJ dispersion energy:                -0.004959262

 -------------------------------------
  Running unrestricted open-shell SCF 
 -------------------------------------
 Max number of iterations:             128
 Conv. threshold (gradient):             1.00e-05
 Conv. threshold (energy):               1.00e-06
 Interpolation scheme:                   adiis+cdiis
 Initial guess:                          SAD

 ---------------------------------------------------------------
                  energy        change          grad        time
 ---------------------------------------------------------------
   0     -1084.159460958                    4.65e+00       10.91
   1     -1083.267225807      8.92e-01      2.72e+00        0.60
   2     -1071.870142634      1.14e+01      1.07e+01        0.59
   3     -1083.484199095     -1.16e+01      2.48e+00        0.58
   4     -1083.945735761     -4.62e-01      5.54e-01        0.59
   5     -1083.934138789      1.16e-02      6.40e-01        0.61
   6     -1083.975237874     -4.11e-02      8.54e-02        0.58
   7     -1083.977780015     -2.54e-03      5.73e-02        0.58
   8     -1083.980080682     -2.30e-03      2.37e-02        0.57
   9     -1083.980618395     -5.38e-04      1.87e-02        0.56
  10     -1083.980888466     -2.70e-04      1.86e-02        0.54
  11     -1083.981039170     -1.51e-04      1.89e-02        0.56
  12     -1083.980445440      5.94e-04      1.49e-02        0.56
  13     -1083.980024296      4.21e-04      1.23e-02        0.54
  14     -1083.980062171     -3.79e-05      1.14e-02        0.55
  15     -1083.980155913     -9.37e-05      1.15e-02        0.53
  16     -1083.980040253      1.16e-04      1.15e-02        0.54
  17     -1083.979245077      7.95e-04      1.05e-02        0.55
  18     -1083.978773313      4.72e-04      1.16e-02        0.54
  19     -1083.978918997     -1.46e-04      1.25e-02        0.54
  20     -1083.978861365      5.76e-05      1.05e-02        0.54
  21     -1083.978037895      8.23e-04      2.95e-02        0.54
  22     -1083.978084451     -4.66e-05      2.58e-02        0.54
  23     -1083.978085865     -1.41e-06      2.41e-02        0.54
  24     -1083.977939446      1.46e-04      3.00e-02        0.55
  25     -1083.978075716     -1.36e-04      1.99e-02        0.54
  26     -1083.978203373     -1.28e-04      1.09e-02        0.54
  27     -1083.978125598      7.78e-05      9.72e-03        0.54
  28     -1083.978075368      5.02e-05      5.13e-03        0.54
  29     -1083.977997054      7.83e-05      4.52e-03        0.54
  30     -1083.977928011      6.90e-05      4.02e-03        0.55
  31     -1083.977920161      7.85e-06      1.48e-03        0.54
  32     -1083.977916362      3.80e-06      5.18e-04        0.55
  33     -1083.977916385     -2.33e-08      2.61e-04        0.54
  34     -1083.977916271      1.15e-07      1.88e-04        0.54
  35     -1083.977916196      7.46e-08      1.87e-04        0.54
  36     -1083.977916221     -2.48e-08      1.71e-04        0.54
  37     -1083.977916212      8.66e-09      1.71e-04        0.54
  38     -1083.977916123      8.94e-08      1.76e-04        0.54
  39     -1083.977916046      7.70e-08      1.81e-04        0.54
  40     -1083.977916012      3.36e-08      1.86e-04        0.54
  41     -1083.977916009      3.71e-09      1.86e-04        0.54
  42     -1083.977915964      4.48e-08      1.63e-04        0.55
  43     -1083.977915894      6.98e-08      1.30e-04        0.55
  44     -1083.977915832      6.24e-08      9.00e-05        0.54
  45     -1083.977915829      2.11e-09      5.78e-05        0.55
  46     -1083.977915824      5.83e-09      4.26e-05        0.55
  47     -1083.977915838     -1.43e-08      2.05e-05        0.54
  48     -1083.977915839     -1.52e-09      6.72e-06        0.55

 SCF converged in 48 iterations.

 Dipole moment (in Debye):              -1.495752      -2.607315      -1.068608

 Quadrupole moment (in Debye-Angstrom):
                  1            2            3
 1       -17.281489     1.574421     0.650449
 2         1.574421   -15.383707     1.154690
 3         0.650449     1.154690   -17.695732

 Spin-squared expectation <S^2>:         6.020
 Total spin quantum number S:            2.004
 TOTAL ENERGY:                       -1083.977915841

 --------------------------------------------------------------------------------

 End time:                               Sun Nov  7 03:54:01 2021
 Total wall-clock time:                 43.122 seconds
==================================================================================
