
================================================================================
          _____________ ________ _______________ ________     _________         
         / ___________// ______ \\_____   _____// ______ \   / ________)        
        / /_________  / /      \ \     | |     / /      \ \ | (_______          
       |  __________|| |        | |    | |    | |        | | \________ \        
        \ \_________ | |        | |    | |     \ \______/ /___________) |       
         \__________||_|        |_|    |_|      \________//____________/        
                                                                                
====================================[ Qcore ]===================================

 Git describe: 2.3.0-3-g778a55bfd
 Compiler:     GNU 9.3.0
 Build type:   Release
 Version:      2.3.0-3-g778a55bfd

 Start time:   Sun Nov  7 03:52:18 2021

 Data directory: /mnt/storage/scratch/zw18965/.local/qcore/share/entos/qcore/data
 Number of threads: 28
 Number of threads was determined by: command line argument

 --------------------------------------------------------------------------------
                                   command: dft                                  
 --------------------------------------------------------------------------------
 AO basis set:                           def2-tzvppd
 Number of AO basis functions:         134

 Formula:                                Cu2
 Nuclear charge:                        58.000000000
 Total charge:                           0.000000000
 Number of electrons:                   58.000000000

 Number of alpha electrons:             29
 Number of beta electrons:              29
 Number of unpaired electrons:           0
 Spin:                                   0
 Multiplicity:                           singlet

 Theory:                                 dft
 Exchange-correlation functional:        wb97x

 Using range separated hybrid functional
 Range separation parameter:             0.300000000
 Short range exact exchange:             0.263800000
 Total long range exact exchange:        1.000000000

 Method for Coulomb:                     incore_df
 Method for exact exchange:              pre_transformed_df
 Integral threshold:                     1.00e-12
 DF basis set:                           def2-universal-jkfit
 Number of DF basis functions:         528
 Schwarz screening threshold:            1.00e-10
 Coulomb fitting method:                 Cholesky

 ------------------
  UW12 Correlation 
 ------------------
 Factor for UW12 correlation:            1.000000000
 Same spin scale factor:                 0.000000000
 Calculate indirect contribution:        false
 Method for three electron term:         df_ri
 Auxiliary RI basis set:                 Def2-TZVPPD-RI
 Number of RI basis functions:         450
 Gaussians in geminal expansion:         4
 UW12 screening threshold:               1.00e-12
 Method for density-fitting:             w(r)
 Number of core spatial orbitals:       18

 Total number of grid points:        15872
 Method for AO orthogonalization:        symmetric
 Threshold for linear dependence:        1.00e-08
 D3BJ dispersion energy:                -0.003642149

 -------------------------------------
  Running restricted closed-shell SCF 
 -------------------------------------
 Max number of iterations:             128
 Conv. threshold (gradient):             1.00e-05
 Conv. threshold (energy):               1.00e-06
 Interpolation scheme:                   adiis+cdiis
 Initial guess:                          SAD

 ---------------------------------------------------------------
                  energy        change          grad        time
 ---------------------------------------------------------------
   0     -3281.007396461                    3.22e+00        6.84
   1     -3281.042058478     -3.47e-02      1.42e-01        0.41
   2     -3281.044050656     -1.99e-03      1.17e-01        0.40
   3     -3281.041825754      2.22e-03      1.48e-01        0.41
   4     -3281.046273187     -4.45e-03      2.00e-02        0.40
   5     -3281.046330425     -5.72e-05      1.20e-02        0.43
   6     -3281.046365405     -3.50e-05      2.72e-03        0.39
   7     -3281.046371696     -6.29e-06      1.16e-03        0.40
   8     -3281.046372786     -1.09e-06      2.08e-04        0.39
   9     -3281.046372694      9.17e-08      4.35e-05        0.39
  10     -3281.046372654      4.00e-08      2.16e-05        0.39
  11     -3281.046372653      9.80e-10      1.03e-05        0.40
  12     -3281.046372654     -1.58e-09      2.50e-06        0.39

 SCF converged in 12 iterations.

 Dipole moment (in Debye):              -0.000002      -0.000002      -0.000001

 Quadrupole moment (in Debye-Angstrom):
                  1            2            3
 1       -27.941179     0.000000     0.000001
 2         0.000000   -27.941179     0.000001
 3         0.000001     0.000001   -19.761163

 Spin-squared expectation <S^2>:         0.000
 Total spin quantum number S:            0.000
 TOTAL ENERGY:                       -3281.046372651

 --------------------------------------------------------------------------------

 End time:                               Sun Nov  7 03:52:34 2021
 Total wall-clock time:                 16.628 seconds
==================================================================================
