
================================================================================
          _____________ ________ _______________ ________     _________         
         / ___________// ______ \\_____   _____// ______ \   / ________)        
        / /_________  / /      \ \     | |     / /      \ \ | (_______          
       |  __________|| |        | |    | |    | |        | | \________ \        
        \ \_________ | |        | |    | |     \ \______/ /___________) |       
         \__________||_|        |_|    |_|      \________//____________/        
                                                                                
====================================[ Qcore ]===================================

 Git describe: 2.3.0-3-g778a55bfd
 Compiler:     GNU 9.3.0
 Build type:   Release
 Version:      2.3.0-3-g778a55bfd

 Start time:   Sun Nov  7 03:51:18 2021

 Data directory: /mnt/storage/scratch/zw18965/.local/qcore/share/entos/qcore/data
 Number of threads: 28
 Number of threads was determined by: command line argument

 --------------------------------------------------------------------------------
                                   command: dft                                  
 --------------------------------------------------------------------------------
 AO basis set:                           def2-tzvppd
 Number of AO basis functions:         123
 ECP on atom 2 (Ag):                     28 electrons

 Formula:                                CuAg
 Nuclear charge:                        76.000000000
 Total charge:                           0.000000000
 Number of core electrons:              28
 Number of treated electrons:           48

 Number of alpha electrons:             24
 Number of beta electrons:              24
 Number of unpaired electrons:           0
 Spin:                                   0
 Multiplicity:                           singlet

 Theory:                                 dft
 Exchange-correlation functional:        wb97x

 Using range separated hybrid functional
 Range separation parameter:             0.300000000
 Short range exact exchange:             0.263800000
 Total long range exact exchange:        1.000000000

 Method for Coulomb:                     incore_df
 Method for exact exchange:              pre_transformed_df
 Integral threshold:                     1.00e-12
 DF basis set:                           def2-universal-jkfit
 Number of DF basis functions:         519
 Schwarz screening threshold:            1.00e-10
 Coulomb fitting method:                 Cholesky

 ------------------
  UW12 Correlation 
 ------------------
 Factor for UW12 correlation:            1.000000000
 Same spin scale factor:                 0.000000000
 Calculate indirect contribution:        false
 Method for three electron term:         df_ri
 Auxiliary RI basis set:                 Def2-TZVPPD-RI
 Number of RI basis functions:         401
 Gaussians in geminal expansion:         4
 UW12 screening threshold:               1.00e-12
 Method for density-fitting:             w(r)
 Number of core spatial orbitals:       13

 Total number of grid points:        16434
 Method for AO orthogonalization:        symmetric
 Threshold for linear dependence:        1.00e-08
 D3BJ dispersion energy:                -0.004297591

 -------------------------------------
  Running restricted closed-shell SCF 
 -------------------------------------
 Max number of iterations:             128
 Conv. threshold (gradient):             1.00e-05
 Conv. threshold (energy):               1.00e-06
 Interpolation scheme:                   adiis+cdiis
 Initial guess:                          SAD

 ---------------------------------------------------------------
                  energy        change          grad        time
 ---------------------------------------------------------------
   0     -1787.373249286                    3.45e+00        6.09
   1     -1787.389747808     -1.65e-02      1.55e-01        0.33
   2     -1787.390722446     -9.75e-04      1.73e-01        0.32
   3     -1787.392803398     -2.08e-03      1.40e-01        0.31
   4     -1787.394007321     -1.20e-03      1.06e-01        0.31
   5     -1787.394899387     -8.92e-04      3.13e-02        0.31
   6     -1787.394898107      1.28e-06      3.91e-02        0.31
   7     -1787.395024917     -1.27e-04      1.81e-03        0.32
   8     -1787.395024759      1.57e-07      9.73e-04        0.31
   9     -1787.395025436     -6.76e-07      4.09e-04        0.32
  10     -1787.395025386      5.01e-08      1.01e-04        0.31
  11     -1787.395025317      6.83e-08      2.62e-05        0.31
  12     -1787.395025318     -6.08e-10      6.10e-06        0.31

 SCF converged in 12 iterations.

 Dipole moment (in Debye):              -0.000001      -0.000001      -0.061069

 Quadrupole moment (in Debye-Angstrom):
                  1            2            3
 1       -34.229635     0.000000     0.000004
 2         0.000000   -34.229635     0.000004
 3         0.000004     0.000004   -25.868210

 Spin-squared expectation <S^2>:         0.000
 Total spin quantum number S:            0.000
 TOTAL ENERGY:                       -1787.395025315

 --------------------------------------------------------------------------------

 End time:                               Sun Nov  7 03:51:35 2021
 Total wall-clock time:                 16.915 seconds
==================================================================================
