
================================================================================
          _____________ ________ _______________ ________     _________         
         / ___________// ______ \\_____   _____// ______ \   / ________)        
        / /_________  / /      \ \     | |     / /      \ \ | (_______          
       |  __________|| |        | |    | |    | |        | | \________ \        
        \ \_________ | |        | |    | |     \ \______/ /___________) |       
         \__________||_|        |_|    |_|      \________//____________/        
                                                                                
====================================[ Qcore ]===================================

 Git describe: 2.3.0-3-g778a55bfd
 Compiler:     GNU 9.3.0
 Build type:   Release
 Version:      2.3.0-3-g778a55bfd

 Start time:   Sun Nov  7 03:52:18 2021

 Data directory: /mnt/storage/scratch/zw18965/.local/qcore/share/entos/qcore/data
 Number of threads: 28
 Number of threads was determined by: command line argument

 --------------------------------------------------------------------------------
                                   command: dft                                  
 --------------------------------------------------------------------------------
 AO basis set:                           def2-tzvppd
 Number of AO basis functions:         141

 Formula:                                H2OCu+
 Nuclear charge:                        39.000000000
 Total charge:                           1.000000000
 Number of electrons:                   38.000000000

 Number of alpha electrons:             19
 Number of beta electrons:              19
 Number of unpaired electrons:           0
 Spin:                                   0
 Multiplicity:                           singlet

 Theory:                                 dft
 Exchange-correlation functional:        wb97x

 Using range separated hybrid functional
 Range separation parameter:             0.300000000
 Short range exact exchange:             0.263800000
 Total long range exact exchange:        1.000000000

 Method for Coulomb:                     incore_df
 Method for exact exchange:              pre_transformed_df
 Integral threshold:                     1.00e-12
 DF basis set:                           def2-universal-jkfit
 Number of DF basis functions:         377
 Schwarz screening threshold:            1.00e-10
 Coulomb fitting method:                 Cholesky

 ------------------
  UW12 Correlation 
 ------------------
 Factor for UW12 correlation:            1.000000000
 Same spin scale factor:                 0.000000000
 Calculate indirect contribution:        false
 Method for three electron term:         df_ri
 Auxiliary RI basis set:                 Def2-TZVPPD-RI
 Number of RI basis functions:         395
 Gaussians in geminal expansion:         4
 UW12 screening threshold:               1.00e-12
 Method for density-fitting:             w(r)
 Number of core spatial orbitals:       10

 Total number of grid points:        26660
 Method for AO orthogonalization:        symmetric
 Threshold for linear dependence:        1.00e-08
 D3BJ dispersion energy:                -0.002628145

 -------------------------------------
  Running restricted closed-shell SCF 
 -------------------------------------
 Max number of iterations:             128
 Conv. threshold (gradient):             1.00e-05
 Conv. threshold (energy):               1.00e-06
 Interpolation scheme:                   adiis+cdiis
 Initial guess:                          SAD

 ---------------------------------------------------------------
                  energy        change          grad        time
 ---------------------------------------------------------------
   0     -1717.081356530                    7.59e+00        8.42
   1     -1716.650846978      4.31e-01      1.44e+00        0.25
   2     -1716.648995083      1.85e-03      1.44e+00        0.24
   3     -1716.704776248     -5.58e-02      8.34e-02        0.22
   4     -1716.703680803      1.10e-03      1.74e-01        0.21
   5     -1716.705555897     -1.88e-03      2.10e-02        0.21
   6     -1716.705614934     -5.90e-05      1.10e-02        0.22
   7     -1716.705637929     -2.30e-05      4.26e-03        0.22
   8     -1716.705643257     -5.33e-06      9.98e-04        0.21
   9     -1716.705642747      5.11e-07      1.57e-04        0.21
  10     -1716.705642756     -9.87e-09      2.64e-05        0.21
  11     -1716.705642762     -5.68e-09      1.33e-05        0.21
  12     -1716.705642757      5.05e-09      6.02e-06        0.21

 SCF converged in 12 iterations.

 Dipole moment (in Debye):              -0.000002      -0.000002       1.229033

 Quadrupole moment (in Debye-Angstrom):
                  1            2            3
 1       -12.891601     0.000001     0.000001
 2         0.000001   -17.063920     0.000001
 3         0.000001     0.000001    -5.364267

 Spin-squared expectation <S^2>:         0.000
 Total spin quantum number S:            0.000
 TOTAL ENERGY:                       -1716.705642760

 --------------------------------------------------------------------------------

 End time:                               Sun Nov  7 03:52:34 2021
 Total wall-clock time:                 16.295 seconds
==================================================================================
