
================================================================================
          _____________ ________ _______________ ________     _________         
         / ___________// ______ \\_____   _____// ______ \   / ________)        
        / /_________  / /      \ \     | |     / /      \ \ | (_______          
       |  __________|| |        | |    | |    | |        | | \________ \        
        \ \_________ | |        | |    | |     \ \______/ /___________) |       
         \__________||_|        |_|    |_|      \________//____________/        
                                                                                
====================================[ Qcore ]===================================

 Git describe: 2.3.0-3-g778a55bfd
 Compiler:     GNU 9.3.0
 Build type:   Release
 Version:      2.3.0-3-g778a55bfd

 Start time:   Sun Nov  7 03:51:18 2021

 Data directory: /mnt/storage/scratch/zw18965/.local/qcore/share/entos/qcore/data
 Number of threads: 28
 Number of threads was determined by: command line argument

 --------------------------------------------------------------------------------
                                   command: dft                                  
 --------------------------------------------------------------------------------
 AO basis set:                           def2-tzvppd
 Number of AO basis functions:          84

 Formula:                                HFe
 Nuclear charge:                        27.000000000
 Total charge:                           0.000000000
 Number of electrons:                   27.000000000

 Number of alpha electrons:             15
 Number of beta electrons:              12
 Number of unpaired electrons:           3
 Spin:                                   3
 Multiplicity:                           quartet

 Theory:                                 dft
 Exchange-correlation functional:        wb97x

 Using range separated hybrid functional
 Range separation parameter:             0.300000000
 Short range exact exchange:             0.263800000
 Total long range exact exchange:        1.000000000

 Method for Coulomb:                     incore_df
 Method for exact exchange:              pre_transformed_df
 Integral threshold:                     1.00e-12
 DF basis set:                           def2-universal-jkfit
 Number of DF basis functions:         282
 Schwarz screening threshold:            1.00e-10
 Coulomb fitting method:                 Cholesky

 ------------------
  UW12 Correlation 
 ------------------
 Factor for UW12 correlation:            1.000000000
 Same spin scale factor:                 0.000000000
 Calculate indirect contribution:        false
 Method for three electron term:         df_ri
 Auxiliary RI basis set:                 Def2-TZVPPD-RI
 Number of RI basis functions:         264
 Gaussians in geminal expansion:         4
 UW12 screening threshold:               1.00e-12
 Method for density-fitting:             w(r)
 Number of core spatial orbitals:        9

 Total number of grid points:        13826
 Method for AO orthogonalization:        symmetric
 Threshold for linear dependence:        1.00e-08
 D3BJ dispersion energy:                -0.000870018

 -------------------------------------
  Running unrestricted open-shell SCF 
 -------------------------------------
 Max number of iterations:             128
 Conv. threshold (gradient):             1.00e-05
 Conv. threshold (energy):               1.00e-06
 Interpolation scheme:                   adiis+cdiis
 Initial guess:                          SAD

 ---------------------------------------------------------------
                  energy        change          grad        time
 ---------------------------------------------------------------
   0     -1263.823601867                    1.11e+00        2.75
   1     -1264.073689896     -2.50e-01      6.42e-01        0.14
   2     -1263.677469188      3.96e-01      1.37e+00        0.13
   3     -1264.175056863     -4.98e-01      3.23e-01        0.12
   4     -1264.179410442     -4.35e-03      2.67e-01        0.12
   5     -1264.200431842     -2.10e-02      3.52e-02        0.12
   6     -1264.200424014      7.83e-06      3.37e-02        0.12
   7     -1264.201115224     -6.91e-04      4.07e-03        0.12
   8     -1264.201175424     -6.02e-05      2.71e-03        0.11
   9     -1264.201187020     -1.16e-05      8.72e-04        0.12
  10     -1264.201190310     -3.29e-06      3.63e-04        0.12
  11     -1264.201191855     -1.54e-06      1.64e-04        0.12
  12     -1264.201192153     -2.98e-07      7.32e-05        0.11
  13     -1264.201192314     -1.61e-07      2.40e-05        0.12
  14     -1264.201192339     -2.53e-08      6.93e-06        0.11

 SCF converged in 14 iterations.

 Dipole moment (in Debye):              -0.000060      -0.000060      -3.291355

 Quadrupole moment (in Debye-Angstrom):
                  1            2            3
 1       -15.414540     0.000000     0.000167
 2         0.000000   -15.414540     0.000167
 3         0.000167     0.000167   -18.538247

 Spin-squared expectation <S^2>:         3.778
 Total spin quantum number S:            1.507
 TOTAL ENERGY:                       -1264.201192357

 --------------------------------------------------------------------------------

 End time:                               Sun Nov  7 03:51:26 2021
 Total wall-clock time:                  8.596 seconds
==================================================================================
