
================================================================================
          _____________ ________ _______________ ________     _________         
         / ___________// ______ \\_____   _____// ______ \   / ________)        
        / /_________  / /      \ \     | |     / /      \ \ | (_______          
       |  __________|| |        | |    | |    | |        | | \________ \        
        \ \_________ | |        | |    | |     \ \______/ /___________) |       
         \__________||_|        |_|    |_|      \________//____________/        
                                                                                
====================================[ Qcore ]===================================

 Git describe: 2.3.0-3-g778a55bfd
 Compiler:     GNU 9.3.0
 Build type:   Release
 Version:      2.3.0-3-g778a55bfd

 Start time:   Sun Nov  7 03:52:18 2021

 Data directory: /mnt/storage/scratch/zw18965/.local/qcore/share/entos/qcore/data
 Number of threads: 28
 Number of threads was determined by: command line argument

 --------------------------------------------------------------------------------
                                   command: dft                                  
 --------------------------------------------------------------------------------
 AO basis set:                           def2-tzvppd
 Number of AO basis functions:          74

 Formula:                                H2O
 Nuclear charge:                        10.000000000
 Total charge:                           0.000000000
 Number of electrons:                   10.000000000

 Number of alpha electrons:              5
 Number of beta electrons:               5
 Number of unpaired electrons:           0
 Spin:                                   0
 Multiplicity:                           singlet

 Theory:                                 dft
 Exchange-correlation functional:        wb97x

 Using range separated hybrid functional
 Range separation parameter:             0.300000000
 Short range exact exchange:             0.263800000
 Total long range exact exchange:        1.000000000

 Method for Coulomb:                     incore_df
 Method for exact exchange:              pre_transformed_df
 Integral threshold:                     1.00e-12
 DF basis set:                           def2-universal-jkfit
 Number of DF basis functions:         113
 Schwarz screening threshold:            1.00e-10
 Coulomb fitting method:                 Cholesky

 ------------------
  UW12 Correlation 
 ------------------
 Factor for UW12 correlation:            1.000000000
 Same spin scale factor:                 0.000000000
 Calculate indirect contribution:        false
 Method for three electron term:         df_ri
 Auxiliary RI basis set:                 Def2-TZVPPD-RI
 Number of RI basis functions:         170
 Gaussians in geminal expansion:         4
 UW12 screening threshold:               1.00e-12
 Method for density-fitting:             w(r)
 Number of core spatial orbitals:        1

 Total number of grid points:        18724
 Method for AO orthogonalization:        symmetric
 Threshold for linear dependence:        1.00e-08
 D3BJ dispersion energy:                -0.000479188

 -------------------------------------
  Running restricted closed-shell SCF 
 -------------------------------------
 Max number of iterations:             128
 Conv. threshold (gradient):             1.00e-05
 Conv. threshold (energy):               1.00e-06
 Interpolation scheme:                   adiis+cdiis
 Initial guess:                          SAD

 ---------------------------------------------------------------
                  energy        change          grad        time
 ---------------------------------------------------------------
   0       -76.414465976                    5.98e+00        0.13
   1       -76.358088777      5.64e-02      1.40e+00        0.02
   2       -76.344303891      1.38e-02      1.46e+00        0.02
   3       -76.440336369     -9.60e-02      4.29e-02        0.02
   4       -76.440393452     -5.71e-05      2.62e-02        0.02
   5       -76.440418687     -2.52e-05      8.91e-04        0.02
   6       -76.440418832     -1.45e-07      1.30e-04        0.02
   7       -76.440418837     -4.29e-09      3.76e-05        0.02
   8       -76.440418836      2.14e-10      3.02e-06        0.02

 SCF converged in 8 iterations.

 Dipole moment (in Debye):               1.474889      -0.000000       1.141632

 Quadrupole moment (in Debye-Angstrom):
                  1            2            3
 1        -5.730992    -0.000000    -0.961901
 2        -0.000000    -7.819725    -0.000000
 3        -0.961901    -0.000000    -5.232845

 Spin-squared expectation <S^2>:         0.000
 Total spin quantum number S:            0.000
 TOTAL ENERGY:                         -76.440418837

 --------------------------------------------------------------------------------

 End time:                               Sun Nov  7 03:52:19 2021
 Total wall-clock time:                  0.825 seconds
==================================================================================
