
================================================================================
          _____________ ________ _______________ ________     _________         
         / ___________// ______ \\_____   _____// ______ \   / ________)        
        / /_________  / /      \ \     | |     / /      \ \ | (_______          
       |  __________|| |        | |    | |    | |        | | \________ \        
        \ \_________ | |        | |    | |     \ \______/ /___________) |       
         \__________||_|        |_|    |_|      \________//____________/        
                                                                                
====================================[ Qcore ]===================================

 Git describe: 2.3.0-3-g778a55bfd
 Compiler:     GNU 9.3.0
 Build type:   Release
 Version:      2.3.0-3-g778a55bfd

 Start time:   Sun Nov  7 03:51:18 2021

 Data directory: /mnt/storage/scratch/zw18965/.local/qcore/share/entos/qcore/data
 Number of threads: 28
 Number of threads was determined by: command line argument

 --------------------------------------------------------------------------------
                                   command: dft                                  
 --------------------------------------------------------------------------------
 AO basis set:                           def2-tzvppd
 Number of AO basis functions:          67

 Formula:                                V+
 Nuclear charge:                        23.000000000
 Total charge:                           1.000000000
 Number of electrons:                   22.000000000

 Number of alpha electrons:             13
 Number of beta electrons:               9
 Number of unpaired electrons:           4
 Spin:                                   4
 Multiplicity:                           quintet

 Theory:                                 dft
 Exchange-correlation functional:        wb97x

 Using range separated hybrid functional
 Range separation parameter:             0.300000000
 Short range exact exchange:             0.263800000
 Total long range exact exchange:        1.000000000

 Method for Coulomb:                     incore_df
 Method for exact exchange:              pre_transformed_df
 Integral threshold:                     1.00e-12
 DF basis set:                           def2-universal-jkfit
 Number of DF basis functions:         264
 Schwarz screening threshold:            1.00e-10
 Coulomb fitting method:                 Cholesky

 ------------------
  UW12 Correlation 
 ------------------
 Factor for UW12 correlation:            1.000000000
 Same spin scale factor:                 0.000000000
 Calculate indirect contribution:        false
 Method for three electron term:         df_ri
 Auxiliary RI basis set:                 Def2-TZVPPD-RI
 Number of RI basis functions:         225
 Gaussians in geminal expansion:         4
 UW12 screening threshold:               1.00e-12
 Method for density-fitting:             w(r)
 Number of core spatial orbitals:        9

 Total number of grid points:         7852
 Method for AO orthogonalization:        symmetric
 Threshold for linear dependence:        1.00e-08
 D3BJ dispersion energy:                 0.000000000

 -------------------------------------
  Running unrestricted open-shell SCF 
 -------------------------------------
 Max number of iterations:             128
 Conv. threshold (gradient):             1.00e-05
 Conv. threshold (energy):               1.00e-06
 Interpolation scheme:                   adiis+cdiis
 Initial guess:                          SAD

 ---------------------------------------------------------------
                  energy        change          grad        time
 ---------------------------------------------------------------
   0      -943.451223188                    1.80e-02        1.68
   1      -943.391044396      6.02e-02      5.71e-01        0.07
   2      -943.415833260     -2.48e-02      6.87e-01        0.06
   3      -943.595727010     -1.80e-01      8.67e-02        0.06
   4      -943.600138580     -4.41e-03      3.51e-02        0.06
   5      -943.599573950      5.65e-04      4.82e-03        0.07
   6      -943.599540947      3.30e-05      2.02e-03        0.06
   7      -943.599496594      4.44e-05      1.71e-03        0.07
   8      -943.599488021      8.57e-06      1.57e-03        0.07
   9      -943.599509021     -2.10e-05      9.33e-04        0.07
  10      -943.599534549     -2.55e-05      4.16e-04        0.07
  11      -943.599547817     -1.33e-05      1.56e-04        0.06
  12      -943.599549370     -1.55e-06      1.51e-04        0.07
  13      -943.599549081      2.90e-07      1.68e-04        0.06
  14      -943.599549385     -3.04e-07      1.67e-04        0.06
  15      -943.599549359      2.56e-08      1.69e-04        0.06
  16      -943.599549158      2.01e-07      1.75e-04        0.06
  17      -943.599549024      1.34e-07      1.51e-04        0.06
  18      -943.599548200      8.23e-07      1.09e-04        0.06
  19      -943.599546817      1.38e-06      1.02e-04        0.06
  20      -943.599547042     -2.25e-07      9.77e-05        0.07
  21      -943.599547231     -1.89e-07      6.48e-05        0.06
  22      -943.599547713     -4.82e-07      3.62e-05        0.06
  23      -943.599547531      1.81e-07      1.57e-05        0.06
  24      -943.599547525      6.07e-09      1.48e-05        0.06
  25      -943.599547447      7.85e-08      1.11e-05        0.06
  26      -943.599547305      1.41e-07      7.35e-06        0.06

 SCF converged in 26 iterations.

 Dipole moment (in Debye):               0.000000      -0.000000      -0.000000

 Quadrupole moment (in Debye-Angstrom):
                  1            2            3
 1        -9.889229    -0.226933    -0.205661
 2        -0.226933   -10.091889    -0.315384
 3        -0.205661    -0.315384   -10.028815

 Spin-squared expectation <S^2>:         6.005
 Total spin quantum number S:            2.001
 TOTAL ENERGY:                        -943.599547155

 --------------------------------------------------------------------------------

 End time:                               Sun Nov  7 03:51:25 2021
 Total wall-clock time:                  7.341 seconds
==================================================================================
