
================================================================================
          _____________ ________ _______________ ________     _________         
         / ___________// ______ \\_____   _____// ______ \   / ________)        
        / /_________  / /      \ \     | |     / /      \ \ | (_______          
       |  __________|| |        | |    | |    | |        | | \________ \        
        \ \_________ | |        | |    | |     \ \______/ /___________) |       
         \__________||_|        |_|    |_|      \________//____________/        
                                                                                
====================================[ Qcore ]===================================

 Git describe: 2.3.0-3-g778a55bfd
 Compiler:     GNU 9.3.0
 Build type:   Release
 Version:      2.3.0-3-g778a55bfd

 Start time:   Sun Nov  7 03:53:18 2021

 Data directory: /mnt/storage/scratch/zw18965/.local/qcore/share/entos/qcore/data
 Number of threads: 28
 Number of threads was determined by: command line argument

 --------------------------------------------------------------------------------
                                   command: dft                                  
 --------------------------------------------------------------------------------
 AO basis set:                           def2-tzvppd
 Number of AO basis functions:         144

 Formula:                                COV+
 Nuclear charge:                        37.000000000
 Total charge:                           1.000000000
 Number of electrons:                   36.000000000

 Number of alpha electrons:             20
 Number of beta electrons:              16
 Number of unpaired electrons:           4
 Spin:                                   4
 Multiplicity:                           quintet

 Theory:                                 dft
 Exchange-correlation functional:        wb97x

 Using range separated hybrid functional
 Range separation parameter:             0.300000000
 Short range exact exchange:             0.263800000
 Total long range exact exchange:        1.000000000

 Method for Coulomb:                     incore_df
 Method for exact exchange:              pre_transformed_df
 Integral threshold:                     1.00e-12
 DF basis set:                           def2-universal-jkfit
 Number of DF basis functions:         416
 Schwarz screening threshold:            1.00e-10
 Coulomb fitting method:                 Cholesky

 ------------------
  UW12 Correlation 
 ------------------
 Factor for UW12 correlation:            1.000000000
 Same spin scale factor:                 0.000000000
 Calculate indirect contribution:        false
 Method for three electron term:         df_ri
 Auxiliary RI basis set:                 Def2-TZVPPD-RI
 Number of RI basis functions:         409
 Gaussians in geminal expansion:         4
 UW12 screening threshold:               1.00e-12
 Method for density-fitting:             w(r)
 Number of core spatial orbitals:       11

 Total number of grid points:        21596
 Method for AO orthogonalization:        symmetric
 Threshold for linear dependence:        1.00e-08
 D3BJ dispersion energy:                -0.004116181

 -------------------------------------
  Running unrestricted open-shell SCF 
 -------------------------------------
 Max number of iterations:             128
 Conv. threshold (gradient):             1.00e-05
 Conv. threshold (energy):               1.00e-06
 Interpolation scheme:                   adiis+cdiis
 Initial guess:                          SAD

 ---------------------------------------------------------------
                  energy        change          grad        time
 ---------------------------------------------------------------
   0     -1057.303118482                    3.59e+00        8.48
   1     -1055.676036018      1.63e+00      1.34e+00        0.54
   2     -1021.695469855      3.40e+01      7.36e+00        0.53
   3     -1048.658110428     -2.70e+01      7.20e+00        0.52
   4     -1056.829894911     -8.17e+00      9.06e-01        0.51
   5     -1056.755065620      7.48e-02      9.54e-01        0.51
   6     -1056.962981055     -2.08e-01      1.07e-01        0.49
   7     -1056.971595804     -8.61e-03      8.91e-02        0.50
   8     -1056.973688371     -2.09e-03      7.94e-02        0.50
   9     -1056.976250563     -2.56e-03      1.47e-02        0.50
  10     -1056.976433580     -1.83e-04      4.94e-03        0.49
  11     -1056.976461763     -2.82e-05      3.34e-03        0.50
  12     -1056.976488497     -2.67e-05      2.54e-03        0.52
  13     -1056.976509175     -2.07e-05      1.46e-03        0.50
  14     -1056.976518701     -9.53e-06      5.55e-04        0.50
  15     -1056.976520399     -1.70e-06      1.41e-04        0.49
  16     -1056.976520574     -1.75e-07      5.98e-05        0.49
  17     -1056.976520637     -6.25e-08      2.53e-05        0.49
  18     -1056.976520646     -8.74e-09      7.20e-06        0.49

 SCF converged in 18 iterations.

 Dipole moment (in Debye):              -0.000000      -0.000000      -4.314407

 Quadrupole moment (in Debye-Angstrom):
                  1            2            3
 1       -21.448535    -0.002633    -0.000000
 2        -0.002633   -21.448535    -0.000000
 3        -0.000000    -0.000000   -12.233416

 Spin-squared expectation <S^2>:         6.002
 Total spin quantum number S:            2.000
 TOTAL ENERGY:                       -1056.976520639

 --------------------------------------------------------------------------------

 End time:                               Sun Nov  7 03:53:41 2021
 Total wall-clock time:                 23.496 seconds
==================================================================================
