
================================================================================
          _____________ ________ _______________ ________     _________         
         / ___________// ______ \\_____   _____// ______ \   / ________)        
        / /_________  / /      \ \     | |     / /      \ \ | (_______          
       |  __________|| |        | |    | |    | |        | | \________ \        
        \ \_________ | |        | |    | |     \ \______/ /___________) |       
         \__________||_|        |_|    |_|      \________//____________/        
                                                                                
====================================[ Qcore ]===================================

 Git describe: 2.3.0-3-g778a55bfd
 Compiler:     GNU 9.3.0
 Build type:   Release
 Version:      2.3.0-3-g778a55bfd

 Start time:   Sun Nov  7 03:53:18 2021

 Data directory: /mnt/storage/scratch/zw18965/.local/qcore/share/entos/qcore/data
 Number of threads: 28
 Number of threads was determined by: command line argument

 --------------------------------------------------------------------------------
                                   command: dft                                  
 --------------------------------------------------------------------------------
 AO basis set:                           def2-tzvppd
 Number of AO basis functions:         112
 ECP on atom 1 (Zr):                     28 electrons
 ECP on atom 2 (Zr):                     28 electrons

 Formula:                                Zr2
 Nuclear charge:                        80.000000000
 Total charge:                           0.000000000
 Number of core electrons:              56
 Number of treated electrons:           24

 Number of alpha electrons:             13
 Number of beta electrons:              11
 Number of unpaired electrons:           2
 Spin:                                   2
 Multiplicity:                           triplet

 Theory:                                 dft
 Exchange-correlation functional:        wb97x

 Using range separated hybrid functional
 Range separation parameter:             0.300000000
 Short range exact exchange:             0.263800000
 Total long range exact exchange:        1.000000000

 Method for Coulomb:                     incore_df
 Method for exact exchange:              pre_transformed_df
 Integral threshold:                     1.00e-12
 DF basis set:                           def2-universal-jkfit
 Number of DF basis functions:         510
 Schwarz screening threshold:            1.00e-10
 Coulomb fitting method:                 Cholesky

 ------------------
  UW12 Correlation 
 ------------------
 Factor for UW12 correlation:            1.000000000
 Same spin scale factor:                 0.000000000
 Calculate indirect contribution:        false
 Method for three electron term:         df_ri
 Auxiliary RI basis set:                 Def2-TZVPPD-RI
 Number of RI basis functions:         352
 Gaussians in geminal expansion:         4
 UW12 screening threshold:               1.00e-12
 Method for density-fitting:             w(r)
 Number of core spatial orbitals:        8

 Total number of grid points:        16372
 Method for AO orthogonalization:        symmetric
 Threshold for linear dependence:        1.00e-08
 D3BJ dispersion energy:                -0.009563503

 -------------------------------------
  Running unrestricted open-shell SCF 
 -------------------------------------
 Max number of iterations:             128
 Conv. threshold (gradient):             1.00e-05
 Conv. threshold (energy):               1.00e-06
 Interpolation scheme:                   adiis+cdiis
 Initial guess:                          SAD

 ---------------------------------------------------------------
                  energy        change          grad        time
 ---------------------------------------------------------------
   0       -93.740955614                    3.09e+00        3.64
   1       -93.493602137      2.47e-01      4.73e-01        0.38
   2       -93.543631389     -5.00e-02      4.21e-01        0.37
   3       -93.637483536     -9.39e-02      6.41e-02        0.36
   4       -93.638891412     -1.41e-03      5.73e-02        0.35
   5       -93.640818767     -1.93e-03      6.82e-03        0.35
   6       -93.640960194     -1.41e-04      4.42e-03        0.35
   7       -93.641044831     -8.46e-05      2.04e-03        0.35
   8       -93.641070950     -2.61e-05      6.46e-04        0.35
   9       -93.641073461     -2.51e-06      2.15e-04        0.35
  10       -93.641074379     -9.18e-07      1.57e-04        0.35
  11       -93.641074476     -9.64e-08      1.18e-04        0.35
  12       -93.641074562     -8.65e-08      2.37e-05        0.35
  13       -93.641074511      5.09e-08      8.06e-06        0.35

 SCF converged in 13 iterations.

 Dipole moment (in Debye):               0.000012       0.000012       0.000000

 Quadrupole moment (in Debye-Angstrom):
                  1            2            3
 1       -50.268452     0.000001     0.000000
 2         0.000001   -50.268452     0.000000
 3         0.000000     0.000000   -37.294174

 Spin-squared expectation <S^2>:         2.005
 Total spin quantum number S:            1.002
 TOTAL ENERGY:                         -93.641074491

 --------------------------------------------------------------------------------

 End time:                               Sun Nov  7 03:53:29 2021
 Total wall-clock time:                 11.061 seconds
==================================================================================
