
================================================================================
          _____________ ________ _______________ ________     _________         
         / ___________// ______ \\_____   _____// ______ \   / ________)        
        / /_________  / /      \ \     | |     / /      \ \ | (_______          
       |  __________|| |        | |    | |    | |        | | \________ \        
        \ \_________ | |        | |    | |     \ \______/ /___________) |       
         \__________||_|        |_|    |_|      \________//____________/        
                                                                                
====================================[ Qcore ]===================================

 Git describe: 2.3.0-3-g778a55bfd
 Compiler:     GNU 9.3.0
 Build type:   Release
 Version:      2.3.0-3-g778a55bfd

 Start time:   Sun Nov  7 03:58:18 2021

 Data directory: /mnt/storage/scratch/zw18965/.local/qcore/share/entos/qcore/data
 Number of threads: 28
 Number of threads was determined by: command line argument

 --------------------------------------------------------------------------------
                                   command: dft                                  
 --------------------------------------------------------------------------------
 AO basis set:                           def2-tzvppd
 Number of AO basis functions:          71

 Formula:                                CH2
 Nuclear charge:                         8.000000000
 Total charge:                           0.000000000
 Number of electrons:                    8.000000000

 Number of alpha electrons:              5
 Number of beta electrons:               3
 Number of unpaired electrons:           2
 Spin:                                   2
 Multiplicity:                           triplet

 Theory:                                 dft
 Exchange-correlation functional:        b3lyp
 Method for Coulomb:                     incore_df
 Method for exact exchange:              pre_transformed_df
 Integral threshold:                     1.00e-12
 DF basis set:                           def2-universal-jkfit
 Number of DF basis functions:         111
 Schwarz screening threshold:            1.00e-10
 Coulomb fitting method:                 Cholesky
 Total number of grid points:        18580
 Method for AO orthogonalization:        symmetric
 Threshold for linear dependence:        1.00e-08
 D3BJ dispersion energy:                -0.000836774

 -------------------------------------
  Running unrestricted open-shell SCF 
 -------------------------------------
 Max number of iterations:             128
 Conv. threshold (gradient):             1.00e-05
 Conv. threshold (energy):               1.00e-06
 Interpolation scheme:                   adiis+cdiis
 Initial guess:                          SAD

 ---------------------------------------------------------------
                  energy        change          grad        time
 ---------------------------------------------------------------
   0       -39.049907418                    2.02e+00        0.01
   1       -39.129190823     -7.93e-02      2.88e-01        0.01
   2       -39.134826411     -5.64e-03      1.78e-01        0.01
   3       -39.141532495     -6.71e-03      7.10e-02        0.01
   4       -39.141704793     -1.72e-04      6.04e-02        0.01
   5       -39.142549955     -8.45e-04      1.14e-03        0.01
   6       -39.142550487     -5.32e-07      3.17e-04        0.01
   7       -39.142550509     -2.22e-08      3.95e-05        0.01
   8       -39.142550510     -5.28e-10      5.83e-06        0.01

 SCF converged in 8 iterations.

 Dipole moment (in Debye):               0.553405      -0.000000       0.235836

 Quadrupole moment (in Debye-Angstrom):
                  1            2            3
 1        -7.524941    -0.000000    -0.652788
 2        -0.000000    -8.324539     0.000000
 3        -0.652788     0.000000    -6.271305

 Spin-squared expectation <S^2>:         2.005
 Total spin quantum number S:            1.002
 TOTAL ENERGY:                         -39.142550510

 --------------------------------------------------------------------------------

 End time:                               Sun Nov  7 03:58:18 2021
 Total wall-clock time:                  0.409 seconds
==================================================================================
