
================================================================================
          _____________ ________ _______________ ________     _________         
         / ___________// ______ \\_____   _____// ______ \   / ________)        
        / /_________  / /      \ \     | |     / /      \ \ | (_______          
       |  __________|| |        | |    | |    | |        | | \________ \        
        \ \_________ | |        | |    | |     \ \______/ /___________) |       
         \__________||_|        |_|    |_|      \________//____________/        
                                                                                
====================================[ Qcore ]===================================

 Git describe: 2.3.0-3-g778a55bfd
 Compiler:     GNU 9.3.0
 Build type:   Release
 Version:      2.3.0-3-g778a55bfd

 Start time:   Sun Nov  7 03:59:18 2021

 Data directory: /mnt/storage/scratch/zw18965/.local/qcore/share/entos/qcore/data
 Number of threads: 28
 Number of threads was determined by: command line argument

 --------------------------------------------------------------------------------
                                   command: dft                                  
 --------------------------------------------------------------------------------
 AO basis set:                           def2-tzvppd
 Number of AO basis functions:         142

 Formula:                                OCl2
 Nuclear charge:                        42.000000000
 Total charge:                           0.000000000
 Number of electrons:                   42.000000000

 Number of alpha electrons:             21
 Number of beta electrons:              21
 Number of unpaired electrons:           0
 Spin:                                   0
 Multiplicity:                           singlet

 Theory:                                 dft
 Exchange-correlation functional:        b3lyp
 Method for Coulomb:                     incore_df
 Method for exact exchange:              pre_transformed_df
 Integral threshold:                     1.00e-12
 DF basis set:                           def2-universal-jkfit
 Number of DF basis functions:         333
 Schwarz screening threshold:            1.00e-10
 Coulomb fitting method:                 Cholesky
 Total number of grid points:        21932
 Method for AO orthogonalization:        symmetric
 Threshold for linear dependence:        1.00e-08
 D3BJ dispersion energy:                -0.003559403

 -------------------------------------
  Running restricted closed-shell SCF 
 -------------------------------------
 Max number of iterations:             128
 Conv. threshold (gradient):             1.00e-05
 Conv. threshold (energy):               1.00e-06
 Interpolation scheme:                   adiis+cdiis
 Initial guess:                          SAD

 ---------------------------------------------------------------
                  energy        change          grad        time
 ---------------------------------------------------------------
   0      -995.739809871                    7.00e+00        0.02
   1      -995.414142299      3.26e-01      7.38e-01        0.02
   2      -995.397902764      1.62e-02      1.14e+00        0.02
   3      -995.426858214     -2.90e-02      1.67e-01        0.02
   4      -995.423522558      3.34e-03      3.47e-01        0.02
   5      -995.427941906     -4.42e-03      4.77e-02        0.02
   6      -995.427947649     -5.74e-06      5.29e-02        0.02
   7      -995.428111603     -1.64e-04      4.03e-04        0.02
   8      -995.428111616     -1.35e-08      2.00e-04        0.02
   9      -995.428111618     -2.10e-09      4.52e-05        0.02
  10      -995.428111618     -9.02e-11      4.51e-06        0.02

 SCF converged in 10 iterations.

 Dipole moment (in Debye):               0.000001      -0.000000      -0.558379

 Quadrupole moment (in Debye-Angstrom):
                  1            2            3
 1       -27.339435    -0.000000     0.000000
 2        -0.000000   -31.058663    -0.000000
 3         0.000000    -0.000000   -30.306466

 Spin-squared expectation <S^2>:         0.000
 Total spin quantum number S:            0.000
 TOTAL ENERGY:                        -995.428111618

 --------------------------------------------------------------------------------

 End time:                               Sun Nov  7 03:59:19 2021
 Total wall-clock time:                  0.691 seconds
==================================================================================
