
================================================================================
          _____________ ________ _______________ ________     _________         
         / ___________// ______ \\_____   _____// ______ \   / ________)        
        / /_________  / /      \ \     | |     / /      \ \ | (_______          
       |  __________|| |        | |    | |    | |        | | \________ \        
        \ \_________ | |        | |    | |     \ \______/ /___________) |       
         \__________||_|        |_|    |_|      \________//____________/        
                                                                                
====================================[ Qcore ]===================================

 Git describe: 2.3.0-3-g778a55bfd
 Compiler:     GNU 9.3.0
 Build type:   Release
 Version:      2.3.0-3-g778a55bfd

 Start time:   Sun Nov  7 04:00:18 2021

 Data directory: /mnt/storage/scratch/zw18965/.local/qcore/share/entos/qcore/data
 Number of threads: 28
 Number of threads was determined by: command line argument

 --------------------------------------------------------------------------------
                                   command: dft                                  
 --------------------------------------------------------------------------------
 AO basis set:                           def2-tzvppd
 Number of AO basis functions:         134

 Formula:                                Cr2
 Nuclear charge:                        48.000000000
 Total charge:                           0.000000000
 Number of electrons:                   48.000000000

 Number of alpha electrons:             24
 Number of beta electrons:              24
 Number of unpaired electrons:           0
 Spin:                                   0
 Multiplicity:                           singlet

 Theory:                                 dft
 Exchange-correlation functional:        b3lyp
 Method for Coulomb:                     incore_df
 Method for exact exchange:              pre_transformed_df
 Integral threshold:                     1.00e-12
 DF basis set:                           def2-universal-jkfit
 Number of DF basis functions:         528
 Schwarz screening threshold:            1.00e-10
 Coulomb fitting method:                 Cholesky
 Total number of grid points:        15656
 Method for AO orthogonalization:        symmetric
 Threshold for linear dependence:        1.00e-08
 D3BJ dispersion energy:                -0.004173455

 -------------------------------------
  Running restricted closed-shell SCF 
 -------------------------------------
 Max number of iterations:             128
 Conv. threshold (gradient):             1.00e-05
 Conv. threshold (energy):               1.00e-06
 Interpolation scheme:                   adiis+cdiis
 Initial guess:                          SAD

 ---------------------------------------------------------------
                  energy        change          grad        time
 ---------------------------------------------------------------
   0     -2088.740589583                    6.68e+00        0.03
   1     -2088.593383734      1.47e-01      5.14e-01        0.02
   2     -2088.551212830      4.22e-02      6.43e-01        0.02
   3     -2088.638705534     -8.75e-02      1.09e-01        0.02
   4     -2088.639114719     -4.09e-04      1.13e-01        0.02
   5     -2088.634176564      4.94e-03      2.47e-01        0.02
   6     -2088.634851008     -6.74e-04      2.36e-01        0.02
   7     -2088.640468078     -5.62e-03      1.46e-02        0.02
   8     -2088.640413959      5.41e-05      3.17e-02        0.02
   9     -2088.640489382     -7.54e-05      2.46e-04        0.02
  10     -2088.640489396     -1.40e-08      4.03e-05        0.02
  11     -2088.640489396     -8.82e-11      1.98e-05        0.02
  12     -2088.640489396     -3.59e-11      9.07e-07        0.02

 SCF converged in 12 iterations.

 Dipole moment (in Debye):               0.000000       0.000000       0.000000

 Quadrupole moment (in Debye-Angstrom):
                  1            2            3
 1       -34.198219     0.000000    -0.000001
 2         0.000000   -34.198219    -0.000001
 3        -0.000001    -0.000001   -28.758644

 Spin-squared expectation <S^2>:         0.000
 Total spin quantum number S:            0.000
 TOTAL ENERGY:                       -2088.640489396

 --------------------------------------------------------------------------------

 End time:                               Sun Nov  7 04:00:19 2021
 Total wall-clock time:                  1.331 seconds
==================================================================================
