
================================================================================
          _____________ ________ _______________ ________     _________         
         / ___________// ______ \\_____   _____// ______ \   / ________)        
        / /_________  / /      \ \     | |     / /      \ \ | (_______          
       |  __________|| |        | |    | |    | |        | | \________ \        
        \ \_________ | |        | |    | |     \ \______/ /___________) |       
         \__________||_|        |_|    |_|      \________//____________/        
                                                                                
====================================[ Qcore ]===================================

 Git describe: 2.3.0-3-g778a55bfd
 Compiler:     GNU 9.3.0
 Build type:   Release
 Version:      2.3.0-3-g778a55bfd

 Start time:   Sun Nov  7 03:59:18 2021

 Data directory: /mnt/storage/scratch/zw18965/.local/qcore/share/entos/qcore/data
 Number of threads: 28
 Number of threads was determined by: command line argument

 --------------------------------------------------------------------------------
                                   command: dft                                  
 --------------------------------------------------------------------------------
 AO basis set:                           def2-tzvppd
 Number of AO basis functions:         452

 Formula:                                C5O5Fe
 Nuclear charge:                        96.000000000
 Total charge:                           0.000000000
 Number of electrons:                   96.000000000

 Number of alpha electrons:             48
 Number of beta electrons:              48
 Number of unpaired electrons:           0
 Spin:                                   0
 Multiplicity:                           singlet

 Theory:                                 dft
 Exchange-correlation functional:        b3lyp
 Method for Coulomb:                     incore_df
 Method for exact exchange:              pre_transformed_df
 Integral threshold:                     1.00e-12
 DF basis set:                           def2-universal-jkfit
 Number of DF basis functions:        1024
 Schwarz screening threshold:            1.00e-10
 Coulomb fitting method:                 Cholesky
 Total number of grid points:        76656
 Method for AO orthogonalization:        symmetric
 Threshold for linear dependence:        1.00e-08
 D3BJ dispersion energy:                -0.024751129

 -------------------------------------
  Running restricted closed-shell SCF 
 -------------------------------------
 Max number of iterations:             128
 Conv. threshold (gradient):             1.00e-05
 Conv. threshold (energy):               1.00e-06
 Interpolation scheme:                   adiis+cdiis
 Initial guess:                          SAD

 ---------------------------------------------------------------
                  energy        change          grad        time
 ---------------------------------------------------------------
   0     -1832.174212384                    2.21e+01        0.41
   1     -1829.984223597      2.19e+00      3.77e+00        0.32
   2     -1820.579497420      9.40e+00      1.45e+01        0.32
   3     -1829.182456074     -8.60e+00      8.85e+00        0.33
   4     -1830.352050442     -1.17e+00      4.71e-01        0.33
   5     -1830.240700388      1.11e-01      2.89e+00        0.33
   6     -1830.346298146     -1.06e-01      8.96e-01        0.34
   7     -1830.332872197      1.34e-02      1.68e+00        0.35
   8     -1830.366816775     -3.39e-02      3.92e-01        0.36
   9     -1830.361401999      5.41e-03      7.55e-01        0.39
  10     -1830.367472506     -6.07e-03      3.21e-01        0.38
  11     -1830.367945107     -4.73e-04      1.55e-01        0.39
  12     -1830.368639935     -6.95e-04      6.01e-02        0.39
  13     -1830.368462028      1.78e-04      1.28e-01        0.39
  14     -1830.368690141     -2.28e-04      5.59e-04        0.36
  15     -1830.368690144     -3.29e-09      3.36e-04        0.34
  16     -1830.368690146     -1.51e-09      5.38e-05        0.34
  17     -1830.368690146     -3.30e-11      1.96e-06        0.34

 SCF converged in 17 iterations.

 Dipole moment (in Debye):              -0.000264       0.000026       0.000001

 Quadrupole moment (in Debye-Angstrom):
                  1            2            3
 1       -71.615190    -0.000040     0.000001
 2        -0.000040   -71.614212    -0.000001
 3         0.000001    -0.000001   -69.092132

 Spin-squared expectation <S^2>:         0.000
 Total spin quantum number S:            0.000
 TOTAL ENERGY:                       -1830.368690146

 --------------------------------------------------------------------------------

 End time:                               Sun Nov  7 03:59:35 2021
 Total wall-clock time:                 16.415 seconds
==================================================================================
