
================================================================================
          _____________ ________ _______________ ________     _________         
         / ___________// ______ \\_____   _____// ______ \   / ________)        
        / /_________  / /      \ \     | |     / /      \ \ | (_______          
       |  __________|| |        | |    | |    | |        | | \________ \        
        \ \_________ | |        | |    | |     \ \______/ /___________) |       
         \__________||_|        |_|    |_|      \________//____________/        
                                                                                
====================================[ Qcore ]===================================

 Git describe: 2.3.0-3-g778a55bfd
 Compiler:     GNU 9.3.0
 Build type:   Release
 Version:      2.3.0-3-g778a55bfd

 Start time:   Sun Nov  7 03:59:18 2021

 Data directory: /mnt/storage/scratch/zw18965/.local/qcore/share/entos/qcore/data
 Number of threads: 28
 Number of threads was determined by: command line argument

 --------------------------------------------------------------------------------
                                   command: dft                                  
 --------------------------------------------------------------------------------
 AO basis set:                           def2-tzvppd
 Number of AO basis functions:          67

 Formula:                                Ni+
 Nuclear charge:                        28.000000000
 Total charge:                           1.000000000
 Number of electrons:                   27.000000000

 Number of alpha electrons:             14
 Number of beta electrons:              13
 Number of unpaired electrons:           1
 Spin:                                   1
 Multiplicity:                           doublet

 Theory:                                 dft
 Exchange-correlation functional:        b3lyp
 Method for Coulomb:                     incore_df
 Method for exact exchange:              pre_transformed_df
 Integral threshold:                     1.00e-12
 DF basis set:                           def2-universal-jkfit
 Number of DF basis functions:         264
 Schwarz screening threshold:            1.00e-10
 Coulomb fitting method:                 Cholesky
 Total number of grid points:         7936
 Method for AO orthogonalization:        symmetric
 Threshold for linear dependence:        1.00e-08
 D3BJ dispersion energy:                 0.000000000

 -------------------------------------
  Running unrestricted open-shell SCF 
 -------------------------------------
 Max number of iterations:             128
 Conv. threshold (gradient):             1.00e-05
 Conv. threshold (energy):               1.00e-06
 Interpolation scheme:                   adiis+cdiis
 Initial guess:                          SAD

 ---------------------------------------------------------------
                  energy        change          grad        time
 ---------------------------------------------------------------
   0     -1508.108348341                    7.49e-03        0.01
   1     -1507.918133081      1.90e-01      1.44e-01        0.01
   2     -1507.910273397      7.86e-03      1.90e-01        0.01
   3     -1507.930142815     -1.99e-02      4.32e-02        0.01
   4     -1507.927592176      2.55e-03      7.81e-02        0.01
   5     -1507.931041100     -3.45e-03      6.50e-04        0.01
   6     -1507.931042057     -9.57e-07      3.36e-04        0.01
   7     -1507.931042315     -2.58e-07      1.68e-04        0.01
   8     -1507.931042462     -1.47e-07      1.55e-04        0.01
   9     -1507.931042586     -1.24e-07      1.62e-04        0.01
  10     -1507.931042623     -3.64e-08      1.65e-04        0.01
  11     -1507.931042426      1.97e-07      1.47e-04        0.01
  12     -1507.931041701      7.25e-07      4.64e-05        0.01
  13     -1507.931041701     -4.07e-11      2.46e-05        0.01
  14     -1507.931041701      1.78e-10      5.02e-06        0.01

 SCF converged in 14 iterations.

 Dipole moment (in Debye):              -0.000001      -0.000001      -0.000002

 Quadrupole moment (in Debye-Angstrom):
                  1            2            3
 1        -8.831819    -0.013690     0.092063
 2        -0.013690    -8.830138     0.086518
 3         0.092063     0.086518    -9.399097

 Spin-squared expectation <S^2>:         0.751
 Total spin quantum number S:            0.501
 TOTAL ENERGY:                       -1507.931041701

 --------------------------------------------------------------------------------

 End time:                               Sun Nov  7 03:59:19 2021
 Total wall-clock time:                  0.669 seconds
==================================================================================
