
================================================================================
          _____________ ________ _______________ ________     _________         
         / ___________// ______ \\_____   _____// ______ \   / ________)        
        / /_________  / /      \ \     | |     / /      \ \ | (_______          
       |  __________|| |        | |    | |    | |        | | \________ \        
        \ \_________ | |        | |    | |     \ \______/ /___________) |       
         \__________||_|        |_|    |_|      \________//____________/        
                                                                                
====================================[ Qcore ]===================================

 Git describe: 2.3.0-3-g778a55bfd
 Compiler:     GNU 9.3.0
 Build type:   Release
 Version:      2.3.0-3-g778a55bfd

 Start time:   Sun Nov  7 03:59:18 2021

 Data directory: /mnt/storage/scratch/zw18965/.local/qcore/share/entos/qcore/data
 Number of threads: 28
 Number of threads was determined by: command line argument

 --------------------------------------------------------------------------------
                                   command: dft                                  
 --------------------------------------------------------------------------------
 AO basis set:                           def2-tzvppd
 Number of AO basis functions:         138

 Formula:                                CH2Ni+
 Nuclear charge:                        36.000000000
 Total charge:                           1.000000000
 Number of electrons:                   35.000000000

 Number of alpha electrons:             18
 Number of beta electrons:              17
 Number of unpaired electrons:           1
 Spin:                                   1
 Multiplicity:                           doublet

 Theory:                                 dft
 Exchange-correlation functional:        b3lyp
 Method for Coulomb:                     incore_df
 Method for exact exchange:              pre_transformed_df
 Integral threshold:                     1.00e-12
 DF basis set:                           def2-universal-jkfit
 Number of DF basis functions:         375
 Schwarz screening threshold:            1.00e-10
 Coulomb fitting method:                 Cholesky
 Total number of grid points:        26516
 Method for AO orthogonalization:        symmetric
 Threshold for linear dependence:        1.00e-08
 D3BJ dispersion energy:                -0.003570288

 -------------------------------------
  Running unrestricted open-shell SCF 
 -------------------------------------
 Max number of iterations:             128
 Conv. threshold (gradient):             1.00e-05
 Conv. threshold (energy):               1.00e-06
 Interpolation scheme:                   adiis+cdiis
 Initial guess:                          SAD

 ---------------------------------------------------------------
                  energy        change          grad        time
 ---------------------------------------------------------------
   0     -1547.473696147                    3.35e+00        0.04
   1     -1546.585174153      8.89e-01      1.81e+00        0.04
   2     -1541.455230236      5.13e+00      3.59e+00        0.04
   3     -1546.249365428     -4.79e+00      2.75e+00        0.03
   4     -1547.162076000     -9.13e-01      3.75e-01        0.04
   5     -1547.109734273      5.23e-02      6.11e-01        0.03
   6     -1547.189509156     -7.98e-02      1.32e-01        0.04
   7     -1547.168047480      2.15e-02      3.82e-01        0.03
   8     -1547.192029934     -2.40e-02      5.99e-02        0.04
   9     -1547.191579251      4.51e-04      1.00e-01        0.04
  10     -1547.193918236     -2.34e-03      9.35e-03        0.04
  11     -1547.194275845     -3.58e-04      9.98e-03        0.03
  12     -1547.195006074     -7.30e-04      1.74e-02        0.03
  13     -1547.195406191     -4.00e-04      2.01e-02        0.04
  14     -1547.195438550     -3.24e-05      6.88e-03        0.04
  15     -1547.195530384     -9.18e-05      1.08e-02        0.04
  16     -1547.195481361      4.90e-05      1.79e-02        0.03
  17     -1547.195603289     -1.22e-04      7.81e-03        0.03
  18     -1547.195606354     -3.07e-06      7.77e-03        0.03
  19     -1547.195620298     -1.39e-05      2.86e-03        0.03
  20     -1547.195622177     -1.88e-06      6.93e-04        0.04
  21     -1547.195622301     -1.24e-07      7.29e-05        0.03
  22     -1547.195622303     -1.29e-09      3.92e-06        0.03

 SCF converged in 22 iterations.

 Dipole moment (in Debye):              -0.000001      -0.000001      -0.105457

 Quadrupole moment (in Debye-Angstrom):
                  1            2            3
 1       -15.150527     0.000003     0.000000
 2         0.000003   -17.287661    -0.000001
 3         0.000000    -0.000001    -8.169281

 Spin-squared expectation <S^2>:         0.882
 Total spin quantum number S:            0.564
 TOTAL ENERGY:                       -1547.195622303

 --------------------------------------------------------------------------------

 End time:                               Sun Nov  7 03:59:20 2021
 Total wall-clock time:                  2.153 seconds
==================================================================================
