
================================================================================
          _____________ ________ _______________ ________     _________         
         / ___________// ______ \\_____   _____// ______ \   / ________)        
        / /_________  / /      \ \     | |     / /      \ \ | (_______          
       |  __________|| |        | |    | |    | |        | | \________ \        
        \ \_________ | |        | |    | |     \ \______/ /___________) |       
         \__________||_|        |_|    |_|      \________//____________/        
                                                                                
====================================[ Qcore ]===================================

 Git describe: 2.3.0-3-g778a55bfd
 Compiler:     GNU 9.3.0
 Build type:   Release
 Version:      2.3.0-3-g778a55bfd

 Start time:   Sun Nov  7 03:59:18 2021

 Data directory: /mnt/storage/scratch/zw18965/.local/qcore/share/entos/qcore/data
 Number of threads: 28
 Number of threads was determined by: command line argument

 --------------------------------------------------------------------------------
                                   command: dft                                  
 --------------------------------------------------------------------------------
 AO basis set:                           def2-tzvppd
 Number of AO basis functions:         120

 Formula:                                O3
 Nuclear charge:                        24.000000000
 Total charge:                           0.000000000
 Number of electrons:                   24.000000000

 Number of alpha electrons:             12
 Number of beta electrons:              12
 Number of unpaired electrons:           0
 Spin:                                   0
 Multiplicity:                           singlet

 Theory:                                 dft
 Exchange-correlation functional:        b3lyp
 Method for Coulomb:                     incore_df
 Method for exact exchange:              pre_transformed_df
 Integral threshold:                     1.00e-12
 DF basis set:                           def2-universal-jkfit
 Number of DF basis functions:         231
 Schwarz screening threshold:            1.00e-10
 Coulomb fitting method:                 Cholesky
 Total number of grid points:        20832
 Method for AO orthogonalization:        symmetric
 Threshold for linear dependence:        1.00e-08
 D3BJ dispersion energy:                -0.001249175

 -------------------------------------
  Running restricted closed-shell SCF 
 -------------------------------------
 Max number of iterations:             128
 Conv. threshold (gradient):             1.00e-05
 Conv. threshold (energy):               1.00e-06
 Interpolation scheme:                   adiis+cdiis
 Initial guess:                          SAD

 ---------------------------------------------------------------
                  energy        change          grad        time
 ---------------------------------------------------------------
   0      -225.885911478                    8.86e+00        0.02
   1      -225.296907335      5.89e-01      1.69e+00        0.02
   2      -224.798930338      4.98e-01      3.83e+00        0.02
   3      -225.377507271     -5.79e-01      1.03e+00        0.01
   4      -225.417270388     -3.98e-02      4.45e-01        0.01
   5      -225.419825932     -2.56e-03      3.56e-01        0.01
   6      -225.424578435     -4.75e-03      3.87e-02        0.01
   7      -225.424256864      3.22e-04      9.11e-02        0.02
   8      -225.424643728     -3.87e-04      1.42e-03        0.01
   9      -225.424643784     -5.62e-08      7.97e-05        0.01
  10      -225.424643785     -2.52e-10      1.21e-05        0.01
  11      -225.424643785     -8.13e-12      1.24e-06        0.01

 SCF converged in 11 iterations.

 Dipole moment (in Debye):              -0.563858      -0.000000      -0.344705

 Quadrupole moment (in Debye-Angstrom):
                  1            2            3
 1       -16.429901    -0.000000     0.567002
 2        -0.000000   -14.773793    -0.000001
 3         0.567002    -0.000001   -17.010690

 Spin-squared expectation <S^2>:         0.000
 Total spin quantum number S:            0.000
 TOTAL ENERGY:                        -225.424643785

 --------------------------------------------------------------------------------

 End time:                               Sun Nov  7 03:59:19 2021
 Total wall-clock time:                  0.500 seconds
==================================================================================
