
================================================================================
          _____________ ________ _______________ ________     _________         
         / ___________// ______ \\_____   _____// ______ \   / ________)        
        / /_________  / /      \ \     | |     / /      \ \ | (_______          
       |  __________|| |        | |    | |    | |        | | \________ \        
        \ \_________ | |        | |    | |     \ \______/ /___________) |       
         \__________||_|        |_|    |_|      \________//____________/        
                                                                                
====================================[ Qcore ]===================================

 Git describe: 2.3.0-3-g778a55bfd
 Compiler:     GNU 9.3.0
 Build type:   Release
 Version:      2.3.0-3-g778a55bfd

 Start time:   Sun Nov  7 04:00:18 2021

 Data directory: /mnt/storage/scratch/zw18965/.local/qcore/share/entos/qcore/data
 Number of threads: 28
 Number of threads was determined by: command line argument

 --------------------------------------------------------------------------------
                                   command: dft                                  
 --------------------------------------------------------------------------------
 AO basis set:                           def2-tzvppd
 Number of AO basis functions:         204

 Formula:                                S4
 Nuclear charge:                        64.000000000
 Total charge:                           0.000000000
 Number of electrons:                   64.000000000

 Number of alpha electrons:             32
 Number of beta electrons:              32
 Number of unpaired electrons:           0
 Spin:                                   0
 Multiplicity:                           singlet

 Theory:                                 dft
 Exchange-correlation functional:        b3lyp
 Method for Coulomb:                     incore_df
 Method for exact exchange:              pre_transformed_df
 Integral threshold:                     1.00e-12
 DF basis set:                           def2-universal-jkfit
 Number of DF basis functions:         512
 Schwarz screening threshold:            1.00e-10
 Coulomb fitting method:                 Cholesky
 Total number of grid points:        29400
 Method for AO orthogonalization:        symmetric
 Threshold for linear dependence:        1.00e-08
 D3BJ dispersion energy:                -0.014041528

 -------------------------------------
  Running restricted closed-shell SCF 
 -------------------------------------
 Max number of iterations:             128
 Conv. threshold (gradient):             1.00e-05
 Conv. threshold (energy):               1.00e-06
 Interpolation scheme:                   adiis+cdiis
 Initial guess:                          SAD

 ---------------------------------------------------------------
                  energy        change          grad        time
 ---------------------------------------------------------------
   0     -1593.290800212                    9.31e+00        0.05
   1     -1592.612069465      6.79e-01      5.33e-01        0.05
   2     -1592.263554872      3.49e-01      1.83e+00        0.04
   3     -1592.607759854     -3.44e-01      5.94e-01        0.04
   4     -1592.650151205     -4.24e-02      2.13e-02        0.04
   5     -1592.649900167      2.51e-04      5.28e-02        0.04
   6     -1592.650229179     -3.29e-04      3.70e-03        0.05
   7     -1592.650230712     -1.53e-06      1.34e-03        0.04
   8     -1592.650230891     -1.79e-07      6.57e-04        0.04
   9     -1592.650230879      1.20e-08      7.38e-04        0.05
  10     -1592.650230944     -6.54e-08      6.78e-05        0.04
  11     -1592.650230945     -5.88e-10      4.24e-06        0.05

 SCF converged in 11 iterations.

 Dipole moment (in Debye):              -0.312846       0.000001       1.192487

 Quadrupole moment (in Debye-Angstrom):
                  1            2            3
 1       -53.304381     0.000000    -1.181982
 2         0.000000   -51.731906    -0.000000
 3        -1.181982    -0.000000   -49.110083

 Spin-squared expectation <S^2>:         0.000
 Total spin quantum number S:            0.000
 TOTAL ENERGY:                       -1592.650230945

 --------------------------------------------------------------------------------

 End time:                               Sun Nov  7 04:00:19 2021
 Total wall-clock time:                  1.102 seconds
==================================================================================
