
================================================================================
          _____________ ________ _______________ ________     _________         
         / ___________// ______ \\_____   _____// ______ \   / ________)        
        / /_________  / /      \ \     | |     / /      \ \ | (_______          
       |  __________|| |        | |    | |    | |        | | \________ \        
        \ \_________ | |        | |    | |     \ \______/ /___________) |       
         \__________||_|        |_|    |_|      \________//____________/        
                                                                                
====================================[ Qcore ]===================================

 Git describe: 2.3.0-3-g778a55bfd
 Compiler:     GNU 9.3.0
 Build type:   Release
 Version:      2.3.0-3-g778a55bfd

 Start time:   Sun Nov  7 04:00:18 2021

 Data directory: /mnt/storage/scratch/zw18965/.local/qcore/share/entos/qcore/data
 Number of threads: 28
 Number of threads was determined by: command line argument

 --------------------------------------------------------------------------------
                                   command: dft                                  
 --------------------------------------------------------------------------------
 AO basis set:                           def2-tzvppd
 Number of AO basis functions:          67

 Formula:                                V
 Nuclear charge:                        23.000000000
 Total charge:                           0.000000000
 Number of electrons:                   23.000000000

 Number of alpha electrons:             14
 Number of beta electrons:               9
 Number of unpaired electrons:           5
 Spin:                                   5
 Multiplicity:                           septet

 Theory:                                 dft
 Exchange-correlation functional:        b3lyp
 Method for Coulomb:                     incore_df
 Method for exact exchange:              pre_transformed_df
 Integral threshold:                     1.00e-12
 DF basis set:                           def2-universal-jkfit
 Number of DF basis functions:         264
 Schwarz screening threshold:            1.00e-10
 Coulomb fitting method:                 Cholesky
 Total number of grid points:         7852
 Method for AO orthogonalization:        symmetric
 Threshold for linear dependence:        1.00e-08
 D3BJ dispersion energy:                 0.000000000

 -------------------------------------
  Running unrestricted open-shell SCF 
 -------------------------------------
 Max number of iterations:             128
 Conv. threshold (gradient):             1.00e-05
 Conv. threshold (energy):               1.00e-06
 Interpolation scheme:                   adiis+cdiis
 Initial guess:                          SAD

 ---------------------------------------------------------------
                  energy        change          grad        time
 ---------------------------------------------------------------
   0      -943.568046664                    2.06e-02        0.01
   1      -943.784486417     -2.16e-01      2.99e-01        0.01
   2      -943.743014817      4.15e-02      4.18e-01        0.01
   3      -943.830355133     -8.73e-02      4.60e-02        0.01
   4      -943.828052566      2.30e-03      8.60e-02        0.01
   5      -943.831642348     -3.59e-03      2.34e-03        0.01
   6      -943.831644966     -2.62e-06      2.15e-04        0.01
   7      -943.831645021     -5.46e-08      1.38e-04        0.01
   8      -943.831645063     -4.22e-08      1.17e-04        0.01
   9      -943.831644934      1.29e-07      1.07e-04        0.01
  10      -943.831644517      4.17e-07      2.15e-05        0.01
  11      -943.831644515      2.04e-09      8.31e-06        0.01

 SCF converged in 11 iterations.

 Dipole moment (in Debye):              -0.000002      -0.000003      -0.000001

 Quadrupole moment (in Debye-Angstrom):
                  1            2            3
 1       -17.625808    -0.364616    -0.507767
 2        -0.364616   -17.535011    -0.446014
 3        -0.507767    -0.446014   -17.833222

 Spin-squared expectation <S^2>:         8.750
 Total spin quantum number S:            2.500
 TOTAL ENERGY:                        -943.831644515

 --------------------------------------------------------------------------------

 End time:                               Sun Nov  7 04:00:18 2021
 Total wall-clock time:                  0.686 seconds
==================================================================================
