
================================================================================
          _____________ ________ _______________ ________     _________         
         / ___________// ______ \\_____   _____// ______ \   / ________)        
        / /_________  / /      \ \     | |     / /      \ \ | (_______          
       |  __________|| |        | |    | |    | |        | | \________ \        
        \ \_________ | |        | |    | |     \ \______/ /___________) |       
         \__________||_|        |_|    |_|      \________//____________/        
                                                                                
====================================[ Qcore ]===================================

 Git describe: 2.3.0-3-g778a55bfd
 Compiler:     GNU 9.3.0
 Build type:   Release
 Version:      2.3.0-3-g778a55bfd

 Start time:   Sun Nov  7 04:00:18 2021

 Data directory: /mnt/storage/scratch/zw18965/.local/qcore/share/entos/qcore/data
 Number of threads: 28
 Number of threads was determined by: command line argument

 --------------------------------------------------------------------------------
                                   command: dft                                  
 --------------------------------------------------------------------------------
 AO basis set:                           def2-tzvppd
 Number of AO basis functions:         134

 Formula:                                V2
 Nuclear charge:                        46.000000000
 Total charge:                           0.000000000
 Number of electrons:                   46.000000000

 Number of alpha electrons:             24
 Number of beta electrons:              22
 Number of unpaired electrons:           2
 Spin:                                   2
 Multiplicity:                           triplet

 Theory:                                 dft
 Exchange-correlation functional:        b3lyp
 Method for Coulomb:                     incore_df
 Method for exact exchange:              pre_transformed_df
 Integral threshold:                     1.00e-12
 DF basis set:                           def2-universal-jkfit
 Number of DF basis functions:         528
 Schwarz screening threshold:            1.00e-10
 Coulomb fitting method:                 Cholesky
 Total number of grid points:        15704
 Method for AO orthogonalization:        symmetric
 Threshold for linear dependence:        1.00e-08
 D3BJ dispersion energy:                -0.004883217

 -------------------------------------
  Running unrestricted open-shell SCF 
 -------------------------------------
 Max number of iterations:             128
 Conv. threshold (gradient):             1.00e-05
 Conv. threshold (energy):               1.00e-06
 Interpolation scheme:                   adiis+cdiis
 Initial guess:                          SAD

 ---------------------------------------------------------------
                  energy        change          grad        time
 ---------------------------------------------------------------
   0     -1887.748997668                    2.85e+00        0.04
   1     -1887.682565147      6.64e-02      2.56e-01        0.03
   2     -1887.696278141     -1.37e-02      1.93e-01        0.03
   3     -1887.710721574     -1.44e-02      7.00e-02        0.03
   4     -1887.708822977      1.90e-03      8.01e-02        0.03
   5     -1887.712934425     -4.11e-03      3.24e-03        0.04
   6     -1887.712891366      4.31e-05      1.09e-02        0.03
   7     -1887.712937508     -4.61e-05      1.75e-03        0.04
   8     -1887.712938626     -1.12e-06      1.53e-04        0.03
   9     -1887.712938663     -3.66e-08      1.79e-05        0.03
  10     -1887.712938663     -7.20e-10      1.37e-05        0.03
  11     -1887.712938663     -4.09e-11      1.14e-05        0.03
  12     -1887.712938663     -5.96e-11      2.29e-06        0.03

 SCF converged in 12 iterations.

 Dipole moment (in Debye):               0.000000       0.000000       0.000001

 Quadrupole moment (in Debye-Angstrom):
                  1            2            3
 1       -35.180666     0.000003    -0.000003
 2         0.000003   -35.180666    -0.000003
 3        -0.000003    -0.000003   -32.258106

 Spin-squared expectation <S^2>:         2.004
 Total spin quantum number S:            1.001
 TOTAL ENERGY:                       -1887.712938664

 --------------------------------------------------------------------------------

 End time:                               Sun Nov  7 04:00:19 2021
 Total wall-clock time:                  1.521 seconds
==================================================================================
