
================================================================================
          _____________ ________ _______________ ________     _________         
         / ___________// ______ \\_____   _____// ______ \   / ________)        
        / /_________  / /      \ \     | |     / /      \ \ | (_______          
       |  __________|| |        | |    | |    | |        | | \________ \        
        \ \_________ | |        | |    | |     \ \______/ /___________) |       
         \__________||_|        |_|    |_|      \________//____________/        
                                                                                
====================================[ Qcore ]===================================

 Git describe: 2.3.0-3-g778a55bfd
 Compiler:     GNU 9.3.0
 Build type:   Release
 Version:      2.3.0-3-g778a55bfd

 Start time:   Sun Nov  7 03:59:18 2021

 Data directory: /mnt/storage/scratch/zw18965/.local/qcore/share/entos/qcore/data
 Number of threads: 28
 Number of threads was determined by: command line argument

 --------------------------------------------------------------------------------
                                   command: dft                                  
 --------------------------------------------------------------------------------
 AO basis set:                           def2-tzvppd
 Number of AO basis functions:         118

 Formula:                                SV
 Nuclear charge:                        39.000000000
 Total charge:                           0.000000000
 Number of electrons:                   39.000000000

 Number of alpha electrons:             21
 Number of beta electrons:              18
 Number of unpaired electrons:           3
 Spin:                                   3
 Multiplicity:                           quartet

 Theory:                                 dft
 Exchange-correlation functional:        b3lyp
 Method for Coulomb:                     incore_df
 Method for exact exchange:              pre_transformed_df
 Integral threshold:                     1.00e-12
 DF basis set:                           def2-universal-jkfit
 Number of DF basis functions:         392
 Schwarz screening threshold:            1.00e-10
 Coulomb fitting method:                 Cholesky
 Total number of grid points:        15202
 Method for AO orthogonalization:        symmetric
 Threshold for linear dependence:        1.00e-08
 D3BJ dispersion energy:                -0.003486789

 -------------------------------------
  Running unrestricted open-shell SCF 
 -------------------------------------
 Max number of iterations:             128
 Conv. threshold (gradient):             1.00e-05
 Conv. threshold (energy):               1.00e-06
 Interpolation scheme:                   adiis+cdiis
 Initial guess:                          SAD

 ---------------------------------------------------------------
                  energy        change          grad        time
 ---------------------------------------------------------------
   0     -1341.917690134                    1.99e+00        0.03
   1     -1341.541497492      3.76e-01      1.12e+00        0.03
   2     -1327.518117396      1.40e+01      7.55e+00        0.03
   3     -1338.670908010     -1.12e+01      3.25e+00        0.03
   4     -1341.924876842     -3.25e+00      6.30e-01        0.02
   5     -1342.000213631     -7.53e-02      4.69e-01        0.02
   6     -1342.061575153     -6.14e-02      7.78e-02        0.02
   7     -1342.055563511      6.01e-03      1.76e-01        0.03
   8     -1342.066096436     -1.05e-02      2.11e-02        0.02
   9     -1342.066348478     -2.52e-04      5.06e-03        0.03
  10     -1342.066359438     -1.10e-05      6.09e-03        0.03
  11     -1342.066378656     -1.92e-05      1.49e-03        0.02
  12     -1342.066380034     -1.38e-06      4.46e-04        0.03
  13     -1342.066380213     -1.80e-07      1.71e-04        0.02
  14     -1342.066380250     -3.67e-08      2.17e-05        0.02
  15     -1342.066380251     -1.47e-09      9.14e-06        0.03

 SCF converged in 15 iterations.

 Dipole moment (in Debye):               0.000002       0.000002      -5.486929

 Quadrupole moment (in Debye-Angstrom):
                  1            2            3
 1       -30.072759    -0.000000    -0.000000
 2        -0.000000   -30.072759    -0.000000
 3        -0.000000    -0.000000   -25.185328

 Spin-squared expectation <S^2>:         3.881
 Total spin quantum number S:            1.532
 TOTAL ENERGY:                       -1342.066380251

 --------------------------------------------------------------------------------

 End time:                               Sun Nov  7 03:59:20 2021
 Total wall-clock time:                  1.443 seconds
==================================================================================
