
================================================================================
          _____________ ________ _______________ ________     _________         
         / ___________// ______ \\_____   _____// ______ \   / ________)        
        / /_________  / /      \ \     | |     / /      \ \ | (_______          
       |  __________|| |        | |    | |    | |        | | \________ \        
        \ \_________ | |        | |    | |     \ \______/ /___________) |       
         \__________||_|        |_|    |_|      \________//____________/        
                                                                                
====================================[ Qcore ]===================================

 Git describe: 2.3.0-3-g778a55bfd
 Compiler:     GNU 9.3.0
 Build type:   Release
 Version:      2.3.0-3-g778a55bfd

 Start time:   Sun Nov  7 04:01:18 2021

 Data directory: /mnt/storage/scratch/zw18965/.local/qcore/share/entos/qcore/data
 Number of threads: 28
 Number of threads was determined by: command line argument

 --------------------------------------------------------------------------------
                                   command: dft                                  
 --------------------------------------------------------------------------------
 AO basis set:                           def2-tzvppd
 Number of AO basis functions:          74

 Formula:                                B2
 Nuclear charge:                        10.000000000
 Total charge:                           0.000000000
 Number of electrons:                   10.000000000

 Number of alpha electrons:              6
 Number of beta electrons:               4
 Number of unpaired electrons:           2
 Spin:                                   2
 Multiplicity:                           triplet

 Theory:                                 dft
 Exchange-correlation functional:        blyp
 Method for Coulomb:                     incore_df
 Integral threshold:                     1.00e-12
 DF basis set:                           def2-universal-jkfit
 Number of DF basis functions:         150
 Schwarz screening threshold:            1.00e-10
 Coulomb fitting method:                 Cholesky
 Total number of grid points:        13600
 Method for AO orthogonalization:        symmetric
 Threshold for linear dependence:        1.00e-08
 D3BJ dispersion energy:                -0.002152486

 -------------------------------------
  Running unrestricted open-shell SCF 
 -------------------------------------
 Max number of iterations:             128
 Conv. threshold (gradient):             1.00e-05
 Conv. threshold (energy):               1.00e-06
 Interpolation scheme:                   adiis+cdiis
 Initial guess:                          SAD

 ---------------------------------------------------------------
                  energy        change          grad        time
 ---------------------------------------------------------------
   0       -49.506876382                    1.04e+00        0.01
   1       -49.400407468      1.06e-01      1.23e-01        0.01
   2       -49.400989678     -5.82e-04      1.09e-01        0.01
   3       -49.412073816     -1.11e-02      8.30e-03        0.01
   4       -49.412093306     -1.95e-05      6.77e-03        0.01
   5       -49.412128217     -3.49e-05      3.62e-03        0.01
   6       -49.412133119     -4.90e-06      2.24e-03        0.01
   7       -49.412135996     -2.88e-06      2.10e-05        0.01
   8       -49.412135997     -4.96e-10      3.00e-06        0.01

 SCF converged in 8 iterations.

 Dipole moment (in Debye):               0.000001       0.000001      -0.000004

 Quadrupole moment (in Debye-Angstrom):
                  1            2            3
 1       -13.395583    -0.000000    -0.000001
 2        -0.000000   -13.395583    -0.000001
 3        -0.000001    -0.000001   -12.477514

 Spin-squared expectation <S^2>:         2.005
 Total spin quantum number S:            1.002
 TOTAL ENERGY:                         -49.412135997

 --------------------------------------------------------------------------------

 End time:                               Sun Nov  7 04:01:18 2021
 Total wall-clock time:                  0.343 seconds
==================================================================================
