
================================================================================
          _____________ ________ _______________ ________     _________         
         / ___________// ______ \\_____   _____// ______ \   / ________)        
        / /_________  / /      \ \     | |     / /      \ \ | (_______          
       |  __________|| |        | |    | |    | |        | | \________ \        
        \ \_________ | |        | |    | |     \ \______/ /___________) |       
         \__________||_|        |_|    |_|      \________//____________/        
                                                                                
====================================[ Qcore ]===================================

 Git describe: 2.3.0-3-g778a55bfd
 Compiler:     GNU 9.3.0
 Build type:   Release
 Version:      2.3.0-3-g778a55bfd

 Start time:   Sun Nov  7 04:01:18 2021

 Data directory: /mnt/storage/scratch/zw18965/.local/qcore/share/entos/qcore/data
 Number of threads: 28
 Number of threads was determined by: command line argument

 --------------------------------------------------------------------------------
                                   command: dft                                  
 --------------------------------------------------------------------------------
 AO basis set:                           def2-tzvppd
 Number of AO basis functions:          71

 Formula:                                CH2
 Nuclear charge:                         8.000000000
 Total charge:                           0.000000000
 Number of electrons:                    8.000000000

 Number of alpha electrons:              5
 Number of beta electrons:               3
 Number of unpaired electrons:           2
 Spin:                                   2
 Multiplicity:                           triplet

 Theory:                                 dft
 Exchange-correlation functional:        blyp
 Method for Coulomb:                     incore_df
 Integral threshold:                     1.00e-12
 DF basis set:                           def2-universal-jkfit
 Number of DF basis functions:         111
 Schwarz screening threshold:            1.00e-10
 Coulomb fitting method:                 Cholesky
 Total number of grid points:        18580
 Method for AO orthogonalization:        symmetric
 Threshold for linear dependence:        1.00e-08
 D3BJ dispersion energy:                -0.001043722

 -------------------------------------
  Running unrestricted open-shell SCF 
 -------------------------------------
 Max number of iterations:             128
 Conv. threshold (gradient):             1.00e-05
 Conv. threshold (energy):               1.00e-06
 Interpolation scheme:                   adiis+cdiis
 Initial guess:                          SAD

 ---------------------------------------------------------------
                  energy        change          grad        time
 ---------------------------------------------------------------
   0       -39.072150160                    1.98e+00        0.01
   1       -39.122770778     -5.06e-02      3.03e-01        0.01
   2       -39.116133461      6.64e-03      3.31e-01        0.01
   3       -39.145753162     -2.96e-02      1.93e-02        0.01
   4       -39.145821384     -6.82e-05      1.05e-02        0.01
   5       -39.145844511     -2.31e-05      1.17e-03        0.01
   6       -39.145845095     -5.85e-07      3.26e-04        0.01
   7       -39.145845116     -2.12e-08      3.23e-05        0.01
   8       -39.145845117     -3.94e-10      3.17e-06        0.01

 SCF converged in 8 iterations.

 Dipole moment (in Debye):               0.545811      -0.000000       0.232601

 Quadrupole moment (in Debye-Angstrom):
                  1            2            3
 1        -7.603056    -0.000000    -0.642192
 2        -0.000000    -8.391061     0.000000
 3        -0.642192     0.000000    -6.369768

 Spin-squared expectation <S^2>:         2.005
 Total spin quantum number S:            1.002
 TOTAL ENERGY:                         -39.145845117

 --------------------------------------------------------------------------------

 End time:                               Sun Nov  7 04:01:18 2021
 Total wall-clock time:                  0.360 seconds
==================================================================================
