
================================================================================
          _____________ ________ _______________ ________     _________         
         / ___________// ______ \\_____   _____// ______ \   / ________)        
        / /_________  / /      \ \     | |     / /      \ \ | (_______          
       |  __________|| |        | |    | |    | |        | | \________ \        
        \ \_________ | |        | |    | |     \ \______/ /___________) |       
         \__________||_|        |_|    |_|      \________//____________/        
                                                                                
====================================[ Qcore ]===================================

 Git describe: 2.3.0-3-g778a55bfd
 Compiler:     GNU 9.3.0
 Build type:   Release
 Version:      2.3.0-3-g778a55bfd

 Start time:   Sun Nov  7 04:02:18 2021

 Data directory: /mnt/storage/scratch/zw18965/.local/qcore/share/entos/qcore/data
 Number of threads: 28
 Number of threads was determined by: command line argument

 --------------------------------------------------------------------------------
                                   command: dft                                  
 --------------------------------------------------------------------------------
 AO basis set:                           def2-tzvppd
 Number of AO basis functions:         142

 Formula:                                OCl2
 Nuclear charge:                        42.000000000
 Total charge:                           0.000000000
 Number of electrons:                   42.000000000

 Number of alpha electrons:             21
 Number of beta electrons:              21
 Number of unpaired electrons:           0
 Spin:                                   0
 Multiplicity:                           singlet

 Theory:                                 dft
 Exchange-correlation functional:        blyp
 Method for Coulomb:                     incore_df
 Integral threshold:                     1.00e-12
 DF basis set:                           def2-universal-jkfit
 Number of DF basis functions:         333
 Schwarz screening threshold:            1.00e-10
 Coulomb fitting method:                 Cholesky
 Total number of grid points:        21932
 Method for AO orthogonalization:        symmetric
 Threshold for linear dependence:        1.00e-08
 D3BJ dispersion energy:                -0.004329104

 -------------------------------------
  Running restricted closed-shell SCF 
 -------------------------------------
 Max number of iterations:             128
 Conv. threshold (gradient):             1.00e-05
 Conv. threshold (energy):               1.00e-06
 Interpolation scheme:                   adiis+cdiis
 Initial guess:                          SAD

 ---------------------------------------------------------------
                  energy        change          grad        time
 ---------------------------------------------------------------
   0      -995.904581530                    6.93e+00        0.02
   1      -995.539018220      3.66e-01      1.06e+00        0.02
   2      -995.346661908      1.92e-01      2.76e+00        0.01
   3      -995.546403428     -2.00e-01      8.90e-01        0.01
   4      -995.561304116     -1.49e-02      2.97e-01        0.02
   5      -995.560618868      6.85e-04      3.12e-01        0.02
   6      -995.563795857     -3.18e-03      4.23e-02        0.02
   7      -995.563613328      1.83e-04      9.94e-02        0.02
   8      -995.563858775     -2.45e-04      1.31e-03        0.02
   9      -995.563858844     -6.90e-08      8.84e-05        0.02
  10      -995.563858844     -4.74e-10      4.13e-05        0.02
  11      -995.563858844     -6.54e-11      3.42e-06        0.02

 SCF converged in 11 iterations.

 Dipole moment (in Debye):               0.000001      -0.000000      -0.497584

 Quadrupole moment (in Debye-Angstrom):
                  1            2            3
 1       -27.696097    -0.000000     0.000000
 2        -0.000000   -31.226316    -0.000000
 3         0.000000    -0.000000   -30.386745

 Spin-squared expectation <S^2>:         0.000
 Total spin quantum number S:            0.000
 TOTAL ENERGY:                        -995.563858844

 --------------------------------------------------------------------------------

 End time:                               Sun Nov  7 04:02:18 2021
 Total wall-clock time:                  0.629 seconds
==================================================================================
