
================================================================================
          _____________ ________ _______________ ________     _________         
         / ___________// ______ \\_____   _____// ______ \   / ________)        
        / /_________  / /      \ \     | |     / /      \ \ | (_______          
       |  __________|| |        | |    | |    | |        | | \________ \        
        \ \_________ | |        | |    | |     \ \______/ /___________) |       
         \__________||_|        |_|    |_|      \________//____________/        
                                                                                
====================================[ Qcore ]===================================

 Git describe: 2.3.0-3-g778a55bfd
 Compiler:     GNU 9.3.0
 Build type:   Release
 Version:      2.3.0-3-g778a55bfd

 Start time:   Sun Nov  7 04:03:18 2021

 Data directory: /mnt/storage/scratch/zw18965/.local/qcore/share/entos/qcore/data
 Number of threads: 28
 Number of threads was determined by: command line argument

 --------------------------------------------------------------------------------
                                   command: dft                                  
 --------------------------------------------------------------------------------
 AO basis set:                           def2-tzvppd
 Number of AO basis functions:          77

 Formula:                                CO
 Nuclear charge:                        14.000000000
 Total charge:                           0.000000000
 Number of electrons:                   14.000000000

 Number of alpha electrons:              7
 Number of beta electrons:               7
 Number of unpaired electrons:           0
 Spin:                                   0
 Multiplicity:                           singlet

 Theory:                                 dft
 Exchange-correlation functional:        blyp
 Method for Coulomb:                     incore_df
 Integral threshold:                     1.00e-12
 DF basis set:                           def2-universal-jkfit
 Number of DF basis functions:         152
 Schwarz screening threshold:            1.00e-10
 Coulomb fitting method:                 Cholesky
 Total number of grid points:        13744
 Method for AO orthogonalization:        symmetric
 Threshold for linear dependence:        1.00e-08
 D3BJ dispersion energy:                -0.000898162

 -------------------------------------
  Running restricted closed-shell SCF 
 -------------------------------------
 Max number of iterations:             128
 Conv. threshold (gradient):             1.00e-05
 Conv. threshold (energy):               1.00e-06
 Interpolation scheme:                   adiis+cdiis
 Initial guess:                          SAD

 ---------------------------------------------------------------
                  energy        change          grad        time
 ---------------------------------------------------------------
   0      -113.508092436                    5.85e+00        0.01
   1      -113.314328145      1.94e-01      7.10e-01        0.01
   2      -113.040138117      2.74e-01      2.08e+00        0.01
   3      -113.326607403     -2.86e-01      5.92e-01        0.01
   4      -113.348626185     -2.20e-02      1.53e-01        0.01
   5      -113.343783422      4.84e-03      2.84e-01        0.01
   6      -113.350137470     -6.35e-03      6.95e-02        0.01
   7      -113.350347509     -2.10e-04      4.62e-02        0.01
   8      -113.350502956     -1.55e-04      2.71e-04        0.01
   9      -113.350502962     -6.42e-09      4.60e-06        0.01

 SCF converged in 9 iterations.

 Dipole moment (in Debye):              -0.000000      -0.000000      -0.182212

 Quadrupole moment (in Debye-Angstrom):
                  1            2            3
 1       -10.395758    -0.000000     0.000000
 2        -0.000000   -10.395758     0.000000
 3         0.000000     0.000000   -12.437337

 Spin-squared expectation <S^2>:         0.000
 Total spin quantum number S:            0.000
 TOTAL ENERGY:                        -113.350502962

 --------------------------------------------------------------------------------

 End time:                               Sun Nov  7 04:03:18 2021
 Total wall-clock time:                  0.376 seconds
==================================================================================
