
================================================================================
          _____________ ________ _______________ ________     _________         
         / ___________// ______ \\_____   _____// ______ \   / ________)        
        / /_________  / /      \ \     | |     / /      \ \ | (_______          
       |  __________|| |        | |    | |    | |        | | \________ \        
        \ \_________ | |        | |    | |     \ \______/ /___________) |       
         \__________||_|        |_|    |_|      \________//____________/        
                                                                                
====================================[ Qcore ]===================================

 Git describe: 2.3.0-3-g778a55bfd
 Compiler:     GNU 9.3.0
 Build type:   Release
 Version:      2.3.0-3-g778a55bfd

 Start time:   Sun Nov  7 04:04:18 2021

 Data directory: /mnt/storage/scratch/zw18965/.local/qcore/share/entos/qcore/data
 Number of threads: 28
 Number of threads was determined by: command line argument

 --------------------------------------------------------------------------------
                                   command: dft                                  
 --------------------------------------------------------------------------------
 AO basis set:                           def2-tzvppd
 Number of AO basis functions:         134

 Formula:                                Cr2
 Nuclear charge:                        48.000000000
 Total charge:                           0.000000000
 Number of electrons:                   48.000000000

 Number of alpha electrons:             24
 Number of beta electrons:              24
 Number of unpaired electrons:           0
 Spin:                                   0
 Multiplicity:                           singlet

 Theory:                                 dft
 Exchange-correlation functional:        blyp
 Method for Coulomb:                     incore_df
 Integral threshold:                     1.00e-12
 DF basis set:                           def2-universal-jkfit
 Number of DF basis functions:         528
 Schwarz screening threshold:            1.00e-10
 Coulomb fitting method:                 Cholesky
 Total number of grid points:        15656
 Method for AO orthogonalization:        symmetric
 Threshold for linear dependence:        1.00e-08
 D3BJ dispersion energy:                -0.004720778

 -------------------------------------
  Running restricted closed-shell SCF 
 -------------------------------------
 Max number of iterations:             128
 Conv. threshold (gradient):             1.00e-05
 Conv. threshold (energy):               1.00e-06
 Interpolation scheme:                   adiis+cdiis
 Initial guess:                          SAD

 ---------------------------------------------------------------
                  energy        change          grad        time
 ---------------------------------------------------------------
   0     -2089.253801614                    6.78e+00        0.02
   1     -2088.960789193      2.93e-01      4.65e-01        0.02
   2     -2088.951522069      9.27e-03      5.60e-01        0.01
   3     -2088.992447606     -4.09e-02      1.44e-01        0.02
   4     -2088.978539285      1.39e-02      2.94e-01        0.02
   5     -2088.994649411     -1.61e-02      1.21e-01        0.02
   6     -2088.859320429      1.35e-01      1.16e+00        0.02
   7     -2088.976069322     -1.17e-01      4.56e-01        0.02
   8     -2088.994776668     -1.87e-02      1.29e-01        0.02
   9     -2088.993856212      9.20e-04      1.62e-01        0.02
  10     -2088.994977124     -1.12e-03      1.17e-01        0.02
  11     -2088.996074400     -1.10e-03      2.85e-02        0.02
  12     -2088.995777048      2.97e-04      6.19e-02        0.02
  13     -2088.996139490     -3.62e-04      5.26e-04        0.02
  14     -2088.996139519     -2.88e-08      4.67e-05        0.02
  15     -2088.996139519     -1.82e-10      3.09e-06        0.01

 SCF converged in 15 iterations.

 Dipole moment (in Debye):               0.000000       0.000000       0.000028

 Quadrupole moment (in Debye-Angstrom):
                  1            2            3
 1       -33.943789    -0.000000    -0.000001
 2        -0.000000   -33.943789    -0.000001
 3        -0.000001    -0.000001   -29.397590

 Spin-squared expectation <S^2>:         0.000
 Total spin quantum number S:            0.000
 TOTAL ENERGY:                       -2088.996139519

 --------------------------------------------------------------------------------

 End time:                               Sun Nov  7 04:04:19 2021
 Total wall-clock time:                  1.310 seconds
==================================================================================
