
================================================================================
          _____________ ________ _______________ ________     _________         
         / ___________// ______ \\_____   _____// ______ \   / ________)        
        / /_________  / /      \ \     | |     / /      \ \ | (_______          
       |  __________|| |        | |    | |    | |        | | \________ \        
        \ \_________ | |        | |    | |     \ \______/ /___________) |       
         \__________||_|        |_|    |_|      \________//____________/        
                                                                                
====================================[ Qcore ]===================================

 Git describe: 2.3.0-3-g778a55bfd
 Compiler:     GNU 9.3.0
 Build type:   Release
 Version:      2.3.0-3-g778a55bfd

 Start time:   Sun Nov  7 04:02:18 2021

 Data directory: /mnt/storage/scratch/zw18965/.local/qcore/share/entos/qcore/data
 Number of threads: 28
 Number of threads was determined by: command line argument

 --------------------------------------------------------------------------------
                                   command: dft                                  
 --------------------------------------------------------------------------------
 AO basis set:                           def2-tzvppd
 Number of AO basis functions:          67

 Formula:                                Fe
 Nuclear charge:                        26.000000000
 Total charge:                           0.000000000
 Number of electrons:                   26.000000000

 Number of alpha electrons:             15
 Number of beta electrons:              11
 Number of unpaired electrons:           4
 Spin:                                   4
 Multiplicity:                           quintet

 Theory:                                 dft
 Exchange-correlation functional:        blyp
 Method for Coulomb:                     incore_df
 Integral threshold:                     1.00e-12
 DF basis set:                           def2-universal-jkfit
 Number of DF basis functions:         264
 Schwarz screening threshold:            1.00e-10
 Coulomb fitting method:                 Cholesky
 Total number of grid points:         7936
 Method for AO orthogonalization:        symmetric
 Threshold for linear dependence:        1.00e-08
 D3BJ dispersion energy:                 0.000000000

 -------------------------------------
  Running unrestricted open-shell SCF 
 -------------------------------------
 Max number of iterations:             128
 Conv. threshold (gradient):             1.00e-05
 Conv. threshold (energy):               1.00e-06
 Interpolation scheme:                   adiis+cdiis
 Initial guess:                          SAD

 ---------------------------------------------------------------
                  energy        change          grad        time
 ---------------------------------------------------------------
   0     -1263.572695245                    1.39e-02        0.01
   1     -1263.598204749     -2.55e-02      5.46e-01        0.01
   2     -1256.268118984      7.33e+00      3.72e+00        0.01
   3     -1263.302573554     -7.03e+00      9.73e-01        0.01
   4     -1263.666461527     -3.64e-01      4.08e-01        0.01
   5     -1263.668555739     -2.09e-03      3.51e-01        0.01
   6     -1263.680161218     -1.16e-02      3.51e-01        0.01
   7     -1263.695253017     -1.51e-02      2.34e-01        0.01
   8     -1263.698272775     -3.02e-03      2.22e-01        0.01
   9     -1263.726891135     -2.86e-02      5.17e-02        0.01
  10     -1263.717152168      9.74e-03      1.55e-01        0.01
  11     -1263.727520786     -1.04e-02      3.43e-02        0.01
  12     -1263.727986066     -4.65e-04      8.86e-03        0.01
  13     -1263.728017825     -3.18e-05      9.71e-04        0.01
  14     -1263.728015597      2.23e-06      2.48e-03        0.01
  15     -1263.728016290     -6.93e-07      2.14e-03        0.01
  16     -1263.728017933     -1.64e-06      7.44e-04        0.01
  17     -1263.728017994     -6.07e-08      6.51e-04        0.01
  18     -1263.728017991      3.07e-09      6.80e-04        0.01
  19     -1263.728018227     -2.36e-07      2.40e-04        0.01
  20     -1263.728018270     -4.34e-08      9.96e-05        0.01
  21     -1263.728018276     -5.91e-09      4.82e-05        0.01
  22     -1263.728018278     -1.85e-09      1.58e-05        0.01
  23     -1263.728018278     -3.94e-10      2.33e-05        0.01
  24     -1263.728018278      2.26e-10      2.47e-05        0.01
  25     -1263.728018272      5.83e-09      1.20e-05        0.01
  26     -1263.728018256      1.63e-08      3.12e-05        0.01
  27     -1263.728018192      6.39e-08      2.38e-05        0.01
  28     -1263.728018194     -2.24e-09      2.31e-05        0.01
  29     -1263.728018194      2.66e-10      1.99e-05        0.01
  30     -1263.728018188      5.89e-09      2.04e-05        0.01
  31     -1263.728018188      3.82e-11      2.06e-05        0.01
  32     -1263.728018189     -6.78e-10      1.55e-05        0.01
  33     -1263.728018189     -5.78e-10      1.53e-05        0.01
  34     -1263.728018202     -1.32e-08      8.07e-06        0.01

 SCF converged in 34 iterations.

 Dipole moment (in Debye):              -0.000022      -0.000026       0.000047

 Quadrupole moment (in Debye-Angstrom):
                  1            2            3
 1       -16.465673     0.919703     0.768762
 2         0.919703   -16.454504     0.776454
 3         0.768762     0.776454   -16.732721

 Spin-squared expectation <S^2>:         6.008
 Total spin quantum number S:            2.002
 TOTAL ENERGY:                       -1263.728018190

 --------------------------------------------------------------------------------

 End time:                               Sun Nov  7 04:02:19 2021
 Total wall-clock time:                  0.820 seconds
==================================================================================
