
================================================================================
          _____________ ________ _______________ ________     _________         
         / ___________// ______ \\_____   _____// ______ \   / ________)        
        / /_________  / /      \ \     | |     / /      \ \ | (_______          
       |  __________|| |        | |    | |    | |        | | \________ \        
        \ \_________ | |        | |    | |     \ \______/ /___________) |       
         \__________||_|        |_|    |_|      \________//____________/        
                                                                                
====================================[ Qcore ]===================================

 Git describe: 2.3.0-3-g778a55bfd
 Compiler:     GNU 9.3.0
 Build type:   Release
 Version:      2.3.0-3-g778a55bfd

 Start time:   Sun Nov  7 04:02:18 2021

 Data directory: /mnt/storage/scratch/zw18965/.local/qcore/share/entos/qcore/data
 Number of threads: 28
 Number of threads was determined by: command line argument

 --------------------------------------------------------------------------------
                                   command: dft                                  
 --------------------------------------------------------------------------------
 AO basis set:                           def2-tzvppd
 Number of AO basis functions:         452

 Formula:                                C5O5Fe
 Nuclear charge:                        96.000000000
 Total charge:                           0.000000000
 Number of electrons:                   96.000000000

 Number of alpha electrons:             48
 Number of beta electrons:              48
 Number of unpaired electrons:           0
 Spin:                                   0
 Multiplicity:                           singlet

 Theory:                                 dft
 Exchange-correlation functional:        blyp
 Method for Coulomb:                     incore_df
 Integral threshold:                     1.00e-12
 DF basis set:                           def2-universal-jkfit
 Number of DF basis functions:        1024
 Schwarz screening threshold:            1.00e-10
 Coulomb fitting method:                 Cholesky
 Total number of grid points:        76656
 Method for AO orthogonalization:        symmetric
 Threshold for linear dependence:        1.00e-08
 D3BJ dispersion energy:                -0.029823025

 -------------------------------------
  Running restricted closed-shell SCF 
 -------------------------------------
 Max number of iterations:             128
 Conv. threshold (gradient):             1.00e-05
 Conv. threshold (energy):               1.00e-06
 Interpolation scheme:                   adiis+cdiis
 Initial guess:                          SAD

 ---------------------------------------------------------------
                  energy        change          grad        time
 ---------------------------------------------------------------
   0     -1832.514771204                    2.21e+01        0.18
   1     -1830.373174344      2.14e+00      3.82e+00        0.19
   2     -1819.492073169      1.09e+01      1.53e+01        0.19
   3     -1829.542782149     -1.01e+01      8.60e+00        0.19
   4     -1830.678762070     -1.14e+00      2.16e+00        0.20
   5     -1829.755133559      9.24e-01      7.22e+00        0.20
   6     -1830.622483549     -8.67e-01      3.05e+00        0.21
   7     -1830.737812031     -1.15e-01      1.29e+00        0.21
   8     -1830.728802301      9.01e-03      1.46e+00        0.23
   9     -1830.758865590     -3.01e-02      3.57e-01        0.23
  10     -1830.735856568      2.30e-02      1.22e+00        0.25
  11     -1830.758463788     -2.26e-02      2.59e-01        0.26
  12     -1830.751395836      7.07e-03      1.01e+00        0.27
  13     -1830.761648884     -1.03e-02      2.27e-01        0.28
  14     -1830.761447536      2.01e-04      1.46e-01        0.27
  15     -1830.761731469     -2.84e-04      2.97e-01        0.27
  16     -1830.761797353     -6.59e-05      2.83e-01        0.26
  17     -1830.762614804     -8.17e-04      5.35e-02        0.27
  18     -1830.762791231     -1.76e-04      2.06e-02        0.27
  19     -1830.762817148     -2.59e-05      3.34e-04        0.23
  20     -1830.762817149     -1.21e-09      5.25e-06        0.21

 SCF converged in 20 iterations.

 Dipole moment (in Debye):              -0.000267       0.000025       0.000001

 Quadrupole moment (in Debye-Angstrom):
                  1            2            3
 1       -71.706928    -0.000039     0.000002
 2        -0.000039   -71.705916    -0.000001
 3         0.000002    -0.000001   -69.393700

 Spin-squared expectation <S^2>:         0.000
 Total spin quantum number S:            0.000
 TOTAL ENERGY:                       -1830.762817149

 --------------------------------------------------------------------------------

 End time:                               Sun Nov  7 04:02:32 2021
 Total wall-clock time:                 14.272 seconds
==================================================================================
