
================================================================================
          _____________ ________ _______________ ________     _________         
         / ___________// ______ \\_____   _____// ______ \   / ________)        
        / /_________  / /      \ \     | |     / /      \ \ | (_______          
       |  __________|| |        | |    | |    | |        | | \________ \        
        \ \_________ | |        | |    | |     \ \______/ /___________) |       
         \__________||_|        |_|    |_|      \________//____________/        
                                                                                
====================================[ Qcore ]===================================

 Git describe: 2.3.0-3-g778a55bfd
 Compiler:     GNU 9.3.0
 Build type:   Release
 Version:      2.3.0-3-g778a55bfd

 Start time:   Sun Nov  7 04:02:18 2021

 Data directory: /mnt/storage/scratch/zw18965/.local/qcore/share/entos/qcore/data
 Number of threads: 28
 Number of threads was determined by: command line argument

 --------------------------------------------------------------------------------
                                   command: dft                                  
 --------------------------------------------------------------------------------
 AO basis set:                           def2-tzvppd
 Number of AO basis functions:         138

 Formula:                                CH2Ni+
 Nuclear charge:                        36.000000000
 Total charge:                           1.000000000
 Number of electrons:                   35.000000000

 Number of alpha electrons:             18
 Number of beta electrons:              17
 Number of unpaired electrons:           1
 Spin:                                   1
 Multiplicity:                           doublet

 Theory:                                 dft
 Exchange-correlation functional:        blyp
 Method for Coulomb:                     incore_df
 Integral threshold:                     1.00e-12
 DF basis set:                           def2-universal-jkfit
 Number of DF basis functions:         375
 Schwarz screening threshold:            1.00e-10
 Coulomb fitting method:                 Cholesky
 Total number of grid points:        26516
 Method for AO orthogonalization:        symmetric
 Threshold for linear dependence:        1.00e-08
 D3BJ dispersion energy:                -0.004333176

 -------------------------------------
  Running unrestricted open-shell SCF 
 -------------------------------------
 Max number of iterations:             128
 Conv. threshold (gradient):             1.00e-05
 Conv. threshold (energy):               1.00e-06
 Interpolation scheme:                   adiis+cdiis
 Initial guess:                          SAD

 ---------------------------------------------------------------
                  energy        change          grad        time
 ---------------------------------------------------------------
   0     -1547.694516528                    3.35e+00        0.03
   1     -1547.226136315      4.68e-01      7.34e-01        0.03
   2     -1544.322173476      2.90e+00      2.72e+00        0.02
   3     -1546.869236106     -2.55e+00      1.98e+00        0.03
   4     -1547.338655592     -4.69e-01      4.15e-01        0.03
   5     -1547.210227752      1.28e-01      1.20e+00        0.03
   6     -1547.370542224     -1.60e-01      1.22e-01        0.03
   7     -1547.317383719      5.32e-02      6.15e-01        0.03
   8     -1547.371048120     -5.37e-02      1.00e-01        0.03
   9     -1547.359421001      1.16e-02      3.33e-01        0.04
  10     -1547.374927179     -1.55e-02      1.64e-02        0.03
  11     -1547.372610532      2.32e-03      1.19e-01        0.03
  12     -1547.375011027     -2.40e-03      4.71e-03        0.03
  13     -1547.375033015     -2.20e-05      3.30e-03        0.03
  14     -1547.375037688     -4.67e-06      1.09e-03        0.03
  15     -1547.375037877     -1.89e-07      7.95e-04        0.03
  16     -1547.375038004     -1.27e-07      2.47e-04        0.03
  17     -1547.375038014     -9.75e-09      2.62e-05        0.03
  18     -1547.375038014     -1.38e-10      1.10e-05        0.03
  19     -1547.375038014     -1.98e-11      2.89e-06        0.03

 SCF converged in 19 iterations.

 Dipole moment (in Debye):              -0.000002      -0.000002      -0.428236

 Quadrupole moment (in Debye-Angstrom):
                  1            2            3
 1       -15.437276     0.000003     0.000000
 2         0.000003   -17.417527    -0.000002
 3         0.000000    -0.000002    -8.031611

 Spin-squared expectation <S^2>:         0.783
 Total spin quantum number S:            0.517
 TOTAL ENERGY:                       -1547.375038014

 --------------------------------------------------------------------------------

 End time:                               Sun Nov  7 04:02:20 2021
 Total wall-clock time:                  1.848 seconds
==================================================================================
