
================================================================================
          _____________ ________ _______________ ________     _________         
         / ___________// ______ \\_____   _____// ______ \   / ________)        
        / /_________  / /      \ \     | |     / /      \ \ | (_______          
       |  __________|| |        | |    | |    | |        | | \________ \        
        \ \_________ | |        | |    | |     \ \______/ /___________) |       
         \__________||_|        |_|    |_|      \________//____________/        
                                                                                
====================================[ Qcore ]===================================

 Git describe: 2.3.0-3-g778a55bfd
 Compiler:     GNU 9.3.0
 Build type:   Release
 Version:      2.3.0-3-g778a55bfd

 Start time:   Sun Nov  7 04:02:18 2021

 Data directory: /mnt/storage/scratch/zw18965/.local/qcore/share/entos/qcore/data
 Number of threads: 28
 Number of threads was determined by: command line argument

 --------------------------------------------------------------------------------
                                   command: dft                                  
 --------------------------------------------------------------------------------
 AO basis set:                           def2-tzvppd
 Number of AO basis functions:         120

 Formula:                                O3
 Nuclear charge:                        24.000000000
 Total charge:                           0.000000000
 Number of electrons:                   24.000000000

 Number of alpha electrons:             12
 Number of beta electrons:              12
 Number of unpaired electrons:           0
 Spin:                                   0
 Multiplicity:                           singlet

 Theory:                                 dft
 Exchange-correlation functional:        blyp
 Method for Coulomb:                     incore_df
 Integral threshold:                     1.00e-12
 DF basis set:                           def2-universal-jkfit
 Number of DF basis functions:         231
 Schwarz screening threshold:            1.00e-10
 Coulomb fitting method:                 Cholesky
 Total number of grid points:        20832
 Method for AO orthogonalization:        symmetric
 Threshold for linear dependence:        1.00e-08
 D3BJ dispersion energy:                -0.001552646

 -------------------------------------
  Running restricted closed-shell SCF 
 -------------------------------------
 Max number of iterations:             128
 Conv. threshold (gradient):             1.00e-05
 Conv. threshold (energy):               1.00e-06
 Interpolation scheme:                   adiis+cdiis
 Initial guess:                          SAD

 ---------------------------------------------------------------
                  energy        change          grad        time
 ---------------------------------------------------------------
   0      -226.024985344                    8.77e+00        0.02
   1      -225.404632789      6.20e-01      1.58e+00        0.01
   2      -224.606536957      7.98e-01      4.67e+00        0.01
   3      -225.434694836     -8.28e-01      1.40e+00        0.01
   4      -225.528881970     -9.42e-02      2.37e-01        0.01
   5      -225.516380496      1.25e-02      6.07e-01        0.01
   6      -225.528969386     -1.26e-02      2.12e-01        0.01
   7      -225.530055609     -1.09e-03      9.17e-02        0.01
   8      -225.525303397      4.75e-03      2.92e-01        0.01
   9      -225.530437704     -5.13e-03      5.93e-04        0.01
  10      -225.530437722     -1.80e-08      8.75e-05        0.01
  11      -225.530437722     -3.69e-10      4.39e-05        0.01
  12      -225.530437722     -1.13e-10      2.97e-06        0.01

 SCF converged in 12 iterations.

 Dipole moment (in Debye):              -0.545148      -0.000000      -0.333255

 Quadrupole moment (in Debye-Angstrom):
                  1            2            3
 1       -16.581956    -0.000000     0.546926
 2        -0.000000   -14.818641    -0.000001
 3         0.546926    -0.000001   -17.142196

 Spin-squared expectation <S^2>:         0.000
 Total spin quantum number S:            0.000
 TOTAL ENERGY:                        -225.530437722

 --------------------------------------------------------------------------------

 End time:                               Sun Nov  7 04:02:18 2021
 Total wall-clock time:                  0.486 seconds
==================================================================================
