
================================================================================
          _____________ ________ _______________ ________     _________         
         / ___________// ______ \\_____   _____// ______ \   / ________)        
        / /_________  / /      \ \     | |     / /      \ \ | (_______          
       |  __________|| |        | |    | |    | |        | | \________ \        
        \ \_________ | |        | |    | |     \ \______/ /___________) |       
         \__________||_|        |_|    |_|      \________//____________/        
                                                                                
====================================[ Qcore ]===================================

 Git describe: 2.3.0-3-g778a55bfd
 Compiler:     GNU 9.3.0
 Build type:   Release
 Version:      2.3.0-3-g778a55bfd

 Start time:   Sun Nov  7 04:03:18 2021

 Data directory: /mnt/storage/scratch/zw18965/.local/qcore/share/entos/qcore/data
 Number of threads: 28
 Number of threads was determined by: command line argument

 --------------------------------------------------------------------------------
                                   command: dft                                  
 --------------------------------------------------------------------------------
 AO basis set:                           def2-tzvppd
 Number of AO basis functions:         102

 Formula:                                S2
 Nuclear charge:                        32.000000000
 Total charge:                           0.000000000
 Number of electrons:                   32.000000000

 Number of alpha electrons:             17
 Number of beta electrons:              15
 Number of unpaired electrons:           2
 Spin:                                   2
 Multiplicity:                           triplet

 Theory:                                 dft
 Exchange-correlation functional:        blyp
 Method for Coulomb:                     incore_df
 Integral threshold:                     1.00e-12
 DF basis set:                           def2-universal-jkfit
 Number of DF basis functions:         256
 Schwarz screening threshold:            1.00e-10
 Coulomb fitting method:                 Cholesky
 Total number of grid points:        14700
 Method for AO orthogonalization:        symmetric
 Threshold for linear dependence:        1.00e-08
 D3BJ dispersion energy:                -0.003166122

 -------------------------------------
  Running unrestricted open-shell SCF 
 -------------------------------------
 Max number of iterations:             128
 Conv. threshold (gradient):             1.00e-05
 Conv. threshold (energy):               1.00e-06
 Interpolation scheme:                   adiis+cdiis
 Initial guess:                          SAD

 ---------------------------------------------------------------
                  energy        change          grad        time
 ---------------------------------------------------------------
   0      -796.577552057                    1.99e+00        0.01
   1      -796.405229652      1.72e-01      6.49e-02        0.01
   2      -796.405082468      1.47e-04      7.05e-02        0.01
   3      -796.409052643     -3.97e-03      6.61e-03        0.01
   4      -796.409083433     -3.08e-05      2.04e-03        0.01
   5      -796.409086449     -3.02e-06      4.15e-04        0.01
   6      -796.409086588     -1.39e-07      7.28e-05        0.01
   7      -796.409086581      7.38e-09      1.18e-04        0.01
   8      -796.409086591     -9.92e-09      2.87e-05        0.01
   9      -796.409086591     -4.81e-10      1.17e-06        0.01

 SCF converged in 9 iterations.

 Dipole moment (in Debye):               0.000002       0.000002      -0.000000

 Quadrupole moment (in Debye-Angstrom):
                  1            2            3
 1       -26.108279    -0.000000    -0.000000
 2        -0.000000   -26.108279    -0.000000
 3        -0.000000    -0.000000   -24.351911

 Spin-squared expectation <S^2>:         2.005
 Total spin quantum number S:            1.002
 TOTAL ENERGY:                        -796.409086591

 --------------------------------------------------------------------------------

 End time:                               Sun Nov  7 04:03:18 2021
 Total wall-clock time:                  0.429 seconds
==================================================================================
