
================================================================================
          _____________ ________ _______________ ________     _________         
         / ___________// ______ \\_____   _____// ______ \   / ________)        
        / /_________  / /      \ \     | |     / /      \ \ | (_______          
       |  __________|| |        | |    | |    | |        | | \________ \        
        \ \_________ | |        | |    | |     \ \______/ /___________) |       
         \__________||_|        |_|    |_|      \________//____________/        
                                                                                
====================================[ Qcore ]===================================

 Git describe: 2.3.0-3-g778a55bfd
 Compiler:     GNU 9.3.0
 Build type:   Release
 Version:      2.3.0-3-g778a55bfd

 Start time:   Sun Nov  7 04:04:26 2021

 Data directory: /mnt/storage/scratch/zw18965/.local/qcore/share/entos/qcore/data
 Number of threads: 28
 Number of threads was determined by: command line argument

 --------------------------------------------------------------------------------
                                   command: dft                                  
 --------------------------------------------------------------------------------
 AO basis set:                           def2-tzvppd
 Number of AO basis functions:         204

 Formula:                                S4
 Nuclear charge:                        64.000000000
 Total charge:                           0.000000000
 Number of electrons:                   64.000000000

 Number of alpha electrons:             32
 Number of beta electrons:              32
 Number of unpaired electrons:           0
 Spin:                                   0
 Multiplicity:                           singlet

 Theory:                                 dft
 Exchange-correlation functional:        blyp
 Method for Coulomb:                     incore_df
 Integral threshold:                     1.00e-12
 DF basis set:                           def2-universal-jkfit
 Number of DF basis functions:         512
 Schwarz screening threshold:            1.00e-10
 Coulomb fitting method:                 Cholesky
 Total number of grid points:        29400
 Method for AO orthogonalization:        symmetric
 Threshold for linear dependence:        1.00e-08
 D3BJ dispersion energy:                -0.016777936

 -------------------------------------
  Running restricted closed-shell SCF 
 -------------------------------------
 Max number of iterations:             128
 Conv. threshold (gradient):             1.00e-05
 Conv. threshold (energy):               1.00e-06
 Interpolation scheme:                   adiis+cdiis
 Initial guess:                          SAD

 ---------------------------------------------------------------
                  energy        change          grad        time
 ---------------------------------------------------------------
   0     -1593.482479263                    9.24e+00        0.04
   1     -1592.820480492      6.62e-01      5.32e-01        0.04
   2     -1592.172874404      6.48e-01      2.41e+00        0.03
   3     -1592.769552499     -5.97e-01      8.56e-01        0.03
   4     -1592.857894341     -8.83e-02      1.07e-01        0.04
   5     -1592.852880758      5.01e-03      2.21e-01        0.03
   6     -1592.859101249     -6.22e-03      4.46e-02        0.04
   7     -1592.859124269     -2.30e-05      4.39e-02        0.04
   8     -1592.859392484     -2.68e-04      9.67e-03        0.04
   9     -1592.859406109     -1.36e-05      1.54e-03        0.03
  10     -1592.859406319     -2.10e-07      1.48e-04        0.03
  11     -1592.859406322     -3.09e-09      1.92e-05        0.03
  12     -1592.859406322      5.34e-11      3.01e-05        0.03
  13     -1592.859406322     -9.16e-11      4.07e-06        0.04

 SCF converged in 13 iterations.

 Dipole moment (in Debye):              -0.280036       0.000002       1.067523

 Quadrupole moment (in Debye-Angstrom):
                  1            2            3
 1       -53.450794     0.000001    -1.168208
 2         0.000001   -51.673256    -0.000001
 3        -1.168208    -0.000001   -49.305366

 Spin-squared expectation <S^2>:         0.000
 Total spin quantum number S:            0.000
 TOTAL ENERGY:                       -1592.859406322

 --------------------------------------------------------------------------------

 End time:                               Sun Nov  7 04:04:28 2021
 Total wall-clock time:                  2.123 seconds
==================================================================================
