
================================================================================
          _____________ ________ _______________ ________     _________         
         / ___________// ______ \\_____   _____// ______ \   / ________)        
        / /_________  / /      \ \     | |     / /      \ \ | (_______          
       |  __________|| |        | |    | |    | |        | | \________ \        
        \ \_________ | |        | |    | |     \ \______/ /___________) |       
         \__________||_|        |_|    |_|      \________//____________/        
                                                                                
====================================[ Qcore ]===================================

 Git describe: 2.3.0-3-g778a55bfd
 Compiler:     GNU 9.3.0
 Build type:   Release
 Version:      2.3.0-3-g778a55bfd

 Start time:   Sun Nov  7 04:04:18 2021

 Data directory: /mnt/storage/scratch/zw18965/.local/qcore/share/entos/qcore/data
 Number of threads: 28
 Number of threads was determined by: command line argument

 --------------------------------------------------------------------------------
                                   command: dft                                  
 --------------------------------------------------------------------------------
 AO basis set:                           def2-tzvppd
 Number of AO basis functions:          67

 Formula:                                V
 Nuclear charge:                        23.000000000
 Total charge:                           0.000000000
 Number of electrons:                   23.000000000

 Number of alpha electrons:             14
 Number of beta electrons:               9
 Number of unpaired electrons:           5
 Spin:                                   5
 Multiplicity:                           septet

 Theory:                                 dft
 Exchange-correlation functional:        blyp
 Method for Coulomb:                     incore_df
 Integral threshold:                     1.00e-12
 DF basis set:                           def2-universal-jkfit
 Number of DF basis functions:         264
 Schwarz screening threshold:            1.00e-10
 Coulomb fitting method:                 Cholesky
 Total number of grid points:         7852
 Method for AO orthogonalization:        symmetric
 Threshold for linear dependence:        1.00e-08
 D3BJ dispersion energy:                 0.000000000

 -------------------------------------
  Running unrestricted open-shell SCF 
 -------------------------------------
 Max number of iterations:             128
 Conv. threshold (gradient):             1.00e-05
 Conv. threshold (energy):               1.00e-06
 Interpolation scheme:                   adiis+cdiis
 Initial guess:                          SAD

 ---------------------------------------------------------------
                  energy        change          grad        time
 ---------------------------------------------------------------
   0      -943.813497907                    1.11e-02        0.01
   1      -943.915687729     -1.02e-01      1.30e-01        0.01
   2      -943.605359276      3.10e-01      5.69e-01        0.01
   3      -943.910103339     -3.05e-01      1.80e-01        0.01
   4      -943.930063012     -2.00e-02      7.09e-02        0.01
   5      -943.924285154      5.78e-03      1.41e-01        0.01
   6      -943.929751939     -5.47e-03      9.25e-02        0.01
   7      -943.931711569     -1.96e-03      4.86e-02        0.01
   8      -943.932443410     -7.32e-04      3.90e-03        0.01
   9      -943.932450291     -6.88e-06      4.35e-04        0.01
  10      -943.932450361     -7.02e-08      5.13e-05        0.01
  11      -943.932450363     -1.15e-09      2.19e-05        0.01
  12      -943.932450363     -2.29e-10      1.68e-05        0.01
  13      -943.932450363     -1.70e-10      1.12e-05        0.01
  14      -943.932450363     -2.98e-10      7.08e-06        0.01

 SCF converged in 14 iterations.

 Dipole moment (in Debye):               0.000000       0.000000      -0.000006

 Quadrupole moment (in Debye-Angstrom):
                  1            2            3
 1       -18.271823     0.000717     0.029257
 2         0.000717   -18.271825     0.029218
 3         0.029257     0.029218   -16.937401

 Spin-squared expectation <S^2>:         8.750
 Total spin quantum number S:            2.500
 TOTAL ENERGY:                        -943.932450364

 --------------------------------------------------------------------------------

 End time:                               Sun Nov  7 04:04:18 2021
 Total wall-clock time:                  0.683 seconds
==================================================================================
