
================================================================================
          _____________ ________ _______________ ________     _________         
         / ___________// ______ \\_____   _____// ______ \   / ________)        
        / /_________  / /      \ \     | |     / /      \ \ | (_______          
       |  __________|| |        | |    | |    | |        | | \________ \        
        \ \_________ | |        | |    | |     \ \______/ /___________) |       
         \__________||_|        |_|    |_|      \________//____________/        
                                                                                
====================================[ Qcore ]===================================

 Git describe: 2.3.0-3-g778a55bfd
 Compiler:     GNU 9.3.0
 Build type:   Release
 Version:      2.3.0-3-g778a55bfd

 Start time:   Sun Nov  7 04:03:18 2021

 Data directory: /mnt/storage/scratch/zw18965/.local/qcore/share/entos/qcore/data
 Number of threads: 28
 Number of threads was determined by: command line argument

 --------------------------------------------------------------------------------
                                   command: dft                                  
 --------------------------------------------------------------------------------
 AO basis set:                           def2-tzvppd
 Number of AO basis functions:         134

 Formula:                                V2
 Nuclear charge:                        46.000000000
 Total charge:                           0.000000000
 Number of electrons:                   46.000000000

 Number of alpha electrons:             24
 Number of beta electrons:              22
 Number of unpaired electrons:           2
 Spin:                                   2
 Multiplicity:                           triplet

 Theory:                                 dft
 Exchange-correlation functional:        blyp
 Method for Coulomb:                     incore_df
 Integral threshold:                     1.00e-12
 DF basis set:                           def2-universal-jkfit
 Number of DF basis functions:         528
 Schwarz screening threshold:            1.00e-10
 Coulomb fitting method:                 Cholesky
 Total number of grid points:        15704
 Method for AO orthogonalization:        symmetric
 Threshold for linear dependence:        1.00e-08
 D3BJ dispersion energy:                -0.005436454

 -------------------------------------
  Running unrestricted open-shell SCF 
 -------------------------------------
 Max number of iterations:             128
 Conv. threshold (gradient):             1.00e-05
 Conv. threshold (energy):               1.00e-06
 Interpolation scheme:                   adiis+cdiis
 Initial guess:                          SAD

 ---------------------------------------------------------------
                  energy        change          grad        time
 ---------------------------------------------------------------
   0     -1888.189946237                    2.86e+00        0.03
   1     -1887.962890536      2.27e-01      2.80e-01        0.02
   2     -1887.953925693      8.96e-03      2.86e-01        0.02
   3     -1887.995591155     -4.17e-02      8.56e-02        0.02
   4     -1887.970203844      2.54e-02      2.02e-01        0.02
   5     -1888.001336244     -3.11e-02      1.81e-02        0.02
   6     -1887.999008379      2.33e-03      8.01e-02        0.02
   7     -1888.001430075     -2.42e-03      1.60e-03        0.02
   8     -1888.001432126     -2.05e-06      3.49e-04        0.02
   9     -1888.001432120      6.25e-09      3.65e-04        0.02
  10     -1888.001432180     -6.01e-08      9.20e-05        0.02
  11     -1888.001432184     -3.73e-09      2.00e-06        0.02

 SCF converged in 11 iterations.

 Dipole moment (in Debye):              -0.000001      -0.000001       0.000000

 Quadrupole moment (in Debye-Angstrom):
                  1            2            3
 1       -34.849169    -0.000001    -0.000003
 2        -0.000001   -34.849169    -0.000003
 3        -0.000003    -0.000003   -33.179899

 Spin-squared expectation <S^2>:         2.004
 Total spin quantum number S:            1.001
 TOTAL ENERGY:                       -1888.001432184

 --------------------------------------------------------------------------------

 End time:                               Sun Nov  7 04:03:19 2021
 Total wall-clock time:                  1.273 seconds
==================================================================================
