
================================================================================
          _____________ ________ _______________ ________     _________         
         / ___________// ______ \\_____   _____// ______ \   / ________)        
        / /_________  / /      \ \     | |     / /      \ \ | (_______          
       |  __________|| |        | |    | |    | |        | | \________ \        
        \ \_________ | |        | |    | |     \ \______/ /___________) |       
         \__________||_|        |_|    |_|      \________//____________/        
                                                                                
====================================[ Qcore ]===================================

 Git describe: 2.3.0-3-g778a55bfd
 Compiler:     GNU 9.3.0
 Build type:   Release
 Version:      2.3.0-3-g778a55bfd

 Start time:   Sun Nov  7 04:02:18 2021

 Data directory: /mnt/storage/scratch/zw18965/.local/qcore/share/entos/qcore/data
 Number of threads: 28
 Number of threads was determined by: command line argument

 --------------------------------------------------------------------------------
                                   command: dft                                  
 --------------------------------------------------------------------------------
 AO basis set:                           def2-tzvppd
 Number of AO basis functions:         118

 Formula:                                SV
 Nuclear charge:                        39.000000000
 Total charge:                           0.000000000
 Number of electrons:                   39.000000000

 Number of alpha electrons:             21
 Number of beta electrons:              18
 Number of unpaired electrons:           3
 Spin:                                   3
 Multiplicity:                           quartet

 Theory:                                 dft
 Exchange-correlation functional:        blyp
 Method for Coulomb:                     incore_df
 Integral threshold:                     1.00e-12
 DF basis set:                           def2-universal-jkfit
 Number of DF basis functions:         392
 Schwarz screening threshold:            1.00e-10
 Coulomb fitting method:                 Cholesky
 Total number of grid points:        15202
 Method for AO orthogonalization:        symmetric
 Threshold for linear dependence:        1.00e-08
 D3BJ dispersion energy:                -0.004021407

 -------------------------------------
  Running unrestricted open-shell SCF 
 -------------------------------------
 Max number of iterations:             128
 Conv. threshold (gradient):             1.00e-05
 Conv. threshold (energy):               1.00e-06
 Interpolation scheme:                   adiis+cdiis
 Initial guess:                          SAD

 ---------------------------------------------------------------
                  energy        change          grad        time
 ---------------------------------------------------------------
   0     -1342.224627460                    1.98e+00        0.02
   1     -1341.762005549      4.63e-01      1.11e+00        0.02
   2     -1326.834559191      1.49e+01      6.11e+00        0.02
   3     -1337.806827508     -1.10e+01      3.66e+00        0.02
   4     -1341.951601522     -4.14e+00      9.40e-01        0.02
   5     -1342.191951105     -2.40e-01      3.51e-01        0.02
   6     -1342.204896608     -1.29e-02      2.79e-01        0.02
   7     -1342.232628859     -2.77e-02      3.93e-02        0.02
   8     -1342.224894055      7.73e-03      1.33e-01        0.02
   9     -1342.233593368     -8.70e-03      2.07e-03        0.02
  10     -1342.233596529     -3.16e-06      1.43e-03        0.02
  11     -1342.233597330     -8.01e-07      5.08e-04        0.02
  12     -1342.233597499     -1.69e-07      6.37e-05        0.02
  13     -1342.233597501     -1.85e-09      8.32e-05        0.02
  14     -1342.233597503     -2.29e-09      2.72e-06        0.02

 SCF converged in 14 iterations.

 Dipole moment (in Debye):              -0.000000      -0.000000      -4.536624

 Quadrupole moment (in Debye-Angstrom):
                  1            2            3
 1       -30.353707    -0.000000     0.000002
 2        -0.000000   -30.353707     0.000002
 3         0.000002     0.000002   -25.794617

 Spin-squared expectation <S^2>:         3.850
 Total spin quantum number S:            1.525
 TOTAL ENERGY:                       -1342.233597503

 --------------------------------------------------------------------------------

 End time:                               Sun Nov  7 04:02:19 2021
 Total wall-clock time:                  1.298 seconds
==================================================================================
