
================================================================================
          _____________ ________ _______________ ________     _________         
         / ___________// ______ \\_____   _____// ______ \   / ________)        
        / /_________  / /      \ \     | |     / /      \ \ | (_______          
       |  __________|| |        | |    | |    | |        | | \________ \        
        \ \_________ | |        | |    | |     \ \______/ /___________) |       
         \__________||_|        |_|    |_|      \________//____________/        
                                                                                
====================================[ Qcore ]===================================

 Git describe: 2.3.0-3-g778a55bfd
 Compiler:     GNU 9.3.0
 Build type:   Release
 Version:      2.3.0-3-g778a55bfd

 Start time:   Sun Nov  7 04:45:19 2021

 Data directory: /mnt/storage/scratch/zw18965/.local/qcore/share/entos/qcore/data
 Number of threads: 28
 Number of threads was determined by: command line argument

 --------------------------------------------------------------------------------
                                   command: dft                                  
 --------------------------------------------------------------------------------
 AO basis set:                           def2-tzvppd
 Number of AO basis functions:          71

 Formula:                                CH2
 Nuclear charge:                         8.000000000
 Total charge:                           0.000000000
 Number of electrons:                    8.000000000

 Number of alpha electrons:              5
 Number of beta electrons:               3
 Number of unpaired electrons:           2
 Spin:                                   2
 Multiplicity:                           triplet

 Theory:                                 dft
 Exchange-correlation functional:        0.5 b88 + 0.75 lyp
 Method for Coulomb:                     incore_df
 Method for exact exchange:              pre_transformed_df
 Integral threshold:                     1.00e-12
 DF basis set:                           def2-universal-jkfit
 Number of DF basis functions:         111
 Schwarz screening threshold:            1.00e-10
 Coulomb fitting method:                 Cholesky

 ------------------
  UW12 Correlation 
 ------------------
 Factor for UW12 correlation:            1.000000000
 Opposite spin scale factor:             0.250000000
 Same spin scale factor:                 0.500000000
 Calculate indirect contribution:        true
 Method for three electron term:         df_ri
 Auxiliary RI basis set:                 Def2-TZVPPD-RI
 Number of RI basis functions:         170
 Gaussians in geminal expansion:        10
 UW12 screening threshold:               1.00e-16
 Method for density-fitting:             w(r)
 Number of core spatial orbitals:        1

 Total number of grid points:        18580
 Method for AO orthogonalization:        symmetric
 Threshold for linear dependence:        1.00e-08
 D3BJ dispersion energy:                -0.000351942

 -------------------------------------
  Running unrestricted open-shell SCF 
 -------------------------------------
 Max number of iterations:             128
 Conv. threshold (gradient):             1.00e-05
 Conv. threshold (energy):               1.00e-06
 Interpolation scheme:                   adiis+cdiis
 Initial guess:                          SAD

 ---------------------------------------------------------------
                  energy        change          grad        time
 ---------------------------------------------------------------
   0       -39.062685063                    2.05e+00        0.20
   1       -39.129500103     -6.68e-02      3.67e-01        0.06
   2       -39.141818391     -1.23e-02      1.59e-01        0.07
   3       -39.145328111     -3.51e-03      1.06e-01        0.06
   4       -39.147305809     -1.98e-03      3.93e-02        0.05
   5       -39.147502166     -1.96e-04      2.53e-02        0.05
   6       -39.147638274     -1.36e-04      3.46e-04        0.06
   7       -39.147638313     -3.90e-08      5.65e-05        0.06
   8       -39.147638315     -2.44e-09      1.39e-05        0.06
   9       -39.147638315     -3.50e-10      2.88e-06        0.07

 SCF converged in 9 iterations.

 Dipole moment (in Debye):               0.548451       0.000000       0.233725

 Quadrupole moment (in Debye-Angstrom):
                  1            2            3
 1        -7.432834     0.000000    -0.666760
 2         0.000000    -8.245465     0.000000
 3        -0.666760     0.000000    -6.152367

 Spin-squared expectation <S^2>:         2.007
 Total spin quantum number S:            1.002
 TOTAL ENERGY:                         -39.147638316

 --------------------------------------------------------------------------------

 End time:                               Sun Nov  7 04:45:20 2021
 Total wall-clock time:                  1.536 seconds
==================================================================================
