
================================================================================
          _____________ ________ _______________ ________     _________         
         / ___________// ______ \\_____   _____// ______ \   / ________)        
        / /_________  / /      \ \     | |     / /      \ \ | (_______          
       |  __________|| |        | |    | |    | |        | | \________ \        
        \ \_________ | |        | |    | |     \ \______/ /___________) |       
         \__________||_|        |_|    |_|      \________//____________/        
                                                                                
====================================[ Qcore ]===================================

 Git describe: 2.3.0-3-g778a55bfd
 Compiler:     GNU 9.3.0
 Build type:   Release
 Version:      2.3.0-3-g778a55bfd

 Start time:   Sun Nov  7 04:47:23 2021

 Data directory: /mnt/storage/scratch/zw18965/.local/qcore/share/entos/qcore/data
 Number of threads: 28
 Number of threads was determined by: command line argument

 --------------------------------------------------------------------------------
                                   command: dft                                  
 --------------------------------------------------------------------------------
 AO basis set:                           def2-tzvppd
 Number of AO basis functions:         142

 Formula:                                OCl2
 Nuclear charge:                        42.000000000
 Total charge:                           0.000000000
 Number of electrons:                   42.000000000

 Number of alpha electrons:             21
 Number of beta electrons:              21
 Number of unpaired electrons:           0
 Spin:                                   0
 Multiplicity:                           singlet

 Theory:                                 dft
 Exchange-correlation functional:        0.5 b88 + 0.75 lyp
 Method for Coulomb:                     incore_df
 Method for exact exchange:              pre_transformed_df
 Integral threshold:                     1.00e-12
 DF basis set:                           def2-universal-jkfit
 Number of DF basis functions:         333
 Schwarz screening threshold:            1.00e-10
 Coulomb fitting method:                 Cholesky

 ------------------
  UW12 Correlation 
 ------------------
 Factor for UW12 correlation:            1.000000000
 Opposite spin scale factor:             0.250000000
 Same spin scale factor:                 0.500000000
 Calculate indirect contribution:        true
 Method for three electron term:         df_ri
 Auxiliary RI basis set:                 Def2-TZVPPD-RI
 Number of RI basis functions:         370
 Gaussians in geminal expansion:        10
 UW12 screening threshold:               1.00e-16
 Method for density-fitting:             w(r)
 Number of core spatial orbitals:       11

 Total number of grid points:        21932
 Method for AO orthogonalization:        symmetric
 Threshold for linear dependence:        1.00e-08
 D3BJ dispersion energy:                -0.001721006

 -------------------------------------
  Running restricted closed-shell SCF 
 -------------------------------------
 Max number of iterations:             128
 Conv. threshold (gradient):             1.00e-05
 Conv. threshold (energy):               1.00e-06
 Interpolation scheme:                   adiis+cdiis
 Initial guess:                          SAD

 ---------------------------------------------------------------
                  energy        change          grad        time
 ---------------------------------------------------------------
   0      -995.712518351                    7.13e+00        2.29
   1      -995.379306177      3.33e-01      7.04e-01        1.22
   2      -995.371703173      7.60e-03      9.10e-01        1.14
   3      -995.390473566     -1.88e-02      1.17e-01        1.17
   4      -995.389586131      8.87e-04      2.10e-01        1.16
   5      -995.390994785     -1.41e-03      2.56e-02        1.19
   6      -995.390962520      3.23e-05      4.02e-02        1.10
   7      -995.391026703     -6.42e-05      6.32e-04        1.12
   8      -995.391026784     -8.16e-08      1.40e-04        1.14
   9      -995.391026793     -8.17e-09      4.63e-05        1.17
  10      -995.391026792      4.60e-10      1.45e-05        1.17
  11      -995.391026792      6.32e-10      2.64e-06        1.12

 SCF converged in 11 iterations.

 Dipole moment (in Debye):               0.000001      -0.000000      -0.627634

 Quadrupole moment (in Debye-Angstrom):
                  1            2            3
 1       -26.872054    -0.000000     0.000000
 2        -0.000000   -30.943421    -0.000000
 3         0.000000    -0.000000   -30.185012

 Spin-squared expectation <S^2>:         0.000
 Total spin quantum number S:            0.000
 TOTAL ENERGY:                        -995.391026791

 --------------------------------------------------------------------------------

 End time:                               Sun Nov  7 04:47:42 2021
 Total wall-clock time:                 18.888 seconds
==================================================================================
