
================================================================================
          _____________ ________ _______________ ________     _________         
         / ___________// ______ \\_____   _____// ______ \   / ________)        
        / /_________  / /      \ \     | |     / /      \ \ | (_______          
       |  __________|| |        | |    | |    | |        | | \________ \        
        \ \_________ | |        | |    | |     \ \______/ /___________) |       
         \__________||_|        |_|    |_|      \________//____________/        
                                                                                
====================================[ Qcore ]===================================

 Git describe: 2.3.0-3-g778a55bfd
 Compiler:     GNU 9.3.0
 Build type:   Release
 Version:      2.3.0-3-g778a55bfd

 Start time:   Sun Nov  7 04:47:23 2021

 Data directory: /mnt/storage/scratch/zw18965/.local/qcore/share/entos/qcore/data
 Number of threads: 28
 Number of threads was determined by: command line argument

 --------------------------------------------------------------------------------
                                   command: dft                                  
 --------------------------------------------------------------------------------
 AO basis set:                           def2-tzvppd
 Number of AO basis functions:         134

 Formula:                                Cr2
 Nuclear charge:                        48.000000000
 Total charge:                           0.000000000
 Number of electrons:                   48.000000000

 Number of alpha electrons:             24
 Number of beta electrons:              24
 Number of unpaired electrons:           0
 Spin:                                   0
 Multiplicity:                           singlet

 Theory:                                 dft
 Exchange-correlation functional:        0.5 b88 + 0.75 lyp
 Method for Coulomb:                     incore_df
 Method for exact exchange:              pre_transformed_df
 Integral threshold:                     1.00e-12
 DF basis set:                           def2-universal-jkfit
 Number of DF basis functions:         528
 Schwarz screening threshold:            1.00e-10
 Coulomb fitting method:                 Cholesky

 ------------------
  UW12 Correlation 
 ------------------
 Factor for UW12 correlation:            1.000000000
 Opposite spin scale factor:             0.250000000
 Same spin scale factor:                 0.500000000
 Calculate indirect contribution:        true
 Method for three electron term:         df_ri
 Auxiliary RI basis set:                 Def2-TZVPPD-RI
 Number of RI basis functions:         450
 Gaussians in geminal expansion:        10
 UW12 screening threshold:               1.00e-16
 Method for density-fitting:             w(r)
 Number of core spatial orbitals:       18

 Total number of grid points:        15656
 Method for AO orthogonalization:        symmetric
 Threshold for linear dependence:        1.00e-08
 D3BJ dispersion energy:                -0.002644555

 -------------------------------------
  Running restricted closed-shell SCF 
 -------------------------------------
 Max number of iterations:             128
 Conv. threshold (gradient):             1.00e-05
 Conv. threshold (energy):               1.00e-06
 Interpolation scheme:                   adiis+cdiis
 Initial guess:                          SAD

 ---------------------------------------------------------------
                  energy        change          grad        time
 ---------------------------------------------------------------
   0     -2088.688836922                    6.63e+00       10.09
   1     -2088.450825366      2.38e-01      4.66e-01        1.53
   2     -2088.487116818     -3.63e-02      3.76e-01        1.52
   3     -2088.501690154     -1.46e-02      2.55e-01        1.63
   4     -2088.504744582     -3.05e-03      9.78e-02        1.58
   5     -2088.506878694     -2.13e-03      1.02e-01        1.52
   6     -2088.506551065      3.28e-04      5.15e-02        1.51
   7     -2088.506793666     -2.43e-04      5.46e-04        1.52
   8     -2088.506790872      2.79e-06      1.88e-04        1.52
   9     -2088.506792690     -1.82e-06      7.33e-05        1.69
  10     -2088.506792711     -2.10e-08      2.51e-05        1.54
  11     -2088.506792693      1.79e-08      9.72e-07        1.59

 SCF converged in 11 iterations.

 Dipole moment (in Debye):               0.000000       0.000000       0.000003

 Quadrupole moment (in Debye-Angstrom):
                  1            2            3
 1       -33.020219    -0.000000    -0.000001
 2        -0.000000   -33.020219    -0.000001
 3        -0.000001    -0.000001   -27.912447

 Spin-squared expectation <S^2>:         0.000
 Total spin quantum number S:            0.000
 TOTAL ENERGY:                       -2088.506792693

 --------------------------------------------------------------------------------

 End time:                               Sun Nov  7 04:48:04 2021
 Total wall-clock time:                 41.316 seconds
==================================================================================
