
================================================================================
          _____________ ________ _______________ ________     _________         
         / ___________// ______ \\_____   _____// ______ \   / ________)        
        / /_________  / /      \ \     | |     / /      \ \ | (_______          
       |  __________|| |        | |    | |    | |        | | \________ \        
        \ \_________ | |        | |    | |     \ \______/ /___________) |       
         \__________||_|        |_|    |_|      \________//____________/        
                                                                                
====================================[ Qcore ]===================================

 Git describe: 2.3.0-3-g778a55bfd
 Compiler:     GNU 9.3.0
 Build type:   Release
 Version:      2.3.0-3-g778a55bfd

 Start time:   Sun Nov  7 04:47:23 2021

 Data directory: /mnt/storage/scratch/zw18965/.local/qcore/share/entos/qcore/data
 Number of threads: 28
 Number of threads was determined by: command line argument

 --------------------------------------------------------------------------------
                                   command: dft                                  
 --------------------------------------------------------------------------------
 AO basis set:                           def2-tzvppd
 Number of AO basis functions:          67

 Formula:                                Ni+
 Nuclear charge:                        28.000000000
 Total charge:                           1.000000000
 Number of electrons:                   27.000000000

 Number of alpha electrons:             14
 Number of beta electrons:              13
 Number of unpaired electrons:           1
 Spin:                                   1
 Multiplicity:                           doublet

 Theory:                                 dft
 Exchange-correlation functional:        0.5 b88 + 0.75 lyp
 Method for Coulomb:                     incore_df
 Method for exact exchange:              pre_transformed_df
 Integral threshold:                     1.00e-12
 DF basis set:                           def2-universal-jkfit
 Number of DF basis functions:         264
 Schwarz screening threshold:            1.00e-10
 Coulomb fitting method:                 Cholesky

 ------------------
  UW12 Correlation 
 ------------------
 Factor for UW12 correlation:            1.000000000
 Opposite spin scale factor:             0.250000000
 Same spin scale factor:                 0.500000000
 Calculate indirect contribution:        true
 Method for three electron term:         df_ri
 Auxiliary RI basis set:                 Def2-TZVPPD-RI
 Number of RI basis functions:         225
 Gaussians in geminal expansion:        10
 UW12 screening threshold:               1.00e-16
 Method for density-fitting:             w(r)
 Number of core spatial orbitals:        9

 Total number of grid points:         7936
 Method for AO orthogonalization:        symmetric
 Threshold for linear dependence:        1.00e-08
 D3BJ dispersion energy:                 0.000000000

 -------------------------------------
  Running unrestricted open-shell SCF 
 -------------------------------------
 Max number of iterations:             128
 Conv. threshold (gradient):             1.00e-05
 Conv. threshold (energy):               1.00e-06
 Interpolation scheme:                   adiis+cdiis
 Initial guess:                          SAD

 ---------------------------------------------------------------
                  energy        change          grad        time
 ---------------------------------------------------------------
   0     -1508.056773525                    7.41e-03        1.77
   1     -1507.874817795      1.82e-01      1.51e-01        0.21
   2     -1507.878999873     -4.18e-03      1.70e-01        0.21
   3     -1507.891698424     -1.27e-02      1.11e-01        0.20
   4     -1507.896142625     -4.44e-03      3.10e-02        0.20
   5     -1507.896739556     -5.97e-04      4.03e-02        0.20
   6     -1507.897079509     -3.40e-04      4.65e-04        0.20
   7     -1507.897080360     -8.50e-07      2.68e-04        0.20
   8     -1507.897079758      6.01e-07      1.33e-04        0.20
   9     -1507.897080041     -2.83e-07      6.96e-05        0.20
  10     -1507.897079915      1.26e-07      6.92e-05        0.20
  11     -1507.897080017     -1.02e-07      7.06e-05        0.21
  12     -1507.897080003      1.38e-08      7.08e-05        0.20
  13     -1507.897079762      2.41e-07      4.99e-05        0.20
  14     -1507.897079572      1.90e-07      2.38e-05        0.20
  15     -1507.897079614     -4.14e-08      3.65e-05        0.20
  16     -1507.897079515      9.89e-08      1.50e-05        0.20
  17     -1507.897079502      1.26e-08      4.23e-06        0.20

 SCF converged in 17 iterations.

 Dipole moment (in Debye):              -0.000001      -0.000001      -0.000001

 Quadrupole moment (in Debye-Angstrom):
                  1            2            3
 1        -8.696495    -0.017482     0.103792
 2        -0.017482    -8.693696     0.095732
 3         0.103792     0.095732    -9.245928

 Spin-squared expectation <S^2>:         0.751
 Total spin quantum number S:            0.501
 TOTAL ENERGY:                       -1507.897079507

 --------------------------------------------------------------------------------

 End time:                               Sun Nov  7 04:47:41 2021
 Total wall-clock time:                 18.216 seconds
==================================================================================
