
================================================================================
          _____________ ________ _______________ ________     _________         
         / ___________// ______ \\_____   _____// ______ \   / ________)        
        / /_________  / /      \ \     | |     / /      \ \ | (_______          
       |  __________|| |        | |    | |    | |        | | \________ \        
        \ \_________ | |        | |    | |     \ \______/ /___________) |       
         \__________||_|        |_|    |_|      \________//____________/        
                                                                                
====================================[ Qcore ]===================================

 Git describe: 2.3.0-3-g778a55bfd
 Compiler:     GNU 9.3.0
 Build type:   Release
 Version:      2.3.0-3-g778a55bfd

 Start time:   Sun Nov  7 04:46:19 2021

 Data directory: /mnt/storage/scratch/zw18965/.local/qcore/share/entos/qcore/data
 Number of threads: 28
 Number of threads was determined by: command line argument

 --------------------------------------------------------------------------------
                                   command: dft                                  
 --------------------------------------------------------------------------------
 AO basis set:                           def2-tzvppd
 Number of AO basis functions:         138

 Formula:                                CH2Ni+
 Nuclear charge:                        36.000000000
 Total charge:                           1.000000000
 Number of electrons:                   35.000000000

 Number of alpha electrons:             18
 Number of beta electrons:              17
 Number of unpaired electrons:           1
 Spin:                                   1
 Multiplicity:                           doublet

 Theory:                                 dft
 Exchange-correlation functional:        0.5 b88 + 0.75 lyp
 Method for Coulomb:                     incore_df
 Method for exact exchange:              pre_transformed_df
 Integral threshold:                     1.00e-12
 DF basis set:                           def2-universal-jkfit
 Number of DF basis functions:         375
 Schwarz screening threshold:            1.00e-10
 Coulomb fitting method:                 Cholesky

 ------------------
  UW12 Correlation 
 ------------------
 Factor for UW12 correlation:            1.000000000
 Opposite spin scale factor:             0.250000000
 Same spin scale factor:                 0.500000000
 Calculate indirect contribution:        true
 Method for three electron term:         df_ri
 Auxiliary RI basis set:                 Def2-TZVPPD-RI
 Number of RI basis functions:         395
 Gaussians in geminal expansion:        10
 UW12 screening threshold:               1.00e-16
 Method for density-fitting:             w(r)
 Number of core spatial orbitals:       10

 Total number of grid points:        26516
 Method for AO orthogonalization:        symmetric
 Threshold for linear dependence:        1.00e-08
 D3BJ dispersion energy:                -0.001727476

 -------------------------------------
  Running unrestricted open-shell SCF 
 -------------------------------------
 Max number of iterations:             128
 Conv. threshold (gradient):             1.00e-05
 Conv. threshold (energy):               1.00e-06
 Interpolation scheme:                   adiis+cdiis
 Initial guess:                          SAD

 ---------------------------------------------------------------
                  energy        change          grad        time
 ---------------------------------------------------------------
   0     -1547.516264788                    3.36e+00       11.56
   1     -1546.053117027      1.46e+00      2.49e+00        2.02
   2     -1539.802656483      6.25e+00      4.43e+00        1.97
   3     -1546.115462873     -6.31e+00      2.84e+00        1.92
   4     -1547.149099977     -1.03e+00      2.17e-01        1.88
   5     -1547.150504975     -1.40e-03      1.92e-01        1.89
   6     -1547.159721970     -9.22e-03      2.02e-01        1.94
   7     -1547.143922917      1.58e-02      4.20e-01        1.89
   8     -1547.165311487     -2.14e-02      6.89e-02        1.93
   9     -1547.165396663     -8.52e-05      1.27e-01        1.92
  10     -1547.168057113     -2.66e-03      8.85e-03        1.93
  11     -1547.168229303     -1.72e-04      7.88e-03        1.90
  12     -1547.168402183     -1.73e-04      7.43e-03        1.90
  13     -1547.168642013     -2.40e-04      5.90e-03        1.88
  14     -1547.168670974     -2.90e-05      3.50e-03        1.90
  15     -1547.168685938     -1.50e-05      2.26e-03        1.88
  16     -1547.168693650     -7.71e-06      1.57e-03        1.89
  17     -1547.168692552      1.10e-06      1.73e-03        1.94
  18     -1547.168693872     -1.32e-06      9.27e-04        1.88
  19     -1547.168693581      2.91e-07      1.84e-04        2.02
  20     -1547.168693165      4.16e-07      6.51e-05        1.87
  21     -1547.168693132      3.27e-08      1.70e-05        1.96
  22     -1547.168693119      1.30e-08      6.95e-06        1.90

 SCF converged in 22 iterations.

 Dipole moment (in Debye):              -0.000001      -0.000001      -0.347039

 Quadrupole moment (in Debye-Angstrom):
                  1            2            3
 1       -14.999679     0.000001    -0.000000
 2         0.000001   -16.939901    -0.000001
 3        -0.000000    -0.000001    -7.604927

 Spin-squared expectation <S^2>:         0.826
 Total spin quantum number S:            0.537
 TOTAL ENERGY:                       -1547.168693135

 --------------------------------------------------------------------------------

 End time:                               Sun Nov  7 04:47:28 2021
 Total wall-clock time:                 69.418 seconds
==================================================================================
