
================================================================================
          _____________ ________ _______________ ________     _________         
         / ___________// ______ \\_____   _____// ______ \   / ________)        
        / /_________  / /      \ \     | |     / /      \ \ | (_______          
       |  __________|| |        | |    | |    | |        | | \________ \        
        \ \_________ | |        | |    | |     \ \______/ /___________) |       
         \__________||_|        |_|    |_|      \________//____________/        
                                                                                
====================================[ Qcore ]===================================

 Git describe: 2.3.0-3-g778a55bfd
 Compiler:     GNU 9.3.0
 Build type:   Release
 Version:      2.3.0-3-g778a55bfd

 Start time:   Sun Nov  7 04:47:19 2021

 Data directory: /mnt/storage/scratch/zw18965/.local/qcore/share/entos/qcore/data
 Number of threads: 28
 Number of threads was determined by: command line argument

 --------------------------------------------------------------------------------
                                   command: dft                                  
 --------------------------------------------------------------------------------
 AO basis set:                           def2-tzvppd
 Number of AO basis functions:         120

 Formula:                                O3
 Nuclear charge:                        24.000000000
 Total charge:                           0.000000000
 Number of electrons:                   24.000000000

 Number of alpha electrons:             12
 Number of beta electrons:              12
 Number of unpaired electrons:           0
 Spin:                                   0
 Multiplicity:                           singlet

 Theory:                                 dft
 Exchange-correlation functional:        0.5 b88 + 0.75 lyp
 Method for Coulomb:                     incore_df
 Method for exact exchange:              pre_transformed_df
 Integral threshold:                     1.00e-12
 DF basis set:                           def2-universal-jkfit
 Number of DF basis functions:         231
 Schwarz screening threshold:            1.00e-10
 Coulomb fitting method:                 Cholesky

 ------------------
  UW12 Correlation 
 ------------------
 Factor for UW12 correlation:            1.000000000
 Opposite spin scale factor:             0.250000000
 Same spin scale factor:                 0.500000000
 Calculate indirect contribution:        true
 Method for three electron term:         df_ri
 Auxiliary RI basis set:                 Def2-TZVPPD-RI
 Number of RI basis functions:         276
 Gaussians in geminal expansion:        10
 UW12 screening threshold:               1.00e-16
 Method for density-fitting:             w(r)
 Number of core spatial orbitals:        3

 Total number of grid points:        20832
 Method for AO orthogonalization:        symmetric
 Threshold for linear dependence:        1.00e-08
 D3BJ dispersion energy:                -0.000538611

 -------------------------------------
  Running restricted closed-shell SCF 
 -------------------------------------
 Max number of iterations:             128
 Conv. threshold (gradient):             1.00e-05
 Conv. threshold (energy):               1.00e-06
 Interpolation scheme:                   adiis+cdiis
 Initial guess:                          SAD

 ---------------------------------------------------------------
                  energy        change          grad        time
 ---------------------------------------------------------------
   0      -226.158728253                    8.97e+00        0.86
   1      -225.428524263      7.30e-01      1.54e+00        0.34
   2      -225.165754534      2.63e-01      2.92e+00        0.32
   3      -225.514020540     -3.48e-01      6.32e-01        0.35
   4      -225.523247960     -9.23e-03      5.16e-01        0.35
   5      -225.533427027     -1.02e-02      1.16e-01        0.31
   6      -225.532174838      1.25e-03      2.14e-01        0.33
   7      -225.533773491     -1.60e-03      5.24e-02        0.34
   8      -225.533835208     -6.17e-05      3.02e-02        0.32
   9      -225.533869560     -3.44e-05      5.95e-04        0.32
  10      -225.533869573     -1.24e-08      1.66e-04        0.32
  11      -225.533869579     -6.14e-09      9.62e-06        0.33

 SCF converged in 11 iterations.

 Dipole moment (in Debye):              -0.555252      -0.000000      -0.339449

 Quadrupole moment (in Debye-Angstrom):
                  1            2            3
 1       -16.271988    -0.000000     0.504713
 2        -0.000000   -14.693973    -0.000000
 3         0.504713    -0.000000   -16.788963

 Spin-squared expectation <S^2>:         0.000
 Total spin quantum number S:            0.000
 TOTAL ENERGY:                        -225.533869574

 --------------------------------------------------------------------------------

 End time:                               Sun Nov  7 04:47:25 2021
 Total wall-clock time:                  5.745 seconds
==================================================================================
