
================================================================================
          _____________ ________ _______________ ________     _________         
         / ___________// ______ \\_____   _____// ______ \   / ________)        
        / /_________  / /      \ \     | |     / /      \ \ | (_______          
       |  __________|| |        | |    | |    | |        | | \________ \        
        \ \_________ | |        | |    | |     \ \______/ /___________) |       
         \__________||_|        |_|    |_|      \________//____________/        
                                                                                
====================================[ Qcore ]===================================

 Git describe: 2.3.0-3-g778a55bfd
 Compiler:     GNU 9.3.0
 Build type:   Release
 Version:      2.3.0-3-g778a55bfd

 Start time:   Sun Nov  7 04:47:23 2021

 Data directory: /mnt/storage/scratch/zw18965/.local/qcore/share/entos/qcore/data
 Number of threads: 28
 Number of threads was determined by: command line argument

 --------------------------------------------------------------------------------
                                   command: dft                                  
 --------------------------------------------------------------------------------
 AO basis set:                           def2-tzvppd
 Number of AO basis functions:         204

 Formula:                                S4
 Nuclear charge:                        64.000000000
 Total charge:                           0.000000000
 Number of electrons:                   64.000000000

 Number of alpha electrons:             32
 Number of beta electrons:              32
 Number of unpaired electrons:           0
 Spin:                                   0
 Multiplicity:                           singlet

 Theory:                                 dft
 Exchange-correlation functional:        0.5 b88 + 0.75 lyp
 Method for Coulomb:                     incore_df
 Method for exact exchange:              pre_transformed_df
 Integral threshold:                     1.00e-12
 DF basis set:                           def2-universal-jkfit
 Number of DF basis functions:         512
 Schwarz screening threshold:            1.00e-10
 Coulomb fitting method:                 Cholesky

 ------------------
  UW12 Correlation 
 ------------------
 Factor for UW12 correlation:            1.000000000
 Opposite spin scale factor:             0.250000000
 Same spin scale factor:                 0.500000000
 Calculate indirect contribution:        true
 Method for three electron term:         df_ri
 Auxiliary RI basis set:                 Def2-TZVPPD-RI
 Number of RI basis functions:         556
 Gaussians in geminal expansion:        10
 UW12 screening threshold:               1.00e-16
 Method for density-fitting:             w(r)
 Number of core spatial orbitals:       20

 Total number of grid points:        29400
 Method for AO orthogonalization:        symmetric
 Threshold for linear dependence:        1.00e-08
 D3BJ dispersion energy:                -0.007346829

 -------------------------------------
  Running restricted closed-shell SCF 
 -------------------------------------
 Max number of iterations:             128
 Conv. threshold (gradient):             1.00e-05
 Conv. threshold (energy):               1.00e-06
 Interpolation scheme:                   adiis+cdiis
 Initial guess:                          SAD

 ---------------------------------------------------------------
                  energy        change          grad        time
 ---------------------------------------------------------------
   0     -1593.122760125                    9.39e+00       11.55
   1     -1592.415407801      7.07e-01      5.31e-01        6.84
   2     -1592.303423546      1.12e-01      1.09e+00        7.57
   3     -1592.439244737     -1.36e-01      2.56e-01        7.28
   4     -1592.443794814     -4.55e-03      1.64e-01        7.51
   5     -1592.446867555     -3.07e-03      6.57e-02        7.44
   6     -1592.446892812     -2.53e-05      6.22e-02        7.92
   7     -1592.447351744     -4.59e-04      1.27e-03        7.80
   8     -1592.447352172     -4.28e-07      6.69e-04        7.51
   9     -1592.447352246     -7.35e-08      9.89e-05        7.76
  10     -1592.447352249     -3.56e-09      2.32e-05        8.23
  11     -1592.447352249      2.45e-10      1.45e-05        8.22
  12     -1592.447352249     -2.40e-10      1.35e-05        8.57
  13     -1592.447352248      8.39e-10      2.25e-06        8.32

 SCF converged in 13 iterations.

 Dipole moment (in Debye):              -0.318462       0.000001       1.213808

 Quadrupole moment (in Debye-Angstrom):
                  1            2            3
 1       -52.837180     0.000000    -1.157616
 2         0.000000   -51.719157    -0.000000
 3        -1.157616    -0.000000   -48.729331

 Spin-squared expectation <S^2>:         0.000
 Total spin quantum number S:            0.000
 TOTAL ENERGY:                       -1592.447352248

 --------------------------------------------------------------------------------

 End time:                               Sun Nov  7 04:49:26 2021
 Total wall-clock time:                123.808 seconds
==================================================================================
