
================================================================================
          _____________ ________ _______________ ________     _________         
         / ___________// ______ \\_____   _____// ______ \   / ________)        
        / /_________  / /      \ \     | |     / /      \ \ | (_______          
       |  __________|| |        | |    | |    | |        | | \________ \        
        \ \_________ | |        | |    | |     \ \______/ /___________) |       
         \__________||_|        |_|    |_|      \________//____________/        
                                                                                
====================================[ Qcore ]===================================

 Git describe: 2.3.0-3-g778a55bfd
 Compiler:     GNU 9.3.0
 Build type:   Release
 Version:      2.3.0-3-g778a55bfd

 Start time:   Sun Nov  7 04:47:23 2021

 Data directory: /mnt/storage/scratch/zw18965/.local/qcore/share/entos/qcore/data
 Number of threads: 28
 Number of threads was determined by: command line argument

 --------------------------------------------------------------------------------
                                   command: dft                                  
 --------------------------------------------------------------------------------
 AO basis set:                           def2-tzvppd
 Number of AO basis functions:          67

 Formula:                                V
 Nuclear charge:                        23.000000000
 Total charge:                           0.000000000
 Number of electrons:                   23.000000000

 Number of alpha electrons:             14
 Number of beta electrons:               9
 Number of unpaired electrons:           5
 Spin:                                   5
 Multiplicity:                           septet

 Theory:                                 dft
 Exchange-correlation functional:        0.5 b88 + 0.75 lyp
 Method for Coulomb:                     incore_df
 Method for exact exchange:              pre_transformed_df
 Integral threshold:                     1.00e-12
 DF basis set:                           def2-universal-jkfit
 Number of DF basis functions:         264
 Schwarz screening threshold:            1.00e-10
 Coulomb fitting method:                 Cholesky

 ------------------
  UW12 Correlation 
 ------------------
 Factor for UW12 correlation:            1.000000000
 Opposite spin scale factor:             0.250000000
 Same spin scale factor:                 0.500000000
 Calculate indirect contribution:        true
 Method for three electron term:         df_ri
 Auxiliary RI basis set:                 Def2-TZVPPD-RI
 Number of RI basis functions:         225
 Gaussians in geminal expansion:        10
 UW12 screening threshold:               1.00e-16
 Method for density-fitting:             w(r)
 Number of core spatial orbitals:        9

 Total number of grid points:         7852
 Method for AO orthogonalization:        symmetric
 Threshold for linear dependence:        1.00e-08
 D3BJ dispersion energy:                 0.000000000

 -------------------------------------
  Running unrestricted open-shell SCF 
 -------------------------------------
 Max number of iterations:             128
 Conv. threshold (gradient):             1.00e-05
 Conv. threshold (energy):               1.00e-06
 Interpolation scheme:                   adiis+cdiis
 Initial guess:                          SAD

 ---------------------------------------------------------------
                  energy        change          grad        time
 ---------------------------------------------------------------
   0      -943.405341041                    3.16e-02        1.88
   1      -943.675252075     -2.70e-01      1.38e-01        0.15
   2      -943.686402723     -1.12e-02      7.17e-02        0.14
   3      -943.681671416      4.73e-03      9.93e-02        0.14
   4      -943.688626573     -6.96e-03      2.76e-03        0.14
   5      -943.688558953      6.76e-05      4.45e-04        0.14
   6      -943.688550639      8.31e-06      2.21e-04        0.14
   7      -943.688548937      1.70e-06      2.03e-04        0.14
   8      -943.688549138     -2.01e-07      2.04e-04        0.14
   9      -943.688548850      2.88e-07      1.95e-04        0.14
  10      -943.688546732      2.12e-06      9.87e-05        0.14
  11      -943.688546762     -2.98e-08      7.52e-05        0.14
  12      -943.688546627      1.35e-07      1.05e-05        0.13
  13      -943.688546589      3.81e-08      4.51e-06        0.14

 SCF converged in 13 iterations.

 Dipole moment (in Debye):               0.000000       0.000001      -0.000001

 Quadrupole moment (in Debye-Angstrom):
                  1            2            3
 1       -17.101868    -0.096307    -0.339812
 2        -0.096307   -17.073391    -0.292795
 3        -0.339812    -0.292795   -18.023272

 Spin-squared expectation <S^2>:         8.753
 Total spin quantum number S:            2.500
 TOTAL ENERGY:                        -943.688546577

 --------------------------------------------------------------------------------

 End time:                               Sun Nov  7 04:47:40 2021
 Total wall-clock time:                 17.670 seconds
==================================================================================
