
================================================================================
          _____________ ________ _______________ ________     _________         
         / ___________// ______ \\_____   _____// ______ \   / ________)        
        / /_________  / /      \ \     | |     / /      \ \ | (_______          
       |  __________|| |        | |    | |    | |        | | \________ \        
        \ \_________ | |        | |    | |     \ \______/ /___________) |       
         \__________||_|        |_|    |_|      \________//____________/        
                                                                                
====================================[ Qcore ]===================================

 Git describe: 2.3.0-3-g778a55bfd
 Compiler:     GNU 9.3.0
 Build type:   Release
 Version:      2.3.0-3-g778a55bfd

 Start time:   Sun Nov  7 04:47:24 2021

 Data directory: /mnt/storage/scratch/zw18965/.local/qcore/share/entos/qcore/data
 Number of threads: 28
 Number of threads was determined by: command line argument

 --------------------------------------------------------------------------------
                                   command: dft                                  
 --------------------------------------------------------------------------------
 AO basis set:                           def2-tzvppd
 Number of AO basis functions:         134

 Formula:                                V2
 Nuclear charge:                        46.000000000
 Total charge:                           0.000000000
 Number of electrons:                   46.000000000

 Number of alpha electrons:             24
 Number of beta electrons:              22
 Number of unpaired electrons:           2
 Spin:                                   2
 Multiplicity:                           triplet

 Theory:                                 dft
 Exchange-correlation functional:        0.5 b88 + 0.75 lyp
 Method for Coulomb:                     incore_df
 Method for exact exchange:              pre_transformed_df
 Integral threshold:                     1.00e-12
 DF basis set:                           def2-universal-jkfit
 Number of DF basis functions:         528
 Schwarz screening threshold:            1.00e-10
 Coulomb fitting method:                 Cholesky

 ------------------
  UW12 Correlation 
 ------------------
 Factor for UW12 correlation:            1.000000000
 Opposite spin scale factor:             0.250000000
 Same spin scale factor:                 0.500000000
 Calculate indirect contribution:        true
 Method for three electron term:         df_ri
 Auxiliary RI basis set:                 Def2-TZVPPD-RI
 Number of RI basis functions:         450
 Gaussians in geminal expansion:        10
 UW12 screening threshold:               1.00e-16
 Method for density-fitting:             w(r)
 Number of core spatial orbitals:       18

 Total number of grid points:        15704
 Method for AO orthogonalization:        symmetric
 Threshold for linear dependence:        1.00e-08
 D3BJ dispersion energy:                -0.003284962

 -------------------------------------
  Running unrestricted open-shell SCF 
 -------------------------------------
 Max number of iterations:             128
 Conv. threshold (gradient):             1.00e-05
 Conv. threshold (energy):               1.00e-06
 Interpolation scheme:                   adiis+cdiis
 Initial guess:                          SAD

 ---------------------------------------------------------------
                  energy        change          grad        time
 ---------------------------------------------------------------
   0     -1887.571246317                    2.82e+00       12.95
   1     -1887.390845112      1.80e-01      3.27e-01        2.74
   2     -1887.418018223     -2.72e-02      2.85e-01        2.73
   3     -1887.447681309     -2.97e-02      1.03e-01        2.70
   4     -1887.451676716     -4.00e-03      9.89e-02        2.72
   5     -1887.456289847     -4.61e-03      6.18e-03        2.86
   6     -1887.456254663      3.52e-05      8.08e-03        2.74
   7     -1887.456278566     -2.39e-05      1.83e-03        2.78
   8     -1887.456269195      9.37e-06      3.02e-04        2.74
   9     -1887.456270897     -1.70e-06      4.92e-05        2.74
  10     -1887.456270648      2.49e-07      1.38e-05        2.73
  11     -1887.456270472      1.76e-07      5.53e-06        2.82

 SCF converged in 11 iterations.

 Dipole moment (in Debye):              -0.000000      -0.000000      -0.000044

 Quadrupole moment (in Debye-Angstrom):
                  1            2            3
 1       -34.415124    -0.000001    -0.000001
 2        -0.000001   -34.415124    -0.000001
 3        -0.000001    -0.000001   -31.126153

 Spin-squared expectation <S^2>:         2.006
 Total spin quantum number S:            1.002
 TOTAL ENERGY:                       -1887.456270489

 --------------------------------------------------------------------------------

 End time:                               Sun Nov  7 04:48:24 2021
 Total wall-clock time:                 60.086 seconds
==================================================================================
