
================================================================================
          _____________ ________ _______________ ________     _________         
         / ___________// ______ \\_____   _____// ______ \   / ________)        
        / /_________  / /      \ \     | |     / /      \ \ | (_______          
       |  __________|| |        | |    | |    | |        | | \________ \        
        \ \_________ | |        | |    | |     \ \______/ /___________) |       
         \__________||_|        |_|    |_|      \________//____________/        
                                                                                
====================================[ Qcore ]===================================

 Git describe: 2.3.0-3-g778a55bfd
 Compiler:     GNU 9.3.0
 Build type:   Release
 Version:      2.3.0-3-g778a55bfd

 Start time:   Sun Nov  7 04:46:19 2021

 Data directory: /mnt/storage/scratch/zw18965/.local/qcore/share/entos/qcore/data
 Number of threads: 28
 Number of threads was determined by: command line argument

 --------------------------------------------------------------------------------
                                   command: dft                                  
 --------------------------------------------------------------------------------
 AO basis set:                           def2-tzvppd
 Number of AO basis functions:         118

 Formula:                                SV
 Nuclear charge:                        39.000000000
 Total charge:                           0.000000000
 Number of electrons:                   39.000000000

 Number of alpha electrons:             21
 Number of beta electrons:              18
 Number of unpaired electrons:           3
 Spin:                                   3
 Multiplicity:                           quartet

 Theory:                                 dft
 Exchange-correlation functional:        0.5 b88 + 0.75 lyp
 Method for Coulomb:                     incore_df
 Method for exact exchange:              pre_transformed_df
 Integral threshold:                     1.00e-12
 DF basis set:                           def2-universal-jkfit
 Number of DF basis functions:         392
 Schwarz screening threshold:            1.00e-10
 Coulomb fitting method:                 Cholesky

 ------------------
  UW12 Correlation 
 ------------------
 Factor for UW12 correlation:            1.000000000
 Opposite spin scale factor:             0.250000000
 Same spin scale factor:                 0.500000000
 Calculate indirect contribution:        true
 Method for three electron term:         df_ri
 Auxiliary RI basis set:                 Def2-TZVPPD-RI
 Number of RI basis functions:         364
 Gaussians in geminal expansion:        10
 UW12 screening threshold:               1.00e-16
 Method for density-fitting:             w(r)
 Number of core spatial orbitals:       14

 Total number of grid points:        15202
 Method for AO orthogonalization:        symmetric
 Threshold for linear dependence:        1.00e-08
 D3BJ dispersion energy:                -0.002056180

 -------------------------------------
  Running unrestricted open-shell SCF 
 -------------------------------------
 Max number of iterations:             128
 Conv. threshold (gradient):             1.00e-05
 Conv. threshold (energy):               1.00e-06
 Interpolation scheme:                   adiis+cdiis
 Initial guess:                          SAD

 ---------------------------------------------------------------
                  energy        change          grad        time
 ---------------------------------------------------------------
   0     -1341.747194075                    2.02e+00        7.65
   1     -1341.496912864      2.50e-01      9.73e-01        1.47
   2     -1333.796315199      7.70e+00      4.59e+00        1.45
   3     -1340.793033910     -7.00e+00      1.72e+00        1.46
   4     -1341.849439984     -1.06e+00      1.60e-01        1.45
   5     -1341.798627614      5.08e-02      4.93e-01        1.44
   6     -1341.859007789     -6.04e-02      1.45e-01        1.44
   7     -1341.857725130      1.28e-03      1.23e-01        1.41
   8     -1341.864609575     -6.88e-03      3.89e-02        1.42
   9     -1341.863397664      1.21e-03      6.14e-02        1.42
  10     -1341.865646190     -2.25e-03      1.50e-02        1.55
  11     -1341.865736584     -9.04e-05      1.89e-03        1.43
  12     -1341.865755825     -1.92e-05      1.08e-03        1.43
  13     -1341.865761158     -5.33e-06      2.33e-04        1.40
  14     -1341.865762079     -9.21e-07      1.08e-04        1.41
  15     -1341.865761736      3.43e-07      4.60e-05        1.42
  16     -1341.865761371      3.64e-07      3.77e-05        1.40
  17     -1341.865761151      2.20e-07      5.59e-06        1.41

 SCF converged in 17 iterations.

 Dipole moment (in Debye):               0.000001       0.000001      -5.769228

 Quadrupole moment (in Debye-Angstrom):
                  1            2            3
 1       -29.830679    -0.000000    -0.000000
 2        -0.000000   -29.830679    -0.000000
 3        -0.000000    -0.000000   -24.629387

 Spin-squared expectation <S^2>:         3.954
 Total spin quantum number S:            1.550
 TOTAL ENERGY:                       -1341.865761100

 --------------------------------------------------------------------------------

 End time:                               Sun Nov  7 04:47:08 2021
 Total wall-clock time:                 48.985 seconds
==================================================================================
