
================================================================================
          _____________ ________ _______________ ________     _________         
         / ___________// ______ \\_____   _____// ______ \   / ________)        
        / /_________  / /      \ \     | |     / /      \ \ | (_______          
       |  __________|| |        | |    | |    | |        | | \________ \        
        \ \_________ | |        | |    | |     \ \______/ /___________) |       
         \__________||_|        |_|    |_|      \________//____________/        
                                                                                
====================================[ Qcore ]===================================

 Git describe: 2.3.0-3-g778a55bfd
 Compiler:     GNU 9.3.0
 Build type:   Release
 Version:      2.3.0-3-g778a55bfd

 Start time:   Sun Nov  7 03:46:18 2021

 Data directory: /mnt/storage/scratch/zw18965/.local/qcore/share/entos/qcore/data
 Number of threads: 28
 Number of threads was determined by: command line argument

 --------------------------------------------------------------------------------
                                   command: dft                                  
 --------------------------------------------------------------------------------
 AO basis set:                           def2-tzvppd
 Number of AO basis functions:          48

 Formula:                                Al
 Nuclear charge:                        13.000000000
 Total charge:                           0.000000000
 Number of electrons:                   13.000000000

 Number of alpha electrons:              7
 Number of beta electrons:               6
 Number of unpaired electrons:           1
 Spin:                                   1
 Multiplicity:                           doublet

 Theory:                                 dft
 Exchange-correlation functional:        pbe
 Method for Coulomb:                     incore_df
 Integral threshold:                     1.00e-12
 DF basis set:                           def2-universal-jkfit
 Number of DF basis functions:         128
 Schwarz screening threshold:            1.00e-10
 Coulomb fitting method:                 Cholesky
 Total number of grid points:         7350
 Method for AO orthogonalization:        symmetric
 Threshold for linear dependence:        1.00e-08
 D3BJ dispersion energy:                 0.000000000

 -------------------------------------
  Running unrestricted open-shell SCF 
 -------------------------------------
 Max number of iterations:             128
 Conv. threshold (gradient):             1.00e-05
 Conv. threshold (energy):               1.00e-06
 Interpolation scheme:                   adiis+cdiis
 Initial guess:                          SAD

 ---------------------------------------------------------------
                  energy        change          grad        time
 ---------------------------------------------------------------
   0      -242.216382480                    1.58e-03        0.00
   1      -242.226362211     -9.98e-03      5.20e-02        0.00
   2      -242.227657476     -1.30e-03      7.79e-03        0.00
   3      -242.227711632     -5.42e-05      1.48e-03        0.00
   4      -242.227713309     -1.68e-06      5.75e-04        0.00
   5      -242.227713423     -1.14e-07      4.32e-05        0.01
   6      -242.227713424     -1.11e-09      6.41e-06        0.00

 SCF converged in 6 iterations.

 Dipole moment (in Debye):              -0.000000      -0.000000      -0.000000

 Quadrupole moment (in Debye-Angstrom):
                  1            2            3
 1       -14.432560    -2.293407    -2.293407
 2        -2.293407   -14.432561    -2.293407
 3        -2.293407    -2.293407   -14.432560

 Spin-squared expectation <S^2>:         0.755
 Total spin quantum number S:            0.503
 TOTAL ENERGY:                        -242.227713424

 --------------------------------------------------------------------------------

 End time:                               Sun Nov  7 03:46:18 2021
 Total wall-clock time:                  0.261 seconds
==================================================================================
