
================================================================================
          _____________ ________ _______________ ________     _________         
         / ___________// ______ \\_____   _____// ______ \   / ________)        
        / /_________  / /      \ \     | |     / /      \ \ | (_______          
       |  __________|| |        | |    | |    | |        | | \________ \        
        \ \_________ | |        | |    | |     \ \______/ /___________) |       
         \__________||_|        |_|    |_|      \________//____________/        
                                                                                
====================================[ Qcore ]===================================

 Git describe: 2.3.0-3-g778a55bfd
 Compiler:     GNU 9.3.0
 Build type:   Release
 Version:      2.3.0-3-g778a55bfd

 Start time:   Sun Nov  7 03:45:18 2021

 Data directory: /mnt/storage/scratch/zw18965/.local/qcore/share/entos/qcore/data
 Number of threads: 28
 Number of threads was determined by: command line argument

 --------------------------------------------------------------------------------
                                   command: dft                                  
 --------------------------------------------------------------------------------
 AO basis set:                           def2-tzvppd
 Number of AO basis functions:          99

 Formula:                                AlCl
 Nuclear charge:                        30.000000000
 Total charge:                           0.000000000
 Number of electrons:                   30.000000000

 Number of alpha electrons:             15
 Number of beta electrons:              15
 Number of unpaired electrons:           0
 Spin:                                   0
 Multiplicity:                           singlet

 Theory:                                 dft
 Exchange-correlation functional:        pbe
 Method for Coulomb:                     incore_df
 Integral threshold:                     1.00e-12
 DF basis set:                           def2-universal-jkfit
 Number of DF basis functions:         256
 Schwarz screening threshold:            1.00e-10
 Coulomb fitting method:                 Cholesky
 Total number of grid points:        14844
 Method for AO orthogonalization:        symmetric
 Threshold for linear dependence:        1.00e-08
 D3BJ dispersion energy:                -0.001356969

 -------------------------------------
  Running restricted closed-shell SCF 
 -------------------------------------
 Max number of iterations:             128
 Conv. threshold (gradient):             1.00e-05
 Conv. threshold (energy):               1.00e-06
 Interpolation scheme:                   adiis+cdiis
 Initial guess:                          SAD

 ---------------------------------------------------------------
                  energy        change          grad        time
 ---------------------------------------------------------------
   0      -702.412134740                    3.41e+00        0.01
   1      -702.362219421      4.99e-02      3.26e-01        0.01
   2      -702.304622291      5.76e-02      5.97e-01        0.01
   3      -702.377824465     -7.32e-02      1.46e-01        0.01
   4      -702.379470984     -1.65e-03      1.00e-01        0.01
   5      -702.381187371     -1.72e-03      2.46e-02        0.01
   6      -702.380942456      2.45e-04      4.56e-02        0.01
   7      -702.381297593     -3.55e-04      1.83e-04        0.01
   8      -702.381297598     -5.07e-09      2.70e-05        0.01
   9      -702.381297598     -1.19e-10      3.56e-06        0.01

 SCF converged in 9 iterations.

 Dipole moment (in Debye):               0.000001       0.000001       1.480077

 Quadrupole moment (in Debye-Angstrom):
                  1            2            3
 1       -24.367493    -0.000000     0.000002
 2        -0.000000   -24.367493     0.000002
 3         0.000002     0.000002   -27.360121

 Spin-squared expectation <S^2>:         0.000
 Total spin quantum number S:            0.000
 TOTAL ENERGY:                        -702.381297598

 --------------------------------------------------------------------------------

 End time:                               Sun Nov  7 03:45:18 2021
 Total wall-clock time:                  0.480 seconds
==================================================================================
