
================================================================================
          _____________ ________ _______________ ________     _________         
         / ___________// ______ \\_____   _____// ______ \   / ________)        
        / /_________  / /      \ \     | |     / /      \ \ | (_______          
       |  __________|| |        | |    | |    | |        | | \________ \        
        \ \_________ | |        | |    | |     \ \______/ /___________) |       
         \__________||_|        |_|    |_|      \________//____________/        
                                                                                
====================================[ Qcore ]===================================

 Git describe: 2.3.0-3-g778a55bfd
 Compiler:     GNU 9.3.0
 Build type:   Release
 Version:      2.3.0-3-g778a55bfd

 Start time:   Sun Nov  7 03:47:18 2021

 Data directory: /mnt/storage/scratch/zw18965/.local/qcore/share/entos/qcore/data
 Number of threads: 28
 Number of threads was determined by: command line argument

 --------------------------------------------------------------------------------
                                   command: dft                                  
 --------------------------------------------------------------------------------
 AO basis set:                           def2-tzvppd
 Number of AO basis functions:          84

 Formula:                                HCo
 Nuclear charge:                        28.000000000
 Total charge:                           0.000000000
 Number of electrons:                   28.000000000

 Number of alpha electrons:             15
 Number of beta electrons:              13
 Number of unpaired electrons:           2
 Spin:                                   2
 Multiplicity:                           triplet

 Theory:                                 dft
 Exchange-correlation functional:        pbe
 Method for Coulomb:                     incore_df
 Integral threshold:                     1.00e-12
 DF basis set:                           def2-universal-jkfit
 Number of DF basis functions:         282
 Schwarz screening threshold:            1.00e-10
 Coulomb fitting method:                 Cholesky
 Total number of grid points:        13826
 Method for AO orthogonalization:        symmetric
 Threshold for linear dependence:        1.00e-08
 D3BJ dispersion energy:                -0.000399712

 -------------------------------------
  Running unrestricted open-shell SCF 
 -------------------------------------
 Max number of iterations:             128
 Conv. threshold (gradient):             1.00e-05
 Conv. threshold (energy):               1.00e-06
 Interpolation scheme:                   adiis+cdiis
 Initial guess:                          SAD

 ---------------------------------------------------------------
                  energy        change          grad        time
 ---------------------------------------------------------------
   0     -1383.003765733                    1.30e+00        0.01
   1     -1382.955049865      4.87e-02      6.44e-01        0.01
   2     -1381.460654449      1.49e+00      1.97e+00        0.01
   3     -1382.895750129     -1.44e+00      7.77e-01        0.01
   4     -1383.066074041     -1.70e-01      1.65e-01        0.01
   5     -1382.948471154      1.18e-01      7.85e-01        0.01
   6     -1383.068189765     -1.20e-01      2.32e-01        0.01
   7     -1383.065011884      3.18e-03      2.56e-01        0.01
   8     -1383.081087748     -1.61e-02      5.83e-02        0.01
   9     -1383.076168512      4.92e-03      1.62e-01        0.01
  10     -1383.082139257     -5.97e-03      1.55e-02        0.01
  11     -1383.082188103     -4.88e-05      1.08e-02        0.01
  12     -1383.082227482     -3.94e-05      1.86e-03        0.01
  13     -1383.082228806     -1.32e-06      1.09e-03        0.01
  14     -1383.082229108     -3.02e-07      2.10e-04        0.01
  15     -1383.082229111     -3.37e-09      9.80e-05        0.01
  16     -1383.082229113     -2.11e-09      6.54e-06        0.01

 SCF converged in 16 iterations.

 Dipole moment (in Debye):              -0.000003      -0.000003      -2.419943

 Quadrupole moment (in Debye-Angstrom):
                  1            2            3
 1       -15.284766    -0.000005     0.000010
 2        -0.000005   -15.284766     0.000010
 3         0.000010     0.000010   -16.540687

 Spin-squared expectation <S^2>:         2.016
 Total spin quantum number S:            1.005
 TOTAL ENERGY:                       -1383.082229113

 --------------------------------------------------------------------------------

 End time:                               Sun Nov  7 03:47:19 2021
 Total wall-clock time:                  0.892 seconds
==================================================================================
