
================================================================================
          _____________ ________ _______________ ________     _________         
         / ___________// ______ \\_____   _____// ______ \   / ________)        
        / /_________  / /      \ \     | |     / /      \ \ | (_______          
       |  __________|| |        | |    | |    | |        | | \________ \        
        \ \_________ | |        | |    | |     \ \______/ /___________) |       
         \__________||_|        |_|    |_|      \________//____________/        
                                                                                
====================================[ Qcore ]===================================

 Git describe: 2.3.0-3-g778a55bfd
 Compiler:     GNU 9.3.0
 Build type:   Release
 Version:      2.3.0-3-g778a55bfd

 Start time:   Sun Nov  7 03:45:18 2021

 Data directory: /mnt/storage/scratch/zw18965/.local/qcore/share/entos/qcore/data
 Number of threads: 28
 Number of threads was determined by: command line argument

 --------------------------------------------------------------------------------
                                   command: dft                                  
 --------------------------------------------------------------------------------
 AO basis set:                           def2-tzvppd
 Number of AO basis functions:          67

 Formula:                                Cr+
 Nuclear charge:                        24.000000000
 Total charge:                           1.000000000
 Number of electrons:                   23.000000000

 Number of alpha electrons:             14
 Number of beta electrons:               9
 Number of unpaired electrons:           5
 Spin:                                   5
 Multiplicity:                           septet

 Theory:                                 dft
 Exchange-correlation functional:        pbe
 Method for Coulomb:                     incore_df
 Integral threshold:                     1.00e-12
 DF basis set:                           def2-universal-jkfit
 Number of DF basis functions:         264
 Schwarz screening threshold:            1.00e-10
 Coulomb fitting method:                 Cholesky
 Total number of grid points:         7828
 Method for AO orthogonalization:        symmetric
 Threshold for linear dependence:        1.00e-08
 D3BJ dispersion energy:                 0.000000000

 -------------------------------------
  Running unrestricted open-shell SCF 
 -------------------------------------
 Max number of iterations:             128
 Conv. threshold (gradient):             1.00e-05
 Conv. threshold (energy):               1.00e-06
 Interpolation scheme:                   adiis+cdiis
 Initial guess:                          SAD

 ---------------------------------------------------------------
                  energy        change          grad        time
 ---------------------------------------------------------------
   0     -1043.996420858                    1.28e-02        0.01
   1     -1043.633384793      3.63e-01      4.86e-01        0.01
   2     -1043.339555836      2.94e-01      6.65e-01        0.01
   3     -1043.909626584     -5.70e-01      1.48e-01        0.01
   4     -1043.746371228      1.63e-01      3.84e-01        0.01
   5     -1043.929419526     -1.83e-01      5.21e-02        0.01
   6     -1043.927417118      2.00e-03      6.24e-02        0.01
   7     -1043.931549684     -4.13e-03      2.84e-03        0.01
   8     -1043.931557861     -8.18e-06      1.43e-04        0.01
   9     -1043.931557883     -2.21e-08      1.45e-05        0.01
  10     -1043.931557883     -1.67e-10      2.47e-06        0.01

 SCF converged in 10 iterations.

 Dipole moment (in Debye):               0.000000       0.000000       0.000000

 Quadrupole moment (in Debye-Angstrom):
                  1            2            3
 1        -9.938115     0.000000     0.000000
 2         0.000000    -9.938116     0.000000
 3         0.000000     0.000000    -9.938115

 Spin-squared expectation <S^2>:         8.750
 Total spin quantum number S:            2.500
 TOTAL ENERGY:                       -1043.931557883

 --------------------------------------------------------------------------------

 End time:                               Sun Nov  7 03:45:18 2021
 Total wall-clock time:                  0.603 seconds
==================================================================================
