
================================================================================
          _____________ ________ _______________ ________     _________         
         / ___________// ______ \\_____   _____// ______ \   / ________)        
        / /_________  / /      \ \     | |     / /      \ \ | (_______          
       |  __________|| |        | |    | |    | |        | | \________ \        
        \ \_________ | |        | |    | |     \ \______/ /___________) |       
         \__________||_|        |_|    |_|      \________//____________/        
                                                                                
====================================[ Qcore ]===================================

 Git describe: 2.3.0-3-g778a55bfd
 Compiler:     GNU 9.3.0
 Build type:   Release
 Version:      2.3.0-3-g778a55bfd

 Start time:   Sun Nov  7 03:47:18 2021

 Data directory: /mnt/storage/scratch/zw18965/.local/qcore/share/entos/qcore/data
 Number of threads: 28
 Number of threads was determined by: command line argument

 --------------------------------------------------------------------------------
                                   command: dft                                  
 --------------------------------------------------------------------------------
 AO basis set:                           def2-tzvppd
 Number of AO basis functions:         155

 Formula:                                CH3Cr+
 Nuclear charge:                        33.000000000
 Total charge:                           1.000000000
 Number of electrons:                   32.000000000

 Number of alpha electrons:             18
 Number of beta electrons:              14
 Number of unpaired electrons:           4
 Spin:                                   4
 Multiplicity:                           quintet

 Theory:                                 dft
 Exchange-correlation functional:        pbe
 Method for Coulomb:                     incore_df
 Integral threshold:                     1.00e-12
 DF basis set:                           def2-universal-jkfit
 Number of DF basis functions:         393
 Schwarz screening threshold:            1.00e-10
 Coulomb fitting method:                 Cholesky
 Total number of grid points:        32298
 Method for AO orthogonalization:        symmetric
 Threshold for linear dependence:        1.00e-08
 D3BJ dispersion energy:                -0.002572377

 -------------------------------------
  Running unrestricted open-shell SCF 
 -------------------------------------
 Max number of iterations:             128
 Conv. threshold (gradient):             1.00e-05
 Conv. threshold (energy):               1.00e-06
 Interpolation scheme:                   adiis+cdiis
 Initial guess:                          SAD

 ---------------------------------------------------------------
                  energy        change          grad        time
 ---------------------------------------------------------------
   0     -1083.948073739                    4.61e+00        0.03
   1     -1082.963969880      9.84e-01      2.82e+00        0.04
   2     -1066.137102858      1.68e+01      7.30e+00        0.04
   3     -1079.942216365     -1.38e+01      7.53e+00        0.04
   4     -1083.666328176     -3.72e+00      1.15e+00        0.04
   5     -1083.711053645     -4.47e-02      9.48e-01        0.04
   6     -1083.792273757     -8.12e-02      1.12e-01        0.04
   7     -1083.776427454      1.58e-02      4.40e-01        0.04
   8     -1083.791923802     -1.55e-02      1.38e-01        0.04
   9     -1083.793811199     -1.89e-03      1.27e-02        0.05
  10     -1083.793693100      1.18e-04      4.17e-02        0.05
  11     -1083.793832581     -1.39e-04      1.57e-03        0.04
  12     -1083.793833362     -7.81e-07      7.19e-04        0.04
  13     -1083.793833407     -4.45e-08      7.32e-05        0.04
  14     -1083.793833408     -1.29e-09      2.94e-05        0.04
  15     -1083.793833408     -2.09e-10      6.05e-06        0.04

 SCF converged in 15 iterations.

 Dipole moment (in Debye):              -1.205832      -2.088588      -0.852705

 Quadrupole moment (in Debye-Angstrom):
                  1            2            3
 1       -16.240701     1.249202     0.509989
 2         1.249202   -14.798087     0.883428
 3         0.509989     0.883428   -16.601252

 Spin-squared expectation <S^2>:         6.068
 Total spin quantum number S:            2.014
 TOTAL ENERGY:                       -1083.793833408

 --------------------------------------------------------------------------------

 End time:                               Sun Nov  7 03:47:20 2021
 Total wall-clock time:                  2.100 seconds
==================================================================================
