
================================================================================
          _____________ ________ _______________ ________     _________         
         / ___________// ______ \\_____   _____// ______ \   / ________)        
        / /_________  / /      \ \     | |     / /      \ \ | (_______          
       |  __________|| |        | |    | |    | |        | | \________ \        
        \ \_________ | |        | |    | |     \ \______/ /___________) |       
         \__________||_|        |_|    |_|      \________//____________/        
                                                                                
====================================[ Qcore ]===================================

 Git describe: 2.3.0-3-g778a55bfd
 Compiler:     GNU 9.3.0
 Build type:   Release
 Version:      2.3.0-3-g778a55bfd

 Start time:   Sun Nov  7 03:46:18 2021

 Data directory: /mnt/storage/scratch/zw18965/.local/qcore/share/entos/qcore/data
 Number of threads: 28
 Number of threads was determined by: command line argument

 --------------------------------------------------------------------------------
                                   command: dft                                  
 --------------------------------------------------------------------------------
 AO basis set:                           def2-tzvppd
 Number of AO basis functions:          67

 Formula:                                Cu+
 Nuclear charge:                        29.000000000
 Total charge:                           1.000000000
 Number of electrons:                   28.000000000

 Number of alpha electrons:             14
 Number of beta electrons:              14
 Number of unpaired electrons:           0
 Spin:                                   0
 Multiplicity:                           singlet

 Theory:                                 dft
 Exchange-correlation functional:        pbe
 Method for Coulomb:                     incore_df
 Integral threshold:                     1.00e-12
 DF basis set:                           def2-universal-jkfit
 Number of DF basis functions:         264
 Schwarz screening threshold:            1.00e-10
 Coulomb fitting method:                 Cholesky
 Total number of grid points:         7936
 Method for AO orthogonalization:        symmetric
 Threshold for linear dependence:        1.00e-08
 D3BJ dispersion energy:                 0.000000000

 -------------------------------------
  Running restricted closed-shell SCF 
 -------------------------------------
 Max number of iterations:             128
 Conv. threshold (gradient):             1.00e-05
 Conv. threshold (energy):               1.00e-06
 Interpolation scheme:                   adiis+cdiis
 Initial guess:                          SAD

 ---------------------------------------------------------------
                  energy        change          grad        time
 ---------------------------------------------------------------
   0     -1640.236014772                    9.28e-03        0.00
   1     -1639.935850521      3.00e-01      1.00e-01        0.01
   2     -1639.916508619      1.93e-02      3.48e-01        0.01
   3     -1639.945090338     -2.86e-02      1.15e-02        0.01
   4     -1639.945029554      6.08e-05      2.81e-02        0.01
   5     -1639.945222766     -1.93e-04      1.56e-03        0.01
   6     -1639.945223331     -5.65e-07      3.12e-05        0.01
   7     -1639.945223331     -2.28e-10      5.33e-08        0.01

 SCF converged in 7 iterations.

 Dipole moment (in Debye):              -0.000005      -0.000005      -0.000005

 Quadrupole moment (in Debye-Angstrom):
                  1            2            3
 1        -8.891054     0.000003     0.000003
 2         0.000003    -8.891054     0.000003
 3         0.000003     0.000003    -8.891054

 Spin-squared expectation <S^2>:         0.000
 Total spin quantum number S:            0.000
 TOTAL ENERGY:                       -1639.945223331

 --------------------------------------------------------------------------------

 End time:                               Sun Nov  7 03:46:18 2021
 Total wall-clock time:                  0.560 seconds
==================================================================================
