
================================================================================
          _____________ ________ _______________ ________     _________         
         / ___________// ______ \\_____   _____// ______ \   / ________)        
        / /_________  / /      \ \     | |     / /      \ \ | (_______          
       |  __________|| |        | |    | |    | |        | | \________ \        
        \ \_________ | |        | |    | |     \ \______/ /___________) |       
         \__________||_|        |_|    |_|      \________//____________/        
                                                                                
====================================[ Qcore ]===================================

 Git describe: 2.3.0-3-g778a55bfd
 Compiler:     GNU 9.3.0
 Build type:   Release
 Version:      2.3.0-3-g778a55bfd

 Start time:   Sun Nov  7 03:46:18 2021

 Data directory: /mnt/storage/scratch/zw18965/.local/qcore/share/entos/qcore/data
 Number of threads: 28
 Number of threads was determined by: command line argument

 --------------------------------------------------------------------------------
                                   command: dft                                  
 --------------------------------------------------------------------------------
 AO basis set:                           def2-tzvppd
 Number of AO basis functions:         134

 Formula:                                Cu2
 Nuclear charge:                        58.000000000
 Total charge:                           0.000000000
 Number of electrons:                   58.000000000

 Number of alpha electrons:             29
 Number of beta electrons:              29
 Number of unpaired electrons:           0
 Spin:                                   0
 Multiplicity:                           singlet

 Theory:                                 dft
 Exchange-correlation functional:        pbe
 Method for Coulomb:                     incore_df
 Integral threshold:                     1.00e-12
 DF basis set:                           def2-universal-jkfit
 Number of DF basis functions:         528
 Schwarz screening threshold:            1.00e-10
 Coulomb fitting method:                 Cholesky
 Total number of grid points:        15872
 Method for AO orthogonalization:        symmetric
 Threshold for linear dependence:        1.00e-08
 D3BJ dispersion energy:                -0.001023134

 -------------------------------------
  Running restricted closed-shell SCF 
 -------------------------------------
 Max number of iterations:             128
 Conv. threshold (gradient):             1.00e-05
 Conv. threshold (energy):               1.00e-06
 Interpolation scheme:                   adiis+cdiis
 Initial guess:                          SAD

 ---------------------------------------------------------------
                  energy        change          grad        time
 ---------------------------------------------------------------
   0     -3280.651939229                    3.29e+00        0.01
   1     -3280.548006461      1.04e-01      3.48e-01        0.01
   2     -3280.478428204      6.96e-02      6.96e-01        0.01
   3     -3280.562799290     -8.44e-02      1.30e-01        0.01
   4     -3280.560460188      2.34e-03      2.04e-01        0.01
   5     -3280.562961384     -2.50e-03      1.83e-01        0.01
   6     -3280.567967673     -5.01e-03      5.22e-02        0.01
   7     -3280.567769332      1.98e-04      6.14e-02        0.02
   8     -3280.568387316     -6.18e-04      2.03e-04        0.01
   9     -3280.568387324     -8.41e-09      5.85e-05        0.01
  10     -3280.568387324     -1.73e-10      3.74e-05        0.01
  11     -3280.568387324     -1.14e-10      7.37e-07        0.01

 SCF converged in 11 iterations.

 Dipole moment (in Debye):              -0.000000      -0.000000       0.000006

 Quadrupole moment (in Debye-Angstrom):
                  1            2            3
 1       -28.201969    -0.000000     0.000001
 2        -0.000000   -28.201969     0.000001
 3         0.000001     0.000001   -21.110763

 Spin-squared expectation <S^2>:         0.000
 Total spin quantum number S:            0.000
 TOTAL ENERGY:                       -3280.568387324

 --------------------------------------------------------------------------------

 End time:                               Sun Nov  7 03:46:19 2021
 Total wall-clock time:                  1.158 seconds
==================================================================================
