
================================================================================
          _____________ ________ _______________ ________     _________         
         / ___________// ______ \\_____   _____// ______ \   / ________)        
        / /_________  / /      \ \     | |     / /      \ \ | (_______          
       |  __________|| |        | |    | |    | |        | | \________ \        
        \ \_________ | |        | |    | |     \ \______/ /___________) |       
         \__________||_|        |_|    |_|      \________//____________/        
                                                                                
====================================[ Qcore ]===================================

 Git describe: 2.3.0-3-g778a55bfd
 Compiler:     GNU 9.3.0
 Build type:   Release
 Version:      2.3.0-3-g778a55bfd

 Start time:   Sun Nov  7 03:45:18 2021

 Data directory: /mnt/storage/scratch/zw18965/.local/qcore/share/entos/qcore/data
 Number of threads: 28
 Number of threads was determined by: command line argument

 --------------------------------------------------------------------------------
                                   command: dft                                  
 --------------------------------------------------------------------------------
 AO basis set:                           def2-tzvppd
 Number of AO basis functions:         123
 ECP on atom 2 (Ag):                     28 electrons

 Formula:                                CuAg
 Nuclear charge:                        76.000000000
 Total charge:                           0.000000000
 Number of core electrons:              28
 Number of treated electrons:           48

 Number of alpha electrons:             24
 Number of beta electrons:              24
 Number of unpaired electrons:           0
 Spin:                                   0
 Multiplicity:                           singlet

 Theory:                                 dft
 Exchange-correlation functional:        pbe
 Method for Coulomb:                     incore_df
 Integral threshold:                     1.00e-12
 DF basis set:                           def2-universal-jkfit
 Number of DF basis functions:         519
 Schwarz screening threshold:            1.00e-10
 Coulomb fitting method:                 Cholesky
 Total number of grid points:        16434
 Method for AO orthogonalization:        symmetric
 Threshold for linear dependence:        1.00e-08
 D3BJ dispersion energy:                -0.001198748

 -------------------------------------
  Running restricted closed-shell SCF 
 -------------------------------------
 Max number of iterations:             128
 Conv. threshold (gradient):             1.00e-05
 Conv. threshold (energy):               1.00e-06
 Interpolation scheme:                   adiis+cdiis
 Initial guess:                          SAD

 ---------------------------------------------------------------
                  energy        change          grad        time
 ---------------------------------------------------------------
   0     -1787.398628494                    3.48e+00        0.01
   1     -1787.282493907      1.16e-01      2.90e-01        0.01
   2     -1787.251611889      3.09e-02      5.80e-01        0.01
   3     -1787.293571956     -4.20e-02      1.70e-01        0.01
   4     -1787.272829781      2.07e-02      4.78e-01        0.01
   5     -1787.296312197     -2.35e-02      8.88e-02        0.01
   6     -1787.297672100     -1.36e-03      2.67e-02        0.02
   7     -1787.297828556     -1.56e-04      2.50e-03        0.02
   8     -1787.297830246     -1.69e-06      9.38e-04        0.01
   9     -1787.297830350     -1.04e-07      9.54e-05        0.01
  10     -1787.297830351     -1.28e-09      8.04e-06        0.01

 SCF converged in 10 iterations.

 Dipole moment (in Debye):              -0.000000      -0.000000       0.050858

 Quadrupole moment (in Debye-Angstrom):
                  1            2            3
 1       -34.389252     0.000000     0.000005
 2         0.000000   -34.389252     0.000005
 3         0.000005     0.000005   -27.372652

 Spin-squared expectation <S^2>:         0.000
 Total spin quantum number S:            0.000
 TOTAL ENERGY:                       -1787.297830351

 --------------------------------------------------------------------------------

 End time:                               Sun Nov  7 03:45:19 2021
 Total wall-clock time:                  1.342 seconds
==================================================================================
