
================================================================================
          _____________ ________ _______________ ________     _________         
         / ___________// ______ \\_____   _____// ______ \   / ________)        
        / /_________  / /      \ \     | |     / /      \ \ | (_______          
       |  __________|| |        | |    | |    | |        | | \________ \        
        \ \_________ | |        | |    | |     \ \______/ /___________) |       
         \__________||_|        |_|    |_|      \________//____________/        
                                                                                
====================================[ Qcore ]===================================

 Git describe: 2.3.0-3-g778a55bfd
 Compiler:     GNU 9.3.0
 Build type:   Release
 Version:      2.3.0-3-g778a55bfd

 Start time:   Sun Nov  7 03:46:18 2021

 Data directory: /mnt/storage/scratch/zw18965/.local/qcore/share/entos/qcore/data
 Number of threads: 28
 Number of threads was determined by: command line argument

 --------------------------------------------------------------------------------
                                   command: dft                                  
 --------------------------------------------------------------------------------
 AO basis set:                           def2-tzvppd
 Number of AO basis functions:         141

 Formula:                                H2OCu+
 Nuclear charge:                        39.000000000
 Total charge:                           1.000000000
 Number of electrons:                   38.000000000

 Number of alpha electrons:             19
 Number of beta electrons:              19
 Number of unpaired electrons:           0
 Spin:                                   0
 Multiplicity:                           singlet

 Theory:                                 dft
 Exchange-correlation functional:        pbe
 Method for Coulomb:                     incore_df
 Integral threshold:                     1.00e-12
 DF basis set:                           def2-universal-jkfit
 Number of DF basis functions:         377
 Schwarz screening threshold:            1.00e-10
 Coulomb fitting method:                 Cholesky
 Total number of grid points:        26660
 Method for AO orthogonalization:        symmetric
 Threshold for linear dependence:        1.00e-08
 D3BJ dispersion energy:                -0.001424568

 -------------------------------------
  Running restricted closed-shell SCF 
 -------------------------------------
 Max number of iterations:             128
 Conv. threshold (gradient):             1.00e-05
 Conv. threshold (energy):               1.00e-06
 Interpolation scheme:                   adiis+cdiis
 Initial guess:                          SAD

 ---------------------------------------------------------------
                  energy        change          grad        time
 ---------------------------------------------------------------
   0     -1716.799970469                    7.54e+00        0.02
   1     -1716.293437766      5.07e-01      1.66e+00        0.02
   2     -1715.750438383      5.43e-01      3.35e+00        0.02
   3     -1716.343709769     -5.93e-01      1.09e+00        0.02
   4     -1716.385927854     -4.22e-02      4.50e-01        0.02
   5     -1716.369386345      1.65e-02      6.32e-01        0.02
   6     -1716.391211795     -2.18e-02      3.55e-01        0.02
   7     -1716.392845770     -1.63e-03      2.80e-01        0.02
   8     -1716.395626505     -2.78e-03      8.38e-02        0.02
   9     -1716.394129715      1.50e-03      1.87e-01        0.02
  10     -1716.396064858     -1.94e-03      2.43e-04        0.02
  11     -1716.396064860     -2.65e-09      7.58e-06        0.02

 SCF converged in 11 iterations.

 Dipole moment (in Debye):              -0.000003      -0.000003       1.382811

 Quadrupole moment (in Debye-Angstrom):
                  1            2            3
 1       -13.239016     0.000001     0.000002
 2         0.000001   -17.375128     0.000002
 3         0.000002     0.000002    -5.173567

 Spin-squared expectation <S^2>:         0.000
 Total spin quantum number S:            0.000
 TOTAL ENERGY:                       -1716.396064860

 --------------------------------------------------------------------------------

 End time:                               Sun Nov  7 03:46:19 2021
 Total wall-clock time:                  1.513 seconds
==================================================================================
