
================================================================================
          _____________ ________ _______________ ________     _________         
         / ___________// ______ \\_____   _____// ______ \   / ________)        
        / /_________  / /      \ \     | |     / /      \ \ | (_______          
       |  __________|| |        | |    | |    | |        | | \________ \        
        \ \_________ | |        | |    | |     \ \______/ /___________) |       
         \__________||_|        |_|    |_|      \________//____________/        
                                                                                
====================================[ Qcore ]===================================

 Git describe: 2.3.0-3-g778a55bfd
 Compiler:     GNU 9.3.0
 Build type:   Release
 Version:      2.3.0-3-g778a55bfd

 Start time:   Sun Nov  7 03:46:18 2021

 Data directory: /mnt/storage/scratch/zw18965/.local/qcore/share/entos/qcore/data
 Number of threads: 28
 Number of threads was determined by: command line argument

 --------------------------------------------------------------------------------
                                   command: dft                                  
 --------------------------------------------------------------------------------
 AO basis set:                           def2-tzvppd
 Number of AO basis functions:          67

 Formula:                                Fe
 Nuclear charge:                        26.000000000
 Total charge:                           0.000000000
 Number of electrons:                   26.000000000

 Number of alpha electrons:             15
 Number of beta electrons:              11
 Number of unpaired electrons:           4
 Spin:                                   4
 Multiplicity:                           quintet

 Theory:                                 dft
 Exchange-correlation functional:        pbe
 Method for Coulomb:                     incore_df
 Integral threshold:                     1.00e-12
 DF basis set:                           def2-universal-jkfit
 Number of DF basis functions:         264
 Schwarz screening threshold:            1.00e-10
 Coulomb fitting method:                 Cholesky
 Total number of grid points:         7936
 Method for AO orthogonalization:        symmetric
 Threshold for linear dependence:        1.00e-08
 D3BJ dispersion energy:                 0.000000000

 -------------------------------------
  Running unrestricted open-shell SCF 
 -------------------------------------
 Max number of iterations:             128
 Conv. threshold (gradient):             1.00e-05
 Conv. threshold (energy):               1.00e-06
 Interpolation scheme:                   adiis+cdiis
 Initial guess:                          SAD

 ---------------------------------------------------------------
                  energy        change          grad        time
 ---------------------------------------------------------------
   0     -1263.257193872                    1.29e-02        0.01
   1     -1263.292626171     -3.54e-02      5.43e-01        0.01
   2     -1255.996806594      7.30e+00      3.71e+00        0.01
   3     -1263.000469175     -7.00e+00      9.77e-01        0.01
   4     -1263.349200719     -3.49e-01      4.33e-01        0.01
   5     -1263.368546064     -1.93e-02      3.38e-01        0.01
   6     -1263.364832738      3.71e-03      3.71e-01        0.01
   7     -1263.414918954     -5.01e-02      1.13e-01        0.01
   8     -1263.386551111      2.84e-02      2.48e-01        0.01
   9     -1263.418079282     -3.15e-02      7.19e-02        0.01
  10     -1263.418799424     -7.20e-04      6.45e-02        0.01
  11     -1263.420262845     -1.46e-03      1.63e-02        0.01
  12     -1263.420361690     -9.88e-05      6.06e-03        0.01
  13     -1263.420376575     -1.49e-05      4.82e-04        0.01
  14     -1263.420376725     -1.50e-07      2.33e-04        0.01
  15     -1263.420376703      2.26e-08      2.94e-04        0.01
  16     -1263.420376737     -3.40e-08      6.78e-05        0.01
  17     -1263.420376739     -1.90e-09      3.42e-05        0.01
  18     -1263.420376740     -1.28e-09      2.08e-05        0.01
  19     -1263.420376740     -3.48e-10      1.02e-05        0.01
  20     -1263.420376740     -2.89e-10      7.21e-06        0.01

 SCF converged in 20 iterations.

 Dipole moment (in Debye):               0.000002       0.000002      -0.000000

 Quadrupole moment (in Debye-Angstrom):
                  1            2            3
 1       -16.378197     0.937473     0.750021
 2         0.937473   -16.368660     0.754746
 3         0.750021     0.754746   -16.709082

 Spin-squared expectation <S^2>:         6.008
 Total spin quantum number S:            2.002
 TOTAL ENERGY:                       -1263.420376740

 --------------------------------------------------------------------------------

 End time:                               Sun Nov  7 03:46:18 2021
 Total wall-clock time:                  0.712 seconds
==================================================================================
