
================================================================================
          _____________ ________ _______________ ________     _________         
         / ___________// ______ \\_____   _____// ______ \   / ________)        
        / /_________  / /      \ \     | |     / /      \ \ | (_______          
       |  __________|| |        | |    | |    | |        | | \________ \        
        \ \_________ | |        | |    | |     \ \______/ /___________) |       
         \__________||_|        |_|    |_|      \________//____________/        
                                                                                
====================================[ Qcore ]===================================

 Git describe: 2.3.0-3-g778a55bfd
 Compiler:     GNU 9.3.0
 Build type:   Release
 Version:      2.3.0-3-g778a55bfd

 Start time:   Sun Nov  7 03:45:18 2021

 Data directory: /mnt/storage/scratch/zw18965/.local/qcore/share/entos/qcore/data
 Number of threads: 28
 Number of threads was determined by: command line argument

 --------------------------------------------------------------------------------
                                   command: dft                                  
 --------------------------------------------------------------------------------
 AO basis set:                           def2-tzvppd
 Number of AO basis functions:          84

 Formula:                                HFe
 Nuclear charge:                        27.000000000
 Total charge:                           0.000000000
 Number of electrons:                   27.000000000

 Number of alpha electrons:             15
 Number of beta electrons:              12
 Number of unpaired electrons:           3
 Spin:                                   3
 Multiplicity:                           quartet

 Theory:                                 dft
 Exchange-correlation functional:        pbe
 Method for Coulomb:                     incore_df
 Integral threshold:                     1.00e-12
 DF basis set:                           def2-universal-jkfit
 Number of DF basis functions:         282
 Schwarz screening threshold:            1.00e-10
 Coulomb fitting method:                 Cholesky
 Total number of grid points:        13826
 Method for AO orthogonalization:        symmetric
 Threshold for linear dependence:        1.00e-08
 D3BJ dispersion energy:                -0.000392422

 -------------------------------------
  Running unrestricted open-shell SCF 
 -------------------------------------
 Max number of iterations:             128
 Conv. threshold (gradient):             1.00e-05
 Conv. threshold (energy):               1.00e-06
 Interpolation scheme:                   adiis+cdiis
 Initial guess:                          SAD

 ---------------------------------------------------------------
                  energy        change          grad        time
 ---------------------------------------------------------------
   0     -1263.839600985                    1.10e+00        0.01
   1     -1263.824688107      1.49e-02      6.89e-01        0.01
   2     -1254.212653471      9.61e+00      3.34e+00        0.01
   3     -1263.025643990     -8.81e+00      1.82e+00        0.01
   4     -1263.993607021     -9.68e-01      1.26e-01        0.01
   5     -1263.976226237      1.74e-02      2.57e-01        0.01
   6     -1263.997822829     -2.16e-02      6.78e-02        0.01
   7     -1263.989323810      8.50e-03      2.03e-01        0.01
   8     -1264.000066995     -1.07e-02      6.93e-03        0.01
   9     -1264.000088820     -2.18e-05      1.26e-03        0.01
  10     -1264.000089998     -1.18e-06      4.50e-04        0.01
  11     -1264.000090222     -2.24e-07      1.68e-04        0.01
  12     -1264.000090339     -1.17e-07      2.22e-04        0.01
  13     -1264.000090176      1.62e-07      2.30e-04        0.01
  14     -1264.000090067      1.09e-07      7.40e-05        0.01
  15     -1264.000090076     -8.72e-09      7.03e-05        0.01
  16     -1264.000090052      2.46e-08      1.85e-05        0.01
  17     -1264.000090051      5.16e-10      8.76e-06        0.01

 SCF converged in 17 iterations.

 Dipole moment (in Debye):               0.000001       0.000001      -2.467979

 Quadrupole moment (in Debye-Angstrom):
                  1            2            3
 1       -15.765429    -0.000001    -0.000003
 2        -0.000001   -15.765429    -0.000003
 3        -0.000003    -0.000003   -18.050200

 Spin-squared expectation <S^2>:         3.783
 Total spin quantum number S:            1.508
 TOTAL ENERGY:                       -1264.000090051

 --------------------------------------------------------------------------------

 End time:                               Sun Nov  7 03:45:18 2021
 Total wall-clock time:                  0.893 seconds
==================================================================================
