
================================================================================
          _____________ ________ _______________ ________     _________         
         / ___________// ______ \\_____   _____// ______ \   / ________)        
        / /_________  / /      \ \     | |     / /      \ \ | (_______          
       |  __________|| |        | |    | |    | |        | | \________ \        
        \ \_________ | |        | |    | |     \ \______/ /___________) |       
         \__________||_|        |_|    |_|      \________//____________/        
                                                                                
====================================[ Qcore ]===================================

 Git describe: 2.3.0-3-g778a55bfd
 Compiler:     GNU 9.3.0
 Build type:   Release
 Version:      2.3.0-3-g778a55bfd

 Start time:   Sun Nov  7 03:47:18 2021

 Data directory: /mnt/storage/scratch/zw18965/.local/qcore/share/entos/qcore/data
 Number of threads: 28
 Number of threads was determined by: command line argument

 --------------------------------------------------------------------------------
                                   command: dft                                  
 --------------------------------------------------------------------------------
 AO basis set:                           def2-tzvppd
 Number of AO basis functions:          74

 Formula:                                H2O
 Nuclear charge:                        10.000000000
 Total charge:                           0.000000000
 Number of electrons:                   10.000000000

 Number of alpha electrons:              5
 Number of beta electrons:               5
 Number of unpaired electrons:           0
 Spin:                                   0
 Multiplicity:                           singlet

 Theory:                                 dft
 Exchange-correlation functional:        pbe
 Method for Coulomb:                     incore_df
 Integral threshold:                     1.00e-12
 DF basis set:                           def2-universal-jkfit
 Number of DF basis functions:         113
 Schwarz screening threshold:            1.00e-10
 Coulomb fitting method:                 Cholesky
 Total number of grid points:        18724
 Method for AO orthogonalization:        symmetric
 Threshold for linear dependence:        1.00e-08
 D3BJ dispersion energy:                -0.000359468

 -------------------------------------
  Running restricted closed-shell SCF 
 -------------------------------------
 Max number of iterations:             128
 Conv. threshold (gradient):             1.00e-05
 Conv. threshold (energy):               1.00e-06
 Interpolation scheme:                   adiis+cdiis
 Initial guess:                          SAD

 ---------------------------------------------------------------
                  energy        change          grad        time
 ---------------------------------------------------------------
   0       -76.361947207                    5.91e+00        0.01
   1       -76.283980013      7.80e-02      1.43e+00        0.01
   2       -75.829048968      4.55e-01      3.17e+00        0.01
   3       -76.344694459     -5.16e-01      9.16e-01        0.01
   4       -76.379709766     -3.50e-02      2.93e-01        0.01
   5       -76.379461883      2.48e-04      3.00e-01        0.01
   6       -76.383771630     -4.31e-03      3.49e-03        0.01
   7       -76.383770165      1.46e-06      6.22e-03        0.01
   8       -76.383772101     -1.94e-06      3.05e-05        0.01
   9       -76.383772101     -4.53e-11      1.90e-06        0.01

 SCF converged in 9 iterations.

 Dipole moment (in Debye):               1.421536      -0.000001       1.100320

 Quadrupole moment (in Debye-Angstrom):
                  1            2            3
 1        -5.799258    -0.000000    -0.956279
 2        -0.000000    -7.879508    -0.000000
 3        -0.956279    -0.000000    -5.304035

 Spin-squared expectation <S^2>:         0.000
 Total spin quantum number S:            0.000
 TOTAL ENERGY:                         -76.383772101

 --------------------------------------------------------------------------------

 End time:                               Sun Nov  7 03:47:18 2021
 Total wall-clock time:                  0.349 seconds
==================================================================================
