
================================================================================
          _____________ ________ _______________ ________     _________         
         / ___________// ______ \\_____   _____// ______ \   / ________)        
        / /_________  / /      \ \     | |     / /      \ \ | (_______          
       |  __________|| |        | |    | |    | |        | | \________ \        
        \ \_________ | |        | |    | |     \ \______/ /___________) |       
         \__________||_|        |_|    |_|      \________//____________/        
                                                                                
====================================[ Qcore ]===================================

 Git describe: 2.3.0-3-g778a55bfd
 Compiler:     GNU 9.3.0
 Build type:   Release
 Version:      2.3.0-3-g778a55bfd

 Start time:   Sun Nov  7 03:46:18 2021

 Data directory: /mnt/storage/scratch/zw18965/.local/qcore/share/entos/qcore/data
 Number of threads: 28
 Number of threads was determined by: command line argument

 --------------------------------------------------------------------------------
                                   command: dft                                  
 --------------------------------------------------------------------------------
 AO basis set:                           def2-tzvppd
 Number of AO basis functions:          62

 Formula:                                LiO
 Nuclear charge:                        11.000000000
 Total charge:                           0.000000000
 Number of electrons:                   11.000000000

 Number of alpha electrons:              6
 Number of beta electrons:               5
 Number of unpaired electrons:           1
 Spin:                                   1
 Multiplicity:                           doublet

 Theory:                                 dft
 Exchange-correlation functional:        pbe
 Method for Coulomb:                     incore_df
 Integral threshold:                     1.00e-12
 DF basis set:                           def2-universal-jkfit
 Number of DF basis functions:         128
 Schwarz screening threshold:            1.00e-10
 Coulomb fitting method:                 Cholesky
 Total number of grid points:        13516
 Method for AO orthogonalization:        symmetric
 Threshold for linear dependence:        1.00e-08
 D3BJ dispersion energy:                -0.000330973

 -------------------------------------
  Running unrestricted open-shell SCF 
 -------------------------------------
 Max number of iterations:             128
 Conv. threshold (gradient):             1.00e-05
 Conv. threshold (energy):               1.00e-06
 Interpolation scheme:                   adiis+cdiis
 Initial guess:                          SAD

 ---------------------------------------------------------------
                  energy        change          grad        time
 ---------------------------------------------------------------
   0       -82.485758021                    5.39e-01        0.01
   1       -82.516656838     -3.09e-02      4.47e-01        0.01
   2       -79.297425315      3.22e+00      2.34e+00        0.01
   3       -82.401294044     -3.10e+00      7.64e-01        0.01
   4       -82.609323366     -2.08e-01      7.51e-02        0.01
   5       -82.602198299      7.13e-03      1.51e-01        0.01
   6       -82.611239565     -9.04e-03      7.34e-03        0.01
   7       -82.611257045     -1.75e-05      5.67e-04        0.01
   8       -82.611257171     -1.26e-07      2.38e-04        0.01
   9       -82.611257187     -1.67e-08      4.23e-05        0.01
  10       -82.611257188     -5.78e-10      6.44e-06        0.01

 SCF converged in 10 iterations.

 Dipole moment (in Debye):              -0.000000      -0.000000      -6.394038

 Quadrupole moment (in Debye-Angstrom):
                  1            2            3
 1        -8.489749     1.045108    -0.000001
 2         1.045108    -8.489750    -0.000001
 3        -0.000001    -0.000001    -2.096299

 Spin-squared expectation <S^2>:         0.753
 Total spin quantum number S:            0.502
 TOTAL ENERGY:                         -82.611257188

 --------------------------------------------------------------------------------

 End time:                               Sun Nov  7 03:46:18 2021
 Total wall-clock time:                  0.347 seconds
==================================================================================
