
================================================================================
          _____________ ________ _______________ ________     _________         
         / ___________// ______ \\_____   _____// ______ \   / ________)        
        / /_________  / /      \ \     | |     / /      \ \ | (_______          
       |  __________|| |        | |    | |    | |        | | \________ \        
        \ \_________ | |        | |    | |     \ \______/ /___________) |       
         \__________||_|        |_|    |_|      \________//____________/        
                                                                                
====================================[ Qcore ]===================================

 Git describe: 2.3.0-3-g778a55bfd
 Compiler:     GNU 9.3.0
 Build type:   Release
 Version:      2.3.0-3-g778a55bfd

 Start time:   Sun Nov  7 03:47:18 2021

 Data directory: /mnt/storage/scratch/zw18965/.local/qcore/share/entos/qcore/data
 Number of threads: 28
 Number of threads was determined by: command line argument

 --------------------------------------------------------------------------------
                                   command: dft                                  
 --------------------------------------------------------------------------------
 AO basis set:                           def2-tzvppd
 Number of AO basis functions:         144

 Formula:                                COV+
 Nuclear charge:                        37.000000000
 Total charge:                           1.000000000
 Number of electrons:                   36.000000000

 Number of alpha electrons:             20
 Number of beta electrons:              16
 Number of unpaired electrons:           4
 Spin:                                   4
 Multiplicity:                           quintet

 Theory:                                 dft
 Exchange-correlation functional:        pbe
 Method for Coulomb:                     incore_df
 Integral threshold:                     1.00e-12
 DF basis set:                           def2-universal-jkfit
 Number of DF basis functions:         416
 Schwarz screening threshold:            1.00e-10
 Coulomb fitting method:                 Cholesky
 Total number of grid points:        21596
 Method for AO orthogonalization:        symmetric
 Threshold for linear dependence:        1.00e-08
 D3BJ dispersion energy:                -0.001847419

 -------------------------------------
  Running unrestricted open-shell SCF 
 -------------------------------------
 Max number of iterations:             128
 Conv. threshold (gradient):             1.00e-05
 Conv. threshold (energy):               1.00e-06
 Interpolation scheme:                   adiis+cdiis
 Initial guess:                          SAD

 ---------------------------------------------------------------
                  energy        change          grad        time
 ---------------------------------------------------------------
   0     -1057.115396905                    3.54e+00        0.03
   1     -1055.368473915      1.75e+00      1.42e+00        0.03
   2     -1016.291903180      3.91e+01      6.73e+00        0.03
   3     -1044.559462176     -2.83e+01      8.81e+00        0.02
   4     -1056.391349506     -1.18e+01      1.35e+00        0.03
   5     -1056.552898576     -1.62e-01      5.99e-01        0.03
   6     -1056.571309442     -1.84e-02      7.93e-01        0.03
   7     -1056.685888871     -1.15e-01      2.93e-01        0.03
   8     -1056.604409662      8.15e-02      6.61e-01        0.03
   9     -1056.704017043     -9.96e-02      2.10e-01        0.03
  10     -1056.711364372     -7.35e-03      1.32e-01        0.03
  11     -1056.708415266      2.95e-03      1.32e-01        0.04
  12     -1056.711223958     -2.81e-03      1.20e-01        0.04
  13     -1056.712477047     -1.25e-03      1.04e-01        0.04
  14     -1056.713789095     -1.31e-03      9.19e-02        0.04
  15     -1056.714203944     -4.15e-04      7.99e-02        0.04
  16     -1056.715401267     -1.20e-03      3.92e-02        0.03
  17     -1056.715703809     -3.03e-04      2.25e-02        0.03
  18     -1056.715819292     -1.15e-04      3.21e-03        0.03
  19     -1056.715816095      3.20e-06      5.45e-03        0.03
  20     -1056.715817005     -9.09e-07      5.46e-03        0.03
  21     -1056.715810143      6.86e-06      9.17e-03        0.03
  22     -1056.715819641     -9.50e-06      3.05e-03        0.03
  23     -1056.715820822     -1.18e-06      5.11e-04        0.03
  24     -1056.715820846     -2.41e-08      4.14e-04        0.03
  25     -1056.715820845      1.30e-09      4.46e-04        0.02
  26     -1056.715820857     -1.18e-08      3.68e-04        0.03
  27     -1056.715820840      1.67e-08      4.80e-04        0.02
  28     -1056.715820838      1.72e-09      5.35e-04        0.03
  29     -1056.715820839     -9.69e-10      5.27e-04        0.03
  30     -1056.715820871     -3.22e-08      1.41e-04        0.03
  31     -1056.715820874     -2.40e-09      1.67e-05        0.03
  32     -1056.715820874     -3.64e-11      2.53e-06        0.03

 SCF converged in 32 iterations.

 Dipole moment (in Debye):              -0.000001      -0.000001      -4.925696

 Quadrupole moment (in Debye-Angstrom):
                  1            2            3
 1       -20.747857    -0.000013     0.000001
 2        -0.000013   -20.747944     0.000001
 3         0.000001     0.000001   -11.856577

 Spin-squared expectation <S^2>:         6.003
 Total spin quantum number S:            2.001
 TOTAL ENERGY:                       -1056.715820874

 --------------------------------------------------------------------------------

 End time:                               Sun Nov  7 03:47:21 2021
 Total wall-clock time:                  2.380 seconds
==================================================================================
