
================================================================================
          _____________ ________ _______________ ________     _________         
         / ___________// ______ \\_____   _____// ______ \   / ________)        
        / /_________  / /      \ \     | |     / /      \ \ | (_______          
       |  __________|| |        | |    | |    | |        | | \________ \        
        \ \_________ | |        | |    | |     \ \______/ /___________) |       
         \__________||_|        |_|    |_|      \________//____________/        
                                                                                
====================================[ Qcore ]===================================

 Git describe: 2.3.0-3-g778a55bfd
 Compiler:     GNU 9.3.0
 Build type:   Release
 Version:      2.3.0-3-g778a55bfd

 Start time:   Sun Nov  7 03:47:18 2021

 Data directory: /mnt/storage/scratch/zw18965/.local/qcore/share/entos/qcore/data
 Number of threads: 28
 Number of threads was determined by: command line argument

 --------------------------------------------------------------------------------
                                   command: dft                                  
 --------------------------------------------------------------------------------
 AO basis set:                           def2-tzvppd
 Number of AO basis functions:          56
 ECP on atom 1 (Zr):                     28 electrons

 Formula:                                Zr
 Nuclear charge:                        40.000000000
 Total charge:                           0.000000000
 Number of core electrons:              28
 Number of treated electrons:           12

 Number of alpha electrons:              7
 Number of beta electrons:               5
 Number of unpaired electrons:           2
 Spin:                                   2
 Multiplicity:                           triplet

 Theory:                                 dft
 Exchange-correlation functional:        pbe
 Method for Coulomb:                     incore_df
 Integral threshold:                     1.00e-12
 DF basis set:                           def2-universal-jkfit
 Number of DF basis functions:         255
 Schwarz screening threshold:            1.00e-10
 Coulomb fitting method:                 Cholesky
 Total number of grid points:         8186
 Method for AO orthogonalization:        symmetric
 Threshold for linear dependence:        1.00e-08
 D3BJ dispersion energy:                 0.000000000

 -------------------------------------
  Running unrestricted open-shell SCF 
 -------------------------------------
 Max number of iterations:             128
 Conv. threshold (gradient):             1.00e-05
 Conv. threshold (energy):               1.00e-06
 Interpolation scheme:                   adiis+cdiis
 Initial guess:                          SAD

 ---------------------------------------------------------------
                  energy        change          grad        time
 ---------------------------------------------------------------
   0       -46.861990788                    1.62e-03        0.01
   1       -46.892289362     -3.03e-02      4.83e-02        0.01
   2       -46.896693959     -4.40e-03      1.86e-02        0.01
   3       -46.897662669     -9.69e-04      9.86e-03        0.01
   4       -46.898031803     -3.69e-04      6.02e-03        0.01
   5       -46.898176711     -1.45e-04      2.58e-03        0.01
   6       -46.898217585     -4.09e-05      1.34e-04        0.01
   7       -46.898217687     -1.02e-07      2.72e-05        0.01
   8       -46.898217693     -6.00e-09      4.36e-06        0.01

 SCF converged in 8 iterations.

 Dipole moment (in Debye):               0.000027       0.000013       0.000027

 Quadrupole moment (in Debye-Angstrom):
                  1            2            3
 1       -27.095449    -0.000001    -0.000000
 2        -0.000001   -27.268483    -0.000001
 3        -0.000000    -0.000001   -27.095449

 Spin-squared expectation <S^2>:         2.182
 Total spin quantum number S:            1.059
 TOTAL ENERGY:                         -46.898217693

 --------------------------------------------------------------------------------

 End time:                               Sun Nov  7 03:47:19 2021
 Total wall-clock time:                  0.460 seconds
==================================================================================
