
================================================================================
          _____________ ________ _______________ ________     _________         
         / ___________// ______ \\_____   _____// ______ \   / ________)        
        / /_________  / /      \ \     | |     / /      \ \ | (_______          
       |  __________|| |        | |    | |    | |        | | \________ \        
        \ \_________ | |        | |    | |     \ \______/ /___________) |       
         \__________||_|        |_|    |_|      \________//____________/        
                                                                                
====================================[ Qcore ]===================================

 Git describe: 2.3.0-3-g778a55bfd
 Compiler:     GNU 9.3.0
 Build type:   Release
 Version:      2.3.0-3-g778a55bfd

 Start time:   Sun Nov  7 03:48:17 2021

 Data directory: /mnt/storage/scratch/zw18965/.local/qcore/share/entos/qcore/data
 Number of threads: 28
 Number of threads was determined by: command line argument

 --------------------------------------------------------------------------------
                                   command: dft                                  
 --------------------------------------------------------------------------------
 AO basis set:                           def2-tzvppd
 Number of AO basis functions:         112
 ECP on atom 1 (Zr):                     28 electrons
 ECP on atom 2 (Zr):                     28 electrons

 Formula:                                Zr2
 Nuclear charge:                        80.000000000
 Total charge:                           0.000000000
 Number of core electrons:              56
 Number of treated electrons:           24

 Number of alpha electrons:             13
 Number of beta electrons:              11
 Number of unpaired electrons:           2
 Spin:                                   2
 Multiplicity:                           triplet

 Theory:                                 dft
 Exchange-correlation functional:        pbe
 Method for Coulomb:                     incore_df
 Integral threshold:                     1.00e-12
 DF basis set:                           def2-universal-jkfit
 Number of DF basis functions:         510
 Schwarz screening threshold:            1.00e-10
 Coulomb fitting method:                 Cholesky
 Total number of grid points:        16372
 Method for AO orthogonalization:        symmetric
 Threshold for linear dependence:        1.00e-08
 D3BJ dispersion energy:                -0.002228816

 -------------------------------------
  Running unrestricted open-shell SCF 
 -------------------------------------
 Max number of iterations:             128
 Conv. threshold (gradient):             1.00e-05
 Conv. threshold (energy):               1.00e-06
 Interpolation scheme:                   adiis+cdiis
 Initial guess:                          SAD

 ---------------------------------------------------------------
                  energy        change          grad        time
 ---------------------------------------------------------------
   0       -94.058750087                    3.05e+00        0.02
   1       -93.639408578      4.19e-01      6.21e-01        0.02
   2       -90.757467637      2.88e+00      1.29e+00        0.02
   3       -93.731803661     -2.97e+00      3.88e-01        0.02
   4       -93.939214178     -2.07e-01      5.97e-02        0.02
   5       -93.937779865      1.43e-03      8.47e-02        0.02
   6       -93.942229226     -4.45e-03      9.80e-03        0.02
   7       -93.942314286     -8.51e-05      5.57e-03        0.02
   8       -93.942318546     -4.26e-06      5.53e-03        0.02
   9       -93.942329674     -1.11e-05      3.88e-03        0.02
  10       -93.942340478     -1.08e-05      1.50e-04        0.02
  11       -93.942340625     -1.46e-07      4.51e-05        0.02
  12       -93.942340627     -2.77e-09      4.30e-05        0.02
  13       -93.942340628     -9.77e-10      1.73e-05        0.02
  14       -93.942340629     -1.80e-10      1.50e-06        0.02

 SCF converged in 14 iterations.

 Dipole moment (in Debye):              -0.000002      -0.000002      -0.000030

 Quadrupole moment (in Debye-Angstrom):
                  1            2            3
 1       -48.953651     0.000001     0.000000
 2         0.000001   -48.953651     0.000000
 3         0.000000     0.000000   -41.050422

 Spin-squared expectation <S^2>:         2.002
 Total spin quantum number S:            1.001
 TOTAL ENERGY:                         -93.942340629

 --------------------------------------------------------------------------------

 End time:                               Sun Nov  7 03:48:18 2021
 Total wall-clock time:                  0.864 seconds
==================================================================================
